[0.077s] Invoking command in '/home/martin/Desktop/Stage/Projet/ws_carla_ros/build/neobotix_usboard_msgs': CMAKE_PREFIX_PATH=${CMAKE_PREFIX_PATH}:/home/martin/Desktop/Stage/Projet/ws_carla_ros/install/rqt_carla_control:/home/martin/Desktop/Stage/Projet/ws_carla_ros/install/carla_waypoint_publisher:/home/martin/Desktop/Stage/Projet/ws_carla_ros/install/carla_ackermann_control:/home/martin/Desktop/Stage/Projet/ws_carla_ros/install/carla_ros_bridge:/home/martin/Desktop/Stage/Projet/ws_carla_ros/install/carla_spawn_objects:/home/martin/Desktop/Stage/Projet/ws_carla_ros/install/carla_manual_control:/home/martin/Desktop/Stage/Projet/ws_carla_ros/install/carla_ad_agent:/home/martin/Desktop/Stage/Projet/ws_carla_ros/install/ros_compatibility:/home/martin/Desktop/Stage/Projet/ws_carla_ros/install/carla_walker_agent:/home/martin/Desktop/Stage/Projet/ws_carla_ros/install/carla_twist_to_control:/home/martin/Desktop/Stage/Projet/ws_carla_ros/install/carla_ros_scenario_runner:/home/martin/Desktop/Stage/Projet/ws_carla_ros/install/carla_map_visualization:/home/martin/Desktop/Stage/Projet/ws_carla_ros/install/carla_interface:/home/martin/Desktop/Stage/Projet/ws_carla_ros/install/carla_control_display:/home/martin/Desktop/Stage/Projet/ws_carla_ros/install/carla_common:/opt/ros/galactic /usr/bin/cmake /home/martin/Desktop/Stage/Projet/ws_carla_ros/carla-ros-bridge/astuff_sensor_msgs/neobotix_usboard_msgs -DPYTHON_EXECUTABLE=/usr/bin/python3 -DCMAKE_INSTALL_PREFIX=/home/martin/Desktop/Stage/Projet/ws_carla_ros/install/neobotix_usboard_msgs
[1.716s] -- The C compiler identification is GNU 9.4.0
[1.717s] -- The CXX compiler identification is GNU 9.4.0
[1.717s] -- Check for working C compiler: /usr/bin/cc
[1.717s] -- Check for working C compiler: /usr/bin/cc -- works
[1.717s] -- Detecting C compiler ABI info
[1.717s] -- Detecting C compiler ABI info - done
[1.717s] -- Detecting C compile features
[1.717s] -- Detecting C compile features - done
[1.717s] -- Check for working CXX compiler: /usr/bin/c++
[1.717s] -- Check for working CXX compiler: /usr/bin/c++ -- works
[1.717s] -- Detecting CXX compiler ABI info
[1.717s] -- Detecting CXX compiler ABI info - done
[1.717s] -- Detecting CXX compile features
[1.717s] -- Detecting CXX compile features - done
[1.717s] -- Found ros_environment: 3.1.1 (/opt/ros/galactic/share/ros_environment/cmake)
[1.717s] -- Found ament_cmake: 1.1.6 (/opt/ros/galactic/share/ament_cmake/cmake)
[1.717s] -- Found PythonInterp: /usr/bin/python3 (found suitable version "3.8.10", minimum required is "3") 
[1.717s] -- Using PYTHON_EXECUTABLE: /usr/bin/python3
[1.957s] -- Found builtin_interfaces: 1.0.3 (/opt/ros/galactic/share/builtin_interfaces/cmake)
[2.104s] -- Using all available rosidl_typesupport_c: rosidl_typesupport_fastrtps_c;rosidl_typesupport_introspection_c
[2.138s] -- Found rosidl_adapter: 2.2.3 (/opt/ros/galactic/share/rosidl_adapter/cmake)
[2.813s] -- Found OpenSSL: /usr/lib/x86_64-linux-gnu/libcrypto.so (found version "1.1.1f")  
[2.876s] -- Found FastRTPS: /opt/ros/galactic/include  
[3.013s] -- Using all available rosidl_typesupport_cpp: rosidl_typesupport_fastrtps_cpp;rosidl_typesupport_introspection_cpp
[3.067s] -- Found std_msgs: 2.2.4 (/opt/ros/galactic/share/std_msgs/cmake)
[3.100s] -- Found rosidl_default_generators: 1.1.1 (/opt/ros/galactic/share/rosidl_default_generators/cmake)
[3.182s] -- Found PythonInterp: /usr/bin/python3 (found version "3.8.10") 
[3.716s] -- Found ament_cmake_cppcheck: 0.10.7 (/opt/ros/galactic/share/ament_cmake_cppcheck/cmake)
[3.719s] -- Found ament_cmake_cpplint: 0.10.7 (/opt/ros/galactic/share/ament_cmake_cpplint/cmake)
[3.721s] -- Found ament_cmake_uncrustify: 0.10.7 (/opt/ros/galactic/share/ament_cmake_uncrustify/cmake)
[3.745s] -- Found ament_cmake_ros: 0.9.2 (/opt/ros/galactic/share/ament_cmake_ros/cmake)
[4.374s] -- Using all available rosidl_typesupport_c: rosidl_typesupport_fastrtps_c;rosidl_typesupport_introspection_c
[4.702s] -- Using all available rosidl_typesupport_cpp: rosidl_typesupport_fastrtps_cpp;rosidl_typesupport_introspection_cpp
[4.957s] -- Found PythonInterp: /usr/bin/python3 (found suitable version "3.8.10", minimum required is "3.5") 
[4.960s] -- Found python_cmake_module: 0.8.1 (/opt/ros/galactic/share/python_cmake_module/cmake)
[5.101s] -- Found PythonLibs: /usr/lib/x86_64-linux-gnu/libpython3.8.so (found suitable version "3.8.10", minimum required is "3.5") 
[5.102s] -- Using PYTHON_EXECUTABLE: /usr/bin/python3
[5.102s] -- Using PYTHON_INCLUDE_DIRS: /usr/include/python3.8
[5.102s] -- Using PYTHON_LIBRARIES: /usr/lib/x86_64-linux-gnu/libpython3.8.so
[5.269s] -- Found PythonExtra: .so  
[5.466s] -- Found ament_cmake_flake8: 0.10.7 (/opt/ros/galactic/share/ament_cmake_flake8/cmake)
[5.480s] -- Found ament_cmake_pep257: 0.10.7 (/opt/ros/galactic/share/ament_cmake_pep257/cmake)
[5.484s] -- Found ament_lint_auto: 0.10.7 (/opt/ros/galactic/share/ament_lint_auto/cmake)
[5.528s] -- Added test 'copyright' to check source files copyright and LICENSE
[5.533s] -- Added test 'lint_cmake' to check CMake code style
[5.534s] -- Added test 'xmllint' to check XML markup files
[5.563s] -- Configuring done
[5.744s] -- Generating done
[5.790s] -- Build files have been written to: /home/martin/Desktop/Stage/Projet/ws_carla_ros/build/neobotix_usboard_msgs
[5.840s] Invoked command in '/home/martin/Desktop/Stage/Projet/ws_carla_ros/build/neobotix_usboard_msgs' returned '0': CMAKE_PREFIX_PATH=${CMAKE_PREFIX_PATH}:/home/martin/Desktop/Stage/Projet/ws_carla_ros/install/rqt_carla_control:/home/martin/Desktop/Stage/Projet/ws_carla_ros/install/carla_waypoint_publisher:/home/martin/Desktop/Stage/Projet/ws_carla_ros/install/carla_ackermann_control:/home/martin/Desktop/Stage/Projet/ws_carla_ros/install/carla_ros_bridge:/home/martin/Desktop/Stage/Projet/ws_carla_ros/install/carla_spawn_objects:/home/martin/Desktop/Stage/Projet/ws_carla_ros/install/carla_manual_control:/home/martin/Desktop/Stage/Projet/ws_carla_ros/install/carla_ad_agent:/home/martin/Desktop/Stage/Projet/ws_carla_ros/install/ros_compatibility:/home/martin/Desktop/Stage/Projet/ws_carla_ros/install/carla_walker_agent:/home/martin/Desktop/Stage/Projet/ws_carla_ros/install/carla_twist_to_control:/home/martin/Desktop/Stage/Projet/ws_carla_ros/install/carla_ros_scenario_runner:/home/martin/Desktop/Stage/Projet/ws_carla_ros/install/carla_map_visualization:/home/martin/Desktop/Stage/Projet/ws_carla_ros/install/carla_interface:/home/martin/Desktop/Stage/Projet/ws_carla_ros/install/carla_control_display:/home/martin/Desktop/Stage/Projet/ws_carla_ros/install/carla_common:/opt/ros/galactic /usr/bin/cmake /home/martin/Desktop/Stage/Projet/ws_carla_ros/carla-ros-bridge/astuff_sensor_msgs/neobotix_usboard_msgs -DPYTHON_EXECUTABLE=/usr/bin/python3 -DCMAKE_INSTALL_PREFIX=/home/martin/Desktop/Stage/Projet/ws_carla_ros/install/neobotix_usboard_msgs
[5.844s] Invoking command in '/home/martin/Desktop/Stage/Projet/ws_carla_ros/build/neobotix_usboard_msgs': CMAKE_PREFIX_PATH=${CMAKE_PREFIX_PATH}:/home/martin/Desktop/Stage/Projet/ws_carla_ros/install/rqt_carla_control:/home/martin/Desktop/Stage/Projet/ws_carla_ros/install/carla_waypoint_publisher:/home/martin/Desktop/Stage/Projet/ws_carla_ros/install/carla_ackermann_control:/home/martin/Desktop/Stage/Projet/ws_carla_ros/install/carla_ros_bridge:/home/martin/Desktop/Stage/Projet/ws_carla_ros/install/carla_spawn_objects:/home/martin/Desktop/Stage/Projet/ws_carla_ros/install/carla_manual_control:/home/martin/Desktop/Stage/Projet/ws_carla_ros/install/carla_ad_agent:/home/martin/Desktop/Stage/Projet/ws_carla_ros/install/ros_compatibility:/home/martin/Desktop/Stage/Projet/ws_carla_ros/install/carla_walker_agent:/home/martin/Desktop/Stage/Projet/ws_carla_ros/install/carla_twist_to_control:/home/martin/Desktop/Stage/Projet/ws_carla_ros/install/carla_ros_scenario_runner:/home/martin/Desktop/Stage/Projet/ws_carla_ros/install/carla_map_visualization:/home/martin/Desktop/Stage/Projet/ws_carla_ros/install/carla_interface:/home/martin/Desktop/Stage/Projet/ws_carla_ros/install/carla_control_display:/home/martin/Desktop/Stage/Projet/ws_carla_ros/install/carla_common:/opt/ros/galactic /usr/bin/cmake --build /home/martin/Desktop/Stage/Projet/ws_carla_ros/build/neobotix_usboard_msgs -- -j16 -l16
[11.700s] [35m[1mScanning dependencies of target neobotix_usboard_msgs__cpp[0m
[11.700s] [  1%] [34m[1mGenerating C code for ROS interfaces[0m
[11.700s] [  2%] [34m[1mGenerating C++ code for ROS interfaces[0m
[11.700s] [  2%] Built target neobotix_usboard_msgs__cpp
[11.700s] [  3%] [34m[1mGenerating C++ type support dispatch for ROS interfaces[0m
[11.700s] [  4%] [34m[1mGenerating C++ type support for eProsima Fast-RTPS[0m
[11.700s] [  5%] [34m[1mGenerating C++ introspection for ROS interfaces[0m
[11.700s] [35m[1mScanning dependencies of target neobotix_usboard_msgs__rosidl_generator_c[0m
[11.700s] [  6%] [32mBuilding C object CMakeFiles/neobotix_usboard_msgs__rosidl_generator_c.dir/rosidl_generator_c/neobotix_usboard_msgs/msg/detail/analog_in__functions.c.o[0m
[11.700s] [  8%] [32mBuilding C object CMakeFiles/neobotix_usboard_msgs__rosidl_generator_c.dir/rosidl_generator_c/neobotix_usboard_msgs/msg/detail/ans_paraset_to_eeprom__functions.c.o[0m
[11.700s] [  9%] [32mBuilding C object CMakeFiles/neobotix_usboard_msgs__rosidl_generator_c.dir/rosidl_generator_c/neobotix_usboard_msgs/msg/detail/ans_to_cmd_connect__functions.c.o[0m
[11.700s] [ 10%] [32mBuilding C object CMakeFiles/neobotix_usboard_msgs__rosidl_generator_c.dir/rosidl_generator_c/neobotix_usboard_msgs/msg/detail/ans_write_paraset__functions.c.o[0m
[11.700s] [ 11%] [32mBuilding C object CMakeFiles/neobotix_usboard_msgs__rosidl_generator_c.dir/rosidl_generator_c/neobotix_usboard_msgs/msg/detail/command__functions.c.o[0m
[11.700s] [ 12%] [32mBuilding C object CMakeFiles/neobotix_usboard_msgs__rosidl_generator_c.dir/rosidl_generator_c/neobotix_usboard_msgs/msg/detail/sensors__functions.c.o[0m
[11.701s] [ 13%] [32mBuilding C object CMakeFiles/neobotix_usboard_msgs__rosidl_generator_c.dir/rosidl_generator_c/neobotix_usboard_msgs/msg/detail/sensor_data__functions.c.o[0m
[11.701s] [ 14%] [32mBuilding C object CMakeFiles/neobotix_usboard_msgs__rosidl_generator_c.dir/rosidl_generator_c/neobotix_usboard_msgs/msg/detail/paraset__functions.c.o[0m
[11.701s] [ 16%] [32m[1mLinking C shared library libneobotix_usboard_msgs__rosidl_generator_c.so[0m
[11.701s] [ 16%] Built target neobotix_usboard_msgs__rosidl_generator_c
[11.701s] [ 17%] [34m[1mGenerating C type support dispatch for ROS interfaces[0m
[11.701s] [ 18%] [34m[1mGenerating C introspection for ROS interfaces[0m
[11.701s] [35m[1mScanning dependencies of target neobotix_usboard_msgs__rosidl_typesupport_fastrtps_cpp[0m
[11.701s] [ 19%] [32mBuilding CXX object CMakeFiles/neobotix_usboard_msgs__rosidl_typesupport_fastrtps_cpp.dir/rosidl_typesupport_fastrtps_cpp/neobotix_usboard_msgs/msg/detail/dds_fastrtps/analog_in__type_support.cpp.o[0m
[11.701s] [ 20%] [32mBuilding CXX object CMakeFiles/neobotix_usboard_msgs__rosidl_typesupport_fastrtps_cpp.dir/rosidl_typesupport_fastrtps_cpp/neobotix_usboard_msgs/msg/detail/dds_fastrtps/ans_paraset_to_eeprom__type_support.cpp.o[0m
[11.701s] [ 21%] [32mBuilding CXX object CMakeFiles/neobotix_usboard_msgs__rosidl_typesupport_fastrtps_cpp.dir/rosidl_typesupport_fastrtps_cpp/neobotix_usboard_msgs/msg/detail/dds_fastrtps/ans_to_cmd_connect__type_support.cpp.o[0m
[11.863s] [35m[1mScanning dependencies of target neobotix_usboard_msgs__rosidl_typesupport_introspection_cpp[0m
[11.982s] [ 22%] [32mBuilding CXX object CMakeFiles/neobotix_usboard_msgs__rosidl_typesupport_introspection_cpp.dir/rosidl_typesupport_introspection_cpp/neobotix_usboard_msgs/msg/detail/analog_in__type_support.cpp.o[0m
[12.469s] [35m[1mScanning dependencies of target neobotix_usboard_msgs__rosidl_typesupport_cpp[0m
[12.512s] [ 24%] [32mBuilding CXX object CMakeFiles/neobotix_usboard_msgs__rosidl_typesupport_cpp.dir/rosidl_typesupport_cpp/neobotix_usboard_msgs/msg/analog_in__type_support.cpp.o[0m
[12.528s] [ 25%] [32mBuilding CXX object CMakeFiles/neobotix_usboard_msgs__rosidl_typesupport_introspection_cpp.dir/rosidl_typesupport_introspection_cpp/neobotix_usboard_msgs/msg/detail/command__type_support.cpp.o[0m
[12.728s] [35m[1mScanning dependencies of target neobotix_usboard_msgs__rosidl_typesupport_c[0m
[12.801s] [ 26%] [32mBuilding CXX object CMakeFiles/neobotix_usboard_msgs__rosidl_typesupport_c.dir/rosidl_typesupport_c/neobotix_usboard_msgs/msg/analog_in__type_support.cpp.o[0m
[12.959s] [ 27%] [32mBuilding CXX object CMakeFiles/neobotix_usboard_msgs__rosidl_typesupport_c.dir/rosidl_typesupport_c/neobotix_usboard_msgs/msg/ans_paraset_to_eeprom__type_support.cpp.o[0m
[12.982s] [ 28%] [32mBuilding CXX object CMakeFiles/neobotix_usboard_msgs__rosidl_typesupport_cpp.dir/rosidl_typesupport_cpp/neobotix_usboard_msgs/msg/ans_to_cmd_connect__type_support.cpp.o[0m
[13.009s] [ 29%] [32mBuilding CXX object CMakeFiles/neobotix_usboard_msgs__rosidl_typesupport_introspection_cpp.dir/rosidl_typesupport_introspection_cpp/neobotix_usboard_msgs/msg/detail/ans_write_paraset__type_support.cpp.o[0m
[13.039s] [ 31%] [32mBuilding CXX object CMakeFiles/neobotix_usboard_msgs__rosidl_typesupport_c.dir/rosidl_typesupport_c/neobotix_usboard_msgs/msg/ans_to_cmd_connect__type_support.cpp.o[0m
[13.119s] [35m[1mScanning dependencies of target neobotix_usboard_msgs__rosidl_typesupport_introspection_c[0m
[13.161s] [ 32%] [32mBuilding C object CMakeFiles/neobotix_usboard_msgs__rosidl_typesupport_introspection_c.dir/rosidl_typesupport_introspection_c/neobotix_usboard_msgs/msg/detail/analog_in__type_support.c.o[0m
[13.191s] [ 33%] [32mBuilding CXX object CMakeFiles/neobotix_usboard_msgs__rosidl_typesupport_c.dir/rosidl_typesupport_c/neobotix_usboard_msgs/msg/ans_write_paraset__type_support.cpp.o[0m
[13.286s] [ 34%] [32mBuilding C object CMakeFiles/neobotix_usboard_msgs__rosidl_typesupport_introspection_c.dir/rosidl_typesupport_introspection_c/neobotix_usboard_msgs/msg/detail/ans_paraset_to_eeprom__type_support.c.o[0m
[13.315s] [ 35%] [32mBuilding CXX object CMakeFiles/neobotix_usboard_msgs__rosidl_typesupport_c.dir/rosidl_typesupport_c/neobotix_usboard_msgs/msg/command__type_support.cpp.o[0m
[13.367s] [ 36%] [32mBuilding C object CMakeFiles/neobotix_usboard_msgs__rosidl_typesupport_introspection_c.dir/rosidl_typesupport_introspection_c/neobotix_usboard_msgs/msg/detail/ans_to_cmd_connect__type_support.c.o[0m
[13.381s] [ 39%] [32mBuilding CXX object CMakeFiles/neobotix_usboard_msgs__rosidl_typesupport_c.dir/rosidl_typesupport_c/neobotix_usboard_msgs/msg/sensor_data__type_support.cpp.o[0m
[13.381s] [ 39%] [32mBuilding CXX object CMakeFiles/neobotix_usboard_msgs__rosidl_typesupport_cpp.dir/rosidl_typesupport_cpp/neobotix_usboard_msgs/msg/command__type_support.cpp.o[0m
[13.453s] [ 40%] [32mBuilding CXX object CMakeFiles/neobotix_usboard_msgs__rosidl_typesupport_c.dir/rosidl_typesupport_c/neobotix_usboard_msgs/msg/sensors__type_support.cpp.o[0m
[13.500s] [ 41%] [32mBuilding C object CMakeFiles/neobotix_usboard_msgs__rosidl_typesupport_introspection_c.dir/rosidl_typesupport_introspection_c/neobotix_usboard_msgs/msg/detail/ans_write_paraset__type_support.c.o[0m
[13.542s] [ 42%] [32mBuilding CXX object CMakeFiles/neobotix_usboard_msgs__rosidl_typesupport_introspection_cpp.dir/rosidl_typesupport_introspection_cpp/neobotix_usboard_msgs/msg/detail/ans_to_cmd_connect__type_support.cpp.o[0m
[13.570s] [ 43%] [32mBuilding CXX object CMakeFiles/neobotix_usboard_msgs__rosidl_typesupport_c.dir/rosidl_typesupport_c/neobotix_usboard_msgs/msg/paraset__type_support.cpp.o[0m
[13.655s] [ 44%] [32mBuilding C object CMakeFiles/neobotix_usboard_msgs__rosidl_typesupport_introspection_c.dir/rosidl_typesupport_introspection_c/neobotix_usboard_msgs/msg/detail/sensor_data__type_support.c.o[0m
[13.712s] [ 45%] [32m[1mLinking CXX shared library libneobotix_usboard_msgs__rosidl_typesupport_c.so[0m
[13.775s] [ 47%] [32mBuilding CXX object CMakeFiles/neobotix_usboard_msgs__rosidl_typesupport_fastrtps_cpp.dir/rosidl_typesupport_fastrtps_cpp/neobotix_usboard_msgs/msg/detail/dds_fastrtps/paraset__type_support.cpp.o[0m
[13.783s] [ 48%] [32mBuilding C object CMakeFiles/neobotix_usboard_msgs__rosidl_typesupport_introspection_c.dir/rosidl_typesupport_introspection_c/neobotix_usboard_msgs/msg/detail/command__type_support.c.o[0m
[13.902s] [ 49%] [32mBuilding C object CMakeFiles/neobotix_usboard_msgs__rosidl_typesupport_introspection_c.dir/rosidl_typesupport_introspection_c/neobotix_usboard_msgs/msg/detail/sensors__type_support.c.o[0m
[13.917s] [ 49%] Built target neobotix_usboard_msgs__rosidl_typesupport_c
[13.946s] [ 50%] [32mBuilding CXX object CMakeFiles/neobotix_usboard_msgs__rosidl_typesupport_introspection_cpp.dir/rosidl_typesupport_introspection_cpp/neobotix_usboard_msgs/msg/detail/paraset__type_support.cpp.o[0m
[13.957s] [ 51%] [32mBuilding CXX object CMakeFiles/neobotix_usboard_msgs__rosidl_typesupport_cpp.dir/rosidl_typesupport_cpp/neobotix_usboard_msgs/msg/sensor_data__type_support.cpp.o[0m
[13.995s] [ 52%] [32mBuilding C object CMakeFiles/neobotix_usboard_msgs__rosidl_typesupport_introspection_c.dir/rosidl_typesupport_introspection_c/neobotix_usboard_msgs/msg/detail/paraset__type_support.c.o[0m
[14.123s] [ 54%] [32m[1mLinking C shared library libneobotix_usboard_msgs__rosidl_typesupport_introspection_c.so[0m
[14.267s] [ 54%] Built target neobotix_usboard_msgs__rosidl_typesupport_introspection_c
[14.413s] [ 55%] [32mBuilding CXX object CMakeFiles/neobotix_usboard_msgs__rosidl_typesupport_introspection_cpp.dir/rosidl_typesupport_introspection_cpp/neobotix_usboard_msgs/msg/detail/sensors__type_support.cpp.o[0m
[14.424s] [ 56%] [32mBuilding CXX object CMakeFiles/neobotix_usboard_msgs__rosidl_typesupport_cpp.dir/rosidl_typesupport_cpp/neobotix_usboard_msgs/msg/paraset__type_support.cpp.o[0m
[14.724s] [ 57%] [32mBuilding CXX object CMakeFiles/neobotix_usboard_msgs__rosidl_typesupport_fastrtps_cpp.dir/rosidl_typesupport_fastrtps_cpp/neobotix_usboard_msgs/msg/detail/dds_fastrtps/sensors__type_support.cpp.o[0m
[14.911s] [ 58%] [32mBuilding CXX object CMakeFiles/neobotix_usboard_msgs__rosidl_typesupport_introspection_cpp.dir/rosidl_typesupport_introspection_cpp/neobotix_usboard_msgs/msg/detail/sensor_data__type_support.cpp.o[0m
[15.012s] [ 59%] [32mBuilding CXX object CMakeFiles/neobotix_usboard_msgs__rosidl_typesupport_cpp.dir/rosidl_typesupport_cpp/neobotix_usboard_msgs/msg/sensors__type_support.cpp.o[0m
[15.245s] [ 60%] [32mBuilding CXX object CMakeFiles/neobotix_usboard_msgs__rosidl_typesupport_fastrtps_cpp.dir/rosidl_typesupport_fastrtps_cpp/neobotix_usboard_msgs/msg/detail/dds_fastrtps/sensor_data__type_support.cpp.o[0m
[15.533s] [ 62%] [32mBuilding CXX object CMakeFiles/neobotix_usboard_msgs__rosidl_typesupport_cpp.dir/rosidl_typesupport_cpp/neobotix_usboard_msgs/msg/ans_write_paraset__type_support.cpp.o[0m
[15.634s] [ 63%] [32mBuilding CXX object CMakeFiles/neobotix_usboard_msgs__rosidl_typesupport_introspection_cpp.dir/rosidl_typesupport_introspection_cpp/neobotix_usboard_msgs/msg/detail/ans_paraset_to_eeprom__type_support.cpp.o[0m
[15.895s] [ 64%] [32mBuilding CXX object CMakeFiles/neobotix_usboard_msgs__rosidl_typesupport_cpp.dir/rosidl_typesupport_cpp/neobotix_usboard_msgs/msg/ans_paraset_to_eeprom__type_support.cpp.o[0m
[16.003s] [ 65%] [32m[1mLinking CXX shared library libneobotix_usboard_msgs__rosidl_typesupport_introspection_cpp.so[0m
[16.092s] [ 66%] [32mBuilding CXX object CMakeFiles/neobotix_usboard_msgs__rosidl_typesupport_fastrtps_cpp.dir/rosidl_typesupport_fastrtps_cpp/neobotix_usboard_msgs/msg/detail/dds_fastrtps/command__type_support.cpp.o[0m
[16.183s] [ 66%] Built target neobotix_usboard_msgs__rosidl_typesupport_introspection_cpp
[16.293s] [ 67%] [32m[1mLinking CXX shared library libneobotix_usboard_msgs__rosidl_typesupport_cpp.so[0m
[16.403s] [ 67%] Built target neobotix_usboard_msgs__rosidl_typesupport_cpp
[16.896s] [ 68%] [32mBuilding CXX object CMakeFiles/neobotix_usboard_msgs__rosidl_typesupport_fastrtps_cpp.dir/rosidl_typesupport_fastrtps_cpp/neobotix_usboard_msgs/msg/detail/dds_fastrtps/ans_write_paraset__type_support.cpp.o[0m
[17.443s] [ 70%] [32m[1mLinking CXX shared library libneobotix_usboard_msgs__rosidl_typesupport_fastrtps_cpp.so[0m
[17.651s] [ 70%] Built target neobotix_usboard_msgs__rosidl_typesupport_fastrtps_cpp
[17.680s] [ 71%] [34m[1mGenerating C type support for eProsima Fast-RTPS[0m
[18.590s] [35m[1mScanning dependencies of target neobotix_usboard_msgs__rosidl_typesupport_fastrtps_c[0m
[18.622s] [ 72%] [32mBuilding CXX object CMakeFiles/neobotix_usboard_msgs__rosidl_typesupport_fastrtps_c.dir/rosidl_typesupport_fastrtps_c/neobotix_usboard_msgs/msg/detail/analog_in__type_support_c.cpp.o[0m
[19.083s] [ 73%] [32mBuilding CXX object CMakeFiles/neobotix_usboard_msgs__rosidl_typesupport_fastrtps_c.dir/rosidl_typesupport_fastrtps_c/neobotix_usboard_msgs/msg/detail/paraset__type_support_c.cpp.o[0m
[19.479s] [ 74%] [32mBuilding CXX object CMakeFiles/neobotix_usboard_msgs__rosidl_typesupport_fastrtps_c.dir/rosidl_typesupport_fastrtps_c/neobotix_usboard_msgs/msg/detail/sensors__type_support_c.cpp.o[0m
[19.905s] [ 75%] [32mBuilding CXX object CMakeFiles/neobotix_usboard_msgs__rosidl_typesupport_fastrtps_c.dir/rosidl_typesupport_fastrtps_c/neobotix_usboard_msgs/msg/detail/sensor_data__type_support_c.cpp.o[0m
[20.263s] [ 77%] [32mBuilding CXX object CMakeFiles/neobotix_usboard_msgs__rosidl_typesupport_fastrtps_c.dir/rosidl_typesupport_fastrtps_c/neobotix_usboard_msgs/msg/detail/command__type_support_c.cpp.o[0m
[20.595s] [ 78%] [32mBuilding CXX object CMakeFiles/neobotix_usboard_msgs__rosidl_typesupport_fastrtps_c.dir/rosidl_typesupport_fastrtps_c/neobotix_usboard_msgs/msg/detail/ans_write_paraset__type_support_c.cpp.o[0m
[20.907s] [ 79%] [32mBuilding CXX object CMakeFiles/neobotix_usboard_msgs__rosidl_typesupport_fastrtps_c.dir/rosidl_typesupport_fastrtps_c/neobotix_usboard_msgs/msg/detail/ans_to_cmd_connect__type_support_c.cpp.o[0m
[21.320s] [ 80%] [32mBuilding CXX object CMakeFiles/neobotix_usboard_msgs__rosidl_typesupport_fastrtps_c.dir/rosidl_typesupport_fastrtps_c/neobotix_usboard_msgs/msg/detail/ans_paraset_to_eeprom__type_support_c.cpp.o[0m
[21.736s] [ 81%] [32m[1mLinking CXX shared library libneobotix_usboard_msgs__rosidl_typesupport_fastrtps_c.so[0m
[21.893s] [ 81%] Built target neobotix_usboard_msgs__rosidl_typesupport_fastrtps_c
[21.922s] [35m[1mScanning dependencies of target neobotix_usboard_msgs[0m
[21.945s] [ 81%] Built target neobotix_usboard_msgs
[21.973s] [35m[1mScanning dependencies of target neobotix_usboard_msgs__py[0m
[21.990s] [ 82%] [34m[1mGenerating Python code for ROS interfaces[0m
[23.334s] [ 82%] Built target neobotix_usboard_msgs__py
[23.350s] [35m[1mScanning dependencies of target neobotix_usboard_msgs__python[0m
[23.394s] [ 83%] [32mBuilding C object CMakeFiles/neobotix_usboard_msgs__python.dir/rosidl_generator_py/neobotix_usboard_msgs/msg/_analog_in_s.c.o[0m
[23.510s] [ 85%] [32mBuilding C object CMakeFiles/neobotix_usboard_msgs__python.dir/rosidl_generator_py/neobotix_usboard_msgs/msg/_paraset_s.c.o[0m
[23.671s] [ 86%] [32mBuilding C object CMakeFiles/neobotix_usboard_msgs__python.dir/rosidl_generator_py/neobotix_usboard_msgs/msg/_sensors_s.c.o[0m
[23.776s] [ 87%] [32mBuilding C object CMakeFiles/neobotix_usboard_msgs__python.dir/rosidl_generator_py/neobotix_usboard_msgs/msg/_sensor_data_s.c.o[0m
[23.864s] [ 88%] [32mBuilding C object CMakeFiles/neobotix_usboard_msgs__python.dir/rosidl_generator_py/neobotix_usboard_msgs/msg/_command_s.c.o[0m
[23.964s] [ 89%] [32mBuilding C object CMakeFiles/neobotix_usboard_msgs__python.dir/rosidl_generator_py/neobotix_usboard_msgs/msg/_ans_write_paraset_s.c.o[0m
[24.061s] [ 90%] [32mBuilding C object CMakeFiles/neobotix_usboard_msgs__python.dir/rosidl_generator_py/neobotix_usboard_msgs/msg/_ans_to_cmd_connect_s.c.o[0m
[24.127s] [ 91%] [32mBuilding C object CMakeFiles/neobotix_usboard_msgs__python.dir/rosidl_generator_py/neobotix_usboard_msgs/msg/_ans_paraset_to_eeprom_s.c.o[0m
[24.209s] [ 93%] [32m[1mLinking C shared library rosidl_generator_py/neobotix_usboard_msgs/libneobotix_usboard_msgs__python.so[0m
[24.265s] [ 93%] Built target neobotix_usboard_msgs__python
[24.278s] [35m[1mScanning dependencies of target neobotix_usboard_msgs__rosidl_typesupport_fastrtps_c__pyext[0m
[24.305s] [ 94%] [32mBuilding C object CMakeFiles/neobotix_usboard_msgs__rosidl_typesupport_fastrtps_c__pyext.dir/rosidl_generator_py/neobotix_usboard_msgs/_neobotix_usboard_msgs_s.ep.rosidl_typesupport_fastrtps_c.c.o[0m
[24.388s] [ 95%] [32m[1mLinking CXX shared library rosidl_generator_py/neobotix_usboard_msgs/neobotix_usboard_msgs_s__rosidl_typesupport_fastrtps_c.cpython-38-x86_64-linux-gnu.so[0m
[24.476s] [ 95%] Built target neobotix_usboard_msgs__rosidl_typesupport_fastrtps_c__pyext
[24.491s] [35m[1mScanning dependencies of target neobotix_usboard_msgs__rosidl_typesupport_introspection_c__pyext[0m
[24.512s] [ 96%] [32mBuilding C object CMakeFiles/neobotix_usboard_msgs__rosidl_typesupport_introspection_c__pyext.dir/rosidl_generator_py/neobotix_usboard_msgs/_neobotix_usboard_msgs_s.ep.rosidl_typesupport_introspection_c.c.o[0m
[24.636s] [ 97%] [32m[1mLinking C shared library rosidl_generator_py/neobotix_usboard_msgs/neobotix_usboard_msgs_s__rosidl_typesupport_introspection_c.cpython-38-x86_64-linux-gnu.so[0m
[24.683s] [ 97%] Built target neobotix_usboard_msgs__rosidl_typesupport_introspection_c__pyext
[24.696s] [35m[1mScanning dependencies of target neobotix_usboard_msgs__rosidl_typesupport_c__pyext[0m
[24.718s] [ 98%] [32mBuilding C object CMakeFiles/neobotix_usboard_msgs__rosidl_typesupport_c__pyext.dir/rosidl_generator_py/neobotix_usboard_msgs/_neobotix_usboard_msgs_s.ep.rosidl_typesupport_c.c.o[0m
[24.832s] [100%] [32m[1mLinking C shared library rosidl_generator_py/neobotix_usboard_msgs/neobotix_usboard_msgs_s__rosidl_typesupport_c.cpython-38-x86_64-linux-gnu.so[0m
[24.891s] [100%] Built target neobotix_usboard_msgs__rosidl_typesupport_c__pyext
[24.919s] Invoked command in '/home/martin/Desktop/Stage/Projet/ws_carla_ros/build/neobotix_usboard_msgs' returned '0': CMAKE_PREFIX_PATH=${CMAKE_PREFIX_PATH}:/home/martin/Desktop/Stage/Projet/ws_carla_ros/install/rqt_carla_control:/home/martin/Desktop/Stage/Projet/ws_carla_ros/install/carla_waypoint_publisher:/home/martin/Desktop/Stage/Projet/ws_carla_ros/install/carla_ackermann_control:/home/martin/Desktop/Stage/Projet/ws_carla_ros/install/carla_ros_bridge:/home/martin/Desktop/Stage/Projet/ws_carla_ros/install/carla_spawn_objects:/home/martin/Desktop/Stage/Projet/ws_carla_ros/install/carla_manual_control:/home/martin/Desktop/Stage/Projet/ws_carla_ros/install/carla_ad_agent:/home/martin/Desktop/Stage/Projet/ws_carla_ros/install/ros_compatibility:/home/martin/Desktop/Stage/Projet/ws_carla_ros/install/carla_walker_agent:/home/martin/Desktop/Stage/Projet/ws_carla_ros/install/carla_twist_to_control:/home/martin/Desktop/Stage/Projet/ws_carla_ros/install/carla_ros_scenario_runner:/home/martin/Desktop/Stage/Projet/ws_carla_ros/install/carla_map_visualization:/home/martin/Desktop/Stage/Projet/ws_carla_ros/install/carla_interface:/home/martin/Desktop/Stage/Projet/ws_carla_ros/install/carla_control_display:/home/martin/Desktop/Stage/Projet/ws_carla_ros/install/carla_common:/opt/ros/galactic /usr/bin/cmake --build /home/martin/Desktop/Stage/Projet/ws_carla_ros/build/neobotix_usboard_msgs -- -j16 -l16
[24.920s] Invoking command in '/home/martin/Desktop/Stage/Projet/ws_carla_ros/build/neobotix_usboard_msgs': CMAKE_PREFIX_PATH=${CMAKE_PREFIX_PATH}:/home/martin/Desktop/Stage/Projet/ws_carla_ros/install/rqt_carla_control:/home/martin/Desktop/Stage/Projet/ws_carla_ros/install/carla_waypoint_publisher:/home/martin/Desktop/Stage/Projet/ws_carla_ros/install/carla_ackermann_control:/home/martin/Desktop/Stage/Projet/ws_carla_ros/install/carla_ros_bridge:/home/martin/Desktop/Stage/Projet/ws_carla_ros/install/carla_spawn_objects:/home/martin/Desktop/Stage/Projet/ws_carla_ros/install/carla_manual_control:/home/martin/Desktop/Stage/Projet/ws_carla_ros/install/carla_ad_agent:/home/martin/Desktop/Stage/Projet/ws_carla_ros/install/ros_compatibility:/home/martin/Desktop/Stage/Projet/ws_carla_ros/install/carla_walker_agent:/home/martin/Desktop/Stage/Projet/ws_carla_ros/install/carla_twist_to_control:/home/martin/Desktop/Stage/Projet/ws_carla_ros/install/carla_ros_scenario_runner:/home/martin/Desktop/Stage/Projet/ws_carla_ros/install/carla_map_visualization:/home/martin/Desktop/Stage/Projet/ws_carla_ros/install/carla_interface:/home/martin/Desktop/Stage/Projet/ws_carla_ros/install/carla_control_display:/home/martin/Desktop/Stage/Projet/ws_carla_ros/install/carla_common:/opt/ros/galactic /usr/bin/cmake --install /home/martin/Desktop/Stage/Projet/ws_carla_ros/build/neobotix_usboard_msgs
[24.927s] -- Install configuration: ""
[24.928s] -- Installing: /home/martin/Desktop/Stage/Projet/ws_carla_ros/install/neobotix_usboard_msgs/share/ament_index/resource_index/rosidl_interfaces/neobotix_usboard_msgs
[24.928s] -- Installing: /home/martin/Desktop/Stage/Projet/ws_carla_ros/install/neobotix_usboard_msgs/include/neobotix_usboard_msgs
[24.929s] -- Installing: /home/martin/Desktop/Stage/Projet/ws_carla_ros/install/neobotix_usboard_msgs/include/neobotix_usboard_msgs/msg
[24.929s] -- Installing: /home/martin/Desktop/Stage/Projet/ws_carla_ros/install/neobotix_usboard_msgs/include/neobotix_usboard_msgs/msg/command.h
[24.929s] -- Installing: /home/martin/Desktop/Stage/Projet/ws_carla_ros/install/neobotix_usboard_msgs/include/neobotix_usboard_msgs/msg/rosidl_generator_c__visibility_control.h
[24.929s] -- Installing: /home/martin/Desktop/Stage/Projet/ws_carla_ros/install/neobotix_usboard_msgs/include/neobotix_usboard_msgs/msg/ans_paraset_to_eeprom.h
[24.929s] -- Installing: /home/martin/Desktop/Stage/Projet/ws_carla_ros/install/neobotix_usboard_msgs/include/neobotix_usboard_msgs/msg/paraset.h
[24.930s] -- Installing: /home/martin/Desktop/Stage/Projet/ws_carla_ros/install/neobotix_usboard_msgs/include/neobotix_usboard_msgs/msg/sensor_data.h
[24.930s] -- Installing: /home/martin/Desktop/Stage/Projet/ws_carla_ros/install/neobotix_usboard_msgs/include/neobotix_usboard_msgs/msg/detail
[24.930s] -- Installing: /home/martin/Desktop/Stage/Projet/ws_carla_ros/install/neobotix_usboard_msgs/include/neobotix_usboard_msgs/msg/detail/sensors__type_support.h
[24.930s] -- Installing: /home/martin/Desktop/Stage/Projet/ws_carla_ros/install/neobotix_usboard_msgs/include/neobotix_usboard_msgs/msg/detail/sensor_data__struct.h
[24.931s] -- Installing: /home/martin/Desktop/Stage/Projet/ws_carla_ros/install/neobotix_usboard_msgs/include/neobotix_usboard_msgs/msg/detail/ans_write_paraset__type_support.h
[24.932s] -- Installing: /home/martin/Desktop/Stage/Projet/ws_carla_ros/install/neobotix_usboard_msgs/include/neobotix_usboard_msgs/msg/detail/paraset__type_support.h
[24.932s] -- Installing: /home/martin/Desktop/Stage/Projet/ws_carla_ros/install/neobotix_usboard_msgs/include/neobotix_usboard_msgs/msg/detail/sensor_data__type_support.h
[24.932s] -- Installing: /home/martin/Desktop/Stage/Projet/ws_carla_ros/install/neobotix_usboard_msgs/include/neobotix_usboard_msgs/msg/detail/command__functions.c
[24.932s] -- Installing: /home/martin/Desktop/Stage/Projet/ws_carla_ros/install/neobotix_usboard_msgs/include/neobotix_usboard_msgs/msg/detail/sensors__functions.h
[24.932s] -- Installing: /home/martin/Desktop/Stage/Projet/ws_carla_ros/install/neobotix_usboard_msgs/include/neobotix_usboard_msgs/msg/detail/command__functions.h
[24.933s] -- Installing: /home/martin/Desktop/Stage/Projet/ws_carla_ros/install/neobotix_usboard_msgs/include/neobotix_usboard_msgs/msg/detail/analog_in__struct.h
[24.933s] -- Installing: /home/martin/Desktop/Stage/Projet/ws_carla_ros/install/neobotix_usboard_msgs/include/neobotix_usboard_msgs/msg/detail/paraset__struct.h
[24.933s] -- Installing: /home/martin/Desktop/Stage/Projet/ws_carla_ros/install/neobotix_usboard_msgs/include/neobotix_usboard_msgs/msg/detail/ans_to_cmd_connect__type_support.h
[24.933s] -- Installing: /home/martin/Desktop/Stage/Projet/ws_carla_ros/install/neobotix_usboard_msgs/include/neobotix_usboard_msgs/msg/detail/ans_paraset_to_eeprom__type_support.h
[24.933s] -- Installing: /home/martin/Desktop/Stage/Projet/ws_carla_ros/install/neobotix_usboard_msgs/include/neobotix_usboard_msgs/msg/detail/analog_in__functions.c
[24.933s] -- Installing: /home/martin/Desktop/Stage/Projet/ws_carla_ros/install/neobotix_usboard_msgs/include/neobotix_usboard_msgs/msg/detail/ans_paraset_to_eeprom__struct.h
[24.933s] -- Installing: /home/martin/Desktop/Stage/Projet/ws_carla_ros/install/neobotix_usboard_msgs/include/neobotix_usboard_msgs/msg/detail/sensors__functions.c
[24.933s] -- Installing: /home/martin/Desktop/Stage/Projet/ws_carla_ros/install/neobotix_usboard_msgs/include/neobotix_usboard_msgs/msg/detail/sensor_data__functions.h
[24.933s] -- Installing: /home/martin/Desktop/Stage/Projet/ws_carla_ros/install/neobotix_usboard_msgs/include/neobotix_usboard_msgs/msg/detail/ans_paraset_to_eeprom__functions.h
[24.933s] -- Installing: /home/martin/Desktop/Stage/Projet/ws_carla_ros/install/neobotix_usboard_msgs/include/neobotix_usboard_msgs/msg/detail/ans_write_paraset__functions.h
[24.933s] -- Installing: /home/martin/Desktop/Stage/Projet/ws_carla_ros/install/neobotix_usboard_msgs/include/neobotix_usboard_msgs/msg/detail/analog_in__functions.h
[24.933s] -- Installing: /home/martin/Desktop/Stage/Projet/ws_carla_ros/install/neobotix_usboard_msgs/include/neobotix_usboard_msgs/msg/detail/command__struct.h
[24.933s] -- Installing: /home/martin/Desktop/Stage/Projet/ws_carla_ros/install/neobotix_usboard_msgs/include/neobotix_usboard_msgs/msg/detail/ans_to_cmd_connect__functions.h
[24.933s] -- Installing: /home/martin/Desktop/Stage/Projet/ws_carla_ros/install/neobotix_usboard_msgs/include/neobotix_usboard_msgs/msg/detail/sensors__struct.h
[24.933s] -- Installing: /home/martin/Desktop/Stage/Projet/ws_carla_ros/install/neobotix_usboard_msgs/include/neobotix_usboard_msgs/msg/detail/paraset__functions.h
[24.933s] -- Installing: /home/martin/Desktop/Stage/Projet/ws_carla_ros/install/neobotix_usboard_msgs/include/neobotix_usboard_msgs/msg/detail/ans_write_paraset__struct.h
[24.933s] -- Installing: /home/martin/Desktop/Stage/Projet/ws_carla_ros/install/neobotix_usboard_msgs/include/neobotix_usboard_msgs/msg/detail/analog_in__type_support.h
[24.933s] -- Installing: /home/martin/Desktop/Stage/Projet/ws_carla_ros/install/neobotix_usboard_msgs/include/neobotix_usboard_msgs/msg/detail/ans_paraset_to_eeprom__functions.c
[24.934s] -- Installing: /home/martin/Desktop/Stage/Projet/ws_carla_ros/install/neobotix_usboard_msgs/include/neobotix_usboard_msgs/msg/detail/ans_to_cmd_connect__functions.c
[24.934s] -- Installing: /home/martin/Desktop/Stage/Projet/ws_carla_ros/install/neobotix_usboard_msgs/include/neobotix_usboard_msgs/msg/detail/ans_write_paraset__functions.c
[24.934s] -- Installing: /home/martin/Desktop/Stage/Projet/ws_carla_ros/install/neobotix_usboard_msgs/include/neobotix_usboard_msgs/msg/detail/ans_to_cmd_connect__struct.h
[24.934s] -- Installing: /home/martin/Desktop/Stage/Projet/ws_carla_ros/install/neobotix_usboard_msgs/include/neobotix_usboard_msgs/msg/detail/paraset__functions.c
[24.934s] -- Installing: /home/martin/Desktop/Stage/Projet/ws_carla_ros/install/neobotix_usboard_msgs/include/neobotix_usboard_msgs/msg/detail/sensor_data__functions.c
[24.934s] -- Installing: /home/martin/Desktop/Stage/Projet/ws_carla_ros/install/neobotix_usboard_msgs/include/neobotix_usboard_msgs/msg/detail/command__type_support.h
[24.934s] -- Installing: /home/martin/Desktop/Stage/Projet/ws_carla_ros/install/neobotix_usboard_msgs/include/neobotix_usboard_msgs/msg/ans_write_paraset.h
[24.934s] -- Installing: /home/martin/Desktop/Stage/Projet/ws_carla_ros/install/neobotix_usboard_msgs/include/neobotix_usboard_msgs/msg/analog_in.h
[24.934s] -- Installing: /home/martin/Desktop/Stage/Projet/ws_carla_ros/install/neobotix_usboard_msgs/include/neobotix_usboard_msgs/msg/ans_to_cmd_connect.h
[24.934s] -- Installing: /home/martin/Desktop/Stage/Projet/ws_carla_ros/install/neobotix_usboard_msgs/include/neobotix_usboard_msgs/msg/sensors.h
[24.934s] -- Installing: /home/martin/Desktop/Stage/Projet/ws_carla_ros/install/neobotix_usboard_msgs/share/neobotix_usboard_msgs/environment/library_path.sh
[24.934s] -- Installing: /home/martin/Desktop/Stage/Projet/ws_carla_ros/install/neobotix_usboard_msgs/share/neobotix_usboard_msgs/environment/library_path.dsv
[24.934s] -- Installing: /home/martin/Desktop/Stage/Projet/ws_carla_ros/install/neobotix_usboard_msgs/lib/libneobotix_usboard_msgs__rosidl_generator_c.so
[24.934s] -- Set runtime path of "/home/martin/Desktop/Stage/Projet/ws_carla_ros/install/neobotix_usboard_msgs/lib/libneobotix_usboard_msgs__rosidl_generator_c.so" to ""
[24.934s] -- Up-to-date: /home/martin/Desktop/Stage/Projet/ws_carla_ros/install/neobotix_usboard_msgs/include/neobotix_usboard_msgs
[24.934s] -- Up-to-date: /home/martin/Desktop/Stage/Projet/ws_carla_ros/install/neobotix_usboard_msgs/include/neobotix_usboard_msgs/msg
[24.934s] -- Installing: /home/martin/Desktop/Stage/Projet/ws_carla_ros/install/neobotix_usboard_msgs/include/neobotix_usboard_msgs/msg/rosidl_typesupport_fastrtps_c__visibility_control.h
[24.935s] -- Up-to-date: /home/martin/Desktop/Stage/Projet/ws_carla_ros/install/neobotix_usboard_msgs/include/neobotix_usboard_msgs/msg/detail
[24.935s] -- Installing: /home/martin/Desktop/Stage/Projet/ws_carla_ros/install/neobotix_usboard_msgs/include/neobotix_usboard_msgs/msg/detail/paraset__rosidl_typesupport_fastrtps_c.h
[24.935s] -- Installing: /home/martin/Desktop/Stage/Projet/ws_carla_ros/install/neobotix_usboard_msgs/include/neobotix_usboard_msgs/msg/detail/analog_in__rosidl_typesupport_fastrtps_c.h
[24.935s] -- Installing: /home/martin/Desktop/Stage/Projet/ws_carla_ros/install/neobotix_usboard_msgs/include/neobotix_usboard_msgs/msg/detail/sensor_data__rosidl_typesupport_fastrtps_c.h
[24.935s] -- Installing: /home/martin/Desktop/Stage/Projet/ws_carla_ros/install/neobotix_usboard_msgs/include/neobotix_usboard_msgs/msg/detail/ans_write_paraset__rosidl_typesupport_fastrtps_c.h
[24.935s] -- Installing: /home/martin/Desktop/Stage/Projet/ws_carla_ros/install/neobotix_usboard_msgs/include/neobotix_usboard_msgs/msg/detail/sensors__rosidl_typesupport_fastrtps_c.h
[24.935s] -- Installing: /home/martin/Desktop/Stage/Projet/ws_carla_ros/install/neobotix_usboard_msgs/include/neobotix_usboard_msgs/msg/detail/ans_paraset_to_eeprom__rosidl_typesupport_fastrtps_c.h
[24.935s] -- Installing: /home/martin/Desktop/Stage/Projet/ws_carla_ros/install/neobotix_usboard_msgs/include/neobotix_usboard_msgs/msg/detail/ans_to_cmd_connect__rosidl_typesupport_fastrtps_c.h
[24.935s] -- Installing: /home/martin/Desktop/Stage/Projet/ws_carla_ros/install/neobotix_usboard_msgs/include/neobotix_usboard_msgs/msg/detail/command__rosidl_typesupport_fastrtps_c.h
[24.935s] -- Installing: /home/martin/Desktop/Stage/Projet/ws_carla_ros/install/neobotix_usboard_msgs/lib/libneobotix_usboard_msgs__rosidl_typesupport_fastrtps_c.so
[24.935s] -- Set runtime path of "/home/martin/Desktop/Stage/Projet/ws_carla_ros/install/neobotix_usboard_msgs/lib/libneobotix_usboard_msgs__rosidl_typesupport_fastrtps_c.so" to ""
[24.936s] -- Up-to-date: /home/martin/Desktop/Stage/Projet/ws_carla_ros/install/neobotix_usboard_msgs/include/neobotix_usboard_msgs
[24.936s] -- Up-to-date: /home/martin/Desktop/Stage/Projet/ws_carla_ros/install/neobotix_usboard_msgs/include/neobotix_usboard_msgs/msg
[24.936s] -- Up-to-date: /home/martin/Desktop/Stage/Projet/ws_carla_ros/install/neobotix_usboard_msgs/include/neobotix_usboard_msgs/msg/detail
[24.936s] -- Installing: /home/martin/Desktop/Stage/Projet/ws_carla_ros/install/neobotix_usboard_msgs/include/neobotix_usboard_msgs/msg/detail/command__rosidl_typesupport_fastrtps_cpp.hpp
[24.936s] -- Installing: /home/martin/Desktop/Stage/Projet/ws_carla_ros/install/neobotix_usboard_msgs/include/neobotix_usboard_msgs/msg/detail/analog_in__rosidl_typesupport_fastrtps_cpp.hpp
[24.936s] -- Installing: /home/martin/Desktop/Stage/Projet/ws_carla_ros/install/neobotix_usboard_msgs/include/neobotix_usboard_msgs/msg/detail/ans_to_cmd_connect__rosidl_typesupport_fastrtps_cpp.hpp
[24.936s] -- Installing: /home/martin/Desktop/Stage/Projet/ws_carla_ros/install/neobotix_usboard_msgs/include/neobotix_usboard_msgs/msg/detail/paraset__rosidl_typesupport_fastrtps_cpp.hpp
[24.937s] -- Installing: /home/martin/Desktop/Stage/Projet/ws_carla_ros/install/neobotix_usboard_msgs/include/neobotix_usboard_msgs/msg/detail/ans_write_paraset__rosidl_typesupport_fastrtps_cpp.hpp
[24.937s] -- Installing: /home/martin/Desktop/Stage/Projet/ws_carla_ros/install/neobotix_usboard_msgs/include/neobotix_usboard_msgs/msg/detail/sensor_data__rosidl_typesupport_fastrtps_cpp.hpp
[24.937s] -- Installing: /home/martin/Desktop/Stage/Projet/ws_carla_ros/install/neobotix_usboard_msgs/include/neobotix_usboard_msgs/msg/detail/dds_fastrtps
[24.937s] -- Installing: /home/martin/Desktop/Stage/Projet/ws_carla_ros/install/neobotix_usboard_msgs/include/neobotix_usboard_msgs/msg/detail/ans_paraset_to_eeprom__rosidl_typesupport_fastrtps_cpp.hpp
[24.937s] -- Installing: /home/martin/Desktop/Stage/Projet/ws_carla_ros/install/neobotix_usboard_msgs/include/neobotix_usboard_msgs/msg/detail/sensors__rosidl_typesupport_fastrtps_cpp.hpp
[24.937s] -- Installing: /home/martin/Desktop/Stage/Projet/ws_carla_ros/install/neobotix_usboard_msgs/include/neobotix_usboard_msgs/msg/rosidl_typesupport_fastrtps_cpp__visibility_control.h
[24.937s] -- Installing: /home/martin/Desktop/Stage/Projet/ws_carla_ros/install/neobotix_usboard_msgs/lib/libneobotix_usboard_msgs__rosidl_typesupport_fastrtps_cpp.so
[24.937s] -- Set runtime path of "/home/martin/Desktop/Stage/Projet/ws_carla_ros/install/neobotix_usboard_msgs/lib/libneobotix_usboard_msgs__rosidl_typesupport_fastrtps_cpp.so" to ""
[24.937s] -- Up-to-date: /home/martin/Desktop/Stage/Projet/ws_carla_ros/install/neobotix_usboard_msgs/include/neobotix_usboard_msgs
[24.937s] -- Up-to-date: /home/martin/Desktop/Stage/Projet/ws_carla_ros/install/neobotix_usboard_msgs/include/neobotix_usboard_msgs/msg
[24.937s] -- Installing: /home/martin/Desktop/Stage/Projet/ws_carla_ros/install/neobotix_usboard_msgs/include/neobotix_usboard_msgs/msg/rosidl_typesupport_introspection_c__visibility_control.h
[24.937s] -- Up-to-date: /home/martin/Desktop/Stage/Projet/ws_carla_ros/install/neobotix_usboard_msgs/include/neobotix_usboard_msgs/msg/detail
[24.937s] -- Installing: /home/martin/Desktop/Stage/Projet/ws_carla_ros/install/neobotix_usboard_msgs/include/neobotix_usboard_msgs/msg/detail/ans_to_cmd_connect__rosidl_typesupport_introspection_c.h
[24.937s] -- Installing: /home/martin/Desktop/Stage/Projet/ws_carla_ros/install/neobotix_usboard_msgs/include/neobotix_usboard_msgs/msg/detail/ans_paraset_to_eeprom__type_support.c
[24.937s] -- Installing: /home/martin/Desktop/Stage/Projet/ws_carla_ros/install/neobotix_usboard_msgs/include/neobotix_usboard_msgs/msg/detail/analog_in__type_support.c
[24.938s] -- Installing: /home/martin/Desktop/Stage/Projet/ws_carla_ros/install/neobotix_usboard_msgs/include/neobotix_usboard_msgs/msg/detail/sensor_data__rosidl_typesupport_introspection_c.h
[24.938s] -- Installing: /home/martin/Desktop/Stage/Projet/ws_carla_ros/install/neobotix_usboard_msgs/include/neobotix_usboard_msgs/msg/detail/ans_write_paraset__rosidl_typesupport_introspection_c.h
[24.938s] -- Installing: /home/martin/Desktop/Stage/Projet/ws_carla_ros/install/neobotix_usboard_msgs/include/neobotix_usboard_msgs/msg/detail/command__rosidl_typesupport_introspection_c.h
[24.938s] -- Installing: /home/martin/Desktop/Stage/Projet/ws_carla_ros/install/neobotix_usboard_msgs/include/neobotix_usboard_msgs/msg/detail/analog_in__rosidl_typesupport_introspection_c.h
[24.938s] -- Installing: /home/martin/Desktop/Stage/Projet/ws_carla_ros/install/neobotix_usboard_msgs/include/neobotix_usboard_msgs/msg/detail/sensors__rosidl_typesupport_introspection_c.h
[24.938s] -- Installing: /home/martin/Desktop/Stage/Projet/ws_carla_ros/install/neobotix_usboard_msgs/include/neobotix_usboard_msgs/msg/detail/sensors__type_support.c
[24.938s] -- Installing: /home/martin/Desktop/Stage/Projet/ws_carla_ros/install/neobotix_usboard_msgs/include/neobotix_usboard_msgs/msg/detail/sensor_data__type_support.c
[24.938s] -- Installing: /home/martin/Desktop/Stage/Projet/ws_carla_ros/install/neobotix_usboard_msgs/include/neobotix_usboard_msgs/msg/detail/ans_paraset_to_eeprom__rosidl_typesupport_introspection_c.h
[24.938s] -- Installing: /home/martin/Desktop/Stage/Projet/ws_carla_ros/install/neobotix_usboard_msgs/include/neobotix_usboard_msgs/msg/detail/ans_to_cmd_connect__type_support.c
[24.938s] -- Installing: /home/martin/Desktop/Stage/Projet/ws_carla_ros/install/neobotix_usboard_msgs/include/neobotix_usboard_msgs/msg/detail/command__type_support.c
[24.938s] -- Installing: /home/martin/Desktop/Stage/Projet/ws_carla_ros/install/neobotix_usboard_msgs/include/neobotix_usboard_msgs/msg/detail/paraset__rosidl_typesupport_introspection_c.h
[24.938s] -- Installing: /home/martin/Desktop/Stage/Projet/ws_carla_ros/install/neobotix_usboard_msgs/include/neobotix_usboard_msgs/msg/detail/ans_write_paraset__type_support.c
[24.938s] -- Installing: /home/martin/Desktop/Stage/Projet/ws_carla_ros/install/neobotix_usboard_msgs/include/neobotix_usboard_msgs/msg/detail/paraset__type_support.c
[24.938s] -- Installing: /home/martin/Desktop/Stage/Projet/ws_carla_ros/install/neobotix_usboard_msgs/lib/libneobotix_usboard_msgs__rosidl_typesupport_introspection_c.so
[24.938s] -- Set runtime path of "/home/martin/Desktop/Stage/Projet/ws_carla_ros/install/neobotix_usboard_msgs/lib/libneobotix_usboard_msgs__rosidl_typesupport_introspection_c.so" to ""
[24.938s] -- Installing: /home/martin/Desktop/Stage/Projet/ws_carla_ros/install/neobotix_usboard_msgs/lib/libneobotix_usboard_msgs__rosidl_typesupport_c.so
[24.938s] -- Set runtime path of "/home/martin/Desktop/Stage/Projet/ws_carla_ros/install/neobotix_usboard_msgs/lib/libneobotix_usboard_msgs__rosidl_typesupport_c.so" to ""
[24.938s] -- Up-to-date: /home/martin/Desktop/Stage/Projet/ws_carla_ros/install/neobotix_usboard_msgs/include/neobotix_usboard_msgs
[24.939s] -- Up-to-date: /home/martin/Desktop/Stage/Projet/ws_carla_ros/install/neobotix_usboard_msgs/include/neobotix_usboard_msgs/msg
[24.939s] -- Installing: /home/martin/Desktop/Stage/Projet/ws_carla_ros/install/neobotix_usboard_msgs/include/neobotix_usboard_msgs/msg/ans_to_cmd_connect.hpp
[24.939s] -- Installing: /home/martin/Desktop/Stage/Projet/ws_carla_ros/install/neobotix_usboard_msgs/include/neobotix_usboard_msgs/msg/command.hpp
[24.939s] -- Installing: /home/martin/Desktop/Stage/Projet/ws_carla_ros/install/neobotix_usboard_msgs/include/neobotix_usboard_msgs/msg/ans_paraset_to_eeprom.hpp
[24.939s] -- Installing: /home/martin/Desktop/Stage/Projet/ws_carla_ros/install/neobotix_usboard_msgs/include/neobotix_usboard_msgs/msg/ans_write_paraset.hpp
[24.939s] -- Installing: /home/martin/Desktop/Stage/Projet/ws_carla_ros/install/neobotix_usboard_msgs/include/neobotix_usboard_msgs/msg/analog_in.hpp
[24.939s] -- Installing: /home/martin/Desktop/Stage/Projet/ws_carla_ros/install/neobotix_usboard_msgs/include/neobotix_usboard_msgs/msg/sensor_data.hpp
[24.939s] -- Installing: /home/martin/Desktop/Stage/Projet/ws_carla_ros/install/neobotix_usboard_msgs/include/neobotix_usboard_msgs/msg/sensors.hpp
[24.939s] -- Installing: /home/martin/Desktop/Stage/Projet/ws_carla_ros/install/neobotix_usboard_msgs/include/neobotix_usboard_msgs/msg/paraset.hpp
[24.939s] -- Up-to-date: /home/martin/Desktop/Stage/Projet/ws_carla_ros/install/neobotix_usboard_msgs/include/neobotix_usboard_msgs/msg/detail
[24.939s] -- Installing: /home/martin/Desktop/Stage/Projet/ws_carla_ros/install/neobotix_usboard_msgs/include/neobotix_usboard_msgs/msg/detail/command__builder.hpp
[24.939s] -- Installing: /home/martin/Desktop/Stage/Projet/ws_carla_ros/install/neobotix_usboard_msgs/include/neobotix_usboard_msgs/msg/detail/ans_write_paraset__builder.hpp
[24.939s] -- Installing: /home/martin/Desktop/Stage/Projet/ws_carla_ros/install/neobotix_usboard_msgs/include/neobotix_usboard_msgs/msg/detail/paraset__builder.hpp
[24.939s] -- Installing: /home/martin/Desktop/Stage/Projet/ws_carla_ros/install/neobotix_usboard_msgs/include/neobotix_usboard_msgs/msg/detail/paraset__traits.hpp
[24.939s] -- Installing: /home/martin/Desktop/Stage/Projet/ws_carla_ros/install/neobotix_usboard_msgs/include/neobotix_usboard_msgs/msg/detail/ans_paraset_to_eeprom__traits.hpp
[24.940s] -- Installing: /home/martin/Desktop/Stage/Projet/ws_carla_ros/install/neobotix_usboard_msgs/include/neobotix_usboard_msgs/msg/detail/sensor_data__struct.hpp
[24.940s] -- Installing: /home/martin/Desktop/Stage/Projet/ws_carla_ros/install/neobotix_usboard_msgs/include/neobotix_usboard_msgs/msg/detail/sensors__builder.hpp
[24.940s] -- Installing: /home/martin/Desktop/Stage/Projet/ws_carla_ros/install/neobotix_usboard_msgs/include/neobotix_usboard_msgs/msg/detail/sensors__traits.hpp
[24.940s] -- Installing: /home/martin/Desktop/Stage/Projet/ws_carla_ros/install/neobotix_usboard_msgs/include/neobotix_usboard_msgs/msg/detail/ans_to_cmd_connect__traits.hpp
[24.940s] -- Installing: /home/martin/Desktop/Stage/Projet/ws_carla_ros/install/neobotix_usboard_msgs/include/neobotix_usboard_msgs/msg/detail/analog_in__traits.hpp
[24.940s] -- Installing: /home/martin/Desktop/Stage/Projet/ws_carla_ros/install/neobotix_usboard_msgs/include/neobotix_usboard_msgs/msg/detail/paraset__struct.hpp
[24.940s] -- Installing: /home/martin/Desktop/Stage/Projet/ws_carla_ros/install/neobotix_usboard_msgs/include/neobotix_usboard_msgs/msg/detail/sensors__struct.hpp
[24.940s] -- Installing: /home/martin/Desktop/Stage/Projet/ws_carla_ros/install/neobotix_usboard_msgs/include/neobotix_usboard_msgs/msg/detail/analog_in__builder.hpp
[24.940s] -- Installing: /home/martin/Desktop/Stage/Projet/ws_carla_ros/install/neobotix_usboard_msgs/include/neobotix_usboard_msgs/msg/detail/command__traits.hpp
[24.940s] -- Installing: /home/martin/Desktop/Stage/Projet/ws_carla_ros/install/neobotix_usboard_msgs/include/neobotix_usboard_msgs/msg/detail/sensor_data__builder.hpp
[24.940s] -- Installing: /home/martin/Desktop/Stage/Projet/ws_carla_ros/install/neobotix_usboard_msgs/include/neobotix_usboard_msgs/msg/detail/command__struct.hpp
[24.940s] -- Installing: /home/martin/Desktop/Stage/Projet/ws_carla_ros/install/neobotix_usboard_msgs/include/neobotix_usboard_msgs/msg/detail/ans_to_cmd_connect__builder.hpp
[24.940s] -- Installing: /home/martin/Desktop/Stage/Projet/ws_carla_ros/install/neobotix_usboard_msgs/include/neobotix_usboard_msgs/msg/detail/ans_write_paraset__struct.hpp
[24.940s] -- Installing: /home/martin/Desktop/Stage/Projet/ws_carla_ros/install/neobotix_usboard_msgs/include/neobotix_usboard_msgs/msg/detail/sensor_data__traits.hpp
[24.940s] -- Installing: /home/martin/Desktop/Stage/Projet/ws_carla_ros/install/neobotix_usboard_msgs/include/neobotix_usboard_msgs/msg/detail/ans_paraset_to_eeprom__builder.hpp
[24.940s] -- Installing: /home/martin/Desktop/Stage/Projet/ws_carla_ros/install/neobotix_usboard_msgs/include/neobotix_usboard_msgs/msg/detail/ans_to_cmd_connect__struct.hpp
[24.940s] -- Installing: /home/martin/Desktop/Stage/Projet/ws_carla_ros/install/neobotix_usboard_msgs/include/neobotix_usboard_msgs/msg/detail/ans_paraset_to_eeprom__struct.hpp
[24.940s] -- Installing: /home/martin/Desktop/Stage/Projet/ws_carla_ros/install/neobotix_usboard_msgs/include/neobotix_usboard_msgs/msg/detail/analog_in__struct.hpp
[24.940s] -- Installing: /home/martin/Desktop/Stage/Projet/ws_carla_ros/install/neobotix_usboard_msgs/include/neobotix_usboard_msgs/msg/detail/ans_write_paraset__traits.hpp
[24.940s] -- Up-to-date: /home/martin/Desktop/Stage/Projet/ws_carla_ros/install/neobotix_usboard_msgs/include/neobotix_usboard_msgs
[24.941s] -- Up-to-date: /home/martin/Desktop/Stage/Projet/ws_carla_ros/install/neobotix_usboard_msgs/include/neobotix_usboard_msgs/msg
[24.941s] -- Up-to-date: /home/martin/Desktop/Stage/Projet/ws_carla_ros/install/neobotix_usboard_msgs/include/neobotix_usboard_msgs/msg/detail
[24.941s] -- Installing: /home/martin/Desktop/Stage/Projet/ws_carla_ros/install/neobotix_usboard_msgs/include/neobotix_usboard_msgs/msg/detail/sensors__type_support.cpp
[24.941s] -- Installing: /home/martin/Desktop/Stage/Projet/ws_carla_ros/install/neobotix_usboard_msgs/include/neobotix_usboard_msgs/msg/detail/ans_to_cmd_connect__type_support.cpp
[24.941s] -- Installing: /home/martin/Desktop/Stage/Projet/ws_carla_ros/install/neobotix_usboard_msgs/include/neobotix_usboard_msgs/msg/detail/ans_paraset_to_eeprom__rosidl_typesupport_introspection_cpp.hpp
[24.941s] -- Installing: /home/martin/Desktop/Stage/Projet/ws_carla_ros/install/neobotix_usboard_msgs/include/neobotix_usboard_msgs/msg/detail/paraset__type_support.cpp
[24.941s] -- Installing: /home/martin/Desktop/Stage/Projet/ws_carla_ros/install/neobotix_usboard_msgs/include/neobotix_usboard_msgs/msg/detail/paraset__rosidl_typesupport_introspection_cpp.hpp
[24.941s] -- Installing: /home/martin/Desktop/Stage/Projet/ws_carla_ros/install/neobotix_usboard_msgs/include/neobotix_usboard_msgs/msg/detail/analog_in__rosidl_typesupport_introspection_cpp.hpp
[24.941s] -- Installing: /home/martin/Desktop/Stage/Projet/ws_carla_ros/install/neobotix_usboard_msgs/include/neobotix_usboard_msgs/msg/detail/ans_write_paraset__rosidl_typesupport_introspection_cpp.hpp
[24.941s] -- Installing: /home/martin/Desktop/Stage/Projet/ws_carla_ros/install/neobotix_usboard_msgs/include/neobotix_usboard_msgs/msg/detail/command__type_support.cpp
[24.941s] -- Installing: /home/martin/Desktop/Stage/Projet/ws_carla_ros/install/neobotix_usboard_msgs/include/neobotix_usboard_msgs/msg/detail/sensor_data__type_support.cpp
[24.941s] -- Installing: /home/martin/Desktop/Stage/Projet/ws_carla_ros/install/neobotix_usboard_msgs/include/neobotix_usboard_msgs/msg/detail/analog_in__type_support.cpp
[24.941s] -- Installing: /home/martin/Desktop/Stage/Projet/ws_carla_ros/install/neobotix_usboard_msgs/include/neobotix_usboard_msgs/msg/detail/ans_write_paraset__type_support.cpp
[24.941s] -- Installing: /home/martin/Desktop/Stage/Projet/ws_carla_ros/install/neobotix_usboard_msgs/include/neobotix_usboard_msgs/msg/detail/command__rosidl_typesupport_introspection_cpp.hpp
[24.942s] -- Installing: /home/martin/Desktop/Stage/Projet/ws_carla_ros/install/neobotix_usboard_msgs/include/neobotix_usboard_msgs/msg/detail/ans_paraset_to_eeprom__type_support.cpp
[24.942s] -- Installing: /home/martin/Desktop/Stage/Projet/ws_carla_ros/install/neobotix_usboard_msgs/include/neobotix_usboard_msgs/msg/detail/sensor_data__rosidl_typesupport_introspection_cpp.hpp
[24.942s] -- Installing: /home/martin/Desktop/Stage/Projet/ws_carla_ros/install/neobotix_usboard_msgs/include/neobotix_usboard_msgs/msg/detail/ans_to_cmd_connect__rosidl_typesupport_introspection_cpp.hpp
[24.942s] -- Installing: /home/martin/Desktop/Stage/Projet/ws_carla_ros/install/neobotix_usboard_msgs/include/neobotix_usboard_msgs/msg/detail/sensors__rosidl_typesupport_introspection_cpp.hpp
[24.942s] -- Installing: /home/martin/Desktop/Stage/Projet/ws_carla_ros/install/neobotix_usboard_msgs/lib/libneobotix_usboard_msgs__rosidl_typesupport_introspection_cpp.so
[24.942s] -- Set runtime path of "/home/martin/Desktop/Stage/Projet/ws_carla_ros/install/neobotix_usboard_msgs/lib/libneobotix_usboard_msgs__rosidl_typesupport_introspection_cpp.so" to ""
[24.942s] -- Installing: /home/martin/Desktop/Stage/Projet/ws_carla_ros/install/neobotix_usboard_msgs/lib/libneobotix_usboard_msgs__rosidl_typesupport_cpp.so
[24.942s] -- Set runtime path of "/home/martin/Desktop/Stage/Projet/ws_carla_ros/install/neobotix_usboard_msgs/lib/libneobotix_usboard_msgs__rosidl_typesupport_cpp.so" to ""
[24.942s] -- Installing: /home/martin/Desktop/Stage/Projet/ws_carla_ros/install/neobotix_usboard_msgs/share/neobotix_usboard_msgs/environment/pythonpath.sh
[24.942s] -- Installing: /home/martin/Desktop/Stage/Projet/ws_carla_ros/install/neobotix_usboard_msgs/share/neobotix_usboard_msgs/environment/pythonpath.dsv
[24.942s] -- Installing: /home/martin/Desktop/Stage/Projet/ws_carla_ros/install/neobotix_usboard_msgs/lib/python3.8/site-packages/neobotix_usboard_msgs/__init__.py
[24.975s] Compiling '/home/martin/Desktop/Stage/Projet/ws_carla_ros/install/neobotix_usboard_msgs/lib/python3.8/site-packages/neobotix_usboard_msgs/__init__.py'...
[24.979s] -- Installing: /home/martin/Desktop/Stage/Projet/ws_carla_ros/install/neobotix_usboard_msgs/lib/python3.8/site-packages/neobotix_usboard_msgs/msg
[24.979s] -- Installing: /home/martin/Desktop/Stage/Projet/ws_carla_ros/install/neobotix_usboard_msgs/lib/python3.8/site-packages/neobotix_usboard_msgs/msg/_command.py
[24.979s] -- Installing: /home/martin/Desktop/Stage/Projet/ws_carla_ros/install/neobotix_usboard_msgs/lib/python3.8/site-packages/neobotix_usboard_msgs/msg/_ans_paraset_to_eeprom_s.c
[24.979s] -- Installing: /home/martin/Desktop/Stage/Projet/ws_carla_ros/install/neobotix_usboard_msgs/lib/python3.8/site-packages/neobotix_usboard_msgs/msg/_command_s.c
[24.979s] -- Installing: /home/martin/Desktop/Stage/Projet/ws_carla_ros/install/neobotix_usboard_msgs/lib/python3.8/site-packages/neobotix_usboard_msgs/msg/_ans_paraset_to_eeprom.py
[24.979s] -- Installing: /home/martin/Desktop/Stage/Projet/ws_carla_ros/install/neobotix_usboard_msgs/lib/python3.8/site-packages/neobotix_usboard_msgs/msg/_analog_in_s.c
[24.979s] -- Installing: /home/martin/Desktop/Stage/Projet/ws_carla_ros/install/neobotix_usboard_msgs/lib/python3.8/site-packages/neobotix_usboard_msgs/msg/_ans_to_cmd_connect.py
[24.979s] -- Installing: /home/martin/Desktop/Stage/Projet/ws_carla_ros/install/neobotix_usboard_msgs/lib/python3.8/site-packages/neobotix_usboard_msgs/msg/_ans_write_paraset.py
[24.979s] -- Installing: /home/martin/Desktop/Stage/Projet/ws_carla_ros/install/neobotix_usboard_msgs/lib/python3.8/site-packages/neobotix_usboard_msgs/msg/_sensors.py
[24.979s] -- Installing: /home/martin/Desktop/Stage/Projet/ws_carla_ros/install/neobotix_usboard_msgs/lib/python3.8/site-packages/neobotix_usboard_msgs/msg/_ans_to_cmd_connect_s.c
[24.979s] -- Installing: /home/martin/Desktop/Stage/Projet/ws_carla_ros/install/neobotix_usboard_msgs/lib/python3.8/site-packages/neobotix_usboard_msgs/msg/_sensor_data_s.c
[24.980s] -- Installing: /home/martin/Desktop/Stage/Projet/ws_carla_ros/install/neobotix_usboard_msgs/lib/python3.8/site-packages/neobotix_usboard_msgs/msg/_paraset.py
[24.980s] -- Installing: /home/martin/Desktop/Stage/Projet/ws_carla_ros/install/neobotix_usboard_msgs/lib/python3.8/site-packages/neobotix_usboard_msgs/msg/__init__.py
[24.980s] -- Installing: /home/martin/Desktop/Stage/Projet/ws_carla_ros/install/neobotix_usboard_msgs/lib/python3.8/site-packages/neobotix_usboard_msgs/msg/_analog_in.py
[24.980s] -- Installing: /home/martin/Desktop/Stage/Projet/ws_carla_ros/install/neobotix_usboard_msgs/lib/python3.8/site-packages/neobotix_usboard_msgs/msg/_sensor_data.py
[24.980s] -- Installing: /home/martin/Desktop/Stage/Projet/ws_carla_ros/install/neobotix_usboard_msgs/lib/python3.8/site-packages/neobotix_usboard_msgs/msg/_paraset_s.c
[24.980s] -- Installing: /home/martin/Desktop/Stage/Projet/ws_carla_ros/install/neobotix_usboard_msgs/lib/python3.8/site-packages/neobotix_usboard_msgs/msg/_sensors_s.c
[24.980s] -- Installing: /home/martin/Desktop/Stage/Projet/ws_carla_ros/install/neobotix_usboard_msgs/lib/python3.8/site-packages/neobotix_usboard_msgs/msg/_ans_write_paraset_s.c
[24.980s] -- Installing: /home/martin/Desktop/Stage/Projet/ws_carla_ros/install/neobotix_usboard_msgs/lib/python3.8/site-packages/neobotix_usboard_msgs/neobotix_usboard_msgs_s__rosidl_typesupport_fastrtps_c.cpython-38-x86_64-linux-gnu.so
[24.981s] -- Set runtime path of "/home/martin/Desktop/Stage/Projet/ws_carla_ros/install/neobotix_usboard_msgs/lib/python3.8/site-packages/neobotix_usboard_msgs/neobotix_usboard_msgs_s__rosidl_typesupport_fastrtps_c.cpython-38-x86_64-linux-gnu.so" to ""
[24.981s] -- Installing: /home/martin/Desktop/Stage/Projet/ws_carla_ros/install/neobotix_usboard_msgs/lib/python3.8/site-packages/neobotix_usboard_msgs/neobotix_usboard_msgs_s__rosidl_typesupport_introspection_c.cpython-38-x86_64-linux-gnu.so
[24.981s] -- Set runtime path of "/home/martin/Desktop/Stage/Projet/ws_carla_ros/install/neobotix_usboard_msgs/lib/python3.8/site-packages/neobotix_usboard_msgs/neobotix_usboard_msgs_s__rosidl_typesupport_introspection_c.cpython-38-x86_64-linux-gnu.so" to ""
[24.982s] -- Installing: /home/martin/Desktop/Stage/Projet/ws_carla_ros/install/neobotix_usboard_msgs/lib/python3.8/site-packages/neobotix_usboard_msgs/neobotix_usboard_msgs_s__rosidl_typesupport_c.cpython-38-x86_64-linux-gnu.so
[24.982s] -- Set runtime path of "/home/martin/Desktop/Stage/Projet/ws_carla_ros/install/neobotix_usboard_msgs/lib/python3.8/site-packages/neobotix_usboard_msgs/neobotix_usboard_msgs_s__rosidl_typesupport_c.cpython-38-x86_64-linux-gnu.so" to ""
[24.982s] -- Installing: /home/martin/Desktop/Stage/Projet/ws_carla_ros/install/neobotix_usboard_msgs/lib/libneobotix_usboard_msgs__python.so
[24.982s] -- Set runtime path of "/home/martin/Desktop/Stage/Projet/ws_carla_ros/install/neobotix_usboard_msgs/lib/libneobotix_usboard_msgs__python.so" to ""
[24.983s] -- Installing: /home/martin/Desktop/Stage/Projet/ws_carla_ros/install/neobotix_usboard_msgs/share/neobotix_usboard_msgs/msg/AnalogIn.idl
[24.983s] -- Installing: /home/martin/Desktop/Stage/Projet/ws_carla_ros/install/neobotix_usboard_msgs/share/neobotix_usboard_msgs/msg/AnsParasetToEEPROM.idl
[24.983s] -- Installing: /home/martin/Desktop/Stage/Projet/ws_carla_ros/install/neobotix_usboard_msgs/share/neobotix_usboard_msgs/msg/AnsToCmdConnect.idl
[24.983s] -- Installing: /home/martin/Desktop/Stage/Projet/ws_carla_ros/install/neobotix_usboard_msgs/share/neobotix_usboard_msgs/msg/AnsWriteParaset.idl
[24.983s] -- Installing: /home/martin/Desktop/Stage/Projet/ws_carla_ros/install/neobotix_usboard_msgs/share/neobotix_usboard_msgs/msg/Command.idl
[24.983s] -- Installing: /home/martin/Desktop/Stage/Projet/ws_carla_ros/install/neobotix_usboard_msgs/share/neobotix_usboard_msgs/msg/SensorData.idl
[24.983s] -- Installing: /home/martin/Desktop/Stage/Projet/ws_carla_ros/install/neobotix_usboard_msgs/share/neobotix_usboard_msgs/msg/Sensors.idl
[24.984s] -- Installing: /home/martin/Desktop/Stage/Projet/ws_carla_ros/install/neobotix_usboard_msgs/share/neobotix_usboard_msgs/msg/Paraset.idl
[24.984s] -- Installing: /home/martin/Desktop/Stage/Projet/ws_carla_ros/install/neobotix_usboard_msgs/share/neobotix_usboard_msgs/msg/AnalogIn.msg
[24.984s] -- Installing: /home/martin/Desktop/Stage/Projet/ws_carla_ros/install/neobotix_usboard_msgs/share/neobotix_usboard_msgs/msg/AnsParasetToEEPROM.msg
[24.984s] -- Installing: /home/martin/Desktop/Stage/Projet/ws_carla_ros/install/neobotix_usboard_msgs/share/neobotix_usboard_msgs/msg/AnsToCmdConnect.msg
[24.984s] -- Installing: /home/martin/Desktop/Stage/Projet/ws_carla_ros/install/neobotix_usboard_msgs/share/neobotix_usboard_msgs/msg/AnsWriteParaset.msg
[24.984s] -- Installing: /home/martin/Desktop/Stage/Projet/ws_carla_ros/install/neobotix_usboard_msgs/share/neobotix_usboard_msgs/msg/Command.msg
[24.984s] -- Installing: /home/martin/Desktop/Stage/Projet/ws_carla_ros/install/neobotix_usboard_msgs/share/neobotix_usboard_msgs/msg/SensorData.msg
[24.984s] -- Installing: /home/martin/Desktop/Stage/Projet/ws_carla_ros/install/neobotix_usboard_msgs/share/neobotix_usboard_msgs/msg/Sensors.msg
[24.984s] -- Installing: /home/martin/Desktop/Stage/Projet/ws_carla_ros/install/neobotix_usboard_msgs/share/neobotix_usboard_msgs/msg/Paraset.msg
[24.984s] -- Installing: /home/martin/Desktop/Stage/Projet/ws_carla_ros/install/neobotix_usboard_msgs/share/ament_index/resource_index/package_run_dependencies/neobotix_usboard_msgs
[24.984s] -- Installing: /home/martin/Desktop/Stage/Projet/ws_carla_ros/install/neobotix_usboard_msgs/share/ament_index/resource_index/parent_prefix_path/neobotix_usboard_msgs
[24.985s] -- Installing: /home/martin/Desktop/Stage/Projet/ws_carla_ros/install/neobotix_usboard_msgs/share/neobotix_usboard_msgs/environment/ament_prefix_path.sh
[24.985s] -- Installing: /home/martin/Desktop/Stage/Projet/ws_carla_ros/install/neobotix_usboard_msgs/share/neobotix_usboard_msgs/environment/ament_prefix_path.dsv
[24.985s] -- Installing: /home/martin/Desktop/Stage/Projet/ws_carla_ros/install/neobotix_usboard_msgs/share/neobotix_usboard_msgs/environment/path.sh
[24.985s] -- Installing: /home/martin/Desktop/Stage/Projet/ws_carla_ros/install/neobotix_usboard_msgs/share/neobotix_usboard_msgs/environment/path.dsv
[24.985s] -- Installing: /home/martin/Desktop/Stage/Projet/ws_carla_ros/install/neobotix_usboard_msgs/share/neobotix_usboard_msgs/local_setup.bash
[24.985s] -- Installing: /home/martin/Desktop/Stage/Projet/ws_carla_ros/install/neobotix_usboard_msgs/share/neobotix_usboard_msgs/local_setup.sh
[24.985s] -- Installing: /home/martin/Desktop/Stage/Projet/ws_carla_ros/install/neobotix_usboard_msgs/share/neobotix_usboard_msgs/local_setup.zsh
[24.985s] -- Installing: /home/martin/Desktop/Stage/Projet/ws_carla_ros/install/neobotix_usboard_msgs/share/neobotix_usboard_msgs/local_setup.dsv
[24.985s] -- Installing: /home/martin/Desktop/Stage/Projet/ws_carla_ros/install/neobotix_usboard_msgs/share/neobotix_usboard_msgs/package.dsv
[24.985s] -- Installing: /home/martin/Desktop/Stage/Projet/ws_carla_ros/install/neobotix_usboard_msgs/share/ament_index/resource_index/packages/neobotix_usboard_msgs
[24.986s] -- Installing: /home/martin/Desktop/Stage/Projet/ws_carla_ros/install/neobotix_usboard_msgs/share/neobotix_usboard_msgs/cmake/neobotix_usboard_msgs__rosidl_generator_cExport.cmake
[24.986s] -- Installing: /home/martin/Desktop/Stage/Projet/ws_carla_ros/install/neobotix_usboard_msgs/share/neobotix_usboard_msgs/cmake/neobotix_usboard_msgs__rosidl_generator_cExport-noconfig.cmake
[24.986s] -- Installing: /home/martin/Desktop/Stage/Projet/ws_carla_ros/install/neobotix_usboard_msgs/share/neobotix_usboard_msgs/cmake/neobotix_usboard_msgs__rosidl_typesupport_introspection_cExport.cmake
[24.986s] -- Installing: /home/martin/Desktop/Stage/Projet/ws_carla_ros/install/neobotix_usboard_msgs/share/neobotix_usboard_msgs/cmake/neobotix_usboard_msgs__rosidl_typesupport_introspection_cExport-noconfig.cmake
[24.986s] -- Installing: /home/martin/Desktop/Stage/Projet/ws_carla_ros/install/neobotix_usboard_msgs/share/neobotix_usboard_msgs/cmake/neobotix_usboard_msgs__rosidl_typesupport_cExport.cmake
[24.986s] -- Installing: /home/martin/Desktop/Stage/Projet/ws_carla_ros/install/neobotix_usboard_msgs/share/neobotix_usboard_msgs/cmake/neobotix_usboard_msgs__rosidl_typesupport_cExport-noconfig.cmake
[24.986s] -- Installing: /home/martin/Desktop/Stage/Projet/ws_carla_ros/install/neobotix_usboard_msgs/share/neobotix_usboard_msgs/cmake/neobotix_usboard_msgs__rosidl_generator_cppExport.cmake
[24.987s] -- Installing: /home/martin/Desktop/Stage/Projet/ws_carla_ros/install/neobotix_usboard_msgs/share/neobotix_usboard_msgs/cmake/neobotix_usboard_msgs__rosidl_typesupport_introspection_cppExport.cmake
[24.987s] -- Installing: /home/martin/Desktop/Stage/Projet/ws_carla_ros/install/neobotix_usboard_msgs/share/neobotix_usboard_msgs/cmake/neobotix_usboard_msgs__rosidl_typesupport_introspection_cppExport-noconfig.cmake
[24.987s] -- Installing: /home/martin/Desktop/Stage/Projet/ws_carla_ros/install/neobotix_usboard_msgs/share/neobotix_usboard_msgs/cmake/neobotix_usboard_msgs__rosidl_typesupport_cppExport.cmake
[24.987s] -- Installing: /home/martin/Desktop/Stage/Projet/ws_carla_ros/install/neobotix_usboard_msgs/share/neobotix_usboard_msgs/cmake/neobotix_usboard_msgs__rosidl_typesupport_cppExport-noconfig.cmake
[24.987s] -- Installing: /home/martin/Desktop/Stage/Projet/ws_carla_ros/install/neobotix_usboard_msgs/share/neobotix_usboard_msgs/cmake/rosidl_cmake-extras.cmake
[24.987s] -- Installing: /home/martin/Desktop/Stage/Projet/ws_carla_ros/install/neobotix_usboard_msgs/share/neobotix_usboard_msgs/cmake/ament_cmake_export_dependencies-extras.cmake
[24.987s] -- Installing: /home/martin/Desktop/Stage/Projet/ws_carla_ros/install/neobotix_usboard_msgs/share/neobotix_usboard_msgs/cmake/ament_cmake_export_libraries-extras.cmake
[24.987s] -- Installing: /home/martin/Desktop/Stage/Projet/ws_carla_ros/install/neobotix_usboard_msgs/share/neobotix_usboard_msgs/cmake/ament_cmake_export_targets-extras.cmake
[24.987s] -- Installing: /home/martin/Desktop/Stage/Projet/ws_carla_ros/install/neobotix_usboard_msgs/share/neobotix_usboard_msgs/cmake/ament_cmake_export_include_directories-extras.cmake
[24.988s] -- Installing: /home/martin/Desktop/Stage/Projet/ws_carla_ros/install/neobotix_usboard_msgs/share/neobotix_usboard_msgs/cmake/rosidl_cmake_export_typesupport_libraries-extras.cmake
[24.988s] -- Installing: /home/martin/Desktop/Stage/Projet/ws_carla_ros/install/neobotix_usboard_msgs/share/neobotix_usboard_msgs/cmake/rosidl_cmake_export_typesupport_targets-extras.cmake
[24.988s] -- Installing: /home/martin/Desktop/Stage/Projet/ws_carla_ros/install/neobotix_usboard_msgs/share/neobotix_usboard_msgs/cmake/neobotix_usboard_msgsConfig.cmake
[24.988s] -- Installing: /home/martin/Desktop/Stage/Projet/ws_carla_ros/install/neobotix_usboard_msgs/share/neobotix_usboard_msgs/cmake/neobotix_usboard_msgsConfig-version.cmake
[24.988s] -- Installing: /home/martin/Desktop/Stage/Projet/ws_carla_ros/install/neobotix_usboard_msgs/share/neobotix_usboard_msgs/package.xml
[24.992s] Invoked command in '/home/martin/Desktop/Stage/Projet/ws_carla_ros/build/neobotix_usboard_msgs' returned '0': CMAKE_PREFIX_PATH=${CMAKE_PREFIX_PATH}:/home/martin/Desktop/Stage/Projet/ws_carla_ros/install/rqt_carla_control:/home/martin/Desktop/Stage/Projet/ws_carla_ros/install/carla_waypoint_publisher:/home/martin/Desktop/Stage/Projet/ws_carla_ros/install/carla_ackermann_control:/home/martin/Desktop/Stage/Projet/ws_carla_ros/install/carla_ros_bridge:/home/martin/Desktop/Stage/Projet/ws_carla_ros/install/carla_spawn_objects:/home/martin/Desktop/Stage/Projet/ws_carla_ros/install/carla_manual_control:/home/martin/Desktop/Stage/Projet/ws_carla_ros/install/carla_ad_agent:/home/martin/Desktop/Stage/Projet/ws_carla_ros/install/ros_compatibility:/home/martin/Desktop/Stage/Projet/ws_carla_ros/install/carla_walker_agent:/home/martin/Desktop/Stage/Projet/ws_carla_ros/install/carla_twist_to_control:/home/martin/Desktop/Stage/Projet/ws_carla_ros/install/carla_ros_scenario_runner:/home/martin/Desktop/Stage/Projet/ws_carla_ros/install/carla_map_visualization:/home/martin/Desktop/Stage/Projet/ws_carla_ros/install/carla_interface:/home/martin/Desktop/Stage/Projet/ws_carla_ros/install/carla_control_display:/home/martin/Desktop/Stage/Projet/ws_carla_ros/install/carla_common:/opt/ros/galactic /usr/bin/cmake --install /home/martin/Desktop/Stage/Projet/ws_carla_ros/build/neobotix_usboard_msgs
