-- The C compiler identification is GNU 9.4.0
-- The CXX compiler identification is GNU 9.4.0
-- Check for working C compiler: /usr/bin/cc
-- Check for working C compiler: /usr/bin/cc -- works
-- Detecting C compiler ABI info
-- Detecting C compiler ABI info - done
-- Detecting C compile features
-- Detecting C compile features - done
-- Check for working CXX compiler: /usr/bin/c++
-- Check for working CXX compiler: /usr/bin/c++ -- works
-- Detecting CXX compiler ABI info
-- Detecting CXX compiler ABI info - done
-- Detecting CXX compile features
-- Detecting CXX compile features - done
-- Found ament_cmake: 1.1.6 (/opt/ros/galactic/share/ament_cmake/cmake)
-- Found PythonInterp: /usr/bin/python3 (found suitable version "3.8.10", minimum required is "3") 
-- Using PYTHON_EXECUTABLE: /usr/bin/python3
-- Found rosidl_default_generators: 1.1.1 (/opt/ros/galactic/share/rosidl_default_generators/cmake)
-- Using all available rosidl_typesupport_c: rosidl_typesupport_fastrtps_c;rosidl_typesupport_introspection_c
-- Found rosidl_adapter: 2.2.3 (/opt/ros/galactic/share/rosidl_adapter/cmake)
-- Found OpenSSL: /usr/lib/x86_64-linux-gnu/libcrypto.so (found version "1.1.1f")  
-- Found FastRTPS: /opt/ros/galactic/include  
-- Using all available rosidl_typesupport_cpp: rosidl_typesupport_fastrtps_cpp;rosidl_typesupport_introspection_cpp
-- Found std_msgs: 2.2.4 (/opt/ros/galactic/share/std_msgs/cmake)
-- Found PythonInterp: /usr/bin/python3 (found version "3.8.10") 
-- Found ament_cmake_ros: 0.9.2 (/opt/ros/galactic/share/ament_cmake_ros/cmake)
-- Using all available rosidl_typesupport_c: rosidl_typesupport_fastrtps_c;rosidl_typesupport_introspection_c
-- Using all available rosidl_typesupport_cpp: rosidl_typesupport_fastrtps_cpp;rosidl_typesupport_introspection_cpp
-- Found PythonInterp: /usr/bin/python3 (found suitable version "3.8.10", minimum required is "3.5") 
-- Found python_cmake_module: 0.8.1 (/opt/ros/galactic/share/python_cmake_module/cmake)
-- Found PythonLibs: /usr/lib/x86_64-linux-gnu/libpython3.8.so (found suitable version "3.8.10", minimum required is "3.5") 
-- Using PYTHON_EXECUTABLE: /usr/bin/python3
-- Using PYTHON_INCLUDE_DIRS: /usr/include/python3.8
-- Using PYTHON_LIBRARIES: /usr/lib/x86_64-linux-gnu/libpython3.8.so
-- Found PythonExtra: .so  
-- Configuring done
-- Generating done
-- Build files have been written to: /home/martin/Desktop/Stage/Projet/ws_carla_ros/build/rviz_2d_overlay_msgs
[35m[1mScanning dependencies of target rviz_2d_overlay_msgs__cpp[0m
[  3%] [34m[1mGenerating C code for ROS interfaces[0m
[  6%] [34m[1mGenerating C++ code for ROS interfaces[0m
[35m[1mScanning dependencies of target rviz_2d_overlay_msgs__rosidl_generator_c[0m
[  6%] Built target rviz_2d_overlay_msgs__cpp
[  9%] [34m[1mGenerating C++ introspection for ROS interfaces[0m
[ 12%] [34m[1mGenerating C++ type support for eProsima Fast-RTPS[0m
[ 16%] [32mBuilding C object CMakeFiles/rviz_2d_overlay_msgs__rosidl_generator_c.dir/rosidl_generator_c/rviz_2d_overlay_msgs/msg/detail/overlay_text__functions.c.o[0m
[ 19%] [34m[1mGenerating C++ type support dispatch for ROS interfaces[0m
[ 22%] [32m[1mLinking C shared library librviz_2d_overlay_msgs__rosidl_generator_c.so[0m
[ 22%] Built target rviz_2d_overlay_msgs__rosidl_generator_c
[ 25%] [34m[1mGenerating C introspection for ROS interfaces[0m
[ 29%] [34m[1mGenerating C type support dispatch for ROS interfaces[0m
[35m[1mScanning dependencies of target rviz_2d_overlay_msgs__rosidl_typesupport_fastrtps_cpp[0m
[ 32%] [32mBuilding CXX object CMakeFiles/rviz_2d_overlay_msgs__rosidl_typesupport_fastrtps_cpp.dir/rosidl_typesupport_fastrtps_cpp/rviz_2d_overlay_msgs/msg/detail/dds_fastrtps/overlay_text__type_support.cpp.o[0m
[35m[1mScanning dependencies of target rviz_2d_overlay_msgs__rosidl_typesupport_introspection_cpp[0m
[ 35%] [32mBuilding CXX object CMakeFiles/rviz_2d_overlay_msgs__rosidl_typesupport_introspection_cpp.dir/rosidl_typesupport_introspection_cpp/rviz_2d_overlay_msgs/msg/detail/overlay_text__type_support.cpp.o[0m
[35m[1mScanning dependencies of target rviz_2d_overlay_msgs__rosidl_typesupport_cpp[0m
[ 38%] [32mBuilding CXX object CMakeFiles/rviz_2d_overlay_msgs__rosidl_typesupport_cpp.dir/rosidl_typesupport_cpp/rviz_2d_overlay_msgs/msg/overlay_text__type_support.cpp.o[0m
[35m[1mScanning dependencies of target rviz_2d_overlay_msgs__rosidl_typesupport_c[0m
[ 41%] [32mBuilding CXX object CMakeFiles/rviz_2d_overlay_msgs__rosidl_typesupport_c.dir/rosidl_typesupport_c/rviz_2d_overlay_msgs/msg/overlay_text__type_support.cpp.o[0m
[ 45%] [32m[1mLinking CXX shared library librviz_2d_overlay_msgs__rosidl_typesupport_c.so[0m
[35m[1mScanning dependencies of target rviz_2d_overlay_msgs__rosidl_typesupport_introspection_c[0m
[ 48%] [32mBuilding C object CMakeFiles/rviz_2d_overlay_msgs__rosidl_typesupport_introspection_c.dir/rosidl_typesupport_introspection_c/rviz_2d_overlay_msgs/msg/detail/overlay_text__type_support.c.o[0m
[ 51%] [32m[1mLinking CXX shared library librviz_2d_overlay_msgs__rosidl_typesupport_introspection_cpp.so[0m
[ 51%] Built target rviz_2d_overlay_msgs__rosidl_typesupport_c
[ 54%] [32m[1mLinking C shared library librviz_2d_overlay_msgs__rosidl_typesupport_introspection_c.so[0m
[ 58%] [32m[1mLinking CXX shared library librviz_2d_overlay_msgs__rosidl_typesupport_cpp.so[0m
[ 58%] Built target rviz_2d_overlay_msgs__rosidl_typesupport_introspection_cpp
[ 58%] Built target rviz_2d_overlay_msgs__rosidl_typesupport_introspection_c
[ 58%] Built target rviz_2d_overlay_msgs__rosidl_typesupport_cpp
[ 61%] [32m[1mLinking CXX shared library librviz_2d_overlay_msgs__rosidl_typesupport_fastrtps_cpp.so[0m
[ 61%] Built target rviz_2d_overlay_msgs__rosidl_typesupport_fastrtps_cpp
[ 64%] [34m[1mGenerating C type support for eProsima Fast-RTPS[0m
[35m[1mScanning dependencies of target rviz_2d_overlay_msgs__rosidl_typesupport_fastrtps_c[0m
[ 67%] [32mBuilding CXX object CMakeFiles/rviz_2d_overlay_msgs__rosidl_typesupport_fastrtps_c.dir/rosidl_typesupport_fastrtps_c/rviz_2d_overlay_msgs/msg/detail/overlay_text__type_support_c.cpp.o[0m
[ 70%] [32m[1mLinking CXX shared library librviz_2d_overlay_msgs__rosidl_typesupport_fastrtps_c.so[0m
[ 70%] Built target rviz_2d_overlay_msgs__rosidl_typesupport_fastrtps_c
[35m[1mScanning dependencies of target rviz_2d_overlay_msgs[0m
[ 70%] Built target rviz_2d_overlay_msgs
[35m[1mScanning dependencies of target rviz_2d_overlay_msgs__py[0m
[ 74%] [34m[1mGenerating Python code for ROS interfaces[0m
[ 74%] Built target rviz_2d_overlay_msgs__py
[35m[1mScanning dependencies of target rviz_2d_overlay_msgs__python[0m
[ 77%] [32mBuilding C object CMakeFiles/rviz_2d_overlay_msgs__python.dir/rosidl_generator_py/rviz_2d_overlay_msgs/msg/_overlay_text_s.c.o[0m
[ 80%] [32m[1mLinking C shared library rosidl_generator_py/rviz_2d_overlay_msgs/librviz_2d_overlay_msgs__python.so[0m
[ 80%] Built target rviz_2d_overlay_msgs__python
[35m[1mScanning dependencies of target rviz_2d_overlay_msgs__rosidl_typesupport_c__pyext[0m
[35m[1mScanning dependencies of target rviz_2d_overlay_msgs__rosidl_typesupport_introspection_c__pyext[0m
[35m[1mScanning dependencies of target rviz_2d_overlay_msgs__rosidl_typesupport_fastrtps_c__pyext[0m
[ 83%] [32mBuilding C object CMakeFiles/rviz_2d_overlay_msgs__rosidl_typesupport_c__pyext.dir/rosidl_generator_py/rviz_2d_overlay_msgs/_rviz_2d_overlay_msgs_s.ep.rosidl_typesupport_c.c.o[0m
[ 87%] [32mBuilding C object CMakeFiles/rviz_2d_overlay_msgs__rosidl_typesupport_introspection_c__pyext.dir/rosidl_generator_py/rviz_2d_overlay_msgs/_rviz_2d_overlay_msgs_s.ep.rosidl_typesupport_introspection_c.c.o[0m
[ 90%] [32mBuilding C object CMakeFiles/rviz_2d_overlay_msgs__rosidl_typesupport_fastrtps_c__pyext.dir/rosidl_generator_py/rviz_2d_overlay_msgs/_rviz_2d_overlay_msgs_s.ep.rosidl_typesupport_fastrtps_c.c.o[0m
[ 93%] [32m[1mLinking C shared library rosidl_generator_py/rviz_2d_overlay_msgs/rviz_2d_overlay_msgs_s__rosidl_typesupport_introspection_c.cpython-38-x86_64-linux-gnu.so[0m
[ 96%] [32m[1mLinking C shared library rosidl_generator_py/rviz_2d_overlay_msgs/rviz_2d_overlay_msgs_s__rosidl_typesupport_c.cpython-38-x86_64-linux-gnu.so[0m
[ 96%] Built target rviz_2d_overlay_msgs__rosidl_typesupport_introspection_c__pyext
[100%] [32m[1mLinking CXX shared library rosidl_generator_py/rviz_2d_overlay_msgs/rviz_2d_overlay_msgs_s__rosidl_typesupport_fastrtps_c.cpython-38-x86_64-linux-gnu.so[0m
[100%] Built target rviz_2d_overlay_msgs__rosidl_typesupport_c__pyext
[100%] Built target rviz_2d_overlay_msgs__rosidl_typesupport_fastrtps_c__pyext
-- Install configuration: ""
-- Installing: /home/martin/Desktop/Stage/Projet/ws_carla_ros/install/rviz_2d_overlay_msgs/share/ament_index/resource_index/rosidl_interfaces/rviz_2d_overlay_msgs
-- Installing: /home/martin/Desktop/Stage/Projet/ws_carla_ros/install/rviz_2d_overlay_msgs/include/rviz_2d_overlay_msgs
-- Installing: /home/martin/Desktop/Stage/Projet/ws_carla_ros/install/rviz_2d_overlay_msgs/include/rviz_2d_overlay_msgs/msg
-- Installing: /home/martin/Desktop/Stage/Projet/ws_carla_ros/install/rviz_2d_overlay_msgs/include/rviz_2d_overlay_msgs/msg/rosidl_generator_c__visibility_control.h
-- Installing: /home/martin/Desktop/Stage/Projet/ws_carla_ros/install/rviz_2d_overlay_msgs/include/rviz_2d_overlay_msgs/msg/detail
-- Installing: /home/martin/Desktop/Stage/Projet/ws_carla_ros/install/rviz_2d_overlay_msgs/include/rviz_2d_overlay_msgs/msg/detail/overlay_text__type_support.h
-- Installing: /home/martin/Desktop/Stage/Projet/ws_carla_ros/install/rviz_2d_overlay_msgs/include/rviz_2d_overlay_msgs/msg/detail/overlay_text__struct.h
-- Installing: /home/martin/Desktop/Stage/Projet/ws_carla_ros/install/rviz_2d_overlay_msgs/include/rviz_2d_overlay_msgs/msg/detail/overlay_text__functions.h
-- Installing: /home/martin/Desktop/Stage/Projet/ws_carla_ros/install/rviz_2d_overlay_msgs/include/rviz_2d_overlay_msgs/msg/detail/overlay_text__functions.c
-- Installing: /home/martin/Desktop/Stage/Projet/ws_carla_ros/install/rviz_2d_overlay_msgs/include/rviz_2d_overlay_msgs/msg/overlay_text.h
-- Installing: /home/martin/Desktop/Stage/Projet/ws_carla_ros/install/rviz_2d_overlay_msgs/share/rviz_2d_overlay_msgs/environment/library_path.sh
-- Installing: /home/martin/Desktop/Stage/Projet/ws_carla_ros/install/rviz_2d_overlay_msgs/share/rviz_2d_overlay_msgs/environment/library_path.dsv
-- Installing: /home/martin/Desktop/Stage/Projet/ws_carla_ros/install/rviz_2d_overlay_msgs/lib/librviz_2d_overlay_msgs__rosidl_generator_c.so
-- Set runtime path of "/home/martin/Desktop/Stage/Projet/ws_carla_ros/install/rviz_2d_overlay_msgs/lib/librviz_2d_overlay_msgs__rosidl_generator_c.so" to ""
-- Up-to-date: /home/martin/Desktop/Stage/Projet/ws_carla_ros/install/rviz_2d_overlay_msgs/include/rviz_2d_overlay_msgs
-- Up-to-date: /home/martin/Desktop/Stage/Projet/ws_carla_ros/install/rviz_2d_overlay_msgs/include/rviz_2d_overlay_msgs/msg
-- Installing: /home/martin/Desktop/Stage/Projet/ws_carla_ros/install/rviz_2d_overlay_msgs/include/rviz_2d_overlay_msgs/msg/rosidl_typesupport_fastrtps_c__visibility_control.h
-- Up-to-date: /home/martin/Desktop/Stage/Projet/ws_carla_ros/install/rviz_2d_overlay_msgs/include/rviz_2d_overlay_msgs/msg/detail
-- Installing: /home/martin/Desktop/Stage/Projet/ws_carla_ros/install/rviz_2d_overlay_msgs/include/rviz_2d_overlay_msgs/msg/detail/overlay_text__rosidl_typesupport_fastrtps_c.h
-- Installing: /home/martin/Desktop/Stage/Projet/ws_carla_ros/install/rviz_2d_overlay_msgs/lib/librviz_2d_overlay_msgs__rosidl_typesupport_fastrtps_c.so
-- Set runtime path of "/home/martin/Desktop/Stage/Projet/ws_carla_ros/install/rviz_2d_overlay_msgs/lib/librviz_2d_overlay_msgs__rosidl_typesupport_fastrtps_c.so" to ""
-- Up-to-date: /home/martin/Desktop/Stage/Projet/ws_carla_ros/install/rviz_2d_overlay_msgs/include/rviz_2d_overlay_msgs
-- Up-to-date: /home/martin/Desktop/Stage/Projet/ws_carla_ros/install/rviz_2d_overlay_msgs/include/rviz_2d_overlay_msgs/msg
-- Up-to-date: /home/martin/Desktop/Stage/Projet/ws_carla_ros/install/rviz_2d_overlay_msgs/include/rviz_2d_overlay_msgs/msg/detail
-- Installing: /home/martin/Desktop/Stage/Projet/ws_carla_ros/install/rviz_2d_overlay_msgs/include/rviz_2d_overlay_msgs/msg/detail/overlay_text__rosidl_typesupport_fastrtps_cpp.hpp
-- Installing: /home/martin/Desktop/Stage/Projet/ws_carla_ros/install/rviz_2d_overlay_msgs/include/rviz_2d_overlay_msgs/msg/detail/dds_fastrtps
-- Installing: /home/martin/Desktop/Stage/Projet/ws_carla_ros/install/rviz_2d_overlay_msgs/include/rviz_2d_overlay_msgs/msg/rosidl_typesupport_fastrtps_cpp__visibility_control.h
-- Installing: /home/martin/Desktop/Stage/Projet/ws_carla_ros/install/rviz_2d_overlay_msgs/lib/librviz_2d_overlay_msgs__rosidl_typesupport_fastrtps_cpp.so
-- Set runtime path of "/home/martin/Desktop/Stage/Projet/ws_carla_ros/install/rviz_2d_overlay_msgs/lib/librviz_2d_overlay_msgs__rosidl_typesupport_fastrtps_cpp.so" to ""
-- Up-to-date: /home/martin/Desktop/Stage/Projet/ws_carla_ros/install/rviz_2d_overlay_msgs/include/rviz_2d_overlay_msgs
-- Up-to-date: /home/martin/Desktop/Stage/Projet/ws_carla_ros/install/rviz_2d_overlay_msgs/include/rviz_2d_overlay_msgs/msg
-- Installing: /home/martin/Desktop/Stage/Projet/ws_carla_ros/install/rviz_2d_overlay_msgs/include/rviz_2d_overlay_msgs/msg/rosidl_typesupport_introspection_c__visibility_control.h
-- Up-to-date: /home/martin/Desktop/Stage/Projet/ws_carla_ros/install/rviz_2d_overlay_msgs/include/rviz_2d_overlay_msgs/msg/detail
-- Installing: /home/martin/Desktop/Stage/Projet/ws_carla_ros/install/rviz_2d_overlay_msgs/include/rviz_2d_overlay_msgs/msg/detail/overlay_text__rosidl_typesupport_introspection_c.h
-- Installing: /home/martin/Desktop/Stage/Projet/ws_carla_ros/install/rviz_2d_overlay_msgs/include/rviz_2d_overlay_msgs/msg/detail/overlay_text__type_support.c
-- Installing: /home/martin/Desktop/Stage/Projet/ws_carla_ros/install/rviz_2d_overlay_msgs/lib/librviz_2d_overlay_msgs__rosidl_typesupport_introspection_c.so
-- Set runtime path of "/home/martin/Desktop/Stage/Projet/ws_carla_ros/install/rviz_2d_overlay_msgs/lib/librviz_2d_overlay_msgs__rosidl_typesupport_introspection_c.so" to ""
-- Installing: /home/martin/Desktop/Stage/Projet/ws_carla_ros/install/rviz_2d_overlay_msgs/lib/librviz_2d_overlay_msgs__rosidl_typesupport_c.so
-- Set runtime path of "/home/martin/Desktop/Stage/Projet/ws_carla_ros/install/rviz_2d_overlay_msgs/lib/librviz_2d_overlay_msgs__rosidl_typesupport_c.so" to ""
-- Up-to-date: /home/martin/Desktop/Stage/Projet/ws_carla_ros/install/rviz_2d_overlay_msgs/include/rviz_2d_overlay_msgs
-- Up-to-date: /home/martin/Desktop/Stage/Projet/ws_carla_ros/install/rviz_2d_overlay_msgs/include/rviz_2d_overlay_msgs/msg
-- Installing: /home/martin/Desktop/Stage/Projet/ws_carla_ros/install/rviz_2d_overlay_msgs/include/rviz_2d_overlay_msgs/msg/overlay_text.hpp
-- Up-to-date: /home/martin/Desktop/Stage/Projet/ws_carla_ros/install/rviz_2d_overlay_msgs/include/rviz_2d_overlay_msgs/msg/detail
-- Installing: /home/martin/Desktop/Stage/Projet/ws_carla_ros/install/rviz_2d_overlay_msgs/include/rviz_2d_overlay_msgs/msg/detail/overlay_text__struct.hpp
-- Installing: /home/martin/Desktop/Stage/Projet/ws_carla_ros/install/rviz_2d_overlay_msgs/include/rviz_2d_overlay_msgs/msg/detail/overlay_text__builder.hpp
-- Installing: /home/martin/Desktop/Stage/Projet/ws_carla_ros/install/rviz_2d_overlay_msgs/include/rviz_2d_overlay_msgs/msg/detail/overlay_text__traits.hpp
-- Up-to-date: /home/martin/Desktop/Stage/Projet/ws_carla_ros/install/rviz_2d_overlay_msgs/include/rviz_2d_overlay_msgs
-- Up-to-date: /home/martin/Desktop/Stage/Projet/ws_carla_ros/install/rviz_2d_overlay_msgs/include/rviz_2d_overlay_msgs/msg
-- Up-to-date: /home/martin/Desktop/Stage/Projet/ws_carla_ros/install/rviz_2d_overlay_msgs/include/rviz_2d_overlay_msgs/msg/detail
-- Installing: /home/martin/Desktop/Stage/Projet/ws_carla_ros/install/rviz_2d_overlay_msgs/include/rviz_2d_overlay_msgs/msg/detail/overlay_text__rosidl_typesupport_introspection_cpp.hpp
-- Installing: /home/martin/Desktop/Stage/Projet/ws_carla_ros/install/rviz_2d_overlay_msgs/include/rviz_2d_overlay_msgs/msg/detail/overlay_text__type_support.cpp
-- Installing: /home/martin/Desktop/Stage/Projet/ws_carla_ros/install/rviz_2d_overlay_msgs/lib/librviz_2d_overlay_msgs__rosidl_typesupport_introspection_cpp.so
-- Set runtime path of "/home/martin/Desktop/Stage/Projet/ws_carla_ros/install/rviz_2d_overlay_msgs/lib/librviz_2d_overlay_msgs__rosidl_typesupport_introspection_cpp.so" to ""
-- Installing: /home/martin/Desktop/Stage/Projet/ws_carla_ros/install/rviz_2d_overlay_msgs/lib/librviz_2d_overlay_msgs__rosidl_typesupport_cpp.so
-- Set runtime path of "/home/martin/Desktop/Stage/Projet/ws_carla_ros/install/rviz_2d_overlay_msgs/lib/librviz_2d_overlay_msgs__rosidl_typesupport_cpp.so" to ""
-- Installing: /home/martin/Desktop/Stage/Projet/ws_carla_ros/install/rviz_2d_overlay_msgs/share/rviz_2d_overlay_msgs/environment/pythonpath.sh
-- Installing: /home/martin/Desktop/Stage/Projet/ws_carla_ros/install/rviz_2d_overlay_msgs/share/rviz_2d_overlay_msgs/environment/pythonpath.dsv
-- Installing: /home/martin/Desktop/Stage/Projet/ws_carla_ros/install/rviz_2d_overlay_msgs/lib/python3.8/site-packages/rviz_2d_overlay_msgs/__init__.py
Compiling '/home/martin/Desktop/Stage/Projet/ws_carla_ros/install/rviz_2d_overlay_msgs/lib/python3.8/site-packages/rviz_2d_overlay_msgs/__init__.py'...
-- Installing: /home/martin/Desktop/Stage/Projet/ws_carla_ros/install/rviz_2d_overlay_msgs/lib/python3.8/site-packages/rviz_2d_overlay_msgs/msg
-- Installing: /home/martin/Desktop/Stage/Projet/ws_carla_ros/install/rviz_2d_overlay_msgs/lib/python3.8/site-packages/rviz_2d_overlay_msgs/msg/_overlay_text.py
-- Installing: /home/martin/Desktop/Stage/Projet/ws_carla_ros/install/rviz_2d_overlay_msgs/lib/python3.8/site-packages/rviz_2d_overlay_msgs/msg/__init__.py
-- Installing: /home/martin/Desktop/Stage/Projet/ws_carla_ros/install/rviz_2d_overlay_msgs/lib/python3.8/site-packages/rviz_2d_overlay_msgs/msg/_overlay_text_s.c
-- Installing: /home/martin/Desktop/Stage/Projet/ws_carla_ros/install/rviz_2d_overlay_msgs/lib/python3.8/site-packages/rviz_2d_overlay_msgs/rviz_2d_overlay_msgs_s__rosidl_typesupport_fastrtps_c.cpython-38-x86_64-linux-gnu.so
-- Set runtime path of "/home/martin/Desktop/Stage/Projet/ws_carla_ros/install/rviz_2d_overlay_msgs/lib/python3.8/site-packages/rviz_2d_overlay_msgs/rviz_2d_overlay_msgs_s__rosidl_typesupport_fastrtps_c.cpython-38-x86_64-linux-gnu.so" to ""
-- Installing: /home/martin/Desktop/Stage/Projet/ws_carla_ros/install/rviz_2d_overlay_msgs/lib/python3.8/site-packages/rviz_2d_overlay_msgs/rviz_2d_overlay_msgs_s__rosidl_typesupport_introspection_c.cpython-38-x86_64-linux-gnu.so
-- Set runtime path of "/home/martin/Desktop/Stage/Projet/ws_carla_ros/install/rviz_2d_overlay_msgs/lib/python3.8/site-packages/rviz_2d_overlay_msgs/rviz_2d_overlay_msgs_s__rosidl_typesupport_introspection_c.cpython-38-x86_64-linux-gnu.so" to ""
-- Installing: /home/martin/Desktop/Stage/Projet/ws_carla_ros/install/rviz_2d_overlay_msgs/lib/python3.8/site-packages/rviz_2d_overlay_msgs/rviz_2d_overlay_msgs_s__rosidl_typesupport_c.cpython-38-x86_64-linux-gnu.so
-- Set runtime path of "/home/martin/Desktop/Stage/Projet/ws_carla_ros/install/rviz_2d_overlay_msgs/lib/python3.8/site-packages/rviz_2d_overlay_msgs/rviz_2d_overlay_msgs_s__rosidl_typesupport_c.cpython-38-x86_64-linux-gnu.so" to ""
-- Installing: /home/martin/Desktop/Stage/Projet/ws_carla_ros/install/rviz_2d_overlay_msgs/lib/librviz_2d_overlay_msgs__python.so
-- Set runtime path of "/home/martin/Desktop/Stage/Projet/ws_carla_ros/install/rviz_2d_overlay_msgs/lib/librviz_2d_overlay_msgs__python.so" to ""
-- Installing: /home/martin/Desktop/Stage/Projet/ws_carla_ros/install/rviz_2d_overlay_msgs/share/rviz_2d_overlay_msgs/msg/OverlayText.idl
-- Installing: /home/martin/Desktop/Stage/Projet/ws_carla_ros/install/rviz_2d_overlay_msgs/share/rviz_2d_overlay_msgs/msg/OverlayText.msg
-- Installing: /home/martin/Desktop/Stage/Projet/ws_carla_ros/install/rviz_2d_overlay_msgs/share/ament_index/resource_index/package_run_dependencies/rviz_2d_overlay_msgs
-- Installing: /home/martin/Desktop/Stage/Projet/ws_carla_ros/install/rviz_2d_overlay_msgs/share/ament_index/resource_index/parent_prefix_path/rviz_2d_overlay_msgs
-- Installing: /home/martin/Desktop/Stage/Projet/ws_carla_ros/install/rviz_2d_overlay_msgs/share/rviz_2d_overlay_msgs/environment/ament_prefix_path.sh
-- Installing: /home/martin/Desktop/Stage/Projet/ws_carla_ros/install/rviz_2d_overlay_msgs/share/rviz_2d_overlay_msgs/environment/ament_prefix_path.dsv
-- Installing: /home/martin/Desktop/Stage/Projet/ws_carla_ros/install/rviz_2d_overlay_msgs/share/rviz_2d_overlay_msgs/environment/path.sh
-- Installing: /home/martin/Desktop/Stage/Projet/ws_carla_ros/install/rviz_2d_overlay_msgs/share/rviz_2d_overlay_msgs/environment/path.dsv
-- Installing: /home/martin/Desktop/Stage/Projet/ws_carla_ros/install/rviz_2d_overlay_msgs/share/rviz_2d_overlay_msgs/local_setup.bash
-- Installing: /home/martin/Desktop/Stage/Projet/ws_carla_ros/install/rviz_2d_overlay_msgs/share/rviz_2d_overlay_msgs/local_setup.sh
-- Installing: /home/martin/Desktop/Stage/Projet/ws_carla_ros/install/rviz_2d_overlay_msgs/share/rviz_2d_overlay_msgs/local_setup.zsh
-- Installing: /home/martin/Desktop/Stage/Projet/ws_carla_ros/install/rviz_2d_overlay_msgs/share/rviz_2d_overlay_msgs/local_setup.dsv
-- Installing: /home/martin/Desktop/Stage/Projet/ws_carla_ros/install/rviz_2d_overlay_msgs/share/rviz_2d_overlay_msgs/package.dsv
-- Installing: /home/martin/Desktop/Stage/Projet/ws_carla_ros/install/rviz_2d_overlay_msgs/share/ament_index/resource_index/packages/rviz_2d_overlay_msgs
-- Installing: /home/martin/Desktop/Stage/Projet/ws_carla_ros/install/rviz_2d_overlay_msgs/share/rviz_2d_overlay_msgs/cmake/rviz_2d_overlay_msgs__rosidl_generator_cExport.cmake
-- Installing: /home/martin/Desktop/Stage/Projet/ws_carla_ros/install/rviz_2d_overlay_msgs/share/rviz_2d_overlay_msgs/cmake/rviz_2d_overlay_msgs__rosidl_generator_cExport-noconfig.cmake
-- Installing: /home/martin/Desktop/Stage/Projet/ws_carla_ros/install/rviz_2d_overlay_msgs/share/rviz_2d_overlay_msgs/cmake/rviz_2d_overlay_msgs__rosidl_typesupport_introspection_cExport.cmake
-- Installing: /home/martin/Desktop/Stage/Projet/ws_carla_ros/install/rviz_2d_overlay_msgs/share/rviz_2d_overlay_msgs/cmake/rviz_2d_overlay_msgs__rosidl_typesupport_introspection_cExport-noconfig.cmake
-- Installing: /home/martin/Desktop/Stage/Projet/ws_carla_ros/install/rviz_2d_overlay_msgs/share/rviz_2d_overlay_msgs/cmake/rviz_2d_overlay_msgs__rosidl_typesupport_cExport.cmake
-- Installing: /home/martin/Desktop/Stage/Projet/ws_carla_ros/install/rviz_2d_overlay_msgs/share/rviz_2d_overlay_msgs/cmake/rviz_2d_overlay_msgs__rosidl_typesupport_cExport-noconfig.cmake
-- Installing: /home/martin/Desktop/Stage/Projet/ws_carla_ros/install/rviz_2d_overlay_msgs/share/rviz_2d_overlay_msgs/cmake/rviz_2d_overlay_msgs__rosidl_generator_cppExport.cmake
-- Installing: /home/martin/Desktop/Stage/Projet/ws_carla_ros/install/rviz_2d_overlay_msgs/share/rviz_2d_overlay_msgs/cmake/rviz_2d_overlay_msgs__rosidl_typesupport_introspection_cppExport.cmake
-- Installing: /home/martin/Desktop/Stage/Projet/ws_carla_ros/install/rviz_2d_overlay_msgs/share/rviz_2d_overlay_msgs/cmake/rviz_2d_overlay_msgs__rosidl_typesupport_introspection_cppExport-noconfig.cmake
-- Installing: /home/martin/Desktop/Stage/Projet/ws_carla_ros/install/rviz_2d_overlay_msgs/share/rviz_2d_overlay_msgs/cmake/rviz_2d_overlay_msgs__rosidl_typesupport_cppExport.cmake
-- Installing: /home/martin/Desktop/Stage/Projet/ws_carla_ros/install/rviz_2d_overlay_msgs/share/rviz_2d_overlay_msgs/cmake/rviz_2d_overlay_msgs__rosidl_typesupport_cppExport-noconfig.cmake
-- Installing: /home/martin/Desktop/Stage/Projet/ws_carla_ros/install/rviz_2d_overlay_msgs/share/rviz_2d_overlay_msgs/cmake/rosidl_cmake-extras.cmake
-- Installing: /home/martin/Desktop/Stage/Projet/ws_carla_ros/install/rviz_2d_overlay_msgs/share/rviz_2d_overlay_msgs/cmake/ament_cmake_export_dependencies-extras.cmake
-- Installing: /home/martin/Desktop/Stage/Projet/ws_carla_ros/install/rviz_2d_overlay_msgs/share/rviz_2d_overlay_msgs/cmake/ament_cmake_export_libraries-extras.cmake
-- Installing: /home/martin/Desktop/Stage/Projet/ws_carla_ros/install/rviz_2d_overlay_msgs/share/rviz_2d_overlay_msgs/cmake/ament_cmake_export_targets-extras.cmake
-- Installing: /home/martin/Desktop/Stage/Projet/ws_carla_ros/install/rviz_2d_overlay_msgs/share/rviz_2d_overlay_msgs/cmake/ament_cmake_export_include_directories-extras.cmake
-- Installing: /home/martin/Desktop/Stage/Projet/ws_carla_ros/install/rviz_2d_overlay_msgs/share/rviz_2d_overlay_msgs/cmake/rosidl_cmake_export_typesupport_libraries-extras.cmake
-- Installing: /home/martin/Desktop/Stage/Projet/ws_carla_ros/install/rviz_2d_overlay_msgs/share/rviz_2d_overlay_msgs/cmake/rosidl_cmake_export_typesupport_targets-extras.cmake
-- Installing: /home/martin/Desktop/Stage/Projet/ws_carla_ros/install/rviz_2d_overlay_msgs/share/rviz_2d_overlay_msgs/cmake/rviz_2d_overlay_msgsConfig.cmake
-- Installing: /home/martin/Desktop/Stage/Projet/ws_carla_ros/install/rviz_2d_overlay_msgs/share/rviz_2d_overlay_msgs/cmake/rviz_2d_overlay_msgsConfig-version.cmake
-- Installing: /home/martin/Desktop/Stage/Projet/ws_carla_ros/install/rviz_2d_overlay_msgs/share/rviz_2d_overlay_msgs/package.xml
