[0.517s] Invoking command in '/home/martin/Desktop/Stage/Projet/ws_carla_ros/build/rviz_2d_overlay_msgs': CMAKE_PREFIX_PATH=${CMAKE_PREFIX_PATH}:/home/martin/Desktop/Stage/Projet/ws_carla_ros/install/rqt_carla_control:/home/martin/Desktop/Stage/Projet/ws_carla_ros/install/carla_waypoint_publisher:/home/martin/Desktop/Stage/Projet/ws_carla_ros/install/carla_ackermann_control:/home/martin/Desktop/Stage/Projet/ws_carla_ros/install/carla_ros_bridge:/home/martin/Desktop/Stage/Projet/ws_carla_ros/install/carla_spawn_objects:/home/martin/Desktop/Stage/Projet/ws_carla_ros/install/carla_manual_control:/home/martin/Desktop/Stage/Projet/ws_carla_ros/install/carla_ad_agent:/home/martin/Desktop/Stage/Projet/ws_carla_ros/install/ros_compatibility:/home/martin/Desktop/Stage/Projet/ws_carla_ros/install/carla_walker_agent:/home/martin/Desktop/Stage/Projet/ws_carla_ros/install/carla_twist_to_control:/home/martin/Desktop/Stage/Projet/ws_carla_ros/install/carla_ros_scenario_runner:/home/martin/Desktop/Stage/Projet/ws_carla_ros/install/carla_map_visualization:/home/martin/Desktop/Stage/Projet/ws_carla_ros/install/carla_interface:/home/martin/Desktop/Stage/Projet/ws_carla_ros/install/carla_control_display:/home/martin/Desktop/Stage/Projet/ws_carla_ros/install/carla_common:/opt/ros/galactic /usr/bin/cmake /home/martin/Desktop/Stage/Projet/ws_carla_ros/rviz_2d_overlay_msgs -DPYTHON_EXECUTABLE=/usr/bin/python3 -DCMAKE_INSTALL_PREFIX=/home/martin/Desktop/Stage/Projet/ws_carla_ros/install/rviz_2d_overlay_msgs
[1.057s] -- The C compiler identification is GNU 9.4.0
[1.058s] -- The CXX compiler identification is GNU 9.4.0
[1.058s] -- Check for working C compiler: /usr/bin/cc
[1.058s] -- Check for working C compiler: /usr/bin/cc -- works
[1.058s] -- Detecting C compiler ABI info
[1.058s] -- Detecting C compiler ABI info - done
[1.058s] -- Detecting C compile features
[1.058s] -- Detecting C compile features - done
[1.058s] -- Check for working CXX compiler: /usr/bin/c++
[1.058s] -- Check for working CXX compiler: /usr/bin/c++ -- works
[1.059s] -- Detecting CXX compiler ABI info
[1.059s] -- Detecting CXX compiler ABI info - done
[1.059s] -- Detecting CXX compile features
[1.059s] -- Detecting CXX compile features - done
[1.059s] -- Found ament_cmake: 1.1.6 (/opt/ros/galactic/share/ament_cmake/cmake)
[1.059s] -- Found PythonInterp: /usr/bin/python3 (found suitable version "3.8.10", minimum required is "3") 
[1.060s] -- Using PYTHON_EXECUTABLE: /usr/bin/python3
[1.060s] -- Found rosidl_default_generators: 1.1.1 (/opt/ros/galactic/share/rosidl_default_generators/cmake)
[1.060s] -- Using all available rosidl_typesupport_c: rosidl_typesupport_fastrtps_c;rosidl_typesupport_introspection_c
[1.060s] -- Found rosidl_adapter: 2.2.3 (/opt/ros/galactic/share/rosidl_adapter/cmake)
[1.124s] -- Found OpenSSL: /usr/lib/x86_64-linux-gnu/libcrypto.so (found version "1.1.1f")  
[1.166s] -- Found FastRTPS: /opt/ros/galactic/include  
[1.296s] -- Using all available rosidl_typesupport_cpp: rosidl_typesupport_fastrtps_cpp;rosidl_typesupport_introspection_cpp
[1.331s] -- Found std_msgs: 2.2.4 (/opt/ros/galactic/share/std_msgs/cmake)
[1.407s] -- Found PythonInterp: /usr/bin/python3 (found version "3.8.10") 
[1.658s] -- Found ament_cmake_ros: 0.9.2 (/opt/ros/galactic/share/ament_cmake_ros/cmake)
[1.909s] -- Using all available rosidl_typesupport_c: rosidl_typesupport_fastrtps_c;rosidl_typesupport_introspection_c
[2.011s] -- Using all available rosidl_typesupport_cpp: rosidl_typesupport_fastrtps_cpp;rosidl_typesupport_introspection_cpp
[2.115s] -- Found PythonInterp: /usr/bin/python3 (found suitable version "3.8.10", minimum required is "3.5") 
[2.116s] -- Found python_cmake_module: 0.8.1 (/opt/ros/galactic/share/python_cmake_module/cmake)
[2.155s] -- Found PythonLibs: /usr/lib/x86_64-linux-gnu/libpython3.8.so (found suitable version "3.8.10", minimum required is "3.5") 
[2.155s] -- Using PYTHON_EXECUTABLE: /usr/bin/python3
[2.155s] -- Using PYTHON_INCLUDE_DIRS: /usr/include/python3.8
[2.155s] -- Using PYTHON_LIBRARIES: /usr/lib/x86_64-linux-gnu/libpython3.8.so
[2.187s] -- Found PythonExtra: .so  
[2.258s] -- Configuring done
[2.295s] -- Generating done
[2.309s] -- Build files have been written to: /home/martin/Desktop/Stage/Projet/ws_carla_ros/build/rviz_2d_overlay_msgs
[2.406s] Invoked command in '/home/martin/Desktop/Stage/Projet/ws_carla_ros/build/rviz_2d_overlay_msgs' returned '0': CMAKE_PREFIX_PATH=${CMAKE_PREFIX_PATH}:/home/martin/Desktop/Stage/Projet/ws_carla_ros/install/rqt_carla_control:/home/martin/Desktop/Stage/Projet/ws_carla_ros/install/carla_waypoint_publisher:/home/martin/Desktop/Stage/Projet/ws_carla_ros/install/carla_ackermann_control:/home/martin/Desktop/Stage/Projet/ws_carla_ros/install/carla_ros_bridge:/home/martin/Desktop/Stage/Projet/ws_carla_ros/install/carla_spawn_objects:/home/martin/Desktop/Stage/Projet/ws_carla_ros/install/carla_manual_control:/home/martin/Desktop/Stage/Projet/ws_carla_ros/install/carla_ad_agent:/home/martin/Desktop/Stage/Projet/ws_carla_ros/install/ros_compatibility:/home/martin/Desktop/Stage/Projet/ws_carla_ros/install/carla_walker_agent:/home/martin/Desktop/Stage/Projet/ws_carla_ros/install/carla_twist_to_control:/home/martin/Desktop/Stage/Projet/ws_carla_ros/install/carla_ros_scenario_runner:/home/martin/Desktop/Stage/Projet/ws_carla_ros/install/carla_map_visualization:/home/martin/Desktop/Stage/Projet/ws_carla_ros/install/carla_interface:/home/martin/Desktop/Stage/Projet/ws_carla_ros/install/carla_control_display:/home/martin/Desktop/Stage/Projet/ws_carla_ros/install/carla_common:/opt/ros/galactic /usr/bin/cmake /home/martin/Desktop/Stage/Projet/ws_carla_ros/rviz_2d_overlay_msgs -DPYTHON_EXECUTABLE=/usr/bin/python3 -DCMAKE_INSTALL_PREFIX=/home/martin/Desktop/Stage/Projet/ws_carla_ros/install/rviz_2d_overlay_msgs
[2.409s] Invoking command in '/home/martin/Desktop/Stage/Projet/ws_carla_ros/build/rviz_2d_overlay_msgs': CMAKE_PREFIX_PATH=${CMAKE_PREFIX_PATH}:/home/martin/Desktop/Stage/Projet/ws_carla_ros/install/rqt_carla_control:/home/martin/Desktop/Stage/Projet/ws_carla_ros/install/carla_waypoint_publisher:/home/martin/Desktop/Stage/Projet/ws_carla_ros/install/carla_ackermann_control:/home/martin/Desktop/Stage/Projet/ws_carla_ros/install/carla_ros_bridge:/home/martin/Desktop/Stage/Projet/ws_carla_ros/install/carla_spawn_objects:/home/martin/Desktop/Stage/Projet/ws_carla_ros/install/carla_manual_control:/home/martin/Desktop/Stage/Projet/ws_carla_ros/install/carla_ad_agent:/home/martin/Desktop/Stage/Projet/ws_carla_ros/install/ros_compatibility:/home/martin/Desktop/Stage/Projet/ws_carla_ros/install/carla_walker_agent:/home/martin/Desktop/Stage/Projet/ws_carla_ros/install/carla_twist_to_control:/home/martin/Desktop/Stage/Projet/ws_carla_ros/install/carla_ros_scenario_runner:/home/martin/Desktop/Stage/Projet/ws_carla_ros/install/carla_map_visualization:/home/martin/Desktop/Stage/Projet/ws_carla_ros/install/carla_interface:/home/martin/Desktop/Stage/Projet/ws_carla_ros/install/carla_control_display:/home/martin/Desktop/Stage/Projet/ws_carla_ros/install/carla_common:/opt/ros/galactic /usr/bin/cmake --build /home/martin/Desktop/Stage/Projet/ws_carla_ros/build/rviz_2d_overlay_msgs -- -j16 -l16
[2.463s] [35m[1mScanning dependencies of target rviz_2d_overlay_msgs__cpp[0m
[2.465s] [  3%] [34m[1mGenerating C code for ROS interfaces[0m
[2.474s] [  6%] [34m[1mGenerating C++ code for ROS interfaces[0m
[2.935s] [35m[1mScanning dependencies of target rviz_2d_overlay_msgs__rosidl_generator_c[0m
[2.959s] [  6%] Built target rviz_2d_overlay_msgs__cpp
[2.999s] [  9%] [34m[1mGenerating C++ introspection for ROS interfaces[0m
[3.019s] [ 12%] [34m[1mGenerating C++ type support for eProsima Fast-RTPS[0m
[3.026s] [ 16%] [32mBuilding C object CMakeFiles/rviz_2d_overlay_msgs__rosidl_generator_c.dir/rosidl_generator_c/rviz_2d_overlay_msgs/msg/detail/overlay_text__functions.c.o[0m
[3.034s] [ 19%] [34m[1mGenerating C++ type support dispatch for ROS interfaces[0m
[3.261s] [ 22%] [32m[1mLinking C shared library librviz_2d_overlay_msgs__rosidl_generator_c.so[0m
[3.360s] [ 22%] Built target rviz_2d_overlay_msgs__rosidl_generator_c
[3.411s] [ 25%] [34m[1mGenerating C introspection for ROS interfaces[0m
[3.450s] [ 29%] [34m[1mGenerating C type support dispatch for ROS interfaces[0m
[3.533s] [35m[1mScanning dependencies of target rviz_2d_overlay_msgs__rosidl_typesupport_fastrtps_cpp[0m
[3.588s] [ 32%] [32mBuilding CXX object CMakeFiles/rviz_2d_overlay_msgs__rosidl_typesupport_fastrtps_cpp.dir/rosidl_typesupport_fastrtps_cpp/rviz_2d_overlay_msgs/msg/detail/dds_fastrtps/overlay_text__type_support.cpp.o[0m
[3.597s] [35m[1mScanning dependencies of target rviz_2d_overlay_msgs__rosidl_typesupport_introspection_cpp[0m
[3.674s] [ 35%] [32mBuilding CXX object CMakeFiles/rviz_2d_overlay_msgs__rosidl_typesupport_introspection_cpp.dir/rosidl_typesupport_introspection_cpp/rviz_2d_overlay_msgs/msg/detail/overlay_text__type_support.cpp.o[0m
[3.706s] [35m[1mScanning dependencies of target rviz_2d_overlay_msgs__rosidl_typesupport_cpp[0m
[3.818s] [ 38%] [32mBuilding CXX object CMakeFiles/rviz_2d_overlay_msgs__rosidl_typesupport_cpp.dir/rosidl_typesupport_cpp/rviz_2d_overlay_msgs/msg/overlay_text__type_support.cpp.o[0m
[3.868s] [35m[1mScanning dependencies of target rviz_2d_overlay_msgs__rosidl_typesupport_c[0m
[3.957s] [ 41%] [32mBuilding CXX object CMakeFiles/rviz_2d_overlay_msgs__rosidl_typesupport_c.dir/rosidl_typesupport_c/rviz_2d_overlay_msgs/msg/overlay_text__type_support.cpp.o[0m
[4.128s] [ 45%] [32m[1mLinking CXX shared library librviz_2d_overlay_msgs__rosidl_typesupport_c.so[0m
[4.128s] [35m[1mScanning dependencies of target rviz_2d_overlay_msgs__rosidl_typesupport_introspection_c[0m
[4.221s] [ 48%] [32mBuilding C object CMakeFiles/rviz_2d_overlay_msgs__rosidl_typesupport_introspection_c.dir/rosidl_typesupport_introspection_c/rviz_2d_overlay_msgs/msg/detail/overlay_text__type_support.c.o[0m
[4.320s] [ 51%] [32m[1mLinking CXX shared library librviz_2d_overlay_msgs__rosidl_typesupport_introspection_cpp.so[0m
[4.376s] [ 51%] Built target rviz_2d_overlay_msgs__rosidl_typesupport_c
[4.380s] [ 54%] [32m[1mLinking C shared library librviz_2d_overlay_msgs__rosidl_typesupport_introspection_c.so[0m
[4.492s] [ 58%] [32m[1mLinking CXX shared library librviz_2d_overlay_msgs__rosidl_typesupport_cpp.so[0m
[4.517s] [ 58%] Built target rviz_2d_overlay_msgs__rosidl_typesupport_introspection_cpp
[4.519s] [ 58%] Built target rviz_2d_overlay_msgs__rosidl_typesupport_introspection_c
[4.610s] [ 58%] Built target rviz_2d_overlay_msgs__rosidl_typesupport_cpp
[5.608s] [ 61%] [32m[1mLinking CXX shared library librviz_2d_overlay_msgs__rosidl_typesupport_fastrtps_cpp.so[0m
[5.969s] [ 61%] Built target rviz_2d_overlay_msgs__rosidl_typesupport_fastrtps_cpp
[6.029s] [ 64%] [34m[1mGenerating C type support for eProsima Fast-RTPS[0m
[6.426s] [35m[1mScanning dependencies of target rviz_2d_overlay_msgs__rosidl_typesupport_fastrtps_c[0m
[6.520s] [ 67%] [32mBuilding CXX object CMakeFiles/rviz_2d_overlay_msgs__rosidl_typesupport_fastrtps_c.dir/rosidl_typesupport_fastrtps_c/rviz_2d_overlay_msgs/msg/detail/overlay_text__type_support_c.cpp.o[0m
[7.539s] [ 70%] [32m[1mLinking CXX shared library librviz_2d_overlay_msgs__rosidl_typesupport_fastrtps_c.so[0m
[8.151s] [ 70%] Built target rviz_2d_overlay_msgs__rosidl_typesupport_fastrtps_c
[8.302s] [35m[1mScanning dependencies of target rviz_2d_overlay_msgs[0m
[8.411s] [ 70%] Built target rviz_2d_overlay_msgs
[8.542s] [35m[1mScanning dependencies of target rviz_2d_overlay_msgs__py[0m
[8.637s] [ 74%] [34m[1mGenerating Python code for ROS interfaces[0m
[10.340s] [ 74%] Built target rviz_2d_overlay_msgs__py
[10.407s] [35m[1mScanning dependencies of target rviz_2d_overlay_msgs__python[0m
[10.561s] [ 77%] [32mBuilding C object CMakeFiles/rviz_2d_overlay_msgs__python.dir/rosidl_generator_py/rviz_2d_overlay_msgs/msg/_overlay_text_s.c.o[0m
[10.959s] [ 80%] [32m[1mLinking C shared library rosidl_generator_py/rviz_2d_overlay_msgs/librviz_2d_overlay_msgs__python.so[0m
[11.320s] [ 80%] Built target rviz_2d_overlay_msgs__python
[11.423s] [35m[1mScanning dependencies of target rviz_2d_overlay_msgs__rosidl_typesupport_c__pyext[0m
[11.439s] [35m[1mScanning dependencies of target rviz_2d_overlay_msgs__rosidl_typesupport_introspection_c__pyext[0m
[11.447s] [35m[1mScanning dependencies of target rviz_2d_overlay_msgs__rosidl_typesupport_fastrtps_c__pyext[0m
[11.559s] [ 83%] [32mBuilding C object CMakeFiles/rviz_2d_overlay_msgs__rosidl_typesupport_c__pyext.dir/rosidl_generator_py/rviz_2d_overlay_msgs/_rviz_2d_overlay_msgs_s.ep.rosidl_typesupport_c.c.o[0m
[11.572s] [ 87%] [32mBuilding C object CMakeFiles/rviz_2d_overlay_msgs__rosidl_typesupport_introspection_c__pyext.dir/rosidl_generator_py/rviz_2d_overlay_msgs/_rviz_2d_overlay_msgs_s.ep.rosidl_typesupport_introspection_c.c.o[0m
[11.625s] [ 90%] [32mBuilding C object CMakeFiles/rviz_2d_overlay_msgs__rosidl_typesupport_fastrtps_c__pyext.dir/rosidl_generator_py/rviz_2d_overlay_msgs/_rviz_2d_overlay_msgs_s.ep.rosidl_typesupport_fastrtps_c.c.o[0m
[11.893s] [ 93%] [32m[1mLinking C shared library rosidl_generator_py/rviz_2d_overlay_msgs/rviz_2d_overlay_msgs_s__rosidl_typesupport_introspection_c.cpython-38-x86_64-linux-gnu.so[0m
[12.077s] [ 96%] [32m[1mLinking C shared library rosidl_generator_py/rviz_2d_overlay_msgs/rviz_2d_overlay_msgs_s__rosidl_typesupport_c.cpython-38-x86_64-linux-gnu.so[0m
[12.244s] [ 96%] Built target rviz_2d_overlay_msgs__rosidl_typesupport_introspection_c__pyext
[12.305s] [100%] [32m[1mLinking CXX shared library rosidl_generator_py/rviz_2d_overlay_msgs/rviz_2d_overlay_msgs_s__rosidl_typesupport_fastrtps_c.cpython-38-x86_64-linux-gnu.so[0m
[12.435s] [100%] Built target rviz_2d_overlay_msgs__rosidl_typesupport_c__pyext
[12.852s] [100%] Built target rviz_2d_overlay_msgs__rosidl_typesupport_fastrtps_c__pyext
[12.929s] Invoked command in '/home/martin/Desktop/Stage/Projet/ws_carla_ros/build/rviz_2d_overlay_msgs' returned '0': CMAKE_PREFIX_PATH=${CMAKE_PREFIX_PATH}:/home/martin/Desktop/Stage/Projet/ws_carla_ros/install/rqt_carla_control:/home/martin/Desktop/Stage/Projet/ws_carla_ros/install/carla_waypoint_publisher:/home/martin/Desktop/Stage/Projet/ws_carla_ros/install/carla_ackermann_control:/home/martin/Desktop/Stage/Projet/ws_carla_ros/install/carla_ros_bridge:/home/martin/Desktop/Stage/Projet/ws_carla_ros/install/carla_spawn_objects:/home/martin/Desktop/Stage/Projet/ws_carla_ros/install/carla_manual_control:/home/martin/Desktop/Stage/Projet/ws_carla_ros/install/carla_ad_agent:/home/martin/Desktop/Stage/Projet/ws_carla_ros/install/ros_compatibility:/home/martin/Desktop/Stage/Projet/ws_carla_ros/install/carla_walker_agent:/home/martin/Desktop/Stage/Projet/ws_carla_ros/install/carla_twist_to_control:/home/martin/Desktop/Stage/Projet/ws_carla_ros/install/carla_ros_scenario_runner:/home/martin/Desktop/Stage/Projet/ws_carla_ros/install/carla_map_visualization:/home/martin/Desktop/Stage/Projet/ws_carla_ros/install/carla_interface:/home/martin/Desktop/Stage/Projet/ws_carla_ros/install/carla_control_display:/home/martin/Desktop/Stage/Projet/ws_carla_ros/install/carla_common:/opt/ros/galactic /usr/bin/cmake --build /home/martin/Desktop/Stage/Projet/ws_carla_ros/build/rviz_2d_overlay_msgs -- -j16 -l16
[12.931s] Invoking command in '/home/martin/Desktop/Stage/Projet/ws_carla_ros/build/rviz_2d_overlay_msgs': CMAKE_PREFIX_PATH=${CMAKE_PREFIX_PATH}:/home/martin/Desktop/Stage/Projet/ws_carla_ros/install/rqt_carla_control:/home/martin/Desktop/Stage/Projet/ws_carla_ros/install/carla_waypoint_publisher:/home/martin/Desktop/Stage/Projet/ws_carla_ros/install/carla_ackermann_control:/home/martin/Desktop/Stage/Projet/ws_carla_ros/install/carla_ros_bridge:/home/martin/Desktop/Stage/Projet/ws_carla_ros/install/carla_spawn_objects:/home/martin/Desktop/Stage/Projet/ws_carla_ros/install/carla_manual_control:/home/martin/Desktop/Stage/Projet/ws_carla_ros/install/carla_ad_agent:/home/martin/Desktop/Stage/Projet/ws_carla_ros/install/ros_compatibility:/home/martin/Desktop/Stage/Projet/ws_carla_ros/install/carla_walker_agent:/home/martin/Desktop/Stage/Projet/ws_carla_ros/install/carla_twist_to_control:/home/martin/Desktop/Stage/Projet/ws_carla_ros/install/carla_ros_scenario_runner:/home/martin/Desktop/Stage/Projet/ws_carla_ros/install/carla_map_visualization:/home/martin/Desktop/Stage/Projet/ws_carla_ros/install/carla_interface:/home/martin/Desktop/Stage/Projet/ws_carla_ros/install/carla_control_display:/home/martin/Desktop/Stage/Projet/ws_carla_ros/install/carla_common:/opt/ros/galactic /usr/bin/cmake --install /home/martin/Desktop/Stage/Projet/ws_carla_ros/build/rviz_2d_overlay_msgs
[24.955s] -- Install configuration: ""
[24.955s] -- Installing: /home/martin/Desktop/Stage/Projet/ws_carla_ros/install/rviz_2d_overlay_msgs/share/ament_index/resource_index/rosidl_interfaces/rviz_2d_overlay_msgs
[24.956s] -- Installing: /home/martin/Desktop/Stage/Projet/ws_carla_ros/install/rviz_2d_overlay_msgs/include/rviz_2d_overlay_msgs
[24.956s] -- Installing: /home/martin/Desktop/Stage/Projet/ws_carla_ros/install/rviz_2d_overlay_msgs/include/rviz_2d_overlay_msgs/msg
[24.956s] -- Installing: /home/martin/Desktop/Stage/Projet/ws_carla_ros/install/rviz_2d_overlay_msgs/include/rviz_2d_overlay_msgs/msg/rosidl_generator_c__visibility_control.h
[24.956s] -- Installing: /home/martin/Desktop/Stage/Projet/ws_carla_ros/install/rviz_2d_overlay_msgs/include/rviz_2d_overlay_msgs/msg/detail
[24.956s] -- Installing: /home/martin/Desktop/Stage/Projet/ws_carla_ros/install/rviz_2d_overlay_msgs/include/rviz_2d_overlay_msgs/msg/detail/overlay_text__type_support.h
[24.956s] -- Installing: /home/martin/Desktop/Stage/Projet/ws_carla_ros/install/rviz_2d_overlay_msgs/include/rviz_2d_overlay_msgs/msg/detail/overlay_text__struct.h
[24.956s] -- Installing: /home/martin/Desktop/Stage/Projet/ws_carla_ros/install/rviz_2d_overlay_msgs/include/rviz_2d_overlay_msgs/msg/detail/overlay_text__functions.h
[24.956s] -- Installing: /home/martin/Desktop/Stage/Projet/ws_carla_ros/install/rviz_2d_overlay_msgs/include/rviz_2d_overlay_msgs/msg/detail/overlay_text__functions.c
[24.961s] -- Installing: /home/martin/Desktop/Stage/Projet/ws_carla_ros/install/rviz_2d_overlay_msgs/include/rviz_2d_overlay_msgs/msg/overlay_text.h
[24.962s] -- Installing: /home/martin/Desktop/Stage/Projet/ws_carla_ros/install/rviz_2d_overlay_msgs/share/rviz_2d_overlay_msgs/environment/library_path.sh
[24.962s] -- Installing: /home/martin/Desktop/Stage/Projet/ws_carla_ros/install/rviz_2d_overlay_msgs/share/rviz_2d_overlay_msgs/environment/library_path.dsv
[24.962s] -- Installing: /home/martin/Desktop/Stage/Projet/ws_carla_ros/install/rviz_2d_overlay_msgs/lib/librviz_2d_overlay_msgs__rosidl_generator_c.so
[24.962s] -- Set runtime path of "/home/martin/Desktop/Stage/Projet/ws_carla_ros/install/rviz_2d_overlay_msgs/lib/librviz_2d_overlay_msgs__rosidl_generator_c.so" to ""
[24.962s] -- Up-to-date: /home/martin/Desktop/Stage/Projet/ws_carla_ros/install/rviz_2d_overlay_msgs/include/rviz_2d_overlay_msgs
[24.962s] -- Up-to-date: /home/martin/Desktop/Stage/Projet/ws_carla_ros/install/rviz_2d_overlay_msgs/include/rviz_2d_overlay_msgs/msg
[24.962s] -- Installing: /home/martin/Desktop/Stage/Projet/ws_carla_ros/install/rviz_2d_overlay_msgs/include/rviz_2d_overlay_msgs/msg/rosidl_typesupport_fastrtps_c__visibility_control.h
[24.962s] -- Up-to-date: /home/martin/Desktop/Stage/Projet/ws_carla_ros/install/rviz_2d_overlay_msgs/include/rviz_2d_overlay_msgs/msg/detail
[24.963s] -- Installing: /home/martin/Desktop/Stage/Projet/ws_carla_ros/install/rviz_2d_overlay_msgs/include/rviz_2d_overlay_msgs/msg/detail/overlay_text__rosidl_typesupport_fastrtps_c.h
[24.963s] -- Installing: /home/martin/Desktop/Stage/Projet/ws_carla_ros/install/rviz_2d_overlay_msgs/lib/librviz_2d_overlay_msgs__rosidl_typesupport_fastrtps_c.so
[24.963s] -- Set runtime path of "/home/martin/Desktop/Stage/Projet/ws_carla_ros/install/rviz_2d_overlay_msgs/lib/librviz_2d_overlay_msgs__rosidl_typesupport_fastrtps_c.so" to ""
[24.963s] -- Up-to-date: /home/martin/Desktop/Stage/Projet/ws_carla_ros/install/rviz_2d_overlay_msgs/include/rviz_2d_overlay_msgs
[24.963s] -- Up-to-date: /home/martin/Desktop/Stage/Projet/ws_carla_ros/install/rviz_2d_overlay_msgs/include/rviz_2d_overlay_msgs/msg
[24.963s] -- Up-to-date: /home/martin/Desktop/Stage/Projet/ws_carla_ros/install/rviz_2d_overlay_msgs/include/rviz_2d_overlay_msgs/msg/detail
[24.965s] -- Installing: /home/martin/Desktop/Stage/Projet/ws_carla_ros/install/rviz_2d_overlay_msgs/include/rviz_2d_overlay_msgs/msg/detail/overlay_text__rosidl_typesupport_fastrtps_cpp.hpp
[24.975s] -- Installing: /home/martin/Desktop/Stage/Projet/ws_carla_ros/install/rviz_2d_overlay_msgs/include/rviz_2d_overlay_msgs/msg/detail/dds_fastrtps
[24.975s] -- Installing: /home/martin/Desktop/Stage/Projet/ws_carla_ros/install/rviz_2d_overlay_msgs/include/rviz_2d_overlay_msgs/msg/rosidl_typesupport_fastrtps_cpp__visibility_control.h
[24.976s] -- Installing: /home/martin/Desktop/Stage/Projet/ws_carla_ros/install/rviz_2d_overlay_msgs/lib/librviz_2d_overlay_msgs__rosidl_typesupport_fastrtps_cpp.so
[24.976s] -- Set runtime path of "/home/martin/Desktop/Stage/Projet/ws_carla_ros/install/rviz_2d_overlay_msgs/lib/librviz_2d_overlay_msgs__rosidl_typesupport_fastrtps_cpp.so" to ""
[24.976s] -- Up-to-date: /home/martin/Desktop/Stage/Projet/ws_carla_ros/install/rviz_2d_overlay_msgs/include/rviz_2d_overlay_msgs
[24.976s] -- Up-to-date: /home/martin/Desktop/Stage/Projet/ws_carla_ros/install/rviz_2d_overlay_msgs/include/rviz_2d_overlay_msgs/msg
[24.976s] -- Installing: /home/martin/Desktop/Stage/Projet/ws_carla_ros/install/rviz_2d_overlay_msgs/include/rviz_2d_overlay_msgs/msg/rosidl_typesupport_introspection_c__visibility_control.h
[24.976s] -- Up-to-date: /home/martin/Desktop/Stage/Projet/ws_carla_ros/install/rviz_2d_overlay_msgs/include/rviz_2d_overlay_msgs/msg/detail
[24.976s] -- Installing: /home/martin/Desktop/Stage/Projet/ws_carla_ros/install/rviz_2d_overlay_msgs/include/rviz_2d_overlay_msgs/msg/detail/overlay_text__rosidl_typesupport_introspection_c.h
[24.976s] -- Installing: /home/martin/Desktop/Stage/Projet/ws_carla_ros/install/rviz_2d_overlay_msgs/include/rviz_2d_overlay_msgs/msg/detail/overlay_text__type_support.c
[24.976s] -- Installing: /home/martin/Desktop/Stage/Projet/ws_carla_ros/install/rviz_2d_overlay_msgs/lib/librviz_2d_overlay_msgs__rosidl_typesupport_introspection_c.so
[24.976s] -- Set runtime path of "/home/martin/Desktop/Stage/Projet/ws_carla_ros/install/rviz_2d_overlay_msgs/lib/librviz_2d_overlay_msgs__rosidl_typesupport_introspection_c.so" to ""
[24.976s] -- Installing: /home/martin/Desktop/Stage/Projet/ws_carla_ros/install/rviz_2d_overlay_msgs/lib/librviz_2d_overlay_msgs__rosidl_typesupport_c.so
[24.976s] -- Set runtime path of "/home/martin/Desktop/Stage/Projet/ws_carla_ros/install/rviz_2d_overlay_msgs/lib/librviz_2d_overlay_msgs__rosidl_typesupport_c.so" to ""
[24.976s] -- Up-to-date: /home/martin/Desktop/Stage/Projet/ws_carla_ros/install/rviz_2d_overlay_msgs/include/rviz_2d_overlay_msgs
[24.976s] -- Up-to-date: /home/martin/Desktop/Stage/Projet/ws_carla_ros/install/rviz_2d_overlay_msgs/include/rviz_2d_overlay_msgs/msg
[24.976s] -- Installing: /home/martin/Desktop/Stage/Projet/ws_carla_ros/install/rviz_2d_overlay_msgs/include/rviz_2d_overlay_msgs/msg/overlay_text.hpp
[24.976s] -- Up-to-date: /home/martin/Desktop/Stage/Projet/ws_carla_ros/install/rviz_2d_overlay_msgs/include/rviz_2d_overlay_msgs/msg/detail
[24.976s] -- Installing: /home/martin/Desktop/Stage/Projet/ws_carla_ros/install/rviz_2d_overlay_msgs/include/rviz_2d_overlay_msgs/msg/detail/overlay_text__struct.hpp
[24.976s] -- Installing: /home/martin/Desktop/Stage/Projet/ws_carla_ros/install/rviz_2d_overlay_msgs/include/rviz_2d_overlay_msgs/msg/detail/overlay_text__builder.hpp
[24.977s] -- Installing: /home/martin/Desktop/Stage/Projet/ws_carla_ros/install/rviz_2d_overlay_msgs/include/rviz_2d_overlay_msgs/msg/detail/overlay_text__traits.hpp
[24.977s] -- Up-to-date: /home/martin/Desktop/Stage/Projet/ws_carla_ros/install/rviz_2d_overlay_msgs/include/rviz_2d_overlay_msgs
[24.977s] -- Up-to-date: /home/martin/Desktop/Stage/Projet/ws_carla_ros/install/rviz_2d_overlay_msgs/include/rviz_2d_overlay_msgs/msg
[24.977s] -- Up-to-date: /home/martin/Desktop/Stage/Projet/ws_carla_ros/install/rviz_2d_overlay_msgs/include/rviz_2d_overlay_msgs/msg/detail
[24.977s] -- Installing: /home/martin/Desktop/Stage/Projet/ws_carla_ros/install/rviz_2d_overlay_msgs/include/rviz_2d_overlay_msgs/msg/detail/overlay_text__rosidl_typesupport_introspection_cpp.hpp
[24.977s] -- Installing: /home/martin/Desktop/Stage/Projet/ws_carla_ros/install/rviz_2d_overlay_msgs/include/rviz_2d_overlay_msgs/msg/detail/overlay_text__type_support.cpp
[24.977s] -- Installing: /home/martin/Desktop/Stage/Projet/ws_carla_ros/install/rviz_2d_overlay_msgs/lib/librviz_2d_overlay_msgs__rosidl_typesupport_introspection_cpp.so
[24.977s] -- Set runtime path of "/home/martin/Desktop/Stage/Projet/ws_carla_ros/install/rviz_2d_overlay_msgs/lib/librviz_2d_overlay_msgs__rosidl_typesupport_introspection_cpp.so" to ""
[24.977s] -- Installing: /home/martin/Desktop/Stage/Projet/ws_carla_ros/install/rviz_2d_overlay_msgs/lib/librviz_2d_overlay_msgs__rosidl_typesupport_cpp.so
[24.977s] -- Set runtime path of "/home/martin/Desktop/Stage/Projet/ws_carla_ros/install/rviz_2d_overlay_msgs/lib/librviz_2d_overlay_msgs__rosidl_typesupport_cpp.so" to ""
[24.977s] -- Installing: /home/martin/Desktop/Stage/Projet/ws_carla_ros/install/rviz_2d_overlay_msgs/share/rviz_2d_overlay_msgs/environment/pythonpath.sh
[24.977s] -- Installing: /home/martin/Desktop/Stage/Projet/ws_carla_ros/install/rviz_2d_overlay_msgs/share/rviz_2d_overlay_msgs/environment/pythonpath.dsv
[24.978s] -- Installing: /home/martin/Desktop/Stage/Projet/ws_carla_ros/install/rviz_2d_overlay_msgs/lib/python3.8/site-packages/rviz_2d_overlay_msgs/__init__.py
[24.978s] Compiling '/home/martin/Desktop/Stage/Projet/ws_carla_ros/install/rviz_2d_overlay_msgs/lib/python3.8/site-packages/rviz_2d_overlay_msgs/__init__.py'...
[24.978s] -- Installing: /home/martin/Desktop/Stage/Projet/ws_carla_ros/install/rviz_2d_overlay_msgs/lib/python3.8/site-packages/rviz_2d_overlay_msgs/msg
[24.978s] -- Installing: /home/martin/Desktop/Stage/Projet/ws_carla_ros/install/rviz_2d_overlay_msgs/lib/python3.8/site-packages/rviz_2d_overlay_msgs/msg/_overlay_text.py
[24.978s] -- Installing: /home/martin/Desktop/Stage/Projet/ws_carla_ros/install/rviz_2d_overlay_msgs/lib/python3.8/site-packages/rviz_2d_overlay_msgs/msg/__init__.py
[24.978s] -- Installing: /home/martin/Desktop/Stage/Projet/ws_carla_ros/install/rviz_2d_overlay_msgs/lib/python3.8/site-packages/rviz_2d_overlay_msgs/msg/_overlay_text_s.c
[24.978s] -- Installing: /home/martin/Desktop/Stage/Projet/ws_carla_ros/install/rviz_2d_overlay_msgs/lib/python3.8/site-packages/rviz_2d_overlay_msgs/rviz_2d_overlay_msgs_s__rosidl_typesupport_fastrtps_c.cpython-38-x86_64-linux-gnu.so
[24.978s] -- Set runtime path of "/home/martin/Desktop/Stage/Projet/ws_carla_ros/install/rviz_2d_overlay_msgs/lib/python3.8/site-packages/rviz_2d_overlay_msgs/rviz_2d_overlay_msgs_s__rosidl_typesupport_fastrtps_c.cpython-38-x86_64-linux-gnu.so" to ""
[24.978s] -- Installing: /home/martin/Desktop/Stage/Projet/ws_carla_ros/install/rviz_2d_overlay_msgs/lib/python3.8/site-packages/rviz_2d_overlay_msgs/rviz_2d_overlay_msgs_s__rosidl_typesupport_introspection_c.cpython-38-x86_64-linux-gnu.so
[24.978s] -- Set runtime path of "/home/martin/Desktop/Stage/Projet/ws_carla_ros/install/rviz_2d_overlay_msgs/lib/python3.8/site-packages/rviz_2d_overlay_msgs/rviz_2d_overlay_msgs_s__rosidl_typesupport_introspection_c.cpython-38-x86_64-linux-gnu.so" to ""
[24.978s] -- Installing: /home/martin/Desktop/Stage/Projet/ws_carla_ros/install/rviz_2d_overlay_msgs/lib/python3.8/site-packages/rviz_2d_overlay_msgs/rviz_2d_overlay_msgs_s__rosidl_typesupport_c.cpython-38-x86_64-linux-gnu.so
[24.978s] -- Set runtime path of "/home/martin/Desktop/Stage/Projet/ws_carla_ros/install/rviz_2d_overlay_msgs/lib/python3.8/site-packages/rviz_2d_overlay_msgs/rviz_2d_overlay_msgs_s__rosidl_typesupport_c.cpython-38-x86_64-linux-gnu.so" to ""
[24.978s] -- Installing: /home/martin/Desktop/Stage/Projet/ws_carla_ros/install/rviz_2d_overlay_msgs/lib/librviz_2d_overlay_msgs__python.so
[24.984s] -- Set runtime path of "/home/martin/Desktop/Stage/Projet/ws_carla_ros/install/rviz_2d_overlay_msgs/lib/librviz_2d_overlay_msgs__python.so" to ""
[24.984s] -- Installing: /home/martin/Desktop/Stage/Projet/ws_carla_ros/install/rviz_2d_overlay_msgs/share/rviz_2d_overlay_msgs/msg/OverlayText.idl
[24.985s] -- Installing: /home/martin/Desktop/Stage/Projet/ws_carla_ros/install/rviz_2d_overlay_msgs/share/rviz_2d_overlay_msgs/msg/OverlayText.msg
[24.987s] -- Installing: /home/martin/Desktop/Stage/Projet/ws_carla_ros/install/rviz_2d_overlay_msgs/share/ament_index/resource_index/package_run_dependencies/rviz_2d_overlay_msgs
[24.987s] -- Installing: /home/martin/Desktop/Stage/Projet/ws_carla_ros/install/rviz_2d_overlay_msgs/share/ament_index/resource_index/parent_prefix_path/rviz_2d_overlay_msgs
[24.988s] -- Installing: /home/martin/Desktop/Stage/Projet/ws_carla_ros/install/rviz_2d_overlay_msgs/share/rviz_2d_overlay_msgs/environment/ament_prefix_path.sh
[24.988s] -- Installing: /home/martin/Desktop/Stage/Projet/ws_carla_ros/install/rviz_2d_overlay_msgs/share/rviz_2d_overlay_msgs/environment/ament_prefix_path.dsv
[24.988s] -- Installing: /home/martin/Desktop/Stage/Projet/ws_carla_ros/install/rviz_2d_overlay_msgs/share/rviz_2d_overlay_msgs/environment/path.sh
[24.988s] -- Installing: /home/martin/Desktop/Stage/Projet/ws_carla_ros/install/rviz_2d_overlay_msgs/share/rviz_2d_overlay_msgs/environment/path.dsv
[24.988s] -- Installing: /home/martin/Desktop/Stage/Projet/ws_carla_ros/install/rviz_2d_overlay_msgs/share/rviz_2d_overlay_msgs/local_setup.bash
[24.988s] -- Installing: /home/martin/Desktop/Stage/Projet/ws_carla_ros/install/rviz_2d_overlay_msgs/share/rviz_2d_overlay_msgs/local_setup.sh
[24.989s] -- Installing: /home/martin/Desktop/Stage/Projet/ws_carla_ros/install/rviz_2d_overlay_msgs/share/rviz_2d_overlay_msgs/local_setup.zsh
[24.989s] -- Installing: /home/martin/Desktop/Stage/Projet/ws_carla_ros/install/rviz_2d_overlay_msgs/share/rviz_2d_overlay_msgs/local_setup.dsv
[24.989s] -- Installing: /home/martin/Desktop/Stage/Projet/ws_carla_ros/install/rviz_2d_overlay_msgs/share/rviz_2d_overlay_msgs/package.dsv
[24.989s] -- Installing: /home/martin/Desktop/Stage/Projet/ws_carla_ros/install/rviz_2d_overlay_msgs/share/ament_index/resource_index/packages/rviz_2d_overlay_msgs
[24.989s] -- Installing: /home/martin/Desktop/Stage/Projet/ws_carla_ros/install/rviz_2d_overlay_msgs/share/rviz_2d_overlay_msgs/cmake/rviz_2d_overlay_msgs__rosidl_generator_cExport.cmake
[24.990s] -- Installing: /home/martin/Desktop/Stage/Projet/ws_carla_ros/install/rviz_2d_overlay_msgs/share/rviz_2d_overlay_msgs/cmake/rviz_2d_overlay_msgs__rosidl_generator_cExport-noconfig.cmake
[24.990s] -- Installing: /home/martin/Desktop/Stage/Projet/ws_carla_ros/install/rviz_2d_overlay_msgs/share/rviz_2d_overlay_msgs/cmake/rviz_2d_overlay_msgs__rosidl_typesupport_introspection_cExport.cmake
[24.990s] -- Installing: /home/martin/Desktop/Stage/Projet/ws_carla_ros/install/rviz_2d_overlay_msgs/share/rviz_2d_overlay_msgs/cmake/rviz_2d_overlay_msgs__rosidl_typesupport_introspection_cExport-noconfig.cmake
[24.990s] -- Installing: /home/martin/Desktop/Stage/Projet/ws_carla_ros/install/rviz_2d_overlay_msgs/share/rviz_2d_overlay_msgs/cmake/rviz_2d_overlay_msgs__rosidl_typesupport_cExport.cmake
[24.990s] -- Installing: /home/martin/Desktop/Stage/Projet/ws_carla_ros/install/rviz_2d_overlay_msgs/share/rviz_2d_overlay_msgs/cmake/rviz_2d_overlay_msgs__rosidl_typesupport_cExport-noconfig.cmake
[24.990s] -- Installing: /home/martin/Desktop/Stage/Projet/ws_carla_ros/install/rviz_2d_overlay_msgs/share/rviz_2d_overlay_msgs/cmake/rviz_2d_overlay_msgs__rosidl_generator_cppExport.cmake
[24.990s] -- Installing: /home/martin/Desktop/Stage/Projet/ws_carla_ros/install/rviz_2d_overlay_msgs/share/rviz_2d_overlay_msgs/cmake/rviz_2d_overlay_msgs__rosidl_typesupport_introspection_cppExport.cmake
[24.990s] -- Installing: /home/martin/Desktop/Stage/Projet/ws_carla_ros/install/rviz_2d_overlay_msgs/share/rviz_2d_overlay_msgs/cmake/rviz_2d_overlay_msgs__rosidl_typesupport_introspection_cppExport-noconfig.cmake
[24.990s] -- Installing: /home/martin/Desktop/Stage/Projet/ws_carla_ros/install/rviz_2d_overlay_msgs/share/rviz_2d_overlay_msgs/cmake/rviz_2d_overlay_msgs__rosidl_typesupport_cppExport.cmake
[24.990s] -- Installing: /home/martin/Desktop/Stage/Projet/ws_carla_ros/install/rviz_2d_overlay_msgs/share/rviz_2d_overlay_msgs/cmake/rviz_2d_overlay_msgs__rosidl_typesupport_cppExport-noconfig.cmake
[24.990s] -- Installing: /home/martin/Desktop/Stage/Projet/ws_carla_ros/install/rviz_2d_overlay_msgs/share/rviz_2d_overlay_msgs/cmake/rosidl_cmake-extras.cmake
[24.991s] -- Installing: /home/martin/Desktop/Stage/Projet/ws_carla_ros/install/rviz_2d_overlay_msgs/share/rviz_2d_overlay_msgs/cmake/ament_cmake_export_dependencies-extras.cmake
[24.991s] -- Installing: /home/martin/Desktop/Stage/Projet/ws_carla_ros/install/rviz_2d_overlay_msgs/share/rviz_2d_overlay_msgs/cmake/ament_cmake_export_libraries-extras.cmake
[24.991s] -- Installing: /home/martin/Desktop/Stage/Projet/ws_carla_ros/install/rviz_2d_overlay_msgs/share/rviz_2d_overlay_msgs/cmake/ament_cmake_export_targets-extras.cmake
[24.991s] -- Installing: /home/martin/Desktop/Stage/Projet/ws_carla_ros/install/rviz_2d_overlay_msgs/share/rviz_2d_overlay_msgs/cmake/ament_cmake_export_include_directories-extras.cmake
[24.991s] -- Installing: /home/martin/Desktop/Stage/Projet/ws_carla_ros/install/rviz_2d_overlay_msgs/share/rviz_2d_overlay_msgs/cmake/rosidl_cmake_export_typesupport_libraries-extras.cmake
[24.991s] -- Installing: /home/martin/Desktop/Stage/Projet/ws_carla_ros/install/rviz_2d_overlay_msgs/share/rviz_2d_overlay_msgs/cmake/rosidl_cmake_export_typesupport_targets-extras.cmake
[24.991s] -- Installing: /home/martin/Desktop/Stage/Projet/ws_carla_ros/install/rviz_2d_overlay_msgs/share/rviz_2d_overlay_msgs/cmake/rviz_2d_overlay_msgsConfig.cmake
[24.991s] -- Installing: /home/martin/Desktop/Stage/Projet/ws_carla_ros/install/rviz_2d_overlay_msgs/share/rviz_2d_overlay_msgs/cmake/rviz_2d_overlay_msgsConfig-version.cmake
[24.991s] -- Installing: /home/martin/Desktop/Stage/Projet/ws_carla_ros/install/rviz_2d_overlay_msgs/share/rviz_2d_overlay_msgs/package.xml
[25.012s] Invoked command in '/home/martin/Desktop/Stage/Projet/ws_carla_ros/build/rviz_2d_overlay_msgs' returned '0': CMAKE_PREFIX_PATH=${CMAKE_PREFIX_PATH}:/home/martin/Desktop/Stage/Projet/ws_carla_ros/install/rqt_carla_control:/home/martin/Desktop/Stage/Projet/ws_carla_ros/install/carla_waypoint_publisher:/home/martin/Desktop/Stage/Projet/ws_carla_ros/install/carla_ackermann_control:/home/martin/Desktop/Stage/Projet/ws_carla_ros/install/carla_ros_bridge:/home/martin/Desktop/Stage/Projet/ws_carla_ros/install/carla_spawn_objects:/home/martin/Desktop/Stage/Projet/ws_carla_ros/install/carla_manual_control:/home/martin/Desktop/Stage/Projet/ws_carla_ros/install/carla_ad_agent:/home/martin/Desktop/Stage/Projet/ws_carla_ros/install/ros_compatibility:/home/martin/Desktop/Stage/Projet/ws_carla_ros/install/carla_walker_agent:/home/martin/Desktop/Stage/Projet/ws_carla_ros/install/carla_twist_to_control:/home/martin/Desktop/Stage/Projet/ws_carla_ros/install/carla_ros_scenario_runner:/home/martin/Desktop/Stage/Projet/ws_carla_ros/install/carla_map_visualization:/home/martin/Desktop/Stage/Projet/ws_carla_ros/install/carla_interface:/home/martin/Desktop/Stage/Projet/ws_carla_ros/install/carla_control_display:/home/martin/Desktop/Stage/Projet/ws_carla_ros/install/carla_common:/opt/ros/galactic /usr/bin/cmake --install /home/martin/Desktop/Stage/Projet/ws_carla_ros/build/rviz_2d_overlay_msgs
