/home/martin/Desktop/Stage/Projet/ws_carla_ros/install/carla_spawn_objects/lib/python3.8/site-packages/src/carla_spawn_objects/carla_spawn_objects.py
/home/martin/Desktop/Stage/Projet/ws_carla_ros/install/carla_spawn_objects/lib/python3.8/site-packages/src/carla_spawn_objects/set_initial_pose.py
/home/martin/Desktop/Stage/Projet/ws_carla_ros/install/carla_spawn_objects/lib/python3.8/site-packages/src/carla_spawn_objects/__init__.py
/home/martin/Desktop/Stage/Projet/ws_carla_ros/install/carla_spawn_objects/lib/python3.8/site-packages/src/carla_spawn_objects/__pycache__/carla_spawn_objects.cpython-38.pyc
/home/martin/Desktop/Stage/Projet/ws_carla_ros/install/carla_spawn_objects/lib/python3.8/site-packages/src/carla_spawn_objects/__pycache__/set_initial_pose.cpython-38.pyc
/home/martin/Desktop/Stage/Projet/ws_carla_ros/install/carla_spawn_objects/lib/python3.8/site-packages/src/carla_spawn_objects/__pycache__/__init__.cpython-38.pyc
/home/martin/Desktop/Stage/Projet/ws_carla_ros/install/carla_spawn_objects/share/ament_index/resource_index/packages/carla_spawn_objects
/home/martin/Desktop/Stage/Projet/ws_carla_ros/install/carla_spawn_objects/share/carla_spawn_objects/package.xml
/home/martin/Desktop/Stage/Projet/ws_carla_ros/install/carla_spawn_objects/share/carla_spawn_objects/config/objects.json
/home/martin/Desktop/Stage/Projet/ws_carla_ros/install/carla_spawn_objects/share/carla_spawn_objects/set_initial_pose.launch.py
/home/martin/Desktop/Stage/Projet/ws_carla_ros/install/carla_spawn_objects/share/carla_spawn_objects/carla_spawn_objects.launch.py
/home/martin/Desktop/Stage/Projet/ws_carla_ros/install/carla_spawn_objects/share/carla_spawn_objects/carla_example_ego_vehicle.launch.py
/home/martin/Desktop/Stage/Projet/ws_carla_ros/install/carla_spawn_objects/share/carla_spawn_objects/mesh/lexus.dae
/home/martin/Desktop/Stage/Projet/ws_carla_ros/install/carla_spawn_objects/share/carla_spawn_objects/mesh/lexus.jpg
/home/martin/Desktop/Stage/Projet/ws_carla_ros/install/carla_spawn_objects/share/carla_spawn_objects/urdf/lexus.urdf
/home/martin/Desktop/Stage/Projet/ws_carla_ros/install/carla_spawn_objects/lib/python3.8/site-packages/carla_spawn_objects-0.0.0-py3.8.egg-info/entry_points.txt
/home/martin/Desktop/Stage/Projet/ws_carla_ros/install/carla_spawn_objects/lib/python3.8/site-packages/carla_spawn_objects-0.0.0-py3.8.egg-info/PKG-INFO
/home/martin/Desktop/Stage/Projet/ws_carla_ros/install/carla_spawn_objects/lib/python3.8/site-packages/carla_spawn_objects-0.0.0-py3.8.egg-info/zip-safe
/home/martin/Desktop/Stage/Projet/ws_carla_ros/install/carla_spawn_objects/lib/python3.8/site-packages/carla_spawn_objects-0.0.0-py3.8.egg-info/dependency_links.txt
/home/martin/Desktop/Stage/Projet/ws_carla_ros/install/carla_spawn_objects/lib/python3.8/site-packages/carla_spawn_objects-0.0.0-py3.8.egg-info/SOURCES.txt
/home/martin/Desktop/Stage/Projet/ws_carla_ros/install/carla_spawn_objects/lib/python3.8/site-packages/carla_spawn_objects-0.0.0-py3.8.egg-info/top_level.txt
/home/martin/Desktop/Stage/Projet/ws_carla_ros/install/carla_spawn_objects/lib/python3.8/site-packages/carla_spawn_objects-0.0.0-py3.8.egg-info/requires.txt
/home/martin/Desktop/Stage/Projet/ws_carla_ros/install/carla_spawn_objects/lib/carla_spawn_objects/carla_spawn_objects
/home/martin/Desktop/Stage/Projet/ws_carla_ros/install/carla_spawn_objects/lib/carla_spawn_objects/set_initial_pose
