-- The C compiler identification is GNU 9.4.0
-- The CXX compiler identification is GNU 9.4.0
-- Check for working C compiler: /usr/bin/cc
-- Check for working C compiler: /usr/bin/cc -- works
-- Detecting C compiler ABI info
-- Detecting C compiler ABI info - done
-- Detecting C compile features
-- Detecting C compile features - done
-- Check for working CXX compiler: /usr/bin/c++
-- Check for working CXX compiler: /usr/bin/c++ -- works
-- Detecting CXX compiler ABI info
-- Detecting CXX compiler ABI info - done
-- Detecting CXX compile features
-- Detecting CXX compile features - done
-- Found ros_environment: 3.1.1 (/opt/ros/galactic/share/ros_environment/cmake)
-- Found ament_cmake: 1.1.6 (/opt/ros/galactic/share/ament_cmake/cmake)
-- Found PythonInterp: /usr/bin/python3 (found suitable version "3.8.10", minimum required is "3") 
-- Using PYTHON_EXECUTABLE: /usr/bin/python3
-- Found builtin_interfaces: 1.0.3 (/opt/ros/galactic/share/builtin_interfaces/cmake)
-- Using all available rosidl_typesupport_c: rosidl_typesupport_fastrtps_c;rosidl_typesupport_introspection_c
-- Found rosidl_adapter: 2.2.3 (/opt/ros/galactic/share/rosidl_adapter/cmake)
-- Found OpenSSL: /usr/lib/x86_64-linux-gnu/libcrypto.so (found version "1.1.1f")  
-- Found FastRTPS: /opt/ros/galactic/include  
-- Using all available rosidl_typesupport_cpp: rosidl_typesupport_fastrtps_cpp;rosidl_typesupport_introspection_cpp
-- Found std_msgs: 2.2.4 (/opt/ros/galactic/share/std_msgs/cmake)
-- Found rosidl_default_generators: 1.1.1 (/opt/ros/galactic/share/rosidl_default_generators/cmake)
-- Found PythonInterp: /usr/bin/python3 (found version "3.8.10") 
-- Found ament_cmake_cppcheck: 0.10.7 (/opt/ros/galactic/share/ament_cmake_cppcheck/cmake)
-- Found ament_cmake_cpplint: 0.10.7 (/opt/ros/galactic/share/ament_cmake_cpplint/cmake)
-- Found ament_cmake_uncrustify: 0.10.7 (/opt/ros/galactic/share/ament_cmake_uncrustify/cmake)
-- Found ament_cmake_ros: 0.9.2 (/opt/ros/galactic/share/ament_cmake_ros/cmake)
-- Using all available rosidl_typesupport_c: rosidl_typesupport_fastrtps_c;rosidl_typesupport_introspection_c
-- Using all available rosidl_typesupport_cpp: rosidl_typesupport_fastrtps_cpp;rosidl_typesupport_introspection_cpp
-- Found PythonInterp: /usr/bin/python3 (found suitable version "3.8.10", minimum required is "3.5") 
-- Found python_cmake_module: 0.8.1 (/opt/ros/galactic/share/python_cmake_module/cmake)
-- Found PythonLibs: /usr/lib/x86_64-linux-gnu/libpython3.8.so (found suitable version "3.8.10", minimum required is "3.5") 
-- Using PYTHON_EXECUTABLE: /usr/bin/python3
-- Using PYTHON_INCLUDE_DIRS: /usr/include/python3.8
-- Using PYTHON_LIBRARIES: /usr/lib/x86_64-linux-gnu/libpython3.8.so
-- Found PythonExtra: .so  
-- Found ament_cmake_flake8: 0.10.7 (/opt/ros/galactic/share/ament_cmake_flake8/cmake)
-- Found ament_cmake_pep257: 0.10.7 (/opt/ros/galactic/share/ament_cmake_pep257/cmake)
-- Found ament_lint_auto: 0.10.7 (/opt/ros/galactic/share/ament_lint_auto/cmake)
-- Added test 'copyright' to check source files copyright and LICENSE
-- Added test 'lint_cmake' to check CMake code style
-- Added test 'xmllint' to check XML markup files
-- Configuring done
-- Generating done
-- Build files have been written to: /home/martin/Desktop/Stage/Projet/ws_carla_ros/build/mobileye_560_660_msgs
[35m[1mScanning dependencies of target mobileye_560_660_msgs__cpp[0m
[  1%] [34m[1mGenerating C code for ROS interfaces[0m
[  1%] [34m[1mGenerating C++ code for ROS interfaces[0m
[35m[1mScanning dependencies of target mobileye_560_660_msgs__rosidl_generator_c[0m
[  2%] [32mBuilding C object CMakeFiles/mobileye_560_660_msgs__rosidl_generator_c.dir/rosidl_generator_c/mobileye_560_660_msgs/msg/detail/aftermarket_lane__functions.c.o[0m
[  3%] [32mBuilding C object CMakeFiles/mobileye_560_660_msgs__rosidl_generator_c.dir/rosidl_generator_c/mobileye_560_660_msgs/msg/detail/ahbc_gradual__functions.c.o[0m
[  3%] [32mBuilding C object CMakeFiles/mobileye_560_660_msgs__rosidl_generator_c.dir/rosidl_generator_c/mobileye_560_660_msgs/msg/detail/ahbc__functions.c.o[0m
[  4%] [32mBuilding C object CMakeFiles/mobileye_560_660_msgs__rosidl_generator_c.dir/rosidl_generator_c/mobileye_560_660_msgs/msg/detail/fixed_foe__functions.c.o[0m
[  5%] [32mBuilding C object CMakeFiles/mobileye_560_660_msgs__rosidl_generator_c.dir/rosidl_generator_c/mobileye_560_660_msgs/msg/detail/aws_display__functions.c.o[0m
[  6%] [32mBuilding C object CMakeFiles/mobileye_560_660_msgs__rosidl_generator_c.dir/rosidl_generator_c/mobileye_560_660_msgs/msg/detail/lane__functions.c.o[0m
[  6%] [32mBuilding C object CMakeFiles/mobileye_560_660_msgs__rosidl_generator_c.dir/rosidl_generator_c/mobileye_560_660_msgs/msg/detail/lka_lane__functions.c.o[0m
[  7%] [32mBuilding C object CMakeFiles/mobileye_560_660_msgs__rosidl_generator_c.dir/rosidl_generator_c/mobileye_560_660_msgs/msg/detail/lka_num_of_next_lane_markers_reported__functions.c.o[0m
[  8%] [32mBuilding C object CMakeFiles/mobileye_560_660_msgs__rosidl_generator_c.dir/rosidl_generator_c/mobileye_560_660_msgs/msg/detail/obstacle_data__functions.c.o[0m
[  9%] [32mBuilding C object CMakeFiles/mobileye_560_660_msgs__rosidl_generator_c.dir/rosidl_generator_c/mobileye_560_660_msgs/msg/detail/obstacle_status__functions.c.o[0m
[ 10%] [32mBuilding C object CMakeFiles/mobileye_560_660_msgs__rosidl_generator_c.dir/rosidl_generator_c/mobileye_560_660_msgs/msg/detail/lka_reference_points__functions.c.o[0m
[ 11%] [32mBuilding C object CMakeFiles/mobileye_560_660_msgs__rosidl_generator_c.dir/rosidl_generator_c/mobileye_560_660_msgs/msg/detail/tsr_vision_only__functions.c.o[0m
[ 11%] [32mBuilding C object CMakeFiles/mobileye_560_660_msgs__rosidl_generator_c.dir/rosidl_generator_c/mobileye_560_660_msgs/msg/detail/tsr__functions.c.o[0m
[ 12%] [32m[1mLinking C shared library libmobileye_560_660_msgs__rosidl_generator_c.so[0m
[ 12%] Built target mobileye_560_660_msgs__rosidl_generator_c
[ 13%] [34m[1mGenerating C type support dispatch for ROS interfaces[0m
[ 14%] [34m[1mGenerating C introspection for ROS interfaces[0m
[35m[1mScanning dependencies of target mobileye_560_660_msgs__rosidl_typesupport_c[0m
[ 14%] [32mBuilding CXX object CMakeFiles/mobileye_560_660_msgs__rosidl_typesupport_c.dir/rosidl_typesupport_c/mobileye_560_660_msgs/msg/aftermarket_lane__type_support.cpp.o[0m
[ 15%] [32mBuilding CXX object CMakeFiles/mobileye_560_660_msgs__rosidl_typesupport_c.dir/rosidl_typesupport_c/mobileye_560_660_msgs/msg/fixed_foe__type_support.cpp.o[0m
[ 16%] [32mBuilding CXX object CMakeFiles/mobileye_560_660_msgs__rosidl_typesupport_c.dir/rosidl_typesupport_c/mobileye_560_660_msgs/msg/obstacle_data__type_support.cpp.o[0m
[ 17%] [32mBuilding CXX object CMakeFiles/mobileye_560_660_msgs__rosidl_typesupport_c.dir/rosidl_typesupport_c/mobileye_560_660_msgs/msg/tsr_vision_only__type_support.cpp.o[0m
[ 18%] [32mBuilding CXX object CMakeFiles/mobileye_560_660_msgs__rosidl_typesupport_c.dir/rosidl_typesupport_c/mobileye_560_660_msgs/msg/tsr__type_support.cpp.o[0m
[ 18%] [32mBuilding CXX object CMakeFiles/mobileye_560_660_msgs__rosidl_typesupport_c.dir/rosidl_typesupport_c/mobileye_560_660_msgs/msg/obstacle_status__type_support.cpp.o[0m
[ 19%] [32mBuilding CXX object CMakeFiles/mobileye_560_660_msgs__rosidl_typesupport_c.dir/rosidl_typesupport_c/mobileye_560_660_msgs/msg/lka_reference_points__type_support.cpp.o[0m
[ 20%] [32mBuilding CXX object CMakeFiles/mobileye_560_660_msgs__rosidl_typesupport_c.dir/rosidl_typesupport_c/mobileye_560_660_msgs/msg/lka_num_of_next_lane_markers_reported__type_support.cpp.o[0m
[ 21%] [32mBuilding CXX object CMakeFiles/mobileye_560_660_msgs__rosidl_typesupport_c.dir/rosidl_typesupport_c/mobileye_560_660_msgs/msg/lka_lane__type_support.cpp.o[0m
[ 21%] [32mBuilding CXX object CMakeFiles/mobileye_560_660_msgs__rosidl_typesupport_c.dir/rosidl_typesupport_c/mobileye_560_660_msgs/msg/lane__type_support.cpp.o[0m
[ 21%] Built target mobileye_560_660_msgs__cpp
[ 22%] [32mBuilding CXX object CMakeFiles/mobileye_560_660_msgs__rosidl_typesupport_c.dir/rosidl_typesupport_c/mobileye_560_660_msgs/msg/aws_display__type_support.cpp.o[0m
[ 23%] [32mBuilding CXX object CMakeFiles/mobileye_560_660_msgs__rosidl_typesupport_c.dir/rosidl_typesupport_c/mobileye_560_660_msgs/msg/ahbc_gradual__type_support.cpp.o[0m
[ 24%] [32mBuilding CXX object CMakeFiles/mobileye_560_660_msgs__rosidl_typesupport_c.dir/rosidl_typesupport_c/mobileye_560_660_msgs/msg/ahbc__type_support.cpp.o[0m
[ 25%] [32m[1mLinking CXX shared library libmobileye_560_660_msgs__rosidl_typesupport_c.so[0m
[ 25%] Built target mobileye_560_660_msgs__rosidl_typesupport_c
[35m[1mScanning dependencies of target mobileye_560_660_msgs__rosidl_typesupport_introspection_c[0m
[ 26%] [32mBuilding C object CMakeFiles/mobileye_560_660_msgs__rosidl_typesupport_introspection_c.dir/rosidl_typesupport_introspection_c/mobileye_560_660_msgs/msg/detail/aftermarket_lane__type_support.c.o[0m
[ 26%] [32mBuilding C object CMakeFiles/mobileye_560_660_msgs__rosidl_typesupport_introspection_c.dir/rosidl_typesupport_introspection_c/mobileye_560_660_msgs/msg/detail/tsr_vision_only__type_support.c.o[0m
[ 27%] [32mBuilding C object CMakeFiles/mobileye_560_660_msgs__rosidl_typesupport_introspection_c.dir/rosidl_typesupport_introspection_c/mobileye_560_660_msgs/msg/detail/tsr__type_support.c.o[0m
[ 28%] [32mBuilding C object CMakeFiles/mobileye_560_660_msgs__rosidl_typesupport_introspection_c.dir/rosidl_typesupport_introspection_c/mobileye_560_660_msgs/msg/detail/obstacle_status__type_support.c.o[0m
[ 29%] [32mBuilding C object CMakeFiles/mobileye_560_660_msgs__rosidl_typesupport_introspection_c.dir/rosidl_typesupport_introspection_c/mobileye_560_660_msgs/msg/detail/obstacle_data__type_support.c.o[0m
[ 30%] [32mBuilding C object CMakeFiles/mobileye_560_660_msgs__rosidl_typesupport_introspection_c.dir/rosidl_typesupport_introspection_c/mobileye_560_660_msgs/msg/detail/lka_reference_points__type_support.c.o[0m
[ 30%] [32mBuilding C object CMakeFiles/mobileye_560_660_msgs__rosidl_typesupport_introspection_c.dir/rosidl_typesupport_introspection_c/mobileye_560_660_msgs/msg/detail/lka_num_of_next_lane_markers_reported__type_support.c.o[0m
[ 31%] [32mBuilding C object CMakeFiles/mobileye_560_660_msgs__rosidl_typesupport_introspection_c.dir/rosidl_typesupport_introspection_c/mobileye_560_660_msgs/msg/detail/lka_lane__type_support.c.o[0m
[ 32%] [32mBuilding C object CMakeFiles/mobileye_560_660_msgs__rosidl_typesupport_introspection_c.dir/rosidl_typesupport_introspection_c/mobileye_560_660_msgs/msg/detail/lane__type_support.c.o[0m
[ 33%] [32mBuilding C object CMakeFiles/mobileye_560_660_msgs__rosidl_typesupport_introspection_c.dir/rosidl_typesupport_introspection_c/mobileye_560_660_msgs/msg/detail/fixed_foe__type_support.c.o[0m
[ 34%] [32mBuilding C object CMakeFiles/mobileye_560_660_msgs__rosidl_typesupport_introspection_c.dir/rosidl_typesupport_introspection_c/mobileye_560_660_msgs/msg/detail/aws_display__type_support.c.o[0m
[ 34%] [32mBuilding C object CMakeFiles/mobileye_560_660_msgs__rosidl_typesupport_introspection_c.dir/rosidl_typesupport_introspection_c/mobileye_560_660_msgs/msg/detail/ahbc_gradual__type_support.c.o[0m
[ 35%] [32mBuilding C object CMakeFiles/mobileye_560_660_msgs__rosidl_typesupport_introspection_c.dir/rosidl_typesupport_introspection_c/mobileye_560_660_msgs/msg/detail/ahbc__type_support.c.o[0m
[ 36%] [32m[1mLinking C shared library libmobileye_560_660_msgs__rosidl_typesupport_introspection_c.so[0m
[ 36%] Built target mobileye_560_660_msgs__rosidl_typesupport_introspection_c
[ 37%] [34m[1mGenerating C++ type support for eProsima Fast-RTPS[0m
[35m[1mScanning dependencies of target mobileye_560_660_msgs__rosidl_typesupport_fastrtps_cpp[0m
[ 38%] [32mBuilding CXX object CMakeFiles/mobileye_560_660_msgs__rosidl_typesupport_fastrtps_cpp.dir/rosidl_typesupport_fastrtps_cpp/mobileye_560_660_msgs/msg/detail/dds_fastrtps/aftermarket_lane__type_support.cpp.o[0m
[ 39%] [32mBuilding CXX object CMakeFiles/mobileye_560_660_msgs__rosidl_typesupport_fastrtps_cpp.dir/rosidl_typesupport_fastrtps_cpp/mobileye_560_660_msgs/msg/detail/dds_fastrtps/tsr_vision_only__type_support.cpp.o[0m
[ 40%] [32mBuilding CXX object CMakeFiles/mobileye_560_660_msgs__rosidl_typesupport_fastrtps_cpp.dir/rosidl_typesupport_fastrtps_cpp/mobileye_560_660_msgs/msg/detail/dds_fastrtps/tsr__type_support.cpp.o[0m
[ 41%] [32mBuilding CXX object CMakeFiles/mobileye_560_660_msgs__rosidl_typesupport_fastrtps_cpp.dir/rosidl_typesupport_fastrtps_cpp/mobileye_560_660_msgs/msg/detail/dds_fastrtps/obstacle_status__type_support.cpp.o[0m
[ 42%] [32mBuilding CXX object CMakeFiles/mobileye_560_660_msgs__rosidl_typesupport_fastrtps_cpp.dir/rosidl_typesupport_fastrtps_cpp/mobileye_560_660_msgs/msg/detail/dds_fastrtps/obstacle_data__type_support.cpp.o[0m
[ 42%] [32mBuilding CXX object CMakeFiles/mobileye_560_660_msgs__rosidl_typesupport_fastrtps_cpp.dir/rosidl_typesupport_fastrtps_cpp/mobileye_560_660_msgs/msg/detail/dds_fastrtps/lka_reference_points__type_support.cpp.o[0m
[ 43%] [32mBuilding CXX object CMakeFiles/mobileye_560_660_msgs__rosidl_typesupport_fastrtps_cpp.dir/rosidl_typesupport_fastrtps_cpp/mobileye_560_660_msgs/msg/detail/dds_fastrtps/lka_num_of_next_lane_markers_reported__type_support.cpp.o[0m
[ 44%] [32mBuilding CXX object CMakeFiles/mobileye_560_660_msgs__rosidl_typesupport_fastrtps_cpp.dir/rosidl_typesupport_fastrtps_cpp/mobileye_560_660_msgs/msg/detail/dds_fastrtps/lka_lane__type_support.cpp.o[0m
[ 45%] [32mBuilding CXX object CMakeFiles/mobileye_560_660_msgs__rosidl_typesupport_fastrtps_cpp.dir/rosidl_typesupport_fastrtps_cpp/mobileye_560_660_msgs/msg/detail/dds_fastrtps/lane__type_support.cpp.o[0m
[ 46%] [32mBuilding CXX object CMakeFiles/mobileye_560_660_msgs__rosidl_typesupport_fastrtps_cpp.dir/rosidl_typesupport_fastrtps_cpp/mobileye_560_660_msgs/msg/detail/dds_fastrtps/fixed_foe__type_support.cpp.o[0m
[ 46%] [32mBuilding CXX object CMakeFiles/mobileye_560_660_msgs__rosidl_typesupport_fastrtps_cpp.dir/rosidl_typesupport_fastrtps_cpp/mobileye_560_660_msgs/msg/detail/dds_fastrtps/aws_display__type_support.cpp.o[0m
[ 47%] [32mBuilding CXX object CMakeFiles/mobileye_560_660_msgs__rosidl_typesupport_fastrtps_cpp.dir/rosidl_typesupport_fastrtps_cpp/mobileye_560_660_msgs/msg/detail/dds_fastrtps/ahbc_gradual__type_support.cpp.o[0m
[ 48%] [32mBuilding CXX object CMakeFiles/mobileye_560_660_msgs__rosidl_typesupport_fastrtps_cpp.dir/rosidl_typesupport_fastrtps_cpp/mobileye_560_660_msgs/msg/detail/dds_fastrtps/ahbc__type_support.cpp.o[0m
[ 48%] [32m[1mLinking CXX shared library libmobileye_560_660_msgs__rosidl_typesupport_fastrtps_cpp.so[0m
[ 48%] Built target mobileye_560_660_msgs__rosidl_typesupport_fastrtps_cpp
[ 49%] [34m[1mGenerating C++ type support dispatch for ROS interfaces[0m
[35m[1mScanning dependencies of target mobileye_560_660_msgs__rosidl_typesupport_cpp[0m
[ 50%] [32mBuilding CXX object CMakeFiles/mobileye_560_660_msgs__rosidl_typesupport_cpp.dir/rosidl_typesupport_cpp/mobileye_560_660_msgs/msg/aftermarket_lane__type_support.cpp.o[0m
[ 50%] [32mBuilding CXX object CMakeFiles/mobileye_560_660_msgs__rosidl_typesupport_cpp.dir/rosidl_typesupport_cpp/mobileye_560_660_msgs/msg/tsr_vision_only__type_support.cpp.o[0m
[ 51%] [32mBuilding CXX object CMakeFiles/mobileye_560_660_msgs__rosidl_typesupport_cpp.dir/rosidl_typesupport_cpp/mobileye_560_660_msgs/msg/tsr__type_support.cpp.o[0m
[ 52%] [32mBuilding CXX object CMakeFiles/mobileye_560_660_msgs__rosidl_typesupport_cpp.dir/rosidl_typesupport_cpp/mobileye_560_660_msgs/msg/obstacle_status__type_support.cpp.o[0m
[ 53%] [32mBuilding CXX object CMakeFiles/mobileye_560_660_msgs__rosidl_typesupport_cpp.dir/rosidl_typesupport_cpp/mobileye_560_660_msgs/msg/obstacle_data__type_support.cpp.o[0m
[ 54%] [32mBuilding CXX object CMakeFiles/mobileye_560_660_msgs__rosidl_typesupport_cpp.dir/rosidl_typesupport_cpp/mobileye_560_660_msgs/msg/lka_reference_points__type_support.cpp.o[0m
[ 54%] [32mBuilding CXX object CMakeFiles/mobileye_560_660_msgs__rosidl_typesupport_cpp.dir/rosidl_typesupport_cpp/mobileye_560_660_msgs/msg/lka_num_of_next_lane_markers_reported__type_support.cpp.o[0m
[ 55%] [32mBuilding CXX object CMakeFiles/mobileye_560_660_msgs__rosidl_typesupport_cpp.dir/rosidl_typesupport_cpp/mobileye_560_660_msgs/msg/lka_lane__type_support.cpp.o[0m
[ 56%] [32mBuilding CXX object CMakeFiles/mobileye_560_660_msgs__rosidl_typesupport_cpp.dir/rosidl_typesupport_cpp/mobileye_560_660_msgs/msg/lane__type_support.cpp.o[0m
[ 57%] [32mBuilding CXX object CMakeFiles/mobileye_560_660_msgs__rosidl_typesupport_cpp.dir/rosidl_typesupport_cpp/mobileye_560_660_msgs/msg/fixed_foe__type_support.cpp.o[0m
[ 58%] [32mBuilding CXX object CMakeFiles/mobileye_560_660_msgs__rosidl_typesupport_cpp.dir/rosidl_typesupport_cpp/mobileye_560_660_msgs/msg/aws_display__type_support.cpp.o[0m
[ 58%] [32mBuilding CXX object CMakeFiles/mobileye_560_660_msgs__rosidl_typesupport_cpp.dir/rosidl_typesupport_cpp/mobileye_560_660_msgs/msg/ahbc_gradual__type_support.cpp.o[0m
[ 59%] [32mBuilding CXX object CMakeFiles/mobileye_560_660_msgs__rosidl_typesupport_cpp.dir/rosidl_typesupport_cpp/mobileye_560_660_msgs/msg/ahbc__type_support.cpp.o[0m
[ 60%] [32m[1mLinking CXX shared library libmobileye_560_660_msgs__rosidl_typesupport_cpp.so[0m
[ 60%] Built target mobileye_560_660_msgs__rosidl_typesupport_cpp
[ 61%] [34m[1mGenerating C type support for eProsima Fast-RTPS[0m
[35m[1mScanning dependencies of target mobileye_560_660_msgs__rosidl_typesupport_fastrtps_c[0m
[ 62%] [32mBuilding CXX object CMakeFiles/mobileye_560_660_msgs__rosidl_typesupport_fastrtps_c.dir/rosidl_typesupport_fastrtps_c/mobileye_560_660_msgs/msg/detail/aftermarket_lane__type_support_c.cpp.o[0m
[ 63%] [32mBuilding CXX object CMakeFiles/mobileye_560_660_msgs__rosidl_typesupport_fastrtps_c.dir/rosidl_typesupport_fastrtps_c/mobileye_560_660_msgs/msg/detail/tsr_vision_only__type_support_c.cpp.o[0m
[ 63%] [32mBuilding CXX object CMakeFiles/mobileye_560_660_msgs__rosidl_typesupport_fastrtps_c.dir/rosidl_typesupport_fastrtps_c/mobileye_560_660_msgs/msg/detail/tsr__type_support_c.cpp.o[0m
[ 64%] [32mBuilding CXX object CMakeFiles/mobileye_560_660_msgs__rosidl_typesupport_fastrtps_c.dir/rosidl_typesupport_fastrtps_c/mobileye_560_660_msgs/msg/detail/obstacle_status__type_support_c.cpp.o[0m
[ 65%] [32mBuilding CXX object CMakeFiles/mobileye_560_660_msgs__rosidl_typesupport_fastrtps_c.dir/rosidl_typesupport_fastrtps_c/mobileye_560_660_msgs/msg/detail/obstacle_data__type_support_c.cpp.o[0m
[ 66%] [32mBuilding CXX object CMakeFiles/mobileye_560_660_msgs__rosidl_typesupport_fastrtps_c.dir/rosidl_typesupport_fastrtps_c/mobileye_560_660_msgs/msg/detail/lka_reference_points__type_support_c.cpp.o[0m
[ 67%] [32mBuilding CXX object CMakeFiles/mobileye_560_660_msgs__rosidl_typesupport_fastrtps_c.dir/rosidl_typesupport_fastrtps_c/mobileye_560_660_msgs/msg/detail/lka_num_of_next_lane_markers_reported__type_support_c.cpp.o[0m
[ 67%] [32mBuilding CXX object CMakeFiles/mobileye_560_660_msgs__rosidl_typesupport_fastrtps_c.dir/rosidl_typesupport_fastrtps_c/mobileye_560_660_msgs/msg/detail/lka_lane__type_support_c.cpp.o[0m
[ 68%] [32mBuilding CXX object CMakeFiles/mobileye_560_660_msgs__rosidl_typesupport_fastrtps_c.dir/rosidl_typesupport_fastrtps_c/mobileye_560_660_msgs/msg/detail/lane__type_support_c.cpp.o[0m
[ 69%] [32mBuilding CXX object CMakeFiles/mobileye_560_660_msgs__rosidl_typesupport_fastrtps_c.dir/rosidl_typesupport_fastrtps_c/mobileye_560_660_msgs/msg/detail/fixed_foe__type_support_c.cpp.o[0m
[ 70%] [32mBuilding CXX object CMakeFiles/mobileye_560_660_msgs__rosidl_typesupport_fastrtps_c.dir/rosidl_typesupport_fastrtps_c/mobileye_560_660_msgs/msg/detail/aws_display__type_support_c.cpp.o[0m
[ 71%] [32mBuilding CXX object CMakeFiles/mobileye_560_660_msgs__rosidl_typesupport_fastrtps_c.dir/rosidl_typesupport_fastrtps_c/mobileye_560_660_msgs/msg/detail/ahbc_gradual__type_support_c.cpp.o[0m
[ 71%] [32mBuilding CXX object CMakeFiles/mobileye_560_660_msgs__rosidl_typesupport_fastrtps_c.dir/rosidl_typesupport_fastrtps_c/mobileye_560_660_msgs/msg/detail/ahbc__type_support_c.cpp.o[0m
[ 72%] [32m[1mLinking CXX shared library libmobileye_560_660_msgs__rosidl_typesupport_fastrtps_c.so[0m
[ 72%] Built target mobileye_560_660_msgs__rosidl_typesupport_fastrtps_c
[ 72%] [34m[1mGenerating C++ introspection for ROS interfaces[0m
[35m[1mScanning dependencies of target mobileye_560_660_msgs__rosidl_typesupport_introspection_cpp[0m
[ 73%] [32mBuilding CXX object CMakeFiles/mobileye_560_660_msgs__rosidl_typesupport_introspection_cpp.dir/rosidl_typesupport_introspection_cpp/mobileye_560_660_msgs/msg/detail/aftermarket_lane__type_support.cpp.o[0m
[ 74%] [32mBuilding CXX object CMakeFiles/mobileye_560_660_msgs__rosidl_typesupport_introspection_cpp.dir/rosidl_typesupport_introspection_cpp/mobileye_560_660_msgs/msg/detail/tsr_vision_only__type_support.cpp.o[0m
[ 75%] [32mBuilding CXX object CMakeFiles/mobileye_560_660_msgs__rosidl_typesupport_introspection_cpp.dir/rosidl_typesupport_introspection_cpp/mobileye_560_660_msgs/msg/detail/tsr__type_support.cpp.o[0m
[ 76%] [32mBuilding CXX object CMakeFiles/mobileye_560_660_msgs__rosidl_typesupport_introspection_cpp.dir/rosidl_typesupport_introspection_cpp/mobileye_560_660_msgs/msg/detail/obstacle_status__type_support.cpp.o[0m
[ 76%] [32mBuilding CXX object CMakeFiles/mobileye_560_660_msgs__rosidl_typesupport_introspection_cpp.dir/rosidl_typesupport_introspection_cpp/mobileye_560_660_msgs/msg/detail/obstacle_data__type_support.cpp.o[0m
[ 77%] [32mBuilding CXX object CMakeFiles/mobileye_560_660_msgs__rosidl_typesupport_introspection_cpp.dir/rosidl_typesupport_introspection_cpp/mobileye_560_660_msgs/msg/detail/lka_reference_points__type_support.cpp.o[0m
[ 78%] [32mBuilding CXX object CMakeFiles/mobileye_560_660_msgs__rosidl_typesupport_introspection_cpp.dir/rosidl_typesupport_introspection_cpp/mobileye_560_660_msgs/msg/detail/lka_num_of_next_lane_markers_reported__type_support.cpp.o[0m
[ 79%] [32mBuilding CXX object CMakeFiles/mobileye_560_660_msgs__rosidl_typesupport_introspection_cpp.dir/rosidl_typesupport_introspection_cpp/mobileye_560_660_msgs/msg/detail/lka_lane__type_support.cpp.o[0m
[ 80%] [32mBuilding CXX object CMakeFiles/mobileye_560_660_msgs__rosidl_typesupport_introspection_cpp.dir/rosidl_typesupport_introspection_cpp/mobileye_560_660_msgs/msg/detail/lane__type_support.cpp.o[0m
[ 80%] [32mBuilding CXX object CMakeFiles/mobileye_560_660_msgs__rosidl_typesupport_introspection_cpp.dir/rosidl_typesupport_introspection_cpp/mobileye_560_660_msgs/msg/detail/fixed_foe__type_support.cpp.o[0m
[ 81%] [32mBuilding CXX object CMakeFiles/mobileye_560_660_msgs__rosidl_typesupport_introspection_cpp.dir/rosidl_typesupport_introspection_cpp/mobileye_560_660_msgs/msg/detail/aws_display__type_support.cpp.o[0m
[ 82%] [32mBuilding CXX object CMakeFiles/mobileye_560_660_msgs__rosidl_typesupport_introspection_cpp.dir/rosidl_typesupport_introspection_cpp/mobileye_560_660_msgs/msg/detail/ahbc_gradual__type_support.cpp.o[0m
[ 83%] [32mBuilding CXX object CMakeFiles/mobileye_560_660_msgs__rosidl_typesupport_introspection_cpp.dir/rosidl_typesupport_introspection_cpp/mobileye_560_660_msgs/msg/detail/ahbc__type_support.cpp.o[0m
[ 84%] [32m[1mLinking CXX shared library libmobileye_560_660_msgs__rosidl_typesupport_introspection_cpp.so[0m
[ 84%] Built target mobileye_560_660_msgs__rosidl_typesupport_introspection_cpp
[35m[1mScanning dependencies of target mobileye_560_660_msgs[0m
[ 84%] Built target mobileye_560_660_msgs
[35m[1mScanning dependencies of target mobileye_560_660_msgs__py[0m
[ 85%] [34m[1mGenerating Python code for ROS interfaces[0m
[ 85%] Built target mobileye_560_660_msgs__py
[35m[1mScanning dependencies of target mobileye_560_660_msgs__python[0m
[ 86%] [32mBuilding C object CMakeFiles/mobileye_560_660_msgs__python.dir/rosidl_generator_py/mobileye_560_660_msgs/msg/_aftermarket_lane_s.c.o[0m
[ 87%] [32mBuilding C object CMakeFiles/mobileye_560_660_msgs__python.dir/rosidl_generator_py/mobileye_560_660_msgs/msg/_ahbc_s.c.o[0m
[ 87%] [32mBuilding C object CMakeFiles/mobileye_560_660_msgs__python.dir/rosidl_generator_py/mobileye_560_660_msgs/msg/_tsr_vision_only_s.c.o[0m
[ 88%] [32mBuilding C object CMakeFiles/mobileye_560_660_msgs__python.dir/rosidl_generator_py/mobileye_560_660_msgs/msg/_tsr_s.c.o[0m
[ 89%] [32mBuilding C object CMakeFiles/mobileye_560_660_msgs__python.dir/rosidl_generator_py/mobileye_560_660_msgs/msg/_obstacle_status_s.c.o[0m
[ 90%] [32mBuilding C object CMakeFiles/mobileye_560_660_msgs__python.dir/rosidl_generator_py/mobileye_560_660_msgs/msg/_obstacle_data_s.c.o[0m
[ 91%] [32mBuilding C object CMakeFiles/mobileye_560_660_msgs__python.dir/rosidl_generator_py/mobileye_560_660_msgs/msg/_lka_reference_points_s.c.o[0m
[ 91%] [32mBuilding C object CMakeFiles/mobileye_560_660_msgs__python.dir/rosidl_generator_py/mobileye_560_660_msgs/msg/_lka_num_of_next_lane_markers_reported_s.c.o[0m
[ 92%] [32mBuilding C object CMakeFiles/mobileye_560_660_msgs__python.dir/rosidl_generator_py/mobileye_560_660_msgs/msg/_lka_lane_s.c.o[0m
[ 93%] [32mBuilding C object CMakeFiles/mobileye_560_660_msgs__python.dir/rosidl_generator_py/mobileye_560_660_msgs/msg/_lane_s.c.o[0m
[ 94%] [32mBuilding C object CMakeFiles/mobileye_560_660_msgs__python.dir/rosidl_generator_py/mobileye_560_660_msgs/msg/_fixed_foe_s.c.o[0m
[ 95%] [32mBuilding C object CMakeFiles/mobileye_560_660_msgs__python.dir/rosidl_generator_py/mobileye_560_660_msgs/msg/_aws_display_s.c.o[0m
[ 95%] [32mBuilding C object CMakeFiles/mobileye_560_660_msgs__python.dir/rosidl_generator_py/mobileye_560_660_msgs/msg/_ahbc_gradual_s.c.o[0m
[ 96%] [32m[1mLinking C shared library rosidl_generator_py/mobileye_560_660_msgs/libmobileye_560_660_msgs__python.so[0m
[ 96%] Built target mobileye_560_660_msgs__python
[35m[1mScanning dependencies of target mobileye_560_660_msgs__rosidl_typesupport_fastrtps_c__pyext[0m
[35m[1mScanning dependencies of target mobileye_560_660_msgs__rosidl_typesupport_introspection_c__pyext[0m
[ 97%] [32mBuilding C object CMakeFiles/mobileye_560_660_msgs__rosidl_typesupport_fastrtps_c__pyext.dir/rosidl_generator_py/mobileye_560_660_msgs/_mobileye_560_660_msgs_s.ep.rosidl_typesupport_fastrtps_c.c.o[0m
[ 98%] [32mBuilding C object CMakeFiles/mobileye_560_660_msgs__rosidl_typesupport_introspection_c__pyext.dir/rosidl_generator_py/mobileye_560_660_msgs/_mobileye_560_660_msgs_s.ep.rosidl_typesupport_introspection_c.c.o[0m
[ 98%] [32m[1mLinking CXX shared library rosidl_generator_py/mobileye_560_660_msgs/mobileye_560_660_msgs_s__rosidl_typesupport_fastrtps_c.cpython-38-x86_64-linux-gnu.so[0m
[ 99%] [32m[1mLinking C shared library rosidl_generator_py/mobileye_560_660_msgs/mobileye_560_660_msgs_s__rosidl_typesupport_introspection_c.cpython-38-x86_64-linux-gnu.so[0m
[ 99%] Built target mobileye_560_660_msgs__rosidl_typesupport_fastrtps_c__pyext
[35m[1mScanning dependencies of target mobileye_560_660_msgs__rosidl_typesupport_c__pyext[0m
[ 99%] Built target mobileye_560_660_msgs__rosidl_typesupport_introspection_c__pyext
[100%] [32mBuilding C object CMakeFiles/mobileye_560_660_msgs__rosidl_typesupport_c__pyext.dir/rosidl_generator_py/mobileye_560_660_msgs/_mobileye_560_660_msgs_s.ep.rosidl_typesupport_c.c.o[0m
[100%] [32m[1mLinking C shared library rosidl_generator_py/mobileye_560_660_msgs/mobileye_560_660_msgs_s__rosidl_typesupport_c.cpython-38-x86_64-linux-gnu.so[0m
[100%] Built target mobileye_560_660_msgs__rosidl_typesupport_c__pyext
-- Install configuration: ""
-- Installing: /home/martin/Desktop/Stage/Projet/ws_carla_ros/install/mobileye_560_660_msgs/share/ament_index/resource_index/rosidl_interfaces/mobileye_560_660_msgs
-- Installing: /home/martin/Desktop/Stage/Projet/ws_carla_ros/install/mobileye_560_660_msgs/include/mobileye_560_660_msgs
-- Installing: /home/martin/Desktop/Stage/Projet/ws_carla_ros/install/mobileye_560_660_msgs/include/mobileye_560_660_msgs/msg
-- Installing: /home/martin/Desktop/Stage/Projet/ws_carla_ros/install/mobileye_560_660_msgs/include/mobileye_560_660_msgs/msg/aws_display.h
-- Installing: /home/martin/Desktop/Stage/Projet/ws_carla_ros/install/mobileye_560_660_msgs/include/mobileye_560_660_msgs/msg/tsr_vision_only.h
-- Installing: /home/martin/Desktop/Stage/Projet/ws_carla_ros/install/mobileye_560_660_msgs/include/mobileye_560_660_msgs/msg/obstacle_status.h
-- Installing: /home/martin/Desktop/Stage/Projet/ws_carla_ros/install/mobileye_560_660_msgs/include/mobileye_560_660_msgs/msg/tsr.h
-- Installing: /home/martin/Desktop/Stage/Projet/ws_carla_ros/install/mobileye_560_660_msgs/include/mobileye_560_660_msgs/msg/rosidl_generator_c__visibility_control.h
-- Installing: /home/martin/Desktop/Stage/Projet/ws_carla_ros/install/mobileye_560_660_msgs/include/mobileye_560_660_msgs/msg/ahbc.h
-- Installing: /home/martin/Desktop/Stage/Projet/ws_carla_ros/install/mobileye_560_660_msgs/include/mobileye_560_660_msgs/msg/lka_num_of_next_lane_markers_reported.h
-- Installing: /home/martin/Desktop/Stage/Projet/ws_carla_ros/install/mobileye_560_660_msgs/include/mobileye_560_660_msgs/msg/lka_reference_points.h
-- Installing: /home/martin/Desktop/Stage/Projet/ws_carla_ros/install/mobileye_560_660_msgs/include/mobileye_560_660_msgs/msg/lane.h
-- Installing: /home/martin/Desktop/Stage/Projet/ws_carla_ros/install/mobileye_560_660_msgs/include/mobileye_560_660_msgs/msg/aftermarket_lane.h
-- Installing: /home/martin/Desktop/Stage/Projet/ws_carla_ros/install/mobileye_560_660_msgs/include/mobileye_560_660_msgs/msg/ahbc_gradual.h
-- Installing: /home/martin/Desktop/Stage/Projet/ws_carla_ros/install/mobileye_560_660_msgs/include/mobileye_560_660_msgs/msg/detail
-- Installing: /home/martin/Desktop/Stage/Projet/ws_carla_ros/install/mobileye_560_660_msgs/include/mobileye_560_660_msgs/msg/detail/obstacle_status__type_support.h
-- Installing: /home/martin/Desktop/Stage/Projet/ws_carla_ros/install/mobileye_560_660_msgs/include/mobileye_560_660_msgs/msg/detail/fixed_foe__functions.c
-- Installing: /home/martin/Desktop/Stage/Projet/ws_carla_ros/install/mobileye_560_660_msgs/include/mobileye_560_660_msgs/msg/detail/lka_reference_points__functions.h
-- Installing: /home/martin/Desktop/Stage/Projet/ws_carla_ros/install/mobileye_560_660_msgs/include/mobileye_560_660_msgs/msg/detail/lka_lane__type_support.h
-- Installing: /home/martin/Desktop/Stage/Projet/ws_carla_ros/install/mobileye_560_660_msgs/include/mobileye_560_660_msgs/msg/detail/lane__functions.h
-- Installing: /home/martin/Desktop/Stage/Projet/ws_carla_ros/install/mobileye_560_660_msgs/include/mobileye_560_660_msgs/msg/detail/lka_reference_points__type_support.h
-- Installing: /home/martin/Desktop/Stage/Projet/ws_carla_ros/install/mobileye_560_660_msgs/include/mobileye_560_660_msgs/msg/detail/obstacle_status__functions.c
-- Installing: /home/martin/Desktop/Stage/Projet/ws_carla_ros/install/mobileye_560_660_msgs/include/mobileye_560_660_msgs/msg/detail/lane__struct.h
-- Installing: /home/martin/Desktop/Stage/Projet/ws_carla_ros/install/mobileye_560_660_msgs/include/mobileye_560_660_msgs/msg/detail/tsr__functions.h
-- Installing: /home/martin/Desktop/Stage/Projet/ws_carla_ros/install/mobileye_560_660_msgs/include/mobileye_560_660_msgs/msg/detail/fixed_foe__struct.h
-- Installing: /home/martin/Desktop/Stage/Projet/ws_carla_ros/install/mobileye_560_660_msgs/include/mobileye_560_660_msgs/msg/detail/tsr_vision_only__struct.h
-- Installing: /home/martin/Desktop/Stage/Projet/ws_carla_ros/install/mobileye_560_660_msgs/include/mobileye_560_660_msgs/msg/detail/ahbc_gradual__type_support.h
-- Installing: /home/martin/Desktop/Stage/Projet/ws_carla_ros/install/mobileye_560_660_msgs/include/mobileye_560_660_msgs/msg/detail/tsr_vision_only__functions.c
-- Installing: /home/martin/Desktop/Stage/Projet/ws_carla_ros/install/mobileye_560_660_msgs/include/mobileye_560_660_msgs/msg/detail/lka_lane__functions.h
-- Installing: /home/martin/Desktop/Stage/Projet/ws_carla_ros/install/mobileye_560_660_msgs/include/mobileye_560_660_msgs/msg/detail/ahbc__struct.h
-- Installing: /home/martin/Desktop/Stage/Projet/ws_carla_ros/install/mobileye_560_660_msgs/include/mobileye_560_660_msgs/msg/detail/lka_num_of_next_lane_markers_reported__functions.h
-- Installing: /home/martin/Desktop/Stage/Projet/ws_carla_ros/install/mobileye_560_660_msgs/include/mobileye_560_660_msgs/msg/detail/aftermarket_lane__struct.h
-- Installing: /home/martin/Desktop/Stage/Projet/ws_carla_ros/install/mobileye_560_660_msgs/include/mobileye_560_660_msgs/msg/detail/lane__type_support.h
-- Installing: /home/martin/Desktop/Stage/Projet/ws_carla_ros/install/mobileye_560_660_msgs/include/mobileye_560_660_msgs/msg/detail/fixed_foe__functions.h
-- Installing: /home/martin/Desktop/Stage/Projet/ws_carla_ros/install/mobileye_560_660_msgs/include/mobileye_560_660_msgs/msg/detail/lka_lane__struct.h
-- Installing: /home/martin/Desktop/Stage/Projet/ws_carla_ros/install/mobileye_560_660_msgs/include/mobileye_560_660_msgs/msg/detail/ahbc__type_support.h
-- Installing: /home/martin/Desktop/Stage/Projet/ws_carla_ros/install/mobileye_560_660_msgs/include/mobileye_560_660_msgs/msg/detail/lka_num_of_next_lane_markers_reported__functions.c
-- Installing: /home/martin/Desktop/Stage/Projet/ws_carla_ros/install/mobileye_560_660_msgs/include/mobileye_560_660_msgs/msg/detail/obstacle_data__functions.h
-- Installing: /home/martin/Desktop/Stage/Projet/ws_carla_ros/install/mobileye_560_660_msgs/include/mobileye_560_660_msgs/msg/detail/aftermarket_lane__type_support.h
-- Installing: /home/martin/Desktop/Stage/Projet/ws_carla_ros/install/mobileye_560_660_msgs/include/mobileye_560_660_msgs/msg/detail/obstacle_status__functions.h
-- Installing: /home/martin/Desktop/Stage/Projet/ws_carla_ros/install/mobileye_560_660_msgs/include/mobileye_560_660_msgs/msg/detail/obstacle_data__functions.c
-- Installing: /home/martin/Desktop/Stage/Projet/ws_carla_ros/install/mobileye_560_660_msgs/include/mobileye_560_660_msgs/msg/detail/aws_display__functions.c
-- Installing: /home/martin/Desktop/Stage/Projet/ws_carla_ros/install/mobileye_560_660_msgs/include/mobileye_560_660_msgs/msg/detail/obstacle_status__struct.h
-- Installing: /home/martin/Desktop/Stage/Projet/ws_carla_ros/install/mobileye_560_660_msgs/include/mobileye_560_660_msgs/msg/detail/aws_display__functions.h
-- Installing: /home/martin/Desktop/Stage/Projet/ws_carla_ros/install/mobileye_560_660_msgs/include/mobileye_560_660_msgs/msg/detail/lane__functions.c
-- Installing: /home/martin/Desktop/Stage/Projet/ws_carla_ros/install/mobileye_560_660_msgs/include/mobileye_560_660_msgs/msg/detail/obstacle_data__struct.h
-- Installing: /home/martin/Desktop/Stage/Projet/ws_carla_ros/install/mobileye_560_660_msgs/include/mobileye_560_660_msgs/msg/detail/tsr__struct.h
-- Installing: /home/martin/Desktop/Stage/Projet/ws_carla_ros/install/mobileye_560_660_msgs/include/mobileye_560_660_msgs/msg/detail/tsr_vision_only__functions.h
-- Installing: /home/martin/Desktop/Stage/Projet/ws_carla_ros/install/mobileye_560_660_msgs/include/mobileye_560_660_msgs/msg/detail/lka_reference_points__struct.h
-- Installing: /home/martin/Desktop/Stage/Projet/ws_carla_ros/install/mobileye_560_660_msgs/include/mobileye_560_660_msgs/msg/detail/aws_display__type_support.h
-- Installing: /home/martin/Desktop/Stage/Projet/ws_carla_ros/install/mobileye_560_660_msgs/include/mobileye_560_660_msgs/msg/detail/lka_num_of_next_lane_markers_reported__struct.h
-- Installing: /home/martin/Desktop/Stage/Projet/ws_carla_ros/install/mobileye_560_660_msgs/include/mobileye_560_660_msgs/msg/detail/ahbc_gradual__functions.c
-- Installing: /home/martin/Desktop/Stage/Projet/ws_carla_ros/install/mobileye_560_660_msgs/include/mobileye_560_660_msgs/msg/detail/ahbc__functions.h
-- Installing: /home/martin/Desktop/Stage/Projet/ws_carla_ros/install/mobileye_560_660_msgs/include/mobileye_560_660_msgs/msg/detail/ahbc__functions.c
-- Installing: /home/martin/Desktop/Stage/Projet/ws_carla_ros/install/mobileye_560_660_msgs/include/mobileye_560_660_msgs/msg/detail/aftermarket_lane__functions.c
-- Installing: /home/martin/Desktop/Stage/Projet/ws_carla_ros/install/mobileye_560_660_msgs/include/mobileye_560_660_msgs/msg/detail/tsr__functions.c
-- Installing: /home/martin/Desktop/Stage/Projet/ws_carla_ros/install/mobileye_560_660_msgs/include/mobileye_560_660_msgs/msg/detail/aws_display__struct.h
-- Installing: /home/martin/Desktop/Stage/Projet/ws_carla_ros/install/mobileye_560_660_msgs/include/mobileye_560_660_msgs/msg/detail/aftermarket_lane__functions.h
-- Installing: /home/martin/Desktop/Stage/Projet/ws_carla_ros/install/mobileye_560_660_msgs/include/mobileye_560_660_msgs/msg/detail/tsr_vision_only__type_support.h
-- Installing: /home/martin/Desktop/Stage/Projet/ws_carla_ros/install/mobileye_560_660_msgs/include/mobileye_560_660_msgs/msg/detail/fixed_foe__type_support.h
-- Installing: /home/martin/Desktop/Stage/Projet/ws_carla_ros/install/mobileye_560_660_msgs/include/mobileye_560_660_msgs/msg/detail/lka_reference_points__functions.c
-- Installing: /home/martin/Desktop/Stage/Projet/ws_carla_ros/install/mobileye_560_660_msgs/include/mobileye_560_660_msgs/msg/detail/tsr__type_support.h
-- Installing: /home/martin/Desktop/Stage/Projet/ws_carla_ros/install/mobileye_560_660_msgs/include/mobileye_560_660_msgs/msg/detail/lka_lane__functions.c
-- Installing: /home/martin/Desktop/Stage/Projet/ws_carla_ros/install/mobileye_560_660_msgs/include/mobileye_560_660_msgs/msg/detail/obstacle_data__type_support.h
-- Installing: /home/martin/Desktop/Stage/Projet/ws_carla_ros/install/mobileye_560_660_msgs/include/mobileye_560_660_msgs/msg/detail/ahbc_gradual__struct.h
-- Installing: /home/martin/Desktop/Stage/Projet/ws_carla_ros/install/mobileye_560_660_msgs/include/mobileye_560_660_msgs/msg/detail/ahbc_gradual__functions.h
-- Installing: /home/martin/Desktop/Stage/Projet/ws_carla_ros/install/mobileye_560_660_msgs/include/mobileye_560_660_msgs/msg/detail/lka_num_of_next_lane_markers_reported__type_support.h
-- Installing: /home/martin/Desktop/Stage/Projet/ws_carla_ros/install/mobileye_560_660_msgs/include/mobileye_560_660_msgs/msg/obstacle_data.h
-- Installing: /home/martin/Desktop/Stage/Projet/ws_carla_ros/install/mobileye_560_660_msgs/include/mobileye_560_660_msgs/msg/fixed_foe.h
-- Installing: /home/martin/Desktop/Stage/Projet/ws_carla_ros/install/mobileye_560_660_msgs/include/mobileye_560_660_msgs/msg/lka_lane.h
-- Installing: /home/martin/Desktop/Stage/Projet/ws_carla_ros/install/mobileye_560_660_msgs/share/mobileye_560_660_msgs/environment/library_path.sh
-- Installing: /home/martin/Desktop/Stage/Projet/ws_carla_ros/install/mobileye_560_660_msgs/share/mobileye_560_660_msgs/environment/library_path.dsv
-- Installing: /home/martin/Desktop/Stage/Projet/ws_carla_ros/install/mobileye_560_660_msgs/lib/libmobileye_560_660_msgs__rosidl_generator_c.so
-- Set runtime path of "/home/martin/Desktop/Stage/Projet/ws_carla_ros/install/mobileye_560_660_msgs/lib/libmobileye_560_660_msgs__rosidl_generator_c.so" to ""
-- Up-to-date: /home/martin/Desktop/Stage/Projet/ws_carla_ros/install/mobileye_560_660_msgs/include/mobileye_560_660_msgs
-- Up-to-date: /home/martin/Desktop/Stage/Projet/ws_carla_ros/install/mobileye_560_660_msgs/include/mobileye_560_660_msgs/msg
-- Installing: /home/martin/Desktop/Stage/Projet/ws_carla_ros/install/mobileye_560_660_msgs/include/mobileye_560_660_msgs/msg/rosidl_typesupport_fastrtps_c__visibility_control.h
-- Up-to-date: /home/martin/Desktop/Stage/Projet/ws_carla_ros/install/mobileye_560_660_msgs/include/mobileye_560_660_msgs/msg/detail
-- Installing: /home/martin/Desktop/Stage/Projet/ws_carla_ros/install/mobileye_560_660_msgs/include/mobileye_560_660_msgs/msg/detail/ahbc_gradual__rosidl_typesupport_fastrtps_c.h
-- Installing: /home/martin/Desktop/Stage/Projet/ws_carla_ros/install/mobileye_560_660_msgs/include/mobileye_560_660_msgs/msg/detail/ahbc__rosidl_typesupport_fastrtps_c.h
-- Installing: /home/martin/Desktop/Stage/Projet/ws_carla_ros/install/mobileye_560_660_msgs/include/mobileye_560_660_msgs/msg/detail/obstacle_data__rosidl_typesupport_fastrtps_c.h
-- Installing: /home/martin/Desktop/Stage/Projet/ws_carla_ros/install/mobileye_560_660_msgs/include/mobileye_560_660_msgs/msg/detail/aftermarket_lane__rosidl_typesupport_fastrtps_c.h
-- Installing: /home/martin/Desktop/Stage/Projet/ws_carla_ros/install/mobileye_560_660_msgs/include/mobileye_560_660_msgs/msg/detail/aws_display__rosidl_typesupport_fastrtps_c.h
-- Installing: /home/martin/Desktop/Stage/Projet/ws_carla_ros/install/mobileye_560_660_msgs/include/mobileye_560_660_msgs/msg/detail/lka_reference_points__rosidl_typesupport_fastrtps_c.h
-- Installing: /home/martin/Desktop/Stage/Projet/ws_carla_ros/install/mobileye_560_660_msgs/include/mobileye_560_660_msgs/msg/detail/tsr_vision_only__rosidl_typesupport_fastrtps_c.h
-- Installing: /home/martin/Desktop/Stage/Projet/ws_carla_ros/install/mobileye_560_660_msgs/include/mobileye_560_660_msgs/msg/detail/lane__rosidl_typesupport_fastrtps_c.h
-- Installing: /home/martin/Desktop/Stage/Projet/ws_carla_ros/install/mobileye_560_660_msgs/include/mobileye_560_660_msgs/msg/detail/lka_lane__rosidl_typesupport_fastrtps_c.h
-- Installing: /home/martin/Desktop/Stage/Projet/ws_carla_ros/install/mobileye_560_660_msgs/include/mobileye_560_660_msgs/msg/detail/fixed_foe__rosidl_typesupport_fastrtps_c.h
-- Installing: /home/martin/Desktop/Stage/Projet/ws_carla_ros/install/mobileye_560_660_msgs/include/mobileye_560_660_msgs/msg/detail/tsr__rosidl_typesupport_fastrtps_c.h
-- Installing: /home/martin/Desktop/Stage/Projet/ws_carla_ros/install/mobileye_560_660_msgs/include/mobileye_560_660_msgs/msg/detail/obstacle_status__rosidl_typesupport_fastrtps_c.h
-- Installing: /home/martin/Desktop/Stage/Projet/ws_carla_ros/install/mobileye_560_660_msgs/include/mobileye_560_660_msgs/msg/detail/lka_num_of_next_lane_markers_reported__rosidl_typesupport_fastrtps_c.h
-- Installing: /home/martin/Desktop/Stage/Projet/ws_carla_ros/install/mobileye_560_660_msgs/lib/libmobileye_560_660_msgs__rosidl_typesupport_fastrtps_c.so
-- Set runtime path of "/home/martin/Desktop/Stage/Projet/ws_carla_ros/install/mobileye_560_660_msgs/lib/libmobileye_560_660_msgs__rosidl_typesupport_fastrtps_c.so" to ""
-- Up-to-date: /home/martin/Desktop/Stage/Projet/ws_carla_ros/install/mobileye_560_660_msgs/include/mobileye_560_660_msgs
-- Up-to-date: /home/martin/Desktop/Stage/Projet/ws_carla_ros/install/mobileye_560_660_msgs/include/mobileye_560_660_msgs/msg
-- Up-to-date: /home/martin/Desktop/Stage/Projet/ws_carla_ros/install/mobileye_560_660_msgs/include/mobileye_560_660_msgs/msg/detail
-- Installing: /home/martin/Desktop/Stage/Projet/ws_carla_ros/install/mobileye_560_660_msgs/include/mobileye_560_660_msgs/msg/detail/ahbc_gradual__rosidl_typesupport_fastrtps_cpp.hpp
-- Installing: /home/martin/Desktop/Stage/Projet/ws_carla_ros/install/mobileye_560_660_msgs/include/mobileye_560_660_msgs/msg/detail/obstacle_data__rosidl_typesupport_fastrtps_cpp.hpp
-- Installing: /home/martin/Desktop/Stage/Projet/ws_carla_ros/install/mobileye_560_660_msgs/include/mobileye_560_660_msgs/msg/detail/tsr_vision_only__rosidl_typesupport_fastrtps_cpp.hpp
-- Installing: /home/martin/Desktop/Stage/Projet/ws_carla_ros/install/mobileye_560_660_msgs/include/mobileye_560_660_msgs/msg/detail/lka_lane__rosidl_typesupport_fastrtps_cpp.hpp
-- Installing: /home/martin/Desktop/Stage/Projet/ws_carla_ros/install/mobileye_560_660_msgs/include/mobileye_560_660_msgs/msg/detail/obstacle_status__rosidl_typesupport_fastrtps_cpp.hpp
-- Installing: /home/martin/Desktop/Stage/Projet/ws_carla_ros/install/mobileye_560_660_msgs/include/mobileye_560_660_msgs/msg/detail/lane__rosidl_typesupport_fastrtps_cpp.hpp
-- Installing: /home/martin/Desktop/Stage/Projet/ws_carla_ros/install/mobileye_560_660_msgs/include/mobileye_560_660_msgs/msg/detail/aws_display__rosidl_typesupport_fastrtps_cpp.hpp
-- Installing: /home/martin/Desktop/Stage/Projet/ws_carla_ros/install/mobileye_560_660_msgs/include/mobileye_560_660_msgs/msg/detail/lka_num_of_next_lane_markers_reported__rosidl_typesupport_fastrtps_cpp.hpp
-- Installing: /home/martin/Desktop/Stage/Projet/ws_carla_ros/install/mobileye_560_660_msgs/include/mobileye_560_660_msgs/msg/detail/aftermarket_lane__rosidl_typesupport_fastrtps_cpp.hpp
-- Installing: /home/martin/Desktop/Stage/Projet/ws_carla_ros/install/mobileye_560_660_msgs/include/mobileye_560_660_msgs/msg/detail/dds_fastrtps
-- Installing: /home/martin/Desktop/Stage/Projet/ws_carla_ros/install/mobileye_560_660_msgs/include/mobileye_560_660_msgs/msg/detail/fixed_foe__rosidl_typesupport_fastrtps_cpp.hpp
-- Installing: /home/martin/Desktop/Stage/Projet/ws_carla_ros/install/mobileye_560_660_msgs/include/mobileye_560_660_msgs/msg/detail/tsr__rosidl_typesupport_fastrtps_cpp.hpp
-- Installing: /home/martin/Desktop/Stage/Projet/ws_carla_ros/install/mobileye_560_660_msgs/include/mobileye_560_660_msgs/msg/detail/lka_reference_points__rosidl_typesupport_fastrtps_cpp.hpp
-- Installing: /home/martin/Desktop/Stage/Projet/ws_carla_ros/install/mobileye_560_660_msgs/include/mobileye_560_660_msgs/msg/detail/ahbc__rosidl_typesupport_fastrtps_cpp.hpp
-- Installing: /home/martin/Desktop/Stage/Projet/ws_carla_ros/install/mobileye_560_660_msgs/include/mobileye_560_660_msgs/msg/rosidl_typesupport_fastrtps_cpp__visibility_control.h
-- Installing: /home/martin/Desktop/Stage/Projet/ws_carla_ros/install/mobileye_560_660_msgs/lib/libmobileye_560_660_msgs__rosidl_typesupport_fastrtps_cpp.so
-- Set runtime path of "/home/martin/Desktop/Stage/Projet/ws_carla_ros/install/mobileye_560_660_msgs/lib/libmobileye_560_660_msgs__rosidl_typesupport_fastrtps_cpp.so" to ""
-- Up-to-date: /home/martin/Desktop/Stage/Projet/ws_carla_ros/install/mobileye_560_660_msgs/include/mobileye_560_660_msgs
-- Up-to-date: /home/martin/Desktop/Stage/Projet/ws_carla_ros/install/mobileye_560_660_msgs/include/mobileye_560_660_msgs/msg
-- Installing: /home/martin/Desktop/Stage/Projet/ws_carla_ros/install/mobileye_560_660_msgs/include/mobileye_560_660_msgs/msg/rosidl_typesupport_introspection_c__visibility_control.h
-- Up-to-date: /home/martin/Desktop/Stage/Projet/ws_carla_ros/install/mobileye_560_660_msgs/include/mobileye_560_660_msgs/msg/detail
-- Installing: /home/martin/Desktop/Stage/Projet/ws_carla_ros/install/mobileye_560_660_msgs/include/mobileye_560_660_msgs/msg/detail/lka_num_of_next_lane_markers_reported__type_support.c
-- Installing: /home/martin/Desktop/Stage/Projet/ws_carla_ros/install/mobileye_560_660_msgs/include/mobileye_560_660_msgs/msg/detail/ahbc_gradual__rosidl_typesupport_introspection_c.h
-- Installing: /home/martin/Desktop/Stage/Projet/ws_carla_ros/install/mobileye_560_660_msgs/include/mobileye_560_660_msgs/msg/detail/fixed_foe__type_support.c
-- Installing: /home/martin/Desktop/Stage/Projet/ws_carla_ros/install/mobileye_560_660_msgs/include/mobileye_560_660_msgs/msg/detail/obstacle_status__rosidl_typesupport_introspection_c.h
-- Installing: /home/martin/Desktop/Stage/Projet/ws_carla_ros/install/mobileye_560_660_msgs/include/mobileye_560_660_msgs/msg/detail/lka_reference_points__type_support.c
-- Installing: /home/martin/Desktop/Stage/Projet/ws_carla_ros/install/mobileye_560_660_msgs/include/mobileye_560_660_msgs/msg/detail/lane__rosidl_typesupport_introspection_c.h
-- Installing: /home/martin/Desktop/Stage/Projet/ws_carla_ros/install/mobileye_560_660_msgs/include/mobileye_560_660_msgs/msg/detail/lane__type_support.c
-- Installing: /home/martin/Desktop/Stage/Projet/ws_carla_ros/install/mobileye_560_660_msgs/include/mobileye_560_660_msgs/msg/detail/ahbc_gradual__type_support.c
-- Installing: /home/martin/Desktop/Stage/Projet/ws_carla_ros/install/mobileye_560_660_msgs/include/mobileye_560_660_msgs/msg/detail/tsr__rosidl_typesupport_introspection_c.h
-- Installing: /home/martin/Desktop/Stage/Projet/ws_carla_ros/install/mobileye_560_660_msgs/include/mobileye_560_660_msgs/msg/detail/obstacle_data__type_support.c
-- Installing: /home/martin/Desktop/Stage/Projet/ws_carla_ros/install/mobileye_560_660_msgs/include/mobileye_560_660_msgs/msg/detail/fixed_foe__rosidl_typesupport_introspection_c.h
-- Installing: /home/martin/Desktop/Stage/Projet/ws_carla_ros/install/mobileye_560_660_msgs/include/mobileye_560_660_msgs/msg/detail/tsr__type_support.c
-- Installing: /home/martin/Desktop/Stage/Projet/ws_carla_ros/install/mobileye_560_660_msgs/include/mobileye_560_660_msgs/msg/detail/tsr_vision_only__type_support.c
-- Installing: /home/martin/Desktop/Stage/Projet/ws_carla_ros/install/mobileye_560_660_msgs/include/mobileye_560_660_msgs/msg/detail/lka_num_of_next_lane_markers_reported__rosidl_typesupport_introspection_c.h
-- Installing: /home/martin/Desktop/Stage/Projet/ws_carla_ros/install/mobileye_560_660_msgs/include/mobileye_560_660_msgs/msg/detail/obstacle_data__rosidl_typesupport_introspection_c.h
-- Installing: /home/martin/Desktop/Stage/Projet/ws_carla_ros/install/mobileye_560_660_msgs/include/mobileye_560_660_msgs/msg/detail/ahbc__type_support.c
-- Installing: /home/martin/Desktop/Stage/Projet/ws_carla_ros/install/mobileye_560_660_msgs/include/mobileye_560_660_msgs/msg/detail/lka_reference_points__rosidl_typesupport_introspection_c.h
-- Installing: /home/martin/Desktop/Stage/Projet/ws_carla_ros/install/mobileye_560_660_msgs/include/mobileye_560_660_msgs/msg/detail/aftermarket_lane__rosidl_typesupport_introspection_c.h
-- Installing: /home/martin/Desktop/Stage/Projet/ws_carla_ros/install/mobileye_560_660_msgs/include/mobileye_560_660_msgs/msg/detail/obstacle_status__type_support.c
-- Installing: /home/martin/Desktop/Stage/Projet/ws_carla_ros/install/mobileye_560_660_msgs/include/mobileye_560_660_msgs/msg/detail/lka_lane__type_support.c
-- Installing: /home/martin/Desktop/Stage/Projet/ws_carla_ros/install/mobileye_560_660_msgs/include/mobileye_560_660_msgs/msg/detail/tsr_vision_only__rosidl_typesupport_introspection_c.h
-- Installing: /home/martin/Desktop/Stage/Projet/ws_carla_ros/install/mobileye_560_660_msgs/include/mobileye_560_660_msgs/msg/detail/aws_display__type_support.c
-- Installing: /home/martin/Desktop/Stage/Projet/ws_carla_ros/install/mobileye_560_660_msgs/include/mobileye_560_660_msgs/msg/detail/ahbc__rosidl_typesupport_introspection_c.h
-- Installing: /home/martin/Desktop/Stage/Projet/ws_carla_ros/install/mobileye_560_660_msgs/include/mobileye_560_660_msgs/msg/detail/aftermarket_lane__type_support.c
-- Installing: /home/martin/Desktop/Stage/Projet/ws_carla_ros/install/mobileye_560_660_msgs/include/mobileye_560_660_msgs/msg/detail/lka_lane__rosidl_typesupport_introspection_c.h
-- Installing: /home/martin/Desktop/Stage/Projet/ws_carla_ros/install/mobileye_560_660_msgs/include/mobileye_560_660_msgs/msg/detail/aws_display__rosidl_typesupport_introspection_c.h
-- Installing: /home/martin/Desktop/Stage/Projet/ws_carla_ros/install/mobileye_560_660_msgs/lib/libmobileye_560_660_msgs__rosidl_typesupport_introspection_c.so
-- Set runtime path of "/home/martin/Desktop/Stage/Projet/ws_carla_ros/install/mobileye_560_660_msgs/lib/libmobileye_560_660_msgs__rosidl_typesupport_introspection_c.so" to ""
-- Installing: /home/martin/Desktop/Stage/Projet/ws_carla_ros/install/mobileye_560_660_msgs/lib/libmobileye_560_660_msgs__rosidl_typesupport_c.so
-- Set runtime path of "/home/martin/Desktop/Stage/Projet/ws_carla_ros/install/mobileye_560_660_msgs/lib/libmobileye_560_660_msgs__rosidl_typesupport_c.so" to ""
-- Up-to-date: /home/martin/Desktop/Stage/Projet/ws_carla_ros/install/mobileye_560_660_msgs/include/mobileye_560_660_msgs
-- Up-to-date: /home/martin/Desktop/Stage/Projet/ws_carla_ros/install/mobileye_560_660_msgs/include/mobileye_560_660_msgs/msg
-- Installing: /home/martin/Desktop/Stage/Projet/ws_carla_ros/install/mobileye_560_660_msgs/include/mobileye_560_660_msgs/msg/obstacle_data.hpp
-- Installing: /home/martin/Desktop/Stage/Projet/ws_carla_ros/install/mobileye_560_660_msgs/include/mobileye_560_660_msgs/msg/obstacle_status.hpp
-- Installing: /home/martin/Desktop/Stage/Projet/ws_carla_ros/install/mobileye_560_660_msgs/include/mobileye_560_660_msgs/msg/ahbc_gradual.hpp
-- Installing: /home/martin/Desktop/Stage/Projet/ws_carla_ros/install/mobileye_560_660_msgs/include/mobileye_560_660_msgs/msg/lane.hpp
-- Installing: /home/martin/Desktop/Stage/Projet/ws_carla_ros/install/mobileye_560_660_msgs/include/mobileye_560_660_msgs/msg/fixed_foe.hpp
-- Installing: /home/martin/Desktop/Stage/Projet/ws_carla_ros/install/mobileye_560_660_msgs/include/mobileye_560_660_msgs/msg/tsr.hpp
-- Installing: /home/martin/Desktop/Stage/Projet/ws_carla_ros/install/mobileye_560_660_msgs/include/mobileye_560_660_msgs/msg/aws_display.hpp
-- Installing: /home/martin/Desktop/Stage/Projet/ws_carla_ros/install/mobileye_560_660_msgs/include/mobileye_560_660_msgs/msg/ahbc.hpp
-- Installing: /home/martin/Desktop/Stage/Projet/ws_carla_ros/install/mobileye_560_660_msgs/include/mobileye_560_660_msgs/msg/tsr_vision_only.hpp
-- Installing: /home/martin/Desktop/Stage/Projet/ws_carla_ros/install/mobileye_560_660_msgs/include/mobileye_560_660_msgs/msg/lka_num_of_next_lane_markers_reported.hpp
-- Up-to-date: /home/martin/Desktop/Stage/Projet/ws_carla_ros/install/mobileye_560_660_msgs/include/mobileye_560_660_msgs/msg/detail
-- Installing: /home/martin/Desktop/Stage/Projet/ws_carla_ros/install/mobileye_560_660_msgs/include/mobileye_560_660_msgs/msg/detail/obstacle_data__struct.hpp
-- Installing: /home/martin/Desktop/Stage/Projet/ws_carla_ros/install/mobileye_560_660_msgs/include/mobileye_560_660_msgs/msg/detail/tsr__builder.hpp
-- Installing: /home/martin/Desktop/Stage/Projet/ws_carla_ros/install/mobileye_560_660_msgs/include/mobileye_560_660_msgs/msg/detail/fixed_foe__struct.hpp
-- Installing: /home/martin/Desktop/Stage/Projet/ws_carla_ros/install/mobileye_560_660_msgs/include/mobileye_560_660_msgs/msg/detail/lka_lane__builder.hpp
-- Installing: /home/martin/Desktop/Stage/Projet/ws_carla_ros/install/mobileye_560_660_msgs/include/mobileye_560_660_msgs/msg/detail/ahbc_gradual__struct.hpp
-- Installing: /home/martin/Desktop/Stage/Projet/ws_carla_ros/install/mobileye_560_660_msgs/include/mobileye_560_660_msgs/msg/detail/lka_reference_points__builder.hpp
-- Installing: /home/martin/Desktop/Stage/Projet/ws_carla_ros/install/mobileye_560_660_msgs/include/mobileye_560_660_msgs/msg/detail/obstacle_status__struct.hpp
-- Installing: /home/martin/Desktop/Stage/Projet/ws_carla_ros/install/mobileye_560_660_msgs/include/mobileye_560_660_msgs/msg/detail/tsr_vision_only__traits.hpp
-- Installing: /home/martin/Desktop/Stage/Projet/ws_carla_ros/install/mobileye_560_660_msgs/include/mobileye_560_660_msgs/msg/detail/lane__builder.hpp
-- Installing: /home/martin/Desktop/Stage/Projet/ws_carla_ros/install/mobileye_560_660_msgs/include/mobileye_560_660_msgs/msg/detail/obstacle_status__builder.hpp
-- Installing: /home/martin/Desktop/Stage/Projet/ws_carla_ros/install/mobileye_560_660_msgs/include/mobileye_560_660_msgs/msg/detail/tsr_vision_only__struct.hpp
-- Installing: /home/martin/Desktop/Stage/Projet/ws_carla_ros/install/mobileye_560_660_msgs/include/mobileye_560_660_msgs/msg/detail/fixed_foe__traits.hpp
-- Installing: /home/martin/Desktop/Stage/Projet/ws_carla_ros/install/mobileye_560_660_msgs/include/mobileye_560_660_msgs/msg/detail/lka_num_of_next_lane_markers_reported__struct.hpp
-- Installing: /home/martin/Desktop/Stage/Projet/ws_carla_ros/install/mobileye_560_660_msgs/include/mobileye_560_660_msgs/msg/detail/tsr__struct.hpp
-- Installing: /home/martin/Desktop/Stage/Projet/ws_carla_ros/install/mobileye_560_660_msgs/include/mobileye_560_660_msgs/msg/detail/ahbc__builder.hpp
-- Installing: /home/martin/Desktop/Stage/Projet/ws_carla_ros/install/mobileye_560_660_msgs/include/mobileye_560_660_msgs/msg/detail/tsr__traits.hpp
-- Installing: /home/martin/Desktop/Stage/Projet/ws_carla_ros/install/mobileye_560_660_msgs/include/mobileye_560_660_msgs/msg/detail/aws_display__traits.hpp
-- Installing: /home/martin/Desktop/Stage/Projet/ws_carla_ros/install/mobileye_560_660_msgs/include/mobileye_560_660_msgs/msg/detail/lka_lane__traits.hpp
-- Installing: /home/martin/Desktop/Stage/Projet/ws_carla_ros/install/mobileye_560_660_msgs/include/mobileye_560_660_msgs/msg/detail/ahbc_gradual__traits.hpp
-- Installing: /home/martin/Desktop/Stage/Projet/ws_carla_ros/install/mobileye_560_660_msgs/include/mobileye_560_660_msgs/msg/detail/lane__struct.hpp
-- Installing: /home/martin/Desktop/Stage/Projet/ws_carla_ros/install/mobileye_560_660_msgs/include/mobileye_560_660_msgs/msg/detail/ahbc_gradual__builder.hpp
-- Installing: /home/martin/Desktop/Stage/Projet/ws_carla_ros/install/mobileye_560_660_msgs/include/mobileye_560_660_msgs/msg/detail/ahbc__struct.hpp
-- Installing: /home/martin/Desktop/Stage/Projet/ws_carla_ros/install/mobileye_560_660_msgs/include/mobileye_560_660_msgs/msg/detail/obstacle_data__builder.hpp
-- Installing: /home/martin/Desktop/Stage/Projet/ws_carla_ros/install/mobileye_560_660_msgs/include/mobileye_560_660_msgs/msg/detail/fixed_foe__builder.hpp
-- Installing: /home/martin/Desktop/Stage/Projet/ws_carla_ros/install/mobileye_560_660_msgs/include/mobileye_560_660_msgs/msg/detail/aftermarket_lane__builder.hpp
-- Installing: /home/martin/Desktop/Stage/Projet/ws_carla_ros/install/mobileye_560_660_msgs/include/mobileye_560_660_msgs/msg/detail/tsr_vision_only__builder.hpp
-- Installing: /home/martin/Desktop/Stage/Projet/ws_carla_ros/install/mobileye_560_660_msgs/include/mobileye_560_660_msgs/msg/detail/lka_num_of_next_lane_markers_reported__builder.hpp
-- Installing: /home/martin/Desktop/Stage/Projet/ws_carla_ros/install/mobileye_560_660_msgs/include/mobileye_560_660_msgs/msg/detail/aws_display__struct.hpp
-- Installing: /home/martin/Desktop/Stage/Projet/ws_carla_ros/install/mobileye_560_660_msgs/include/mobileye_560_660_msgs/msg/detail/lka_lane__struct.hpp
-- Installing: /home/martin/Desktop/Stage/Projet/ws_carla_ros/install/mobileye_560_660_msgs/include/mobileye_560_660_msgs/msg/detail/lane__traits.hpp
-- Installing: /home/martin/Desktop/Stage/Projet/ws_carla_ros/install/mobileye_560_660_msgs/include/mobileye_560_660_msgs/msg/detail/lka_reference_points__struct.hpp
-- Installing: /home/martin/Desktop/Stage/Projet/ws_carla_ros/install/mobileye_560_660_msgs/include/mobileye_560_660_msgs/msg/detail/obstacle_data__traits.hpp
-- Installing: /home/martin/Desktop/Stage/Projet/ws_carla_ros/install/mobileye_560_660_msgs/include/mobileye_560_660_msgs/msg/detail/aws_display__builder.hpp
-- Installing: /home/martin/Desktop/Stage/Projet/ws_carla_ros/install/mobileye_560_660_msgs/include/mobileye_560_660_msgs/msg/detail/lka_reference_points__traits.hpp
-- Installing: /home/martin/Desktop/Stage/Projet/ws_carla_ros/install/mobileye_560_660_msgs/include/mobileye_560_660_msgs/msg/detail/ahbc__traits.hpp
-- Installing: /home/martin/Desktop/Stage/Projet/ws_carla_ros/install/mobileye_560_660_msgs/include/mobileye_560_660_msgs/msg/detail/obstacle_status__traits.hpp
-- Installing: /home/martin/Desktop/Stage/Projet/ws_carla_ros/install/mobileye_560_660_msgs/include/mobileye_560_660_msgs/msg/detail/lka_num_of_next_lane_markers_reported__traits.hpp
-- Installing: /home/martin/Desktop/Stage/Projet/ws_carla_ros/install/mobileye_560_660_msgs/include/mobileye_560_660_msgs/msg/detail/aftermarket_lane__struct.hpp
-- Installing: /home/martin/Desktop/Stage/Projet/ws_carla_ros/install/mobileye_560_660_msgs/include/mobileye_560_660_msgs/msg/detail/aftermarket_lane__traits.hpp
-- Installing: /home/martin/Desktop/Stage/Projet/ws_carla_ros/install/mobileye_560_660_msgs/include/mobileye_560_660_msgs/msg/lka_lane.hpp
-- Installing: /home/martin/Desktop/Stage/Projet/ws_carla_ros/install/mobileye_560_660_msgs/include/mobileye_560_660_msgs/msg/lka_reference_points.hpp
-- Installing: /home/martin/Desktop/Stage/Projet/ws_carla_ros/install/mobileye_560_660_msgs/include/mobileye_560_660_msgs/msg/aftermarket_lane.hpp
-- Up-to-date: /home/martin/Desktop/Stage/Projet/ws_carla_ros/install/mobileye_560_660_msgs/include/mobileye_560_660_msgs
-- Up-to-date: /home/martin/Desktop/Stage/Projet/ws_carla_ros/install/mobileye_560_660_msgs/include/mobileye_560_660_msgs/msg
-- Up-to-date: /home/martin/Desktop/Stage/Projet/ws_carla_ros/install/mobileye_560_660_msgs/include/mobileye_560_660_msgs/msg/detail
-- Installing: /home/martin/Desktop/Stage/Projet/ws_carla_ros/install/mobileye_560_660_msgs/include/mobileye_560_660_msgs/msg/detail/obstacle_data__rosidl_typesupport_introspection_cpp.hpp
-- Installing: /home/martin/Desktop/Stage/Projet/ws_carla_ros/install/mobileye_560_660_msgs/include/mobileye_560_660_msgs/msg/detail/lka_lane__type_support.cpp
-- Installing: /home/martin/Desktop/Stage/Projet/ws_carla_ros/install/mobileye_560_660_msgs/include/mobileye_560_660_msgs/msg/detail/ahbc__rosidl_typesupport_introspection_cpp.hpp
-- Installing: /home/martin/Desktop/Stage/Projet/ws_carla_ros/install/mobileye_560_660_msgs/include/mobileye_560_660_msgs/msg/detail/tsr_vision_only__rosidl_typesupport_introspection_cpp.hpp
-- Installing: /home/martin/Desktop/Stage/Projet/ws_carla_ros/install/mobileye_560_660_msgs/include/mobileye_560_660_msgs/msg/detail/ahbc_gradual__type_support.cpp
-- Installing: /home/martin/Desktop/Stage/Projet/ws_carla_ros/install/mobileye_560_660_msgs/include/mobileye_560_660_msgs/msg/detail/aftermarket_lane__rosidl_typesupport_introspection_cpp.hpp
-- Installing: /home/martin/Desktop/Stage/Projet/ws_carla_ros/install/mobileye_560_660_msgs/include/mobileye_560_660_msgs/msg/detail/tsr__rosidl_typesupport_introspection_cpp.hpp
-- Installing: /home/martin/Desktop/Stage/Projet/ws_carla_ros/install/mobileye_560_660_msgs/include/mobileye_560_660_msgs/msg/detail/aftermarket_lane__type_support.cpp
-- Installing: /home/martin/Desktop/Stage/Projet/ws_carla_ros/install/mobileye_560_660_msgs/include/mobileye_560_660_msgs/msg/detail/lka_num_of_next_lane_markers_reported__rosidl_typesupport_introspection_cpp.hpp
-- Installing: /home/martin/Desktop/Stage/Projet/ws_carla_ros/install/mobileye_560_660_msgs/include/mobileye_560_660_msgs/msg/detail/aws_display__rosidl_typesupport_introspection_cpp.hpp
-- Installing: /home/martin/Desktop/Stage/Projet/ws_carla_ros/install/mobileye_560_660_msgs/include/mobileye_560_660_msgs/msg/detail/lane__rosidl_typesupport_introspection_cpp.hpp
-- Installing: /home/martin/Desktop/Stage/Projet/ws_carla_ros/install/mobileye_560_660_msgs/include/mobileye_560_660_msgs/msg/detail/lka_reference_points__type_support.cpp
-- Installing: /home/martin/Desktop/Stage/Projet/ws_carla_ros/install/mobileye_560_660_msgs/include/mobileye_560_660_msgs/msg/detail/aws_display__type_support.cpp
-- Installing: /home/martin/Desktop/Stage/Projet/ws_carla_ros/install/mobileye_560_660_msgs/include/mobileye_560_660_msgs/msg/detail/fixed_foe__type_support.cpp
-- Installing: /home/martin/Desktop/Stage/Projet/ws_carla_ros/install/mobileye_560_660_msgs/include/mobileye_560_660_msgs/msg/detail/ahbc__type_support.cpp
-- Installing: /home/martin/Desktop/Stage/Projet/ws_carla_ros/install/mobileye_560_660_msgs/include/mobileye_560_660_msgs/msg/detail/lka_reference_points__rosidl_typesupport_introspection_cpp.hpp
-- Installing: /home/martin/Desktop/Stage/Projet/ws_carla_ros/install/mobileye_560_660_msgs/include/mobileye_560_660_msgs/msg/detail/obstacle_status__type_support.cpp
-- Installing: /home/martin/Desktop/Stage/Projet/ws_carla_ros/install/mobileye_560_660_msgs/include/mobileye_560_660_msgs/msg/detail/ahbc_gradual__rosidl_typesupport_introspection_cpp.hpp
-- Installing: /home/martin/Desktop/Stage/Projet/ws_carla_ros/install/mobileye_560_660_msgs/include/mobileye_560_660_msgs/msg/detail/obstacle_data__type_support.cpp
-- Installing: /home/martin/Desktop/Stage/Projet/ws_carla_ros/install/mobileye_560_660_msgs/include/mobileye_560_660_msgs/msg/detail/tsr_vision_only__type_support.cpp
-- Installing: /home/martin/Desktop/Stage/Projet/ws_carla_ros/install/mobileye_560_660_msgs/include/mobileye_560_660_msgs/msg/detail/tsr__type_support.cpp
-- Installing: /home/martin/Desktop/Stage/Projet/ws_carla_ros/install/mobileye_560_660_msgs/include/mobileye_560_660_msgs/msg/detail/lka_num_of_next_lane_markers_reported__type_support.cpp
-- Installing: /home/martin/Desktop/Stage/Projet/ws_carla_ros/install/mobileye_560_660_msgs/include/mobileye_560_660_msgs/msg/detail/lane__type_support.cpp
-- Installing: /home/martin/Desktop/Stage/Projet/ws_carla_ros/install/mobileye_560_660_msgs/include/mobileye_560_660_msgs/msg/detail/fixed_foe__rosidl_typesupport_introspection_cpp.hpp
-- Installing: /home/martin/Desktop/Stage/Projet/ws_carla_ros/install/mobileye_560_660_msgs/include/mobileye_560_660_msgs/msg/detail/lka_lane__rosidl_typesupport_introspection_cpp.hpp
-- Installing: /home/martin/Desktop/Stage/Projet/ws_carla_ros/install/mobileye_560_660_msgs/include/mobileye_560_660_msgs/msg/detail/obstacle_status__rosidl_typesupport_introspection_cpp.hpp
-- Installing: /home/martin/Desktop/Stage/Projet/ws_carla_ros/install/mobileye_560_660_msgs/lib/libmobileye_560_660_msgs__rosidl_typesupport_introspection_cpp.so
-- Set runtime path of "/home/martin/Desktop/Stage/Projet/ws_carla_ros/install/mobileye_560_660_msgs/lib/libmobileye_560_660_msgs__rosidl_typesupport_introspection_cpp.so" to ""
-- Installing: /home/martin/Desktop/Stage/Projet/ws_carla_ros/install/mobileye_560_660_msgs/lib/libmobileye_560_660_msgs__rosidl_typesupport_cpp.so
-- Set runtime path of "/home/martin/Desktop/Stage/Projet/ws_carla_ros/install/mobileye_560_660_msgs/lib/libmobileye_560_660_msgs__rosidl_typesupport_cpp.so" to ""
-- Installing: /home/martin/Desktop/Stage/Projet/ws_carla_ros/install/mobileye_560_660_msgs/share/mobileye_560_660_msgs/environment/pythonpath.sh
-- Installing: /home/martin/Desktop/Stage/Projet/ws_carla_ros/install/mobileye_560_660_msgs/share/mobileye_560_660_msgs/environment/pythonpath.dsv
-- Installing: /home/martin/Desktop/Stage/Projet/ws_carla_ros/install/mobileye_560_660_msgs/lib/python3.8/site-packages/mobileye_560_660_msgs/__init__.py
Compiling '/home/martin/Desktop/Stage/Projet/ws_carla_ros/install/mobileye_560_660_msgs/lib/python3.8/site-packages/mobileye_560_660_msgs/__init__.py'...
-- Installing: /home/martin/Desktop/Stage/Projet/ws_carla_ros/install/mobileye_560_660_msgs/lib/python3.8/site-packages/mobileye_560_660_msgs/msg
-- Installing: /home/martin/Desktop/Stage/Projet/ws_carla_ros/install/mobileye_560_660_msgs/lib/python3.8/site-packages/mobileye_560_660_msgs/msg/_obstacle_status_s.c
-- Installing: /home/martin/Desktop/Stage/Projet/ws_carla_ros/install/mobileye_560_660_msgs/lib/python3.8/site-packages/mobileye_560_660_msgs/msg/_tsr_vision_only.py
-- Installing: /home/martin/Desktop/Stage/Projet/ws_carla_ros/install/mobileye_560_660_msgs/lib/python3.8/site-packages/mobileye_560_660_msgs/msg/_fixed_foe.py
-- Installing: /home/martin/Desktop/Stage/Projet/ws_carla_ros/install/mobileye_560_660_msgs/lib/python3.8/site-packages/mobileye_560_660_msgs/msg/_lka_num_of_next_lane_markers_reported_s.c
-- Installing: /home/martin/Desktop/Stage/Projet/ws_carla_ros/install/mobileye_560_660_msgs/lib/python3.8/site-packages/mobileye_560_660_msgs/msg/_obstacle_status.py
-- Installing: /home/martin/Desktop/Stage/Projet/ws_carla_ros/install/mobileye_560_660_msgs/lib/python3.8/site-packages/mobileye_560_660_msgs/msg/_lka_lane_s.c
-- Installing: /home/martin/Desktop/Stage/Projet/ws_carla_ros/install/mobileye_560_660_msgs/lib/python3.8/site-packages/mobileye_560_660_msgs/msg/_tsr_vision_only_s.c
-- Installing: /home/martin/Desktop/Stage/Projet/ws_carla_ros/install/mobileye_560_660_msgs/lib/python3.8/site-packages/mobileye_560_660_msgs/msg/_lka_reference_points.py
-- Installing: /home/martin/Desktop/Stage/Projet/ws_carla_ros/install/mobileye_560_660_msgs/lib/python3.8/site-packages/mobileye_560_660_msgs/msg/_aftermarket_lane.py
-- Installing: /home/martin/Desktop/Stage/Projet/ws_carla_ros/install/mobileye_560_660_msgs/lib/python3.8/site-packages/mobileye_560_660_msgs/msg/_lane_s.c
-- Installing: /home/martin/Desktop/Stage/Projet/ws_carla_ros/install/mobileye_560_660_msgs/lib/python3.8/site-packages/mobileye_560_660_msgs/msg/_ahbc_gradual.py
-- Installing: /home/martin/Desktop/Stage/Projet/ws_carla_ros/install/mobileye_560_660_msgs/lib/python3.8/site-packages/mobileye_560_660_msgs/msg/_obstacle_data_s.c
-- Installing: /home/martin/Desktop/Stage/Projet/ws_carla_ros/install/mobileye_560_660_msgs/lib/python3.8/site-packages/mobileye_560_660_msgs/msg/_ahbc.py
-- Installing: /home/martin/Desktop/Stage/Projet/ws_carla_ros/install/mobileye_560_660_msgs/lib/python3.8/site-packages/mobileye_560_660_msgs/msg/_ahbc_s.c
-- Installing: /home/martin/Desktop/Stage/Projet/ws_carla_ros/install/mobileye_560_660_msgs/lib/python3.8/site-packages/mobileye_560_660_msgs/msg/_fixed_foe_s.c
-- Installing: /home/martin/Desktop/Stage/Projet/ws_carla_ros/install/mobileye_560_660_msgs/lib/python3.8/site-packages/mobileye_560_660_msgs/msg/_aws_display.py
-- Installing: /home/martin/Desktop/Stage/Projet/ws_carla_ros/install/mobileye_560_660_msgs/lib/python3.8/site-packages/mobileye_560_660_msgs/msg/_obstacle_data.py
-- Installing: /home/martin/Desktop/Stage/Projet/ws_carla_ros/install/mobileye_560_660_msgs/lib/python3.8/site-packages/mobileye_560_660_msgs/msg/_aftermarket_lane_s.c
-- Installing: /home/martin/Desktop/Stage/Projet/ws_carla_ros/install/mobileye_560_660_msgs/lib/python3.8/site-packages/mobileye_560_660_msgs/msg/_ahbc_gradual_s.c
-- Installing: /home/martin/Desktop/Stage/Projet/ws_carla_ros/install/mobileye_560_660_msgs/lib/python3.8/site-packages/mobileye_560_660_msgs/msg/__init__.py
-- Installing: /home/martin/Desktop/Stage/Projet/ws_carla_ros/install/mobileye_560_660_msgs/lib/python3.8/site-packages/mobileye_560_660_msgs/msg/_lka_lane.py
-- Installing: /home/martin/Desktop/Stage/Projet/ws_carla_ros/install/mobileye_560_660_msgs/lib/python3.8/site-packages/mobileye_560_660_msgs/msg/_lka_num_of_next_lane_markers_reported.py
-- Installing: /home/martin/Desktop/Stage/Projet/ws_carla_ros/install/mobileye_560_660_msgs/lib/python3.8/site-packages/mobileye_560_660_msgs/msg/_tsr.py
-- Installing: /home/martin/Desktop/Stage/Projet/ws_carla_ros/install/mobileye_560_660_msgs/lib/python3.8/site-packages/mobileye_560_660_msgs/msg/_tsr_s.c
-- Installing: /home/martin/Desktop/Stage/Projet/ws_carla_ros/install/mobileye_560_660_msgs/lib/python3.8/site-packages/mobileye_560_660_msgs/msg/_lane.py
-- Installing: /home/martin/Desktop/Stage/Projet/ws_carla_ros/install/mobileye_560_660_msgs/lib/python3.8/site-packages/mobileye_560_660_msgs/msg/_aws_display_s.c
-- Installing: /home/martin/Desktop/Stage/Projet/ws_carla_ros/install/mobileye_560_660_msgs/lib/python3.8/site-packages/mobileye_560_660_msgs/msg/_lka_reference_points_s.c
-- Installing: /home/martin/Desktop/Stage/Projet/ws_carla_ros/install/mobileye_560_660_msgs/lib/python3.8/site-packages/mobileye_560_660_msgs/mobileye_560_660_msgs_s__rosidl_typesupport_fastrtps_c.cpython-38-x86_64-linux-gnu.so
-- Set runtime path of "/home/martin/Desktop/Stage/Projet/ws_carla_ros/install/mobileye_560_660_msgs/lib/python3.8/site-packages/mobileye_560_660_msgs/mobileye_560_660_msgs_s__rosidl_typesupport_fastrtps_c.cpython-38-x86_64-linux-gnu.so" to ""
-- Installing: /home/martin/Desktop/Stage/Projet/ws_carla_ros/install/mobileye_560_660_msgs/lib/python3.8/site-packages/mobileye_560_660_msgs/mobileye_560_660_msgs_s__rosidl_typesupport_introspection_c.cpython-38-x86_64-linux-gnu.so
-- Set runtime path of "/home/martin/Desktop/Stage/Projet/ws_carla_ros/install/mobileye_560_660_msgs/lib/python3.8/site-packages/mobileye_560_660_msgs/mobileye_560_660_msgs_s__rosidl_typesupport_introspection_c.cpython-38-x86_64-linux-gnu.so" to ""
-- Installing: /home/martin/Desktop/Stage/Projet/ws_carla_ros/install/mobileye_560_660_msgs/lib/python3.8/site-packages/mobileye_560_660_msgs/mobileye_560_660_msgs_s__rosidl_typesupport_c.cpython-38-x86_64-linux-gnu.so
-- Set runtime path of "/home/martin/Desktop/Stage/Projet/ws_carla_ros/install/mobileye_560_660_msgs/lib/python3.8/site-packages/mobileye_560_660_msgs/mobileye_560_660_msgs_s__rosidl_typesupport_c.cpython-38-x86_64-linux-gnu.so" to ""
-- Installing: /home/martin/Desktop/Stage/Projet/ws_carla_ros/install/mobileye_560_660_msgs/lib/libmobileye_560_660_msgs__python.so
-- Set runtime path of "/home/martin/Desktop/Stage/Projet/ws_carla_ros/install/mobileye_560_660_msgs/lib/libmobileye_560_660_msgs__python.so" to ""
-- Installing: /home/martin/Desktop/Stage/Projet/ws_carla_ros/install/mobileye_560_660_msgs/share/mobileye_560_660_msgs/msg/AftermarketLane.idl
-- Installing: /home/martin/Desktop/Stage/Projet/ws_carla_ros/install/mobileye_560_660_msgs/share/mobileye_560_660_msgs/msg/Ahbc.idl
-- Installing: /home/martin/Desktop/Stage/Projet/ws_carla_ros/install/mobileye_560_660_msgs/share/mobileye_560_660_msgs/msg/AhbcGradual.idl
-- Installing: /home/martin/Desktop/Stage/Projet/ws_carla_ros/install/mobileye_560_660_msgs/share/mobileye_560_660_msgs/msg/AwsDisplay.idl
-- Installing: /home/martin/Desktop/Stage/Projet/ws_carla_ros/install/mobileye_560_660_msgs/share/mobileye_560_660_msgs/msg/FixedFoe.idl
-- Installing: /home/martin/Desktop/Stage/Projet/ws_carla_ros/install/mobileye_560_660_msgs/share/mobileye_560_660_msgs/msg/Lane.idl
-- Installing: /home/martin/Desktop/Stage/Projet/ws_carla_ros/install/mobileye_560_660_msgs/share/mobileye_560_660_msgs/msg/LkaLane.idl
-- Installing: /home/martin/Desktop/Stage/Projet/ws_carla_ros/install/mobileye_560_660_msgs/share/mobileye_560_660_msgs/msg/LkaNumOfNextLaneMarkersReported.idl
-- Installing: /home/martin/Desktop/Stage/Projet/ws_carla_ros/install/mobileye_560_660_msgs/share/mobileye_560_660_msgs/msg/LkaReferencePoints.idl
-- Installing: /home/martin/Desktop/Stage/Projet/ws_carla_ros/install/mobileye_560_660_msgs/share/mobileye_560_660_msgs/msg/ObstacleData.idl
-- Installing: /home/martin/Desktop/Stage/Projet/ws_carla_ros/install/mobileye_560_660_msgs/share/mobileye_560_660_msgs/msg/ObstacleStatus.idl
-- Installing: /home/martin/Desktop/Stage/Projet/ws_carla_ros/install/mobileye_560_660_msgs/share/mobileye_560_660_msgs/msg/Tsr.idl
-- Installing: /home/martin/Desktop/Stage/Projet/ws_carla_ros/install/mobileye_560_660_msgs/share/mobileye_560_660_msgs/msg/TsrVisionOnly.idl
-- Installing: /home/martin/Desktop/Stage/Projet/ws_carla_ros/install/mobileye_560_660_msgs/share/mobileye_560_660_msgs/msg/AftermarketLane.msg
-- Installing: /home/martin/Desktop/Stage/Projet/ws_carla_ros/install/mobileye_560_660_msgs/share/mobileye_560_660_msgs/msg/Ahbc.msg
-- Installing: /home/martin/Desktop/Stage/Projet/ws_carla_ros/install/mobileye_560_660_msgs/share/mobileye_560_660_msgs/msg/AhbcGradual.msg
-- Installing: /home/martin/Desktop/Stage/Projet/ws_carla_ros/install/mobileye_560_660_msgs/share/mobileye_560_660_msgs/msg/AwsDisplay.msg
-- Installing: /home/martin/Desktop/Stage/Projet/ws_carla_ros/install/mobileye_560_660_msgs/share/mobileye_560_660_msgs/msg/FixedFoe.msg
-- Installing: /home/martin/Desktop/Stage/Projet/ws_carla_ros/install/mobileye_560_660_msgs/share/mobileye_560_660_msgs/msg/Lane.msg
-- Installing: /home/martin/Desktop/Stage/Projet/ws_carla_ros/install/mobileye_560_660_msgs/share/mobileye_560_660_msgs/msg/LkaLane.msg
-- Installing: /home/martin/Desktop/Stage/Projet/ws_carla_ros/install/mobileye_560_660_msgs/share/mobileye_560_660_msgs/msg/LkaNumOfNextLaneMarkersReported.msg
-- Installing: /home/martin/Desktop/Stage/Projet/ws_carla_ros/install/mobileye_560_660_msgs/share/mobileye_560_660_msgs/msg/LkaReferencePoints.msg
-- Installing: /home/martin/Desktop/Stage/Projet/ws_carla_ros/install/mobileye_560_660_msgs/share/mobileye_560_660_msgs/msg/ObstacleData.msg
-- Installing: /home/martin/Desktop/Stage/Projet/ws_carla_ros/install/mobileye_560_660_msgs/share/mobileye_560_660_msgs/msg/ObstacleStatus.msg
-- Installing: /home/martin/Desktop/Stage/Projet/ws_carla_ros/install/mobileye_560_660_msgs/share/mobileye_560_660_msgs/msg/Tsr.msg
-- Installing: /home/martin/Desktop/Stage/Projet/ws_carla_ros/install/mobileye_560_660_msgs/share/mobileye_560_660_msgs/msg/TsrVisionOnly.msg
-- Installing: /home/martin/Desktop/Stage/Projet/ws_carla_ros/install/mobileye_560_660_msgs/share/ament_index/resource_index/package_run_dependencies/mobileye_560_660_msgs
-- Installing: /home/martin/Desktop/Stage/Projet/ws_carla_ros/install/mobileye_560_660_msgs/share/ament_index/resource_index/parent_prefix_path/mobileye_560_660_msgs
-- Installing: /home/martin/Desktop/Stage/Projet/ws_carla_ros/install/mobileye_560_660_msgs/share/mobileye_560_660_msgs/environment/ament_prefix_path.sh
-- Installing: /home/martin/Desktop/Stage/Projet/ws_carla_ros/install/mobileye_560_660_msgs/share/mobileye_560_660_msgs/environment/ament_prefix_path.dsv
-- Installing: /home/martin/Desktop/Stage/Projet/ws_carla_ros/install/mobileye_560_660_msgs/share/mobileye_560_660_msgs/environment/path.sh
-- Installing: /home/martin/Desktop/Stage/Projet/ws_carla_ros/install/mobileye_560_660_msgs/share/mobileye_560_660_msgs/environment/path.dsv
-- Installing: /home/martin/Desktop/Stage/Projet/ws_carla_ros/install/mobileye_560_660_msgs/share/mobileye_560_660_msgs/local_setup.bash
-- Installing: /home/martin/Desktop/Stage/Projet/ws_carla_ros/install/mobileye_560_660_msgs/share/mobileye_560_660_msgs/local_setup.sh
-- Installing: /home/martin/Desktop/Stage/Projet/ws_carla_ros/install/mobileye_560_660_msgs/share/mobileye_560_660_msgs/local_setup.zsh
-- Installing: /home/martin/Desktop/Stage/Projet/ws_carla_ros/install/mobileye_560_660_msgs/share/mobileye_560_660_msgs/local_setup.dsv
-- Installing: /home/martin/Desktop/Stage/Projet/ws_carla_ros/install/mobileye_560_660_msgs/share/mobileye_560_660_msgs/package.dsv
-- Installing: /home/martin/Desktop/Stage/Projet/ws_carla_ros/install/mobileye_560_660_msgs/share/ament_index/resource_index/packages/mobileye_560_660_msgs
-- Installing: /home/martin/Desktop/Stage/Projet/ws_carla_ros/install/mobileye_560_660_msgs/share/mobileye_560_660_msgs/cmake/mobileye_560_660_msgs__rosidl_generator_cExport.cmake
-- Installing: /home/martin/Desktop/Stage/Projet/ws_carla_ros/install/mobileye_560_660_msgs/share/mobileye_560_660_msgs/cmake/mobileye_560_660_msgs__rosidl_generator_cExport-noconfig.cmake
-- Installing: /home/martin/Desktop/Stage/Projet/ws_carla_ros/install/mobileye_560_660_msgs/share/mobileye_560_660_msgs/cmake/mobileye_560_660_msgs__rosidl_typesupport_introspection_cExport.cmake
-- Installing: /home/martin/Desktop/Stage/Projet/ws_carla_ros/install/mobileye_560_660_msgs/share/mobileye_560_660_msgs/cmake/mobileye_560_660_msgs__rosidl_typesupport_introspection_cExport-noconfig.cmake
-- Installing: /home/martin/Desktop/Stage/Projet/ws_carla_ros/install/mobileye_560_660_msgs/share/mobileye_560_660_msgs/cmake/mobileye_560_660_msgs__rosidl_typesupport_cExport.cmake
-- Installing: /home/martin/Desktop/Stage/Projet/ws_carla_ros/install/mobileye_560_660_msgs/share/mobileye_560_660_msgs/cmake/mobileye_560_660_msgs__rosidl_typesupport_cExport-noconfig.cmake
-- Installing: /home/martin/Desktop/Stage/Projet/ws_carla_ros/install/mobileye_560_660_msgs/share/mobileye_560_660_msgs/cmake/mobileye_560_660_msgs__rosidl_generator_cppExport.cmake
-- Installing: /home/martin/Desktop/Stage/Projet/ws_carla_ros/install/mobileye_560_660_msgs/share/mobileye_560_660_msgs/cmake/mobileye_560_660_msgs__rosidl_typesupport_introspection_cppExport.cmake
-- Installing: /home/martin/Desktop/Stage/Projet/ws_carla_ros/install/mobileye_560_660_msgs/share/mobileye_560_660_msgs/cmake/mobileye_560_660_msgs__rosidl_typesupport_introspection_cppExport-noconfig.cmake
-- Installing: /home/martin/Desktop/Stage/Projet/ws_carla_ros/install/mobileye_560_660_msgs/share/mobileye_560_660_msgs/cmake/mobileye_560_660_msgs__rosidl_typesupport_cppExport.cmake
-- Installing: /home/martin/Desktop/Stage/Projet/ws_carla_ros/install/mobileye_560_660_msgs/share/mobileye_560_660_msgs/cmake/mobileye_560_660_msgs__rosidl_typesupport_cppExport-noconfig.cmake
-- Installing: /home/martin/Desktop/Stage/Projet/ws_carla_ros/install/mobileye_560_660_msgs/share/mobileye_560_660_msgs/cmake/rosidl_cmake-extras.cmake
-- Installing: /home/martin/Desktop/Stage/Projet/ws_carla_ros/install/mobileye_560_660_msgs/share/mobileye_560_660_msgs/cmake/ament_cmake_export_dependencies-extras.cmake
-- Installing: /home/martin/Desktop/Stage/Projet/ws_carla_ros/install/mobileye_560_660_msgs/share/mobileye_560_660_msgs/cmake/ament_cmake_export_libraries-extras.cmake
-- Installing: /home/martin/Desktop/Stage/Projet/ws_carla_ros/install/mobileye_560_660_msgs/share/mobileye_560_660_msgs/cmake/ament_cmake_export_targets-extras.cmake
-- Installing: /home/martin/Desktop/Stage/Projet/ws_carla_ros/install/mobileye_560_660_msgs/share/mobileye_560_660_msgs/cmake/ament_cmake_export_include_directories-extras.cmake
-- Installing: /home/martin/Desktop/Stage/Projet/ws_carla_ros/install/mobileye_560_660_msgs/share/mobileye_560_660_msgs/cmake/rosidl_cmake_export_typesupport_libraries-extras.cmake
-- Installing: /home/martin/Desktop/Stage/Projet/ws_carla_ros/install/mobileye_560_660_msgs/share/mobileye_560_660_msgs/cmake/rosidl_cmake_export_typesupport_targets-extras.cmake
-- Installing: /home/martin/Desktop/Stage/Projet/ws_carla_ros/install/mobileye_560_660_msgs/share/mobileye_560_660_msgs/cmake/mobileye_560_660_msgsConfig.cmake
-- Installing: /home/martin/Desktop/Stage/Projet/ws_carla_ros/install/mobileye_560_660_msgs/share/mobileye_560_660_msgs/cmake/mobileye_560_660_msgsConfig-version.cmake
-- Installing: /home/martin/Desktop/Stage/Projet/ws_carla_ros/install/mobileye_560_660_msgs/share/mobileye_560_660_msgs/package.xml
