[0.082s] Invoking command in '/home/martin/Desktop/Stage/Projet/ws_carla_ros/build/mobileye_560_660_msgs': CMAKE_PREFIX_PATH=${CMAKE_PREFIX_PATH}:/home/martin/Desktop/Stage/Projet/ws_carla_ros/install/rqt_carla_control:/home/martin/Desktop/Stage/Projet/ws_carla_ros/install/carla_waypoint_publisher:/home/martin/Desktop/Stage/Projet/ws_carla_ros/install/carla_ackermann_control:/home/martin/Desktop/Stage/Projet/ws_carla_ros/install/carla_ros_bridge:/home/martin/Desktop/Stage/Projet/ws_carla_ros/install/carla_spawn_objects:/home/martin/Desktop/Stage/Projet/ws_carla_ros/install/carla_manual_control:/home/martin/Desktop/Stage/Projet/ws_carla_ros/install/carla_ad_agent:/home/martin/Desktop/Stage/Projet/ws_carla_ros/install/ros_compatibility:/home/martin/Desktop/Stage/Projet/ws_carla_ros/install/carla_walker_agent:/home/martin/Desktop/Stage/Projet/ws_carla_ros/install/carla_twist_to_control:/home/martin/Desktop/Stage/Projet/ws_carla_ros/install/carla_ros_scenario_runner:/home/martin/Desktop/Stage/Projet/ws_carla_ros/install/carla_map_visualization:/home/martin/Desktop/Stage/Projet/ws_carla_ros/install/carla_interface:/home/martin/Desktop/Stage/Projet/ws_carla_ros/install/carla_control_display:/home/martin/Desktop/Stage/Projet/ws_carla_ros/install/carla_common:/opt/ros/galactic /usr/bin/cmake /home/martin/Desktop/Stage/Projet/ws_carla_ros/carla-ros-bridge/astuff_sensor_msgs/mobileye_560_660_msgs -DPYTHON_EXECUTABLE=/usr/bin/python3 -DCMAKE_INSTALL_PREFIX=/home/martin/Desktop/Stage/Projet/ws_carla_ros/install/mobileye_560_660_msgs
[1.683s] -- The C compiler identification is GNU 9.4.0
[1.683s] -- The CXX compiler identification is GNU 9.4.0
[1.683s] -- Check for working C compiler: /usr/bin/cc
[1.683s] -- Check for working C compiler: /usr/bin/cc -- works
[1.683s] -- Detecting C compiler ABI info
[1.683s] -- Detecting C compiler ABI info - done
[1.683s] -- Detecting C compile features
[1.683s] -- Detecting C compile features - done
[1.683s] -- Check for working CXX compiler: /usr/bin/c++
[1.683s] -- Check for working CXX compiler: /usr/bin/c++ -- works
[1.683s] -- Detecting CXX compiler ABI info
[1.683s] -- Detecting CXX compiler ABI info - done
[1.683s] -- Detecting CXX compile features
[1.683s] -- Detecting CXX compile features - done
[1.683s] -- Found ros_environment: 3.1.1 (/opt/ros/galactic/share/ros_environment/cmake)
[1.683s] -- Found ament_cmake: 1.1.6 (/opt/ros/galactic/share/ament_cmake/cmake)
[1.683s] -- Found PythonInterp: /usr/bin/python3 (found suitable version "3.8.10", minimum required is "3") 
[1.683s] -- Using PYTHON_EXECUTABLE: /usr/bin/python3
[1.843s] -- Found builtin_interfaces: 1.0.3 (/opt/ros/galactic/share/builtin_interfaces/cmake)
[1.981s] -- Using all available rosidl_typesupport_c: rosidl_typesupport_fastrtps_c;rosidl_typesupport_introspection_c
[2.039s] -- Found rosidl_adapter: 2.2.3 (/opt/ros/galactic/share/rosidl_adapter/cmake)
[2.554s] -- Found OpenSSL: /usr/lib/x86_64-linux-gnu/libcrypto.so (found version "1.1.1f")  
[2.654s] -- Found FastRTPS: /opt/ros/galactic/include  
[2.907s] -- Using all available rosidl_typesupport_cpp: rosidl_typesupport_fastrtps_cpp;rosidl_typesupport_introspection_cpp
[3.010s] -- Found std_msgs: 2.2.4 (/opt/ros/galactic/share/std_msgs/cmake)
[3.079s] -- Found rosidl_default_generators: 1.1.1 (/opt/ros/galactic/share/rosidl_default_generators/cmake)
[3.207s] -- Found PythonInterp: /usr/bin/python3 (found version "3.8.10") 
[3.715s] -- Found ament_cmake_cppcheck: 0.10.7 (/opt/ros/galactic/share/ament_cmake_cppcheck/cmake)
[3.719s] -- Found ament_cmake_cpplint: 0.10.7 (/opt/ros/galactic/share/ament_cmake_cpplint/cmake)
[3.732s] -- Found ament_cmake_uncrustify: 0.10.7 (/opt/ros/galactic/share/ament_cmake_uncrustify/cmake)
[3.736s] -- Found ament_cmake_ros: 0.9.2 (/opt/ros/galactic/share/ament_cmake_ros/cmake)
[4.117s] -- Using all available rosidl_typesupport_c: rosidl_typesupport_fastrtps_c;rosidl_typesupport_introspection_c
[4.216s] -- Using all available rosidl_typesupport_cpp: rosidl_typesupport_fastrtps_cpp;rosidl_typesupport_introspection_cpp
[4.265s] -- Found PythonInterp: /usr/bin/python3 (found suitable version "3.8.10", minimum required is "3.5") 
[4.268s] -- Found python_cmake_module: 0.8.1 (/opt/ros/galactic/share/python_cmake_module/cmake)
[4.373s] -- Found PythonLibs: /usr/lib/x86_64-linux-gnu/libpython3.8.so (found suitable version "3.8.10", minimum required is "3.5") 
[4.374s] -- Using PYTHON_EXECUTABLE: /usr/bin/python3
[4.374s] -- Using PYTHON_INCLUDE_DIRS: /usr/include/python3.8
[4.374s] -- Using PYTHON_LIBRARIES: /usr/lib/x86_64-linux-gnu/libpython3.8.so
[4.464s] -- Found PythonExtra: .so  
[4.776s] -- Found ament_cmake_flake8: 0.10.7 (/opt/ros/galactic/share/ament_cmake_flake8/cmake)
[4.779s] -- Found ament_cmake_pep257: 0.10.7 (/opt/ros/galactic/share/ament_cmake_pep257/cmake)
[4.831s] -- Found ament_lint_auto: 0.10.7 (/opt/ros/galactic/share/ament_lint_auto/cmake)
[4.896s] -- Added test 'copyright' to check source files copyright and LICENSE
[4.899s] -- Added test 'lint_cmake' to check CMake code style
[4.901s] -- Added test 'xmllint' to check XML markup files
[4.947s] -- Configuring done
[5.322s] -- Generating done
[5.419s] -- Build files have been written to: /home/martin/Desktop/Stage/Projet/ws_carla_ros/build/mobileye_560_660_msgs
[5.522s] Invoked command in '/home/martin/Desktop/Stage/Projet/ws_carla_ros/build/mobileye_560_660_msgs' returned '0': CMAKE_PREFIX_PATH=${CMAKE_PREFIX_PATH}:/home/martin/Desktop/Stage/Projet/ws_carla_ros/install/rqt_carla_control:/home/martin/Desktop/Stage/Projet/ws_carla_ros/install/carla_waypoint_publisher:/home/martin/Desktop/Stage/Projet/ws_carla_ros/install/carla_ackermann_control:/home/martin/Desktop/Stage/Projet/ws_carla_ros/install/carla_ros_bridge:/home/martin/Desktop/Stage/Projet/ws_carla_ros/install/carla_spawn_objects:/home/martin/Desktop/Stage/Projet/ws_carla_ros/install/carla_manual_control:/home/martin/Desktop/Stage/Projet/ws_carla_ros/install/carla_ad_agent:/home/martin/Desktop/Stage/Projet/ws_carla_ros/install/ros_compatibility:/home/martin/Desktop/Stage/Projet/ws_carla_ros/install/carla_walker_agent:/home/martin/Desktop/Stage/Projet/ws_carla_ros/install/carla_twist_to_control:/home/martin/Desktop/Stage/Projet/ws_carla_ros/install/carla_ros_scenario_runner:/home/martin/Desktop/Stage/Projet/ws_carla_ros/install/carla_map_visualization:/home/martin/Desktop/Stage/Projet/ws_carla_ros/install/carla_interface:/home/martin/Desktop/Stage/Projet/ws_carla_ros/install/carla_control_display:/home/martin/Desktop/Stage/Projet/ws_carla_ros/install/carla_common:/opt/ros/galactic /usr/bin/cmake /home/martin/Desktop/Stage/Projet/ws_carla_ros/carla-ros-bridge/astuff_sensor_msgs/mobileye_560_660_msgs -DPYTHON_EXECUTABLE=/usr/bin/python3 -DCMAKE_INSTALL_PREFIX=/home/martin/Desktop/Stage/Projet/ws_carla_ros/install/mobileye_560_660_msgs
[5.525s] Invoking command in '/home/martin/Desktop/Stage/Projet/ws_carla_ros/build/mobileye_560_660_msgs': CMAKE_PREFIX_PATH=${CMAKE_PREFIX_PATH}:/home/martin/Desktop/Stage/Projet/ws_carla_ros/install/rqt_carla_control:/home/martin/Desktop/Stage/Projet/ws_carla_ros/install/carla_waypoint_publisher:/home/martin/Desktop/Stage/Projet/ws_carla_ros/install/carla_ackermann_control:/home/martin/Desktop/Stage/Projet/ws_carla_ros/install/carla_ros_bridge:/home/martin/Desktop/Stage/Projet/ws_carla_ros/install/carla_spawn_objects:/home/martin/Desktop/Stage/Projet/ws_carla_ros/install/carla_manual_control:/home/martin/Desktop/Stage/Projet/ws_carla_ros/install/carla_ad_agent:/home/martin/Desktop/Stage/Projet/ws_carla_ros/install/ros_compatibility:/home/martin/Desktop/Stage/Projet/ws_carla_ros/install/carla_walker_agent:/home/martin/Desktop/Stage/Projet/ws_carla_ros/install/carla_twist_to_control:/home/martin/Desktop/Stage/Projet/ws_carla_ros/install/carla_ros_scenario_runner:/home/martin/Desktop/Stage/Projet/ws_carla_ros/install/carla_map_visualization:/home/martin/Desktop/Stage/Projet/ws_carla_ros/install/carla_interface:/home/martin/Desktop/Stage/Projet/ws_carla_ros/install/carla_control_display:/home/martin/Desktop/Stage/Projet/ws_carla_ros/install/carla_common:/opt/ros/galactic /usr/bin/cmake --build /home/martin/Desktop/Stage/Projet/ws_carla_ros/build/mobileye_560_660_msgs -- -j16 -l16
[10.546s] [35m[1mScanning dependencies of target mobileye_560_660_msgs__cpp[0m
[10.547s] [  1%] [34m[1mGenerating C code for ROS interfaces[0m
[10.547s] [  1%] [34m[1mGenerating C++ code for ROS interfaces[0m
[10.547s] [35m[1mScanning dependencies of target mobileye_560_660_msgs__rosidl_generator_c[0m
[10.547s] [  2%] [32mBuilding C object CMakeFiles/mobileye_560_660_msgs__rosidl_generator_c.dir/rosidl_generator_c/mobileye_560_660_msgs/msg/detail/aftermarket_lane__functions.c.o[0m
[10.547s] [  3%] [32mBuilding C object CMakeFiles/mobileye_560_660_msgs__rosidl_generator_c.dir/rosidl_generator_c/mobileye_560_660_msgs/msg/detail/ahbc_gradual__functions.c.o[0m
[10.547s] [  3%] [32mBuilding C object CMakeFiles/mobileye_560_660_msgs__rosidl_generator_c.dir/rosidl_generator_c/mobileye_560_660_msgs/msg/detail/ahbc__functions.c.o[0m
[10.547s] [  4%] [32mBuilding C object CMakeFiles/mobileye_560_660_msgs__rosidl_generator_c.dir/rosidl_generator_c/mobileye_560_660_msgs/msg/detail/fixed_foe__functions.c.o[0m
[10.547s] [  5%] [32mBuilding C object CMakeFiles/mobileye_560_660_msgs__rosidl_generator_c.dir/rosidl_generator_c/mobileye_560_660_msgs/msg/detail/aws_display__functions.c.o[0m
[10.547s] [  6%] [32mBuilding C object CMakeFiles/mobileye_560_660_msgs__rosidl_generator_c.dir/rosidl_generator_c/mobileye_560_660_msgs/msg/detail/lane__functions.c.o[0m
[10.547s] [  6%] [32mBuilding C object CMakeFiles/mobileye_560_660_msgs__rosidl_generator_c.dir/rosidl_generator_c/mobileye_560_660_msgs/msg/detail/lka_lane__functions.c.o[0m
[10.547s] [  7%] [32mBuilding C object CMakeFiles/mobileye_560_660_msgs__rosidl_generator_c.dir/rosidl_generator_c/mobileye_560_660_msgs/msg/detail/lka_num_of_next_lane_markers_reported__functions.c.o[0m
[10.547s] [  8%] [32mBuilding C object CMakeFiles/mobileye_560_660_msgs__rosidl_generator_c.dir/rosidl_generator_c/mobileye_560_660_msgs/msg/detail/obstacle_data__functions.c.o[0m
[10.547s] [  9%] [32mBuilding C object CMakeFiles/mobileye_560_660_msgs__rosidl_generator_c.dir/rosidl_generator_c/mobileye_560_660_msgs/msg/detail/obstacle_status__functions.c.o[0m
[10.547s] [ 10%] [32mBuilding C object CMakeFiles/mobileye_560_660_msgs__rosidl_generator_c.dir/rosidl_generator_c/mobileye_560_660_msgs/msg/detail/lka_reference_points__functions.c.o[0m
[10.562s] [ 11%] [32mBuilding C object CMakeFiles/mobileye_560_660_msgs__rosidl_generator_c.dir/rosidl_generator_c/mobileye_560_660_msgs/msg/detail/tsr_vision_only__functions.c.o[0m
[10.608s] [ 11%] [32mBuilding C object CMakeFiles/mobileye_560_660_msgs__rosidl_generator_c.dir/rosidl_generator_c/mobileye_560_660_msgs/msg/detail/tsr__functions.c.o[0m
[10.995s] [ 12%] [32m[1mLinking C shared library libmobileye_560_660_msgs__rosidl_generator_c.so[0m
[11.248s] [ 12%] Built target mobileye_560_660_msgs__rosidl_generator_c
[11.390s] [ 13%] [34m[1mGenerating C type support dispatch for ROS interfaces[0m
[11.396s] [ 14%] [34m[1mGenerating C introspection for ROS interfaces[0m
[13.674s] [35m[1mScanning dependencies of target mobileye_560_660_msgs__rosidl_typesupport_c[0m
[13.732s] [ 14%] [32mBuilding CXX object CMakeFiles/mobileye_560_660_msgs__rosidl_typesupport_c.dir/rosidl_typesupport_c/mobileye_560_660_msgs/msg/aftermarket_lane__type_support.cpp.o[0m
[13.882s] [ 15%] [32mBuilding CXX object CMakeFiles/mobileye_560_660_msgs__rosidl_typesupport_c.dir/rosidl_typesupport_c/mobileye_560_660_msgs/msg/fixed_foe__type_support.cpp.o[0m
[14.027s] [ 16%] [32mBuilding CXX object CMakeFiles/mobileye_560_660_msgs__rosidl_typesupport_c.dir/rosidl_typesupport_c/mobileye_560_660_msgs/msg/obstacle_data__type_support.cpp.o[0m
[14.158s] [ 17%] [32mBuilding CXX object CMakeFiles/mobileye_560_660_msgs__rosidl_typesupport_c.dir/rosidl_typesupport_c/mobileye_560_660_msgs/msg/tsr_vision_only__type_support.cpp.o[0m
[14.273s] [ 18%] [32mBuilding CXX object CMakeFiles/mobileye_560_660_msgs__rosidl_typesupport_c.dir/rosidl_typesupport_c/mobileye_560_660_msgs/msg/tsr__type_support.cpp.o[0m
[14.377s] [ 18%] [32mBuilding CXX object CMakeFiles/mobileye_560_660_msgs__rosidl_typesupport_c.dir/rosidl_typesupport_c/mobileye_560_660_msgs/msg/obstacle_status__type_support.cpp.o[0m
[14.470s] [ 19%] [32mBuilding CXX object CMakeFiles/mobileye_560_660_msgs__rosidl_typesupport_c.dir/rosidl_typesupport_c/mobileye_560_660_msgs/msg/lka_reference_points__type_support.cpp.o[0m
[14.588s] [ 20%] [32mBuilding CXX object CMakeFiles/mobileye_560_660_msgs__rosidl_typesupport_c.dir/rosidl_typesupport_c/mobileye_560_660_msgs/msg/lka_num_of_next_lane_markers_reported__type_support.cpp.o[0m
[14.727s] [ 21%] [32mBuilding CXX object CMakeFiles/mobileye_560_660_msgs__rosidl_typesupport_c.dir/rosidl_typesupport_c/mobileye_560_660_msgs/msg/lka_lane__type_support.cpp.o[0m
[14.882s] [ 21%] [32mBuilding CXX object CMakeFiles/mobileye_560_660_msgs__rosidl_typesupport_c.dir/rosidl_typesupport_c/mobileye_560_660_msgs/msg/lane__type_support.cpp.o[0m
[14.992s] [ 21%] Built target mobileye_560_660_msgs__cpp
[15.028s] [ 22%] [32mBuilding CXX object CMakeFiles/mobileye_560_660_msgs__rosidl_typesupport_c.dir/rosidl_typesupport_c/mobileye_560_660_msgs/msg/aws_display__type_support.cpp.o[0m
[15.198s] [ 23%] [32mBuilding CXX object CMakeFiles/mobileye_560_660_msgs__rosidl_typesupport_c.dir/rosidl_typesupport_c/mobileye_560_660_msgs/msg/ahbc_gradual__type_support.cpp.o[0m
[15.292s] [ 24%] [32mBuilding CXX object CMakeFiles/mobileye_560_660_msgs__rosidl_typesupport_c.dir/rosidl_typesupport_c/mobileye_560_660_msgs/msg/ahbc__type_support.cpp.o[0m
[15.372s] [ 25%] [32m[1mLinking CXX shared library libmobileye_560_660_msgs__rosidl_typesupport_c.so[0m
[15.491s] [ 25%] Built target mobileye_560_660_msgs__rosidl_typesupport_c
[16.130s] [35m[1mScanning dependencies of target mobileye_560_660_msgs__rosidl_typesupport_introspection_c[0m
[16.171s] [ 26%] [32mBuilding C object CMakeFiles/mobileye_560_660_msgs__rosidl_typesupport_introspection_c.dir/rosidl_typesupport_introspection_c/mobileye_560_660_msgs/msg/detail/aftermarket_lane__type_support.c.o[0m
[16.239s] [ 26%] [32mBuilding C object CMakeFiles/mobileye_560_660_msgs__rosidl_typesupport_introspection_c.dir/rosidl_typesupport_introspection_c/mobileye_560_660_msgs/msg/detail/tsr_vision_only__type_support.c.o[0m
[16.299s] [ 27%] [32mBuilding C object CMakeFiles/mobileye_560_660_msgs__rosidl_typesupport_introspection_c.dir/rosidl_typesupport_introspection_c/mobileye_560_660_msgs/msg/detail/tsr__type_support.c.o[0m
[16.389s] [ 28%] [32mBuilding C object CMakeFiles/mobileye_560_660_msgs__rosidl_typesupport_introspection_c.dir/rosidl_typesupport_introspection_c/mobileye_560_660_msgs/msg/detail/obstacle_status__type_support.c.o[0m
[16.457s] [ 29%] [32mBuilding C object CMakeFiles/mobileye_560_660_msgs__rosidl_typesupport_introspection_c.dir/rosidl_typesupport_introspection_c/mobileye_560_660_msgs/msg/detail/obstacle_data__type_support.c.o[0m
[16.536s] [ 30%] [32mBuilding C object CMakeFiles/mobileye_560_660_msgs__rosidl_typesupport_introspection_c.dir/rosidl_typesupport_introspection_c/mobileye_560_660_msgs/msg/detail/lka_reference_points__type_support.c.o[0m
[16.592s] [ 30%] [32mBuilding C object CMakeFiles/mobileye_560_660_msgs__rosidl_typesupport_introspection_c.dir/rosidl_typesupport_introspection_c/mobileye_560_660_msgs/msg/detail/lka_num_of_next_lane_markers_reported__type_support.c.o[0m
[16.665s] [ 31%] [32mBuilding C object CMakeFiles/mobileye_560_660_msgs__rosidl_typesupport_introspection_c.dir/rosidl_typesupport_introspection_c/mobileye_560_660_msgs/msg/detail/lka_lane__type_support.c.o[0m
[16.724s] [ 32%] [32mBuilding C object CMakeFiles/mobileye_560_660_msgs__rosidl_typesupport_introspection_c.dir/rosidl_typesupport_introspection_c/mobileye_560_660_msgs/msg/detail/lane__type_support.c.o[0m
[16.792s] [ 33%] [32mBuilding C object CMakeFiles/mobileye_560_660_msgs__rosidl_typesupport_introspection_c.dir/rosidl_typesupport_introspection_c/mobileye_560_660_msgs/msg/detail/fixed_foe__type_support.c.o[0m
[16.855s] [ 34%] [32mBuilding C object CMakeFiles/mobileye_560_660_msgs__rosidl_typesupport_introspection_c.dir/rosidl_typesupport_introspection_c/mobileye_560_660_msgs/msg/detail/aws_display__type_support.c.o[0m
[16.916s] [ 34%] [32mBuilding C object CMakeFiles/mobileye_560_660_msgs__rosidl_typesupport_introspection_c.dir/rosidl_typesupport_introspection_c/mobileye_560_660_msgs/msg/detail/ahbc_gradual__type_support.c.o[0m
[16.964s] [ 35%] [32mBuilding C object CMakeFiles/mobileye_560_660_msgs__rosidl_typesupport_introspection_c.dir/rosidl_typesupport_introspection_c/mobileye_560_660_msgs/msg/detail/ahbc__type_support.c.o[0m
[17.053s] [ 36%] [32m[1mLinking C shared library libmobileye_560_660_msgs__rosidl_typesupport_introspection_c.so[0m
[17.137s] [ 36%] Built target mobileye_560_660_msgs__rosidl_typesupport_introspection_c
[17.154s] [ 37%] [34m[1mGenerating C++ type support for eProsima Fast-RTPS[0m
[19.124s] [35m[1mScanning dependencies of target mobileye_560_660_msgs__rosidl_typesupport_fastrtps_cpp[0m
[19.152s] [ 38%] [32mBuilding CXX object CMakeFiles/mobileye_560_660_msgs__rosidl_typesupport_fastrtps_cpp.dir/rosidl_typesupport_fastrtps_cpp/mobileye_560_660_msgs/msg/detail/dds_fastrtps/aftermarket_lane__type_support.cpp.o[0m
[19.666s] [ 39%] [32mBuilding CXX object CMakeFiles/mobileye_560_660_msgs__rosidl_typesupport_fastrtps_cpp.dir/rosidl_typesupport_fastrtps_cpp/mobileye_560_660_msgs/msg/detail/dds_fastrtps/tsr_vision_only__type_support.cpp.o[0m
[20.175s] [ 40%] [32mBuilding CXX object CMakeFiles/mobileye_560_660_msgs__rosidl_typesupport_fastrtps_cpp.dir/rosidl_typesupport_fastrtps_cpp/mobileye_560_660_msgs/msg/detail/dds_fastrtps/tsr__type_support.cpp.o[0m
[20.632s] [ 41%] [32mBuilding CXX object CMakeFiles/mobileye_560_660_msgs__rosidl_typesupport_fastrtps_cpp.dir/rosidl_typesupport_fastrtps_cpp/mobileye_560_660_msgs/msg/detail/dds_fastrtps/obstacle_status__type_support.cpp.o[0m
[21.062s] [ 42%] [32mBuilding CXX object CMakeFiles/mobileye_560_660_msgs__rosidl_typesupport_fastrtps_cpp.dir/rosidl_typesupport_fastrtps_cpp/mobileye_560_660_msgs/msg/detail/dds_fastrtps/obstacle_data__type_support.cpp.o[0m
[21.401s] [ 42%] [32mBuilding CXX object CMakeFiles/mobileye_560_660_msgs__rosidl_typesupport_fastrtps_cpp.dir/rosidl_typesupport_fastrtps_cpp/mobileye_560_660_msgs/msg/detail/dds_fastrtps/lka_reference_points__type_support.cpp.o[0m
[21.841s] [ 43%] [32mBuilding CXX object CMakeFiles/mobileye_560_660_msgs__rosidl_typesupport_fastrtps_cpp.dir/rosidl_typesupport_fastrtps_cpp/mobileye_560_660_msgs/msg/detail/dds_fastrtps/lka_num_of_next_lane_markers_reported__type_support.cpp.o[0m
[22.248s] [ 44%] [32mBuilding CXX object CMakeFiles/mobileye_560_660_msgs__rosidl_typesupport_fastrtps_cpp.dir/rosidl_typesupport_fastrtps_cpp/mobileye_560_660_msgs/msg/detail/dds_fastrtps/lka_lane__type_support.cpp.o[0m
[22.766s] [ 45%] [32mBuilding CXX object CMakeFiles/mobileye_560_660_msgs__rosidl_typesupport_fastrtps_cpp.dir/rosidl_typesupport_fastrtps_cpp/mobileye_560_660_msgs/msg/detail/dds_fastrtps/lane__type_support.cpp.o[0m
[23.169s] [ 46%] [32mBuilding CXX object CMakeFiles/mobileye_560_660_msgs__rosidl_typesupport_fastrtps_cpp.dir/rosidl_typesupport_fastrtps_cpp/mobileye_560_660_msgs/msg/detail/dds_fastrtps/fixed_foe__type_support.cpp.o[0m
[23.515s] [ 46%] [32mBuilding CXX object CMakeFiles/mobileye_560_660_msgs__rosidl_typesupport_fastrtps_cpp.dir/rosidl_typesupport_fastrtps_cpp/mobileye_560_660_msgs/msg/detail/dds_fastrtps/aws_display__type_support.cpp.o[0m
[23.855s] [ 47%] [32mBuilding CXX object CMakeFiles/mobileye_560_660_msgs__rosidl_typesupport_fastrtps_cpp.dir/rosidl_typesupport_fastrtps_cpp/mobileye_560_660_msgs/msg/detail/dds_fastrtps/ahbc_gradual__type_support.cpp.o[0m
[24.196s] [ 48%] [32mBuilding CXX object CMakeFiles/mobileye_560_660_msgs__rosidl_typesupport_fastrtps_cpp.dir/rosidl_typesupport_fastrtps_cpp/mobileye_560_660_msgs/msg/detail/dds_fastrtps/ahbc__type_support.cpp.o[0m
[24.504s] [ 48%] [32m[1mLinking CXX shared library libmobileye_560_660_msgs__rosidl_typesupport_fastrtps_cpp.so[0m
[24.662s] [ 48%] Built target mobileye_560_660_msgs__rosidl_typesupport_fastrtps_cpp
[24.676s] [ 49%] [34m[1mGenerating C++ type support dispatch for ROS interfaces[0m
[25.625s] [35m[1mScanning dependencies of target mobileye_560_660_msgs__rosidl_typesupport_cpp[0m
[25.647s] [ 50%] [32mBuilding CXX object CMakeFiles/mobileye_560_660_msgs__rosidl_typesupport_cpp.dir/rosidl_typesupport_cpp/mobileye_560_660_msgs/msg/aftermarket_lane__type_support.cpp.o[0m
[25.965s] [ 50%] [32mBuilding CXX object CMakeFiles/mobileye_560_660_msgs__rosidl_typesupport_cpp.dir/rosidl_typesupport_cpp/mobileye_560_660_msgs/msg/tsr_vision_only__type_support.cpp.o[0m
[26.139s] [ 51%] [32mBuilding CXX object CMakeFiles/mobileye_560_660_msgs__rosidl_typesupport_cpp.dir/rosidl_typesupport_cpp/mobileye_560_660_msgs/msg/tsr__type_support.cpp.o[0m
[26.315s] [ 52%] [32mBuilding CXX object CMakeFiles/mobileye_560_660_msgs__rosidl_typesupport_cpp.dir/rosidl_typesupport_cpp/mobileye_560_660_msgs/msg/obstacle_status__type_support.cpp.o[0m
[26.496s] [ 53%] [32mBuilding CXX object CMakeFiles/mobileye_560_660_msgs__rosidl_typesupport_cpp.dir/rosidl_typesupport_cpp/mobileye_560_660_msgs/msg/obstacle_data__type_support.cpp.o[0m
[26.698s] [ 54%] [32mBuilding CXX object CMakeFiles/mobileye_560_660_msgs__rosidl_typesupport_cpp.dir/rosidl_typesupport_cpp/mobileye_560_660_msgs/msg/lka_reference_points__type_support.cpp.o[0m
[26.952s] [ 54%] [32mBuilding CXX object CMakeFiles/mobileye_560_660_msgs__rosidl_typesupport_cpp.dir/rosidl_typesupport_cpp/mobileye_560_660_msgs/msg/lka_num_of_next_lane_markers_reported__type_support.cpp.o[0m
[27.121s] [ 55%] [32mBuilding CXX object CMakeFiles/mobileye_560_660_msgs__rosidl_typesupport_cpp.dir/rosidl_typesupport_cpp/mobileye_560_660_msgs/msg/lka_lane__type_support.cpp.o[0m
[27.320s] [ 56%] [32mBuilding CXX object CMakeFiles/mobileye_560_660_msgs__rosidl_typesupport_cpp.dir/rosidl_typesupport_cpp/mobileye_560_660_msgs/msg/lane__type_support.cpp.o[0m
[27.514s] [ 57%] [32mBuilding CXX object CMakeFiles/mobileye_560_660_msgs__rosidl_typesupport_cpp.dir/rosidl_typesupport_cpp/mobileye_560_660_msgs/msg/fixed_foe__type_support.cpp.o[0m
[27.678s] [ 58%] [32mBuilding CXX object CMakeFiles/mobileye_560_660_msgs__rosidl_typesupport_cpp.dir/rosidl_typesupport_cpp/mobileye_560_660_msgs/msg/aws_display__type_support.cpp.o[0m
[27.840s] [ 58%] [32mBuilding CXX object CMakeFiles/mobileye_560_660_msgs__rosidl_typesupport_cpp.dir/rosidl_typesupport_cpp/mobileye_560_660_msgs/msg/ahbc_gradual__type_support.cpp.o[0m
[28.001s] [ 59%] [32mBuilding CXX object CMakeFiles/mobileye_560_660_msgs__rosidl_typesupport_cpp.dir/rosidl_typesupport_cpp/mobileye_560_660_msgs/msg/ahbc__type_support.cpp.o[0m
[28.167s] [ 60%] [32m[1mLinking CXX shared library libmobileye_560_660_msgs__rosidl_typesupport_cpp.so[0m
[28.202s] [ 60%] Built target mobileye_560_660_msgs__rosidl_typesupport_cpp
[28.216s] [ 61%] [34m[1mGenerating C type support for eProsima Fast-RTPS[0m
[29.362s] [35m[1mScanning dependencies of target mobileye_560_660_msgs__rosidl_typesupport_fastrtps_c[0m
[29.382s] [ 62%] [32mBuilding CXX object CMakeFiles/mobileye_560_660_msgs__rosidl_typesupport_fastrtps_c.dir/rosidl_typesupport_fastrtps_c/mobileye_560_660_msgs/msg/detail/aftermarket_lane__type_support_c.cpp.o[0m
[29.820s] [ 63%] [32mBuilding CXX object CMakeFiles/mobileye_560_660_msgs__rosidl_typesupport_fastrtps_c.dir/rosidl_typesupport_fastrtps_c/mobileye_560_660_msgs/msg/detail/tsr_vision_only__type_support_c.cpp.o[0m
[30.076s] [ 63%] [32mBuilding CXX object CMakeFiles/mobileye_560_660_msgs__rosidl_typesupport_fastrtps_c.dir/rosidl_typesupport_fastrtps_c/mobileye_560_660_msgs/msg/detail/tsr__type_support_c.cpp.o[0m
[30.322s] [ 64%] [32mBuilding CXX object CMakeFiles/mobileye_560_660_msgs__rosidl_typesupport_fastrtps_c.dir/rosidl_typesupport_fastrtps_c/mobileye_560_660_msgs/msg/detail/obstacle_status__type_support_c.cpp.o[0m
[30.580s] [ 65%] [32mBuilding CXX object CMakeFiles/mobileye_560_660_msgs__rosidl_typesupport_fastrtps_c.dir/rosidl_typesupport_fastrtps_c/mobileye_560_660_msgs/msg/detail/obstacle_data__type_support_c.cpp.o[0m
[30.848s] [ 66%] [32mBuilding CXX object CMakeFiles/mobileye_560_660_msgs__rosidl_typesupport_fastrtps_c.dir/rosidl_typesupport_fastrtps_c/mobileye_560_660_msgs/msg/detail/lka_reference_points__type_support_c.cpp.o[0m
[31.127s] [ 67%] [32mBuilding CXX object CMakeFiles/mobileye_560_660_msgs__rosidl_typesupport_fastrtps_c.dir/rosidl_typesupport_fastrtps_c/mobileye_560_660_msgs/msg/detail/lka_num_of_next_lane_markers_reported__type_support_c.cpp.o[0m
[31.405s] [ 67%] [32mBuilding CXX object CMakeFiles/mobileye_560_660_msgs__rosidl_typesupport_fastrtps_c.dir/rosidl_typesupport_fastrtps_c/mobileye_560_660_msgs/msg/detail/lka_lane__type_support_c.cpp.o[0m
[31.677s] [ 68%] [32mBuilding CXX object CMakeFiles/mobileye_560_660_msgs__rosidl_typesupport_fastrtps_c.dir/rosidl_typesupport_fastrtps_c/mobileye_560_660_msgs/msg/detail/lane__type_support_c.cpp.o[0m
[31.944s] [ 69%] [32mBuilding CXX object CMakeFiles/mobileye_560_660_msgs__rosidl_typesupport_fastrtps_c.dir/rosidl_typesupport_fastrtps_c/mobileye_560_660_msgs/msg/detail/fixed_foe__type_support_c.cpp.o[0m
[32.186s] [ 70%] [32mBuilding CXX object CMakeFiles/mobileye_560_660_msgs__rosidl_typesupport_fastrtps_c.dir/rosidl_typesupport_fastrtps_c/mobileye_560_660_msgs/msg/detail/aws_display__type_support_c.cpp.o[0m
[32.447s] [ 71%] [32mBuilding CXX object CMakeFiles/mobileye_560_660_msgs__rosidl_typesupport_fastrtps_c.dir/rosidl_typesupport_fastrtps_c/mobileye_560_660_msgs/msg/detail/ahbc_gradual__type_support_c.cpp.o[0m
[32.706s] [ 71%] [32mBuilding CXX object CMakeFiles/mobileye_560_660_msgs__rosidl_typesupport_fastrtps_c.dir/rosidl_typesupport_fastrtps_c/mobileye_560_660_msgs/msg/detail/ahbc__type_support_c.cpp.o[0m
[32.919s] [ 72%] [32m[1mLinking CXX shared library libmobileye_560_660_msgs__rosidl_typesupport_fastrtps_c.so[0m
[33.005s] [ 72%] Built target mobileye_560_660_msgs__rosidl_typesupport_fastrtps_c
[33.020s] [ 72%] [34m[1mGenerating C++ introspection for ROS interfaces[0m
[34.026s] [35m[1mScanning dependencies of target mobileye_560_660_msgs__rosidl_typesupport_introspection_cpp[0m
[34.038s] [ 73%] [32mBuilding CXX object CMakeFiles/mobileye_560_660_msgs__rosidl_typesupport_introspection_cpp.dir/rosidl_typesupport_introspection_cpp/mobileye_560_660_msgs/msg/detail/aftermarket_lane__type_support.cpp.o[0m
[34.208s] [ 74%] [32mBuilding CXX object CMakeFiles/mobileye_560_660_msgs__rosidl_typesupport_introspection_cpp.dir/rosidl_typesupport_introspection_cpp/mobileye_560_660_msgs/msg/detail/tsr_vision_only__type_support.cpp.o[0m
[34.400s] [ 75%] [32mBuilding CXX object CMakeFiles/mobileye_560_660_msgs__rosidl_typesupport_introspection_cpp.dir/rosidl_typesupport_introspection_cpp/mobileye_560_660_msgs/msg/detail/tsr__type_support.cpp.o[0m
[34.575s] [ 76%] [32mBuilding CXX object CMakeFiles/mobileye_560_660_msgs__rosidl_typesupport_introspection_cpp.dir/rosidl_typesupport_introspection_cpp/mobileye_560_660_msgs/msg/detail/obstacle_status__type_support.cpp.o[0m
[34.748s] [ 76%] [32mBuilding CXX object CMakeFiles/mobileye_560_660_msgs__rosidl_typesupport_introspection_cpp.dir/rosidl_typesupport_introspection_cpp/mobileye_560_660_msgs/msg/detail/obstacle_data__type_support.cpp.o[0m
[34.926s] [ 77%] [32mBuilding CXX object CMakeFiles/mobileye_560_660_msgs__rosidl_typesupport_introspection_cpp.dir/rosidl_typesupport_introspection_cpp/mobileye_560_660_msgs/msg/detail/lka_reference_points__type_support.cpp.o[0m
[35.104s] [ 78%] [32mBuilding CXX object CMakeFiles/mobileye_560_660_msgs__rosidl_typesupport_introspection_cpp.dir/rosidl_typesupport_introspection_cpp/mobileye_560_660_msgs/msg/detail/lka_num_of_next_lane_markers_reported__type_support.cpp.o[0m
[35.287s] [ 79%] [32mBuilding CXX object CMakeFiles/mobileye_560_660_msgs__rosidl_typesupport_introspection_cpp.dir/rosidl_typesupport_introspection_cpp/mobileye_560_660_msgs/msg/detail/lka_lane__type_support.cpp.o[0m
[35.487s] [ 80%] [32mBuilding CXX object CMakeFiles/mobileye_560_660_msgs__rosidl_typesupport_introspection_cpp.dir/rosidl_typesupport_introspection_cpp/mobileye_560_660_msgs/msg/detail/lane__type_support.cpp.o[0m
[35.659s] [ 80%] [32mBuilding CXX object CMakeFiles/mobileye_560_660_msgs__rosidl_typesupport_introspection_cpp.dir/rosidl_typesupport_introspection_cpp/mobileye_560_660_msgs/msg/detail/fixed_foe__type_support.cpp.o[0m
[35.859s] [ 81%] [32mBuilding CXX object CMakeFiles/mobileye_560_660_msgs__rosidl_typesupport_introspection_cpp.dir/rosidl_typesupport_introspection_cpp/mobileye_560_660_msgs/msg/detail/aws_display__type_support.cpp.o[0m
[36.032s] [ 82%] [32mBuilding CXX object CMakeFiles/mobileye_560_660_msgs__rosidl_typesupport_introspection_cpp.dir/rosidl_typesupport_introspection_cpp/mobileye_560_660_msgs/msg/detail/ahbc_gradual__type_support.cpp.o[0m
[36.198s] [ 83%] [32mBuilding CXX object CMakeFiles/mobileye_560_660_msgs__rosidl_typesupport_introspection_cpp.dir/rosidl_typesupport_introspection_cpp/mobileye_560_660_msgs/msg/detail/ahbc__type_support.cpp.o[0m
[36.363s] [ 84%] [32m[1mLinking CXX shared library libmobileye_560_660_msgs__rosidl_typesupport_introspection_cpp.so[0m
[36.414s] [ 84%] Built target mobileye_560_660_msgs__rosidl_typesupport_introspection_cpp
[36.421s] [35m[1mScanning dependencies of target mobileye_560_660_msgs[0m
[36.429s] [ 84%] Built target mobileye_560_660_msgs
[36.437s] [35m[1mScanning dependencies of target mobileye_560_660_msgs__py[0m
[36.445s] [ 85%] [34m[1mGenerating Python code for ROS interfaces[0m
[39.028s] [ 85%] Built target mobileye_560_660_msgs__py
[39.052s] [35m[1mScanning dependencies of target mobileye_560_660_msgs__python[0m
[39.108s] [ 86%] [32mBuilding C object CMakeFiles/mobileye_560_660_msgs__python.dir/rosidl_generator_py/mobileye_560_660_msgs/msg/_aftermarket_lane_s.c.o[0m
[39.122s] [ 87%] [32mBuilding C object CMakeFiles/mobileye_560_660_msgs__python.dir/rosidl_generator_py/mobileye_560_660_msgs/msg/_ahbc_s.c.o[0m
[39.245s] [ 87%] [32mBuilding C object CMakeFiles/mobileye_560_660_msgs__python.dir/rosidl_generator_py/mobileye_560_660_msgs/msg/_tsr_vision_only_s.c.o[0m
[39.277s] [ 88%] [32mBuilding C object CMakeFiles/mobileye_560_660_msgs__python.dir/rosidl_generator_py/mobileye_560_660_msgs/msg/_tsr_s.c.o[0m
[39.373s] [ 89%] [32mBuilding C object CMakeFiles/mobileye_560_660_msgs__python.dir/rosidl_generator_py/mobileye_560_660_msgs/msg/_obstacle_status_s.c.o[0m
[39.373s] [ 90%] [32mBuilding C object CMakeFiles/mobileye_560_660_msgs__python.dir/rosidl_generator_py/mobileye_560_660_msgs/msg/_obstacle_data_s.c.o[0m
[39.495s] [ 91%] [32mBuilding C object CMakeFiles/mobileye_560_660_msgs__python.dir/rosidl_generator_py/mobileye_560_660_msgs/msg/_lka_reference_points_s.c.o[0m
[39.498s] [ 91%] [32mBuilding C object CMakeFiles/mobileye_560_660_msgs__python.dir/rosidl_generator_py/mobileye_560_660_msgs/msg/_lka_num_of_next_lane_markers_reported_s.c.o[0m
[39.630s] [ 92%] [32mBuilding C object CMakeFiles/mobileye_560_660_msgs__python.dir/rosidl_generator_py/mobileye_560_660_msgs/msg/_lka_lane_s.c.o[0m
[39.646s] [ 93%] [32mBuilding C object CMakeFiles/mobileye_560_660_msgs__python.dir/rosidl_generator_py/mobileye_560_660_msgs/msg/_lane_s.c.o[0m
[39.764s] [ 94%] [32mBuilding C object CMakeFiles/mobileye_560_660_msgs__python.dir/rosidl_generator_py/mobileye_560_660_msgs/msg/_fixed_foe_s.c.o[0m
[39.785s] [ 95%] [32mBuilding C object CMakeFiles/mobileye_560_660_msgs__python.dir/rosidl_generator_py/mobileye_560_660_msgs/msg/_aws_display_s.c.o[0m
[39.875s] [ 95%] [32mBuilding C object CMakeFiles/mobileye_560_660_msgs__python.dir/rosidl_generator_py/mobileye_560_660_msgs/msg/_ahbc_gradual_s.c.o[0m
[39.989s] [ 96%] [32m[1mLinking C shared library rosidl_generator_py/mobileye_560_660_msgs/libmobileye_560_660_msgs__python.so[0m
[40.099s] [ 96%] Built target mobileye_560_660_msgs__python
[40.118s] [35m[1mScanning dependencies of target mobileye_560_660_msgs__rosidl_typesupport_fastrtps_c__pyext[0m
[40.126s] [35m[1mScanning dependencies of target mobileye_560_660_msgs__rosidl_typesupport_introspection_c__pyext[0m
[40.160s] [ 97%] [32mBuilding C object CMakeFiles/mobileye_560_660_msgs__rosidl_typesupport_fastrtps_c__pyext.dir/rosidl_generator_py/mobileye_560_660_msgs/_mobileye_560_660_msgs_s.ep.rosidl_typesupport_fastrtps_c.c.o[0m
[40.167s] [ 98%] [32mBuilding C object CMakeFiles/mobileye_560_660_msgs__rosidl_typesupport_introspection_c__pyext.dir/rosidl_generator_py/mobileye_560_660_msgs/_mobileye_560_660_msgs_s.ep.rosidl_typesupport_introspection_c.c.o[0m
[40.324s] [ 98%] [32m[1mLinking CXX shared library rosidl_generator_py/mobileye_560_660_msgs/mobileye_560_660_msgs_s__rosidl_typesupport_fastrtps_c.cpython-38-x86_64-linux-gnu.so[0m
[40.413s] [ 99%] [32m[1mLinking C shared library rosidl_generator_py/mobileye_560_660_msgs/mobileye_560_660_msgs_s__rosidl_typesupport_introspection_c.cpython-38-x86_64-linux-gnu.so[0m
[40.462s] [ 99%] Built target mobileye_560_660_msgs__rosidl_typesupport_fastrtps_c__pyext
[40.498s] [35m[1mScanning dependencies of target mobileye_560_660_msgs__rosidl_typesupport_c__pyext[0m
[40.520s] [ 99%] Built target mobileye_560_660_msgs__rosidl_typesupport_introspection_c__pyext
[40.546s] [100%] [32mBuilding C object CMakeFiles/mobileye_560_660_msgs__rosidl_typesupport_c__pyext.dir/rosidl_generator_py/mobileye_560_660_msgs/_mobileye_560_660_msgs_s.ep.rosidl_typesupport_c.c.o[0m
[40.722s] [100%] [32m[1mLinking C shared library rosidl_generator_py/mobileye_560_660_msgs/mobileye_560_660_msgs_s__rosidl_typesupport_c.cpython-38-x86_64-linux-gnu.so[0m
[40.787s] [100%] Built target mobileye_560_660_msgs__rosidl_typesupport_c__pyext
[40.847s] Invoked command in '/home/martin/Desktop/Stage/Projet/ws_carla_ros/build/mobileye_560_660_msgs' returned '0': CMAKE_PREFIX_PATH=${CMAKE_PREFIX_PATH}:/home/martin/Desktop/Stage/Projet/ws_carla_ros/install/rqt_carla_control:/home/martin/Desktop/Stage/Projet/ws_carla_ros/install/carla_waypoint_publisher:/home/martin/Desktop/Stage/Projet/ws_carla_ros/install/carla_ackermann_control:/home/martin/Desktop/Stage/Projet/ws_carla_ros/install/carla_ros_bridge:/home/martin/Desktop/Stage/Projet/ws_carla_ros/install/carla_spawn_objects:/home/martin/Desktop/Stage/Projet/ws_carla_ros/install/carla_manual_control:/home/martin/Desktop/Stage/Projet/ws_carla_ros/install/carla_ad_agent:/home/martin/Desktop/Stage/Projet/ws_carla_ros/install/ros_compatibility:/home/martin/Desktop/Stage/Projet/ws_carla_ros/install/carla_walker_agent:/home/martin/Desktop/Stage/Projet/ws_carla_ros/install/carla_twist_to_control:/home/martin/Desktop/Stage/Projet/ws_carla_ros/install/carla_ros_scenario_runner:/home/martin/Desktop/Stage/Projet/ws_carla_ros/install/carla_map_visualization:/home/martin/Desktop/Stage/Projet/ws_carla_ros/install/carla_interface:/home/martin/Desktop/Stage/Projet/ws_carla_ros/install/carla_control_display:/home/martin/Desktop/Stage/Projet/ws_carla_ros/install/carla_common:/opt/ros/galactic /usr/bin/cmake --build /home/martin/Desktop/Stage/Projet/ws_carla_ros/build/mobileye_560_660_msgs -- -j16 -l16
[40.848s] Invoking command in '/home/martin/Desktop/Stage/Projet/ws_carla_ros/build/mobileye_560_660_msgs': CMAKE_PREFIX_PATH=${CMAKE_PREFIX_PATH}:/home/martin/Desktop/Stage/Projet/ws_carla_ros/install/rqt_carla_control:/home/martin/Desktop/Stage/Projet/ws_carla_ros/install/carla_waypoint_publisher:/home/martin/Desktop/Stage/Projet/ws_carla_ros/install/carla_ackermann_control:/home/martin/Desktop/Stage/Projet/ws_carla_ros/install/carla_ros_bridge:/home/martin/Desktop/Stage/Projet/ws_carla_ros/install/carla_spawn_objects:/home/martin/Desktop/Stage/Projet/ws_carla_ros/install/carla_manual_control:/home/martin/Desktop/Stage/Projet/ws_carla_ros/install/carla_ad_agent:/home/martin/Desktop/Stage/Projet/ws_carla_ros/install/ros_compatibility:/home/martin/Desktop/Stage/Projet/ws_carla_ros/install/carla_walker_agent:/home/martin/Desktop/Stage/Projet/ws_carla_ros/install/carla_twist_to_control:/home/martin/Desktop/Stage/Projet/ws_carla_ros/install/carla_ros_scenario_runner:/home/martin/Desktop/Stage/Projet/ws_carla_ros/install/carla_map_visualization:/home/martin/Desktop/Stage/Projet/ws_carla_ros/install/carla_interface:/home/martin/Desktop/Stage/Projet/ws_carla_ros/install/carla_control_display:/home/martin/Desktop/Stage/Projet/ws_carla_ros/install/carla_common:/opt/ros/galactic /usr/bin/cmake --install /home/martin/Desktop/Stage/Projet/ws_carla_ros/build/mobileye_560_660_msgs
[40.862s] -- Install configuration: ""
[40.862s] -- Installing: /home/martin/Desktop/Stage/Projet/ws_carla_ros/install/mobileye_560_660_msgs/share/ament_index/resource_index/rosidl_interfaces/mobileye_560_660_msgs
[40.862s] -- Installing: /home/martin/Desktop/Stage/Projet/ws_carla_ros/install/mobileye_560_660_msgs/include/mobileye_560_660_msgs
[40.862s] -- Installing: /home/martin/Desktop/Stage/Projet/ws_carla_ros/install/mobileye_560_660_msgs/include/mobileye_560_660_msgs/msg
[40.862s] -- Installing: /home/martin/Desktop/Stage/Projet/ws_carla_ros/install/mobileye_560_660_msgs/include/mobileye_560_660_msgs/msg/aws_display.h
[40.862s] -- Installing: /home/martin/Desktop/Stage/Projet/ws_carla_ros/install/mobileye_560_660_msgs/include/mobileye_560_660_msgs/msg/tsr_vision_only.h
[40.863s] -- Installing: /home/martin/Desktop/Stage/Projet/ws_carla_ros/install/mobileye_560_660_msgs/include/mobileye_560_660_msgs/msg/obstacle_status.h
[40.863s] -- Installing: /home/martin/Desktop/Stage/Projet/ws_carla_ros/install/mobileye_560_660_msgs/include/mobileye_560_660_msgs/msg/tsr.h
[40.863s] -- Installing: /home/martin/Desktop/Stage/Projet/ws_carla_ros/install/mobileye_560_660_msgs/include/mobileye_560_660_msgs/msg/rosidl_generator_c__visibility_control.h
[40.863s] -- Installing: /home/martin/Desktop/Stage/Projet/ws_carla_ros/install/mobileye_560_660_msgs/include/mobileye_560_660_msgs/msg/ahbc.h
[40.863s] -- Installing: /home/martin/Desktop/Stage/Projet/ws_carla_ros/install/mobileye_560_660_msgs/include/mobileye_560_660_msgs/msg/lka_num_of_next_lane_markers_reported.h
[40.863s] -- Installing: /home/martin/Desktop/Stage/Projet/ws_carla_ros/install/mobileye_560_660_msgs/include/mobileye_560_660_msgs/msg/lka_reference_points.h
[40.863s] -- Installing: /home/martin/Desktop/Stage/Projet/ws_carla_ros/install/mobileye_560_660_msgs/include/mobileye_560_660_msgs/msg/lane.h
[40.863s] -- Installing: /home/martin/Desktop/Stage/Projet/ws_carla_ros/install/mobileye_560_660_msgs/include/mobileye_560_660_msgs/msg/aftermarket_lane.h
[40.863s] -- Installing: /home/martin/Desktop/Stage/Projet/ws_carla_ros/install/mobileye_560_660_msgs/include/mobileye_560_660_msgs/msg/ahbc_gradual.h
[40.863s] -- Installing: /home/martin/Desktop/Stage/Projet/ws_carla_ros/install/mobileye_560_660_msgs/include/mobileye_560_660_msgs/msg/detail
[40.863s] -- Installing: /home/martin/Desktop/Stage/Projet/ws_carla_ros/install/mobileye_560_660_msgs/include/mobileye_560_660_msgs/msg/detail/obstacle_status__type_support.h
[40.863s] -- Installing: /home/martin/Desktop/Stage/Projet/ws_carla_ros/install/mobileye_560_660_msgs/include/mobileye_560_660_msgs/msg/detail/fixed_foe__functions.c
[40.864s] -- Installing: /home/martin/Desktop/Stage/Projet/ws_carla_ros/install/mobileye_560_660_msgs/include/mobileye_560_660_msgs/msg/detail/lka_reference_points__functions.h
[40.864s] -- Installing: /home/martin/Desktop/Stage/Projet/ws_carla_ros/install/mobileye_560_660_msgs/include/mobileye_560_660_msgs/msg/detail/lka_lane__type_support.h
[40.864s] -- Installing: /home/martin/Desktop/Stage/Projet/ws_carla_ros/install/mobileye_560_660_msgs/include/mobileye_560_660_msgs/msg/detail/lane__functions.h
[40.864s] -- Installing: /home/martin/Desktop/Stage/Projet/ws_carla_ros/install/mobileye_560_660_msgs/include/mobileye_560_660_msgs/msg/detail/lka_reference_points__type_support.h
[40.864s] -- Installing: /home/martin/Desktop/Stage/Projet/ws_carla_ros/install/mobileye_560_660_msgs/include/mobileye_560_660_msgs/msg/detail/obstacle_status__functions.c
[40.864s] -- Installing: /home/martin/Desktop/Stage/Projet/ws_carla_ros/install/mobileye_560_660_msgs/include/mobileye_560_660_msgs/msg/detail/lane__struct.h
[40.864s] -- Installing: /home/martin/Desktop/Stage/Projet/ws_carla_ros/install/mobileye_560_660_msgs/include/mobileye_560_660_msgs/msg/detail/tsr__functions.h
[40.864s] -- Installing: /home/martin/Desktop/Stage/Projet/ws_carla_ros/install/mobileye_560_660_msgs/include/mobileye_560_660_msgs/msg/detail/fixed_foe__struct.h
[40.865s] -- Installing: /home/martin/Desktop/Stage/Projet/ws_carla_ros/install/mobileye_560_660_msgs/include/mobileye_560_660_msgs/msg/detail/tsr_vision_only__struct.h
[40.865s] -- Installing: /home/martin/Desktop/Stage/Projet/ws_carla_ros/install/mobileye_560_660_msgs/include/mobileye_560_660_msgs/msg/detail/ahbc_gradual__type_support.h
[40.865s] -- Installing: /home/martin/Desktop/Stage/Projet/ws_carla_ros/install/mobileye_560_660_msgs/include/mobileye_560_660_msgs/msg/detail/tsr_vision_only__functions.c
[40.865s] -- Installing: /home/martin/Desktop/Stage/Projet/ws_carla_ros/install/mobileye_560_660_msgs/include/mobileye_560_660_msgs/msg/detail/lka_lane__functions.h
[40.865s] -- Installing: /home/martin/Desktop/Stage/Projet/ws_carla_ros/install/mobileye_560_660_msgs/include/mobileye_560_660_msgs/msg/detail/ahbc__struct.h
[40.865s] -- Installing: /home/martin/Desktop/Stage/Projet/ws_carla_ros/install/mobileye_560_660_msgs/include/mobileye_560_660_msgs/msg/detail/lka_num_of_next_lane_markers_reported__functions.h
[40.866s] -- Installing: /home/martin/Desktop/Stage/Projet/ws_carla_ros/install/mobileye_560_660_msgs/include/mobileye_560_660_msgs/msg/detail/aftermarket_lane__struct.h
[40.866s] -- Installing: /home/martin/Desktop/Stage/Projet/ws_carla_ros/install/mobileye_560_660_msgs/include/mobileye_560_660_msgs/msg/detail/lane__type_support.h
[40.866s] -- Installing: /home/martin/Desktop/Stage/Projet/ws_carla_ros/install/mobileye_560_660_msgs/include/mobileye_560_660_msgs/msg/detail/fixed_foe__functions.h
[40.866s] -- Installing: /home/martin/Desktop/Stage/Projet/ws_carla_ros/install/mobileye_560_660_msgs/include/mobileye_560_660_msgs/msg/detail/lka_lane__struct.h
[40.866s] -- Installing: /home/martin/Desktop/Stage/Projet/ws_carla_ros/install/mobileye_560_660_msgs/include/mobileye_560_660_msgs/msg/detail/ahbc__type_support.h
[40.866s] -- Installing: /home/martin/Desktop/Stage/Projet/ws_carla_ros/install/mobileye_560_660_msgs/include/mobileye_560_660_msgs/msg/detail/lka_num_of_next_lane_markers_reported__functions.c
[40.866s] -- Installing: /home/martin/Desktop/Stage/Projet/ws_carla_ros/install/mobileye_560_660_msgs/include/mobileye_560_660_msgs/msg/detail/obstacle_data__functions.h
[40.866s] -- Installing: /home/martin/Desktop/Stage/Projet/ws_carla_ros/install/mobileye_560_660_msgs/include/mobileye_560_660_msgs/msg/detail/aftermarket_lane__type_support.h
[40.867s] -- Installing: /home/martin/Desktop/Stage/Projet/ws_carla_ros/install/mobileye_560_660_msgs/include/mobileye_560_660_msgs/msg/detail/obstacle_status__functions.h
[40.867s] -- Installing: /home/martin/Desktop/Stage/Projet/ws_carla_ros/install/mobileye_560_660_msgs/include/mobileye_560_660_msgs/msg/detail/obstacle_data__functions.c
[40.867s] -- Installing: /home/martin/Desktop/Stage/Projet/ws_carla_ros/install/mobileye_560_660_msgs/include/mobileye_560_660_msgs/msg/detail/aws_display__functions.c
[40.867s] -- Installing: /home/martin/Desktop/Stage/Projet/ws_carla_ros/install/mobileye_560_660_msgs/include/mobileye_560_660_msgs/msg/detail/obstacle_status__struct.h
[40.868s] -- Installing: /home/martin/Desktop/Stage/Projet/ws_carla_ros/install/mobileye_560_660_msgs/include/mobileye_560_660_msgs/msg/detail/aws_display__functions.h
[40.868s] -- Installing: /home/martin/Desktop/Stage/Projet/ws_carla_ros/install/mobileye_560_660_msgs/include/mobileye_560_660_msgs/msg/detail/lane__functions.c
[40.868s] -- Installing: /home/martin/Desktop/Stage/Projet/ws_carla_ros/install/mobileye_560_660_msgs/include/mobileye_560_660_msgs/msg/detail/obstacle_data__struct.h
[40.868s] -- Installing: /home/martin/Desktop/Stage/Projet/ws_carla_ros/install/mobileye_560_660_msgs/include/mobileye_560_660_msgs/msg/detail/tsr__struct.h
[40.868s] -- Installing: /home/martin/Desktop/Stage/Projet/ws_carla_ros/install/mobileye_560_660_msgs/include/mobileye_560_660_msgs/msg/detail/tsr_vision_only__functions.h
[40.868s] -- Installing: /home/martin/Desktop/Stage/Projet/ws_carla_ros/install/mobileye_560_660_msgs/include/mobileye_560_660_msgs/msg/detail/lka_reference_points__struct.h
[40.868s] -- Installing: /home/martin/Desktop/Stage/Projet/ws_carla_ros/install/mobileye_560_660_msgs/include/mobileye_560_660_msgs/msg/detail/aws_display__type_support.h
[40.868s] -- Installing: /home/martin/Desktop/Stage/Projet/ws_carla_ros/install/mobileye_560_660_msgs/include/mobileye_560_660_msgs/msg/detail/lka_num_of_next_lane_markers_reported__struct.h
[40.868s] -- Installing: /home/martin/Desktop/Stage/Projet/ws_carla_ros/install/mobileye_560_660_msgs/include/mobileye_560_660_msgs/msg/detail/ahbc_gradual__functions.c
[40.869s] -- Installing: /home/martin/Desktop/Stage/Projet/ws_carla_ros/install/mobileye_560_660_msgs/include/mobileye_560_660_msgs/msg/detail/ahbc__functions.h
[40.869s] -- Installing: /home/martin/Desktop/Stage/Projet/ws_carla_ros/install/mobileye_560_660_msgs/include/mobileye_560_660_msgs/msg/detail/ahbc__functions.c
[40.869s] -- Installing: /home/martin/Desktop/Stage/Projet/ws_carla_ros/install/mobileye_560_660_msgs/include/mobileye_560_660_msgs/msg/detail/aftermarket_lane__functions.c
[40.869s] -- Installing: /home/martin/Desktop/Stage/Projet/ws_carla_ros/install/mobileye_560_660_msgs/include/mobileye_560_660_msgs/msg/detail/tsr__functions.c
[40.869s] -- Installing: /home/martin/Desktop/Stage/Projet/ws_carla_ros/install/mobileye_560_660_msgs/include/mobileye_560_660_msgs/msg/detail/aws_display__struct.h
[40.869s] -- Installing: /home/martin/Desktop/Stage/Projet/ws_carla_ros/install/mobileye_560_660_msgs/include/mobileye_560_660_msgs/msg/detail/aftermarket_lane__functions.h
[40.869s] -- Installing: /home/martin/Desktop/Stage/Projet/ws_carla_ros/install/mobileye_560_660_msgs/include/mobileye_560_660_msgs/msg/detail/tsr_vision_only__type_support.h
[40.870s] -- Installing: /home/martin/Desktop/Stage/Projet/ws_carla_ros/install/mobileye_560_660_msgs/include/mobileye_560_660_msgs/msg/detail/fixed_foe__type_support.h
[40.870s] -- Installing: /home/martin/Desktop/Stage/Projet/ws_carla_ros/install/mobileye_560_660_msgs/include/mobileye_560_660_msgs/msg/detail/lka_reference_points__functions.c
[40.870s] -- Installing: /home/martin/Desktop/Stage/Projet/ws_carla_ros/install/mobileye_560_660_msgs/include/mobileye_560_660_msgs/msg/detail/tsr__type_support.h
[40.870s] -- Installing: /home/martin/Desktop/Stage/Projet/ws_carla_ros/install/mobileye_560_660_msgs/include/mobileye_560_660_msgs/msg/detail/lka_lane__functions.c
[40.870s] -- Installing: /home/martin/Desktop/Stage/Projet/ws_carla_ros/install/mobileye_560_660_msgs/include/mobileye_560_660_msgs/msg/detail/obstacle_data__type_support.h
[40.870s] -- Installing: /home/martin/Desktop/Stage/Projet/ws_carla_ros/install/mobileye_560_660_msgs/include/mobileye_560_660_msgs/msg/detail/ahbc_gradual__struct.h
[40.870s] -- Installing: /home/martin/Desktop/Stage/Projet/ws_carla_ros/install/mobileye_560_660_msgs/include/mobileye_560_660_msgs/msg/detail/ahbc_gradual__functions.h
[40.870s] -- Installing: /home/martin/Desktop/Stage/Projet/ws_carla_ros/install/mobileye_560_660_msgs/include/mobileye_560_660_msgs/msg/detail/lka_num_of_next_lane_markers_reported__type_support.h
[40.870s] -- Installing: /home/martin/Desktop/Stage/Projet/ws_carla_ros/install/mobileye_560_660_msgs/include/mobileye_560_660_msgs/msg/obstacle_data.h
[40.870s] -- Installing: /home/martin/Desktop/Stage/Projet/ws_carla_ros/install/mobileye_560_660_msgs/include/mobileye_560_660_msgs/msg/fixed_foe.h
[40.870s] -- Installing: /home/martin/Desktop/Stage/Projet/ws_carla_ros/install/mobileye_560_660_msgs/include/mobileye_560_660_msgs/msg/lka_lane.h
[40.870s] -- Installing: /home/martin/Desktop/Stage/Projet/ws_carla_ros/install/mobileye_560_660_msgs/share/mobileye_560_660_msgs/environment/library_path.sh
[40.870s] -- Installing: /home/martin/Desktop/Stage/Projet/ws_carla_ros/install/mobileye_560_660_msgs/share/mobileye_560_660_msgs/environment/library_path.dsv
[40.870s] -- Installing: /home/martin/Desktop/Stage/Projet/ws_carla_ros/install/mobileye_560_660_msgs/lib/libmobileye_560_660_msgs__rosidl_generator_c.so
[40.871s] -- Set runtime path of "/home/martin/Desktop/Stage/Projet/ws_carla_ros/install/mobileye_560_660_msgs/lib/libmobileye_560_660_msgs__rosidl_generator_c.so" to ""
[40.871s] -- Up-to-date: /home/martin/Desktop/Stage/Projet/ws_carla_ros/install/mobileye_560_660_msgs/include/mobileye_560_660_msgs
[40.871s] -- Up-to-date: /home/martin/Desktop/Stage/Projet/ws_carla_ros/install/mobileye_560_660_msgs/include/mobileye_560_660_msgs/msg
[40.871s] -- Installing: /home/martin/Desktop/Stage/Projet/ws_carla_ros/install/mobileye_560_660_msgs/include/mobileye_560_660_msgs/msg/rosidl_typesupport_fastrtps_c__visibility_control.h
[40.871s] -- Up-to-date: /home/martin/Desktop/Stage/Projet/ws_carla_ros/install/mobileye_560_660_msgs/include/mobileye_560_660_msgs/msg/detail
[40.871s] -- Installing: /home/martin/Desktop/Stage/Projet/ws_carla_ros/install/mobileye_560_660_msgs/include/mobileye_560_660_msgs/msg/detail/ahbc_gradual__rosidl_typesupport_fastrtps_c.h
[40.872s] -- Installing: /home/martin/Desktop/Stage/Projet/ws_carla_ros/install/mobileye_560_660_msgs/include/mobileye_560_660_msgs/msg/detail/ahbc__rosidl_typesupport_fastrtps_c.h
[40.872s] -- Installing: /home/martin/Desktop/Stage/Projet/ws_carla_ros/install/mobileye_560_660_msgs/include/mobileye_560_660_msgs/msg/detail/obstacle_data__rosidl_typesupport_fastrtps_c.h
[40.872s] -- Installing: /home/martin/Desktop/Stage/Projet/ws_carla_ros/install/mobileye_560_660_msgs/include/mobileye_560_660_msgs/msg/detail/aftermarket_lane__rosidl_typesupport_fastrtps_c.h
[40.872s] -- Installing: /home/martin/Desktop/Stage/Projet/ws_carla_ros/install/mobileye_560_660_msgs/include/mobileye_560_660_msgs/msg/detail/aws_display__rosidl_typesupport_fastrtps_c.h
[40.872s] -- Installing: /home/martin/Desktop/Stage/Projet/ws_carla_ros/install/mobileye_560_660_msgs/include/mobileye_560_660_msgs/msg/detail/lka_reference_points__rosidl_typesupport_fastrtps_c.h
[40.872s] -- Installing: /home/martin/Desktop/Stage/Projet/ws_carla_ros/install/mobileye_560_660_msgs/include/mobileye_560_660_msgs/msg/detail/tsr_vision_only__rosidl_typesupport_fastrtps_c.h
[40.872s] -- Installing: /home/martin/Desktop/Stage/Projet/ws_carla_ros/install/mobileye_560_660_msgs/include/mobileye_560_660_msgs/msg/detail/lane__rosidl_typesupport_fastrtps_c.h
[40.872s] -- Installing: /home/martin/Desktop/Stage/Projet/ws_carla_ros/install/mobileye_560_660_msgs/include/mobileye_560_660_msgs/msg/detail/lka_lane__rosidl_typesupport_fastrtps_c.h
[40.872s] -- Installing: /home/martin/Desktop/Stage/Projet/ws_carla_ros/install/mobileye_560_660_msgs/include/mobileye_560_660_msgs/msg/detail/fixed_foe__rosidl_typesupport_fastrtps_c.h
[40.873s] -- Installing: /home/martin/Desktop/Stage/Projet/ws_carla_ros/install/mobileye_560_660_msgs/include/mobileye_560_660_msgs/msg/detail/tsr__rosidl_typesupport_fastrtps_c.h
[40.873s] -- Installing: /home/martin/Desktop/Stage/Projet/ws_carla_ros/install/mobileye_560_660_msgs/include/mobileye_560_660_msgs/msg/detail/obstacle_status__rosidl_typesupport_fastrtps_c.h
[40.873s] -- Installing: /home/martin/Desktop/Stage/Projet/ws_carla_ros/install/mobileye_560_660_msgs/include/mobileye_560_660_msgs/msg/detail/lka_num_of_next_lane_markers_reported__rosidl_typesupport_fastrtps_c.h
[40.873s] -- Installing: /home/martin/Desktop/Stage/Projet/ws_carla_ros/install/mobileye_560_660_msgs/lib/libmobileye_560_660_msgs__rosidl_typesupport_fastrtps_c.so
[40.874s] -- Set runtime path of "/home/martin/Desktop/Stage/Projet/ws_carla_ros/install/mobileye_560_660_msgs/lib/libmobileye_560_660_msgs__rosidl_typesupport_fastrtps_c.so" to ""
[40.874s] -- Up-to-date: /home/martin/Desktop/Stage/Projet/ws_carla_ros/install/mobileye_560_660_msgs/include/mobileye_560_660_msgs
[40.874s] -- Up-to-date: /home/martin/Desktop/Stage/Projet/ws_carla_ros/install/mobileye_560_660_msgs/include/mobileye_560_660_msgs/msg
[40.874s] -- Up-to-date: /home/martin/Desktop/Stage/Projet/ws_carla_ros/install/mobileye_560_660_msgs/include/mobileye_560_660_msgs/msg/detail
[40.874s] -- Installing: /home/martin/Desktop/Stage/Projet/ws_carla_ros/install/mobileye_560_660_msgs/include/mobileye_560_660_msgs/msg/detail/ahbc_gradual__rosidl_typesupport_fastrtps_cpp.hpp
[40.874s] -- Installing: /home/martin/Desktop/Stage/Projet/ws_carla_ros/install/mobileye_560_660_msgs/include/mobileye_560_660_msgs/msg/detail/obstacle_data__rosidl_typesupport_fastrtps_cpp.hpp
[40.874s] -- Installing: /home/martin/Desktop/Stage/Projet/ws_carla_ros/install/mobileye_560_660_msgs/include/mobileye_560_660_msgs/msg/detail/tsr_vision_only__rosidl_typesupport_fastrtps_cpp.hpp
[40.874s] -- Installing: /home/martin/Desktop/Stage/Projet/ws_carla_ros/install/mobileye_560_660_msgs/include/mobileye_560_660_msgs/msg/detail/lka_lane__rosidl_typesupport_fastrtps_cpp.hpp
[40.874s] -- Installing: /home/martin/Desktop/Stage/Projet/ws_carla_ros/install/mobileye_560_660_msgs/include/mobileye_560_660_msgs/msg/detail/obstacle_status__rosidl_typesupport_fastrtps_cpp.hpp
[40.874s] -- Installing: /home/martin/Desktop/Stage/Projet/ws_carla_ros/install/mobileye_560_660_msgs/include/mobileye_560_660_msgs/msg/detail/lane__rosidl_typesupport_fastrtps_cpp.hpp
[40.875s] -- Installing: /home/martin/Desktop/Stage/Projet/ws_carla_ros/install/mobileye_560_660_msgs/include/mobileye_560_660_msgs/msg/detail/aws_display__rosidl_typesupport_fastrtps_cpp.hpp
[40.875s] -- Installing: /home/martin/Desktop/Stage/Projet/ws_carla_ros/install/mobileye_560_660_msgs/include/mobileye_560_660_msgs/msg/detail/lka_num_of_next_lane_markers_reported__rosidl_typesupport_fastrtps_cpp.hpp
[40.875s] -- Installing: /home/martin/Desktop/Stage/Projet/ws_carla_ros/install/mobileye_560_660_msgs/include/mobileye_560_660_msgs/msg/detail/aftermarket_lane__rosidl_typesupport_fastrtps_cpp.hpp
[40.875s] -- Installing: /home/martin/Desktop/Stage/Projet/ws_carla_ros/install/mobileye_560_660_msgs/include/mobileye_560_660_msgs/msg/detail/dds_fastrtps
[40.875s] -- Installing: /home/martin/Desktop/Stage/Projet/ws_carla_ros/install/mobileye_560_660_msgs/include/mobileye_560_660_msgs/msg/detail/fixed_foe__rosidl_typesupport_fastrtps_cpp.hpp
[40.875s] -- Installing: /home/martin/Desktop/Stage/Projet/ws_carla_ros/install/mobileye_560_660_msgs/include/mobileye_560_660_msgs/msg/detail/tsr__rosidl_typesupport_fastrtps_cpp.hpp
[40.887s] -- Installing: /home/martin/Desktop/Stage/Projet/ws_carla_ros/install/mobileye_560_660_msgs/include/mobileye_560_660_msgs/msg/detail/lka_reference_points__rosidl_typesupport_fastrtps_cpp.hpp
[40.887s] -- Installing: /home/martin/Desktop/Stage/Projet/ws_carla_ros/install/mobileye_560_660_msgs/include/mobileye_560_660_msgs/msg/detail/ahbc__rosidl_typesupport_fastrtps_cpp.hpp
[40.887s] -- Installing: /home/martin/Desktop/Stage/Projet/ws_carla_ros/install/mobileye_560_660_msgs/include/mobileye_560_660_msgs/msg/rosidl_typesupport_fastrtps_cpp__visibility_control.h
[40.888s] -- Installing: /home/martin/Desktop/Stage/Projet/ws_carla_ros/install/mobileye_560_660_msgs/lib/libmobileye_560_660_msgs__rosidl_typesupport_fastrtps_cpp.so
[40.888s] -- Set runtime path of "/home/martin/Desktop/Stage/Projet/ws_carla_ros/install/mobileye_560_660_msgs/lib/libmobileye_560_660_msgs__rosidl_typesupport_fastrtps_cpp.so" to ""
[40.888s] -- Up-to-date: /home/martin/Desktop/Stage/Projet/ws_carla_ros/install/mobileye_560_660_msgs/include/mobileye_560_660_msgs
[40.888s] -- Up-to-date: /home/martin/Desktop/Stage/Projet/ws_carla_ros/install/mobileye_560_660_msgs/include/mobileye_560_660_msgs/msg
[40.888s] -- Installing: /home/martin/Desktop/Stage/Projet/ws_carla_ros/install/mobileye_560_660_msgs/include/mobileye_560_660_msgs/msg/rosidl_typesupport_introspection_c__visibility_control.h
[40.888s] -- Up-to-date: /home/martin/Desktop/Stage/Projet/ws_carla_ros/install/mobileye_560_660_msgs/include/mobileye_560_660_msgs/msg/detail
[40.888s] -- Installing: /home/martin/Desktop/Stage/Projet/ws_carla_ros/install/mobileye_560_660_msgs/include/mobileye_560_660_msgs/msg/detail/lka_num_of_next_lane_markers_reported__type_support.c
[40.888s] -- Installing: /home/martin/Desktop/Stage/Projet/ws_carla_ros/install/mobileye_560_660_msgs/include/mobileye_560_660_msgs/msg/detail/ahbc_gradual__rosidl_typesupport_introspection_c.h
[40.888s] -- Installing: /home/martin/Desktop/Stage/Projet/ws_carla_ros/install/mobileye_560_660_msgs/include/mobileye_560_660_msgs/msg/detail/fixed_foe__type_support.c
[40.888s] -- Installing: /home/martin/Desktop/Stage/Projet/ws_carla_ros/install/mobileye_560_660_msgs/include/mobileye_560_660_msgs/msg/detail/obstacle_status__rosidl_typesupport_introspection_c.h
[40.888s] -- Installing: /home/martin/Desktop/Stage/Projet/ws_carla_ros/install/mobileye_560_660_msgs/include/mobileye_560_660_msgs/msg/detail/lka_reference_points__type_support.c
[40.889s] -- Installing: /home/martin/Desktop/Stage/Projet/ws_carla_ros/install/mobileye_560_660_msgs/include/mobileye_560_660_msgs/msg/detail/lane__rosidl_typesupport_introspection_c.h
[40.889s] -- Installing: /home/martin/Desktop/Stage/Projet/ws_carla_ros/install/mobileye_560_660_msgs/include/mobileye_560_660_msgs/msg/detail/lane__type_support.c
[40.889s] -- Installing: /home/martin/Desktop/Stage/Projet/ws_carla_ros/install/mobileye_560_660_msgs/include/mobileye_560_660_msgs/msg/detail/ahbc_gradual__type_support.c
[40.889s] -- Installing: /home/martin/Desktop/Stage/Projet/ws_carla_ros/install/mobileye_560_660_msgs/include/mobileye_560_660_msgs/msg/detail/tsr__rosidl_typesupport_introspection_c.h
[40.889s] -- Installing: /home/martin/Desktop/Stage/Projet/ws_carla_ros/install/mobileye_560_660_msgs/include/mobileye_560_660_msgs/msg/detail/obstacle_data__type_support.c
[40.889s] -- Installing: /home/martin/Desktop/Stage/Projet/ws_carla_ros/install/mobileye_560_660_msgs/include/mobileye_560_660_msgs/msg/detail/fixed_foe__rosidl_typesupport_introspection_c.h
[40.889s] -- Installing: /home/martin/Desktop/Stage/Projet/ws_carla_ros/install/mobileye_560_660_msgs/include/mobileye_560_660_msgs/msg/detail/tsr__type_support.c
[40.889s] -- Installing: /home/martin/Desktop/Stage/Projet/ws_carla_ros/install/mobileye_560_660_msgs/include/mobileye_560_660_msgs/msg/detail/tsr_vision_only__type_support.c
[40.889s] -- Installing: /home/martin/Desktop/Stage/Projet/ws_carla_ros/install/mobileye_560_660_msgs/include/mobileye_560_660_msgs/msg/detail/lka_num_of_next_lane_markers_reported__rosidl_typesupport_introspection_c.h
[40.889s] -- Installing: /home/martin/Desktop/Stage/Projet/ws_carla_ros/install/mobileye_560_660_msgs/include/mobileye_560_660_msgs/msg/detail/obstacle_data__rosidl_typesupport_introspection_c.h
[40.889s] -- Installing: /home/martin/Desktop/Stage/Projet/ws_carla_ros/install/mobileye_560_660_msgs/include/mobileye_560_660_msgs/msg/detail/ahbc__type_support.c
[40.890s] -- Installing: /home/martin/Desktop/Stage/Projet/ws_carla_ros/install/mobileye_560_660_msgs/include/mobileye_560_660_msgs/msg/detail/lka_reference_points__rosidl_typesupport_introspection_c.h
[40.890s] -- Installing: /home/martin/Desktop/Stage/Projet/ws_carla_ros/install/mobileye_560_660_msgs/include/mobileye_560_660_msgs/msg/detail/aftermarket_lane__rosidl_typesupport_introspection_c.h
[40.890s] -- Installing: /home/martin/Desktop/Stage/Projet/ws_carla_ros/install/mobileye_560_660_msgs/include/mobileye_560_660_msgs/msg/detail/obstacle_status__type_support.c
[40.890s] -- Installing: /home/martin/Desktop/Stage/Projet/ws_carla_ros/install/mobileye_560_660_msgs/include/mobileye_560_660_msgs/msg/detail/lka_lane__type_support.c
[40.890s] -- Installing: /home/martin/Desktop/Stage/Projet/ws_carla_ros/install/mobileye_560_660_msgs/include/mobileye_560_660_msgs/msg/detail/tsr_vision_only__rosidl_typesupport_introspection_c.h
[40.890s] -- Installing: /home/martin/Desktop/Stage/Projet/ws_carla_ros/install/mobileye_560_660_msgs/include/mobileye_560_660_msgs/msg/detail/aws_display__type_support.c
[40.890s] -- Installing: /home/martin/Desktop/Stage/Projet/ws_carla_ros/install/mobileye_560_660_msgs/include/mobileye_560_660_msgs/msg/detail/ahbc__rosidl_typesupport_introspection_c.h
[40.890s] -- Installing: /home/martin/Desktop/Stage/Projet/ws_carla_ros/install/mobileye_560_660_msgs/include/mobileye_560_660_msgs/msg/detail/aftermarket_lane__type_support.c
[40.890s] -- Installing: /home/martin/Desktop/Stage/Projet/ws_carla_ros/install/mobileye_560_660_msgs/include/mobileye_560_660_msgs/msg/detail/lka_lane__rosidl_typesupport_introspection_c.h
[40.890s] -- Installing: /home/martin/Desktop/Stage/Projet/ws_carla_ros/install/mobileye_560_660_msgs/include/mobileye_560_660_msgs/msg/detail/aws_display__rosidl_typesupport_introspection_c.h
[40.890s] -- Installing: /home/martin/Desktop/Stage/Projet/ws_carla_ros/install/mobileye_560_660_msgs/lib/libmobileye_560_660_msgs__rosidl_typesupport_introspection_c.so
[40.891s] -- Set runtime path of "/home/martin/Desktop/Stage/Projet/ws_carla_ros/install/mobileye_560_660_msgs/lib/libmobileye_560_660_msgs__rosidl_typesupport_introspection_c.so" to ""
[40.891s] -- Installing: /home/martin/Desktop/Stage/Projet/ws_carla_ros/install/mobileye_560_660_msgs/lib/libmobileye_560_660_msgs__rosidl_typesupport_c.so
[40.891s] -- Set runtime path of "/home/martin/Desktop/Stage/Projet/ws_carla_ros/install/mobileye_560_660_msgs/lib/libmobileye_560_660_msgs__rosidl_typesupport_c.so" to ""
[40.891s] -- Up-to-date: /home/martin/Desktop/Stage/Projet/ws_carla_ros/install/mobileye_560_660_msgs/include/mobileye_560_660_msgs
[40.891s] -- Up-to-date: /home/martin/Desktop/Stage/Projet/ws_carla_ros/install/mobileye_560_660_msgs/include/mobileye_560_660_msgs/msg
[40.891s] -- Installing: /home/martin/Desktop/Stage/Projet/ws_carla_ros/install/mobileye_560_660_msgs/include/mobileye_560_660_msgs/msg/obstacle_data.hpp
[40.891s] -- Installing: /home/martin/Desktop/Stage/Projet/ws_carla_ros/install/mobileye_560_660_msgs/include/mobileye_560_660_msgs/msg/obstacle_status.hpp
[40.891s] -- Installing: /home/martin/Desktop/Stage/Projet/ws_carla_ros/install/mobileye_560_660_msgs/include/mobileye_560_660_msgs/msg/ahbc_gradual.hpp
[40.891s] -- Installing: /home/martin/Desktop/Stage/Projet/ws_carla_ros/install/mobileye_560_660_msgs/include/mobileye_560_660_msgs/msg/lane.hpp
[40.891s] -- Installing: /home/martin/Desktop/Stage/Projet/ws_carla_ros/install/mobileye_560_660_msgs/include/mobileye_560_660_msgs/msg/fixed_foe.hpp
[40.891s] -- Installing: /home/martin/Desktop/Stage/Projet/ws_carla_ros/install/mobileye_560_660_msgs/include/mobileye_560_660_msgs/msg/tsr.hpp
[40.892s] -- Installing: /home/martin/Desktop/Stage/Projet/ws_carla_ros/install/mobileye_560_660_msgs/include/mobileye_560_660_msgs/msg/aws_display.hpp
[40.892s] -- Installing: /home/martin/Desktop/Stage/Projet/ws_carla_ros/install/mobileye_560_660_msgs/include/mobileye_560_660_msgs/msg/ahbc.hpp
[40.892s] -- Installing: /home/martin/Desktop/Stage/Projet/ws_carla_ros/install/mobileye_560_660_msgs/include/mobileye_560_660_msgs/msg/tsr_vision_only.hpp
[40.892s] -- Installing: /home/martin/Desktop/Stage/Projet/ws_carla_ros/install/mobileye_560_660_msgs/include/mobileye_560_660_msgs/msg/lka_num_of_next_lane_markers_reported.hpp
[40.892s] -- Up-to-date: /home/martin/Desktop/Stage/Projet/ws_carla_ros/install/mobileye_560_660_msgs/include/mobileye_560_660_msgs/msg/detail
[40.892s] -- Installing: /home/martin/Desktop/Stage/Projet/ws_carla_ros/install/mobileye_560_660_msgs/include/mobileye_560_660_msgs/msg/detail/obstacle_data__struct.hpp
[40.892s] -- Installing: /home/martin/Desktop/Stage/Projet/ws_carla_ros/install/mobileye_560_660_msgs/include/mobileye_560_660_msgs/msg/detail/tsr__builder.hpp
[40.892s] -- Installing: /home/martin/Desktop/Stage/Projet/ws_carla_ros/install/mobileye_560_660_msgs/include/mobileye_560_660_msgs/msg/detail/fixed_foe__struct.hpp
[40.893s] -- Installing: /home/martin/Desktop/Stage/Projet/ws_carla_ros/install/mobileye_560_660_msgs/include/mobileye_560_660_msgs/msg/detail/lka_lane__builder.hpp
[40.893s] -- Installing: /home/martin/Desktop/Stage/Projet/ws_carla_ros/install/mobileye_560_660_msgs/include/mobileye_560_660_msgs/msg/detail/ahbc_gradual__struct.hpp
[40.893s] -- Installing: /home/martin/Desktop/Stage/Projet/ws_carla_ros/install/mobileye_560_660_msgs/include/mobileye_560_660_msgs/msg/detail/lka_reference_points__builder.hpp
[40.893s] -- Installing: /home/martin/Desktop/Stage/Projet/ws_carla_ros/install/mobileye_560_660_msgs/include/mobileye_560_660_msgs/msg/detail/obstacle_status__struct.hpp
[40.893s] -- Installing: /home/martin/Desktop/Stage/Projet/ws_carla_ros/install/mobileye_560_660_msgs/include/mobileye_560_660_msgs/msg/detail/tsr_vision_only__traits.hpp
[40.893s] -- Installing: /home/martin/Desktop/Stage/Projet/ws_carla_ros/install/mobileye_560_660_msgs/include/mobileye_560_660_msgs/msg/detail/lane__builder.hpp
[40.893s] -- Installing: /home/martin/Desktop/Stage/Projet/ws_carla_ros/install/mobileye_560_660_msgs/include/mobileye_560_660_msgs/msg/detail/obstacle_status__builder.hpp
[40.893s] -- Installing: /home/martin/Desktop/Stage/Projet/ws_carla_ros/install/mobileye_560_660_msgs/include/mobileye_560_660_msgs/msg/detail/tsr_vision_only__struct.hpp
[40.893s] -- Installing: /home/martin/Desktop/Stage/Projet/ws_carla_ros/install/mobileye_560_660_msgs/include/mobileye_560_660_msgs/msg/detail/fixed_foe__traits.hpp
[40.893s] -- Installing: /home/martin/Desktop/Stage/Projet/ws_carla_ros/install/mobileye_560_660_msgs/include/mobileye_560_660_msgs/msg/detail/lka_num_of_next_lane_markers_reported__struct.hpp
[40.893s] -- Installing: /home/martin/Desktop/Stage/Projet/ws_carla_ros/install/mobileye_560_660_msgs/include/mobileye_560_660_msgs/msg/detail/tsr__struct.hpp
[40.893s] -- Installing: /home/martin/Desktop/Stage/Projet/ws_carla_ros/install/mobileye_560_660_msgs/include/mobileye_560_660_msgs/msg/detail/ahbc__builder.hpp
[40.893s] -- Installing: /home/martin/Desktop/Stage/Projet/ws_carla_ros/install/mobileye_560_660_msgs/include/mobileye_560_660_msgs/msg/detail/tsr__traits.hpp
[40.894s] -- Installing: /home/martin/Desktop/Stage/Projet/ws_carla_ros/install/mobileye_560_660_msgs/include/mobileye_560_660_msgs/msg/detail/aws_display__traits.hpp
[40.897s] -- Installing: /home/martin/Desktop/Stage/Projet/ws_carla_ros/install/mobileye_560_660_msgs/include/mobileye_560_660_msgs/msg/detail/lka_lane__traits.hpp
[40.897s] -- Installing: /home/martin/Desktop/Stage/Projet/ws_carla_ros/install/mobileye_560_660_msgs/include/mobileye_560_660_msgs/msg/detail/ahbc_gradual__traits.hpp
[40.897s] -- Installing: /home/martin/Desktop/Stage/Projet/ws_carla_ros/install/mobileye_560_660_msgs/include/mobileye_560_660_msgs/msg/detail/lane__struct.hpp
[40.897s] -- Installing: /home/martin/Desktop/Stage/Projet/ws_carla_ros/install/mobileye_560_660_msgs/include/mobileye_560_660_msgs/msg/detail/ahbc_gradual__builder.hpp
[40.897s] -- Installing: /home/martin/Desktop/Stage/Projet/ws_carla_ros/install/mobileye_560_660_msgs/include/mobileye_560_660_msgs/msg/detail/ahbc__struct.hpp
[40.897s] -- Installing: /home/martin/Desktop/Stage/Projet/ws_carla_ros/install/mobileye_560_660_msgs/include/mobileye_560_660_msgs/msg/detail/obstacle_data__builder.hpp
[40.898s] -- Installing: /home/martin/Desktop/Stage/Projet/ws_carla_ros/install/mobileye_560_660_msgs/include/mobileye_560_660_msgs/msg/detail/fixed_foe__builder.hpp
[40.898s] -- Installing: /home/martin/Desktop/Stage/Projet/ws_carla_ros/install/mobileye_560_660_msgs/include/mobileye_560_660_msgs/msg/detail/aftermarket_lane__builder.hpp
[40.898s] -- Installing: /home/martin/Desktop/Stage/Projet/ws_carla_ros/install/mobileye_560_660_msgs/include/mobileye_560_660_msgs/msg/detail/tsr_vision_only__builder.hpp
[40.898s] -- Installing: /home/martin/Desktop/Stage/Projet/ws_carla_ros/install/mobileye_560_660_msgs/include/mobileye_560_660_msgs/msg/detail/lka_num_of_next_lane_markers_reported__builder.hpp
[40.898s] -- Installing: /home/martin/Desktop/Stage/Projet/ws_carla_ros/install/mobileye_560_660_msgs/include/mobileye_560_660_msgs/msg/detail/aws_display__struct.hpp
[40.898s] -- Installing: /home/martin/Desktop/Stage/Projet/ws_carla_ros/install/mobileye_560_660_msgs/include/mobileye_560_660_msgs/msg/detail/lka_lane__struct.hpp
[40.898s] -- Installing: /home/martin/Desktop/Stage/Projet/ws_carla_ros/install/mobileye_560_660_msgs/include/mobileye_560_660_msgs/msg/detail/lane__traits.hpp
[40.898s] -- Installing: /home/martin/Desktop/Stage/Projet/ws_carla_ros/install/mobileye_560_660_msgs/include/mobileye_560_660_msgs/msg/detail/lka_reference_points__struct.hpp
[40.898s] -- Installing: /home/martin/Desktop/Stage/Projet/ws_carla_ros/install/mobileye_560_660_msgs/include/mobileye_560_660_msgs/msg/detail/obstacle_data__traits.hpp
[40.898s] -- Installing: /home/martin/Desktop/Stage/Projet/ws_carla_ros/install/mobileye_560_660_msgs/include/mobileye_560_660_msgs/msg/detail/aws_display__builder.hpp
[40.898s] -- Installing: /home/martin/Desktop/Stage/Projet/ws_carla_ros/install/mobileye_560_660_msgs/include/mobileye_560_660_msgs/msg/detail/lka_reference_points__traits.hpp
[40.898s] -- Installing: /home/martin/Desktop/Stage/Projet/ws_carla_ros/install/mobileye_560_660_msgs/include/mobileye_560_660_msgs/msg/detail/ahbc__traits.hpp
[40.898s] -- Installing: /home/martin/Desktop/Stage/Projet/ws_carla_ros/install/mobileye_560_660_msgs/include/mobileye_560_660_msgs/msg/detail/obstacle_status__traits.hpp
[40.898s] -- Installing: /home/martin/Desktop/Stage/Projet/ws_carla_ros/install/mobileye_560_660_msgs/include/mobileye_560_660_msgs/msg/detail/lka_num_of_next_lane_markers_reported__traits.hpp
[40.898s] -- Installing: /home/martin/Desktop/Stage/Projet/ws_carla_ros/install/mobileye_560_660_msgs/include/mobileye_560_660_msgs/msg/detail/aftermarket_lane__struct.hpp
[40.898s] -- Installing: /home/martin/Desktop/Stage/Projet/ws_carla_ros/install/mobileye_560_660_msgs/include/mobileye_560_660_msgs/msg/detail/aftermarket_lane__traits.hpp
[40.898s] -- Installing: /home/martin/Desktop/Stage/Projet/ws_carla_ros/install/mobileye_560_660_msgs/include/mobileye_560_660_msgs/msg/lka_lane.hpp
[40.899s] -- Installing: /home/martin/Desktop/Stage/Projet/ws_carla_ros/install/mobileye_560_660_msgs/include/mobileye_560_660_msgs/msg/lka_reference_points.hpp
[40.899s] -- Installing: /home/martin/Desktop/Stage/Projet/ws_carla_ros/install/mobileye_560_660_msgs/include/mobileye_560_660_msgs/msg/aftermarket_lane.hpp
[40.899s] -- Up-to-date: /home/martin/Desktop/Stage/Projet/ws_carla_ros/install/mobileye_560_660_msgs/include/mobileye_560_660_msgs
[40.899s] -- Up-to-date: /home/martin/Desktop/Stage/Projet/ws_carla_ros/install/mobileye_560_660_msgs/include/mobileye_560_660_msgs/msg
[40.899s] -- Up-to-date: /home/martin/Desktop/Stage/Projet/ws_carla_ros/install/mobileye_560_660_msgs/include/mobileye_560_660_msgs/msg/detail
[40.899s] -- Installing: /home/martin/Desktop/Stage/Projet/ws_carla_ros/install/mobileye_560_660_msgs/include/mobileye_560_660_msgs/msg/detail/obstacle_data__rosidl_typesupport_introspection_cpp.hpp
[40.899s] -- Installing: /home/martin/Desktop/Stage/Projet/ws_carla_ros/install/mobileye_560_660_msgs/include/mobileye_560_660_msgs/msg/detail/lka_lane__type_support.cpp
[40.899s] -- Installing: /home/martin/Desktop/Stage/Projet/ws_carla_ros/install/mobileye_560_660_msgs/include/mobileye_560_660_msgs/msg/detail/ahbc__rosidl_typesupport_introspection_cpp.hpp
[40.899s] -- Installing: /home/martin/Desktop/Stage/Projet/ws_carla_ros/install/mobileye_560_660_msgs/include/mobileye_560_660_msgs/msg/detail/tsr_vision_only__rosidl_typesupport_introspection_cpp.hpp
[40.899s] -- Installing: /home/martin/Desktop/Stage/Projet/ws_carla_ros/install/mobileye_560_660_msgs/include/mobileye_560_660_msgs/msg/detail/ahbc_gradual__type_support.cpp
[40.899s] -- Installing: /home/martin/Desktop/Stage/Projet/ws_carla_ros/install/mobileye_560_660_msgs/include/mobileye_560_660_msgs/msg/detail/aftermarket_lane__rosidl_typesupport_introspection_cpp.hpp
[40.899s] -- Installing: /home/martin/Desktop/Stage/Projet/ws_carla_ros/install/mobileye_560_660_msgs/include/mobileye_560_660_msgs/msg/detail/tsr__rosidl_typesupport_introspection_cpp.hpp
[40.899s] -- Installing: /home/martin/Desktop/Stage/Projet/ws_carla_ros/install/mobileye_560_660_msgs/include/mobileye_560_660_msgs/msg/detail/aftermarket_lane__type_support.cpp
[40.899s] -- Installing: /home/martin/Desktop/Stage/Projet/ws_carla_ros/install/mobileye_560_660_msgs/include/mobileye_560_660_msgs/msg/detail/lka_num_of_next_lane_markers_reported__rosidl_typesupport_introspection_cpp.hpp
[40.899s] -- Installing: /home/martin/Desktop/Stage/Projet/ws_carla_ros/install/mobileye_560_660_msgs/include/mobileye_560_660_msgs/msg/detail/aws_display__rosidl_typesupport_introspection_cpp.hpp
[40.900s] -- Installing: /home/martin/Desktop/Stage/Projet/ws_carla_ros/install/mobileye_560_660_msgs/include/mobileye_560_660_msgs/msg/detail/lane__rosidl_typesupport_introspection_cpp.hpp
[40.900s] -- Installing: /home/martin/Desktop/Stage/Projet/ws_carla_ros/install/mobileye_560_660_msgs/include/mobileye_560_660_msgs/msg/detail/lka_reference_points__type_support.cpp
[40.900s] -- Installing: /home/martin/Desktop/Stage/Projet/ws_carla_ros/install/mobileye_560_660_msgs/include/mobileye_560_660_msgs/msg/detail/aws_display__type_support.cpp
[40.900s] -- Installing: /home/martin/Desktop/Stage/Projet/ws_carla_ros/install/mobileye_560_660_msgs/include/mobileye_560_660_msgs/msg/detail/fixed_foe__type_support.cpp
[40.900s] -- Installing: /home/martin/Desktop/Stage/Projet/ws_carla_ros/install/mobileye_560_660_msgs/include/mobileye_560_660_msgs/msg/detail/ahbc__type_support.cpp
[40.900s] -- Installing: /home/martin/Desktop/Stage/Projet/ws_carla_ros/install/mobileye_560_660_msgs/include/mobileye_560_660_msgs/msg/detail/lka_reference_points__rosidl_typesupport_introspection_cpp.hpp
[40.900s] -- Installing: /home/martin/Desktop/Stage/Projet/ws_carla_ros/install/mobileye_560_660_msgs/include/mobileye_560_660_msgs/msg/detail/obstacle_status__type_support.cpp
[40.900s] -- Installing: /home/martin/Desktop/Stage/Projet/ws_carla_ros/install/mobileye_560_660_msgs/include/mobileye_560_660_msgs/msg/detail/ahbc_gradual__rosidl_typesupport_introspection_cpp.hpp
[40.900s] -- Installing: /home/martin/Desktop/Stage/Projet/ws_carla_ros/install/mobileye_560_660_msgs/include/mobileye_560_660_msgs/msg/detail/obstacle_data__type_support.cpp
[40.900s] -- Installing: /home/martin/Desktop/Stage/Projet/ws_carla_ros/install/mobileye_560_660_msgs/include/mobileye_560_660_msgs/msg/detail/tsr_vision_only__type_support.cpp
[40.900s] -- Installing: /home/martin/Desktop/Stage/Projet/ws_carla_ros/install/mobileye_560_660_msgs/include/mobileye_560_660_msgs/msg/detail/tsr__type_support.cpp
[40.900s] -- Installing: /home/martin/Desktop/Stage/Projet/ws_carla_ros/install/mobileye_560_660_msgs/include/mobileye_560_660_msgs/msg/detail/lka_num_of_next_lane_markers_reported__type_support.cpp
[40.900s] -- Installing: /home/martin/Desktop/Stage/Projet/ws_carla_ros/install/mobileye_560_660_msgs/include/mobileye_560_660_msgs/msg/detail/lane__type_support.cpp
[40.900s] -- Installing: /home/martin/Desktop/Stage/Projet/ws_carla_ros/install/mobileye_560_660_msgs/include/mobileye_560_660_msgs/msg/detail/fixed_foe__rosidl_typesupport_introspection_cpp.hpp
[40.900s] -- Installing: /home/martin/Desktop/Stage/Projet/ws_carla_ros/install/mobileye_560_660_msgs/include/mobileye_560_660_msgs/msg/detail/lka_lane__rosidl_typesupport_introspection_cpp.hpp
[40.900s] -- Installing: /home/martin/Desktop/Stage/Projet/ws_carla_ros/install/mobileye_560_660_msgs/include/mobileye_560_660_msgs/msg/detail/obstacle_status__rosidl_typesupport_introspection_cpp.hpp
[40.900s] -- Installing: /home/martin/Desktop/Stage/Projet/ws_carla_ros/install/mobileye_560_660_msgs/lib/libmobileye_560_660_msgs__rosidl_typesupport_introspection_cpp.so
[40.901s] -- Set runtime path of "/home/martin/Desktop/Stage/Projet/ws_carla_ros/install/mobileye_560_660_msgs/lib/libmobileye_560_660_msgs__rosidl_typesupport_introspection_cpp.so" to ""
[40.901s] -- Installing: /home/martin/Desktop/Stage/Projet/ws_carla_ros/install/mobileye_560_660_msgs/lib/libmobileye_560_660_msgs__rosidl_typesupport_cpp.so
[40.901s] -- Set runtime path of "/home/martin/Desktop/Stage/Projet/ws_carla_ros/install/mobileye_560_660_msgs/lib/libmobileye_560_660_msgs__rosidl_typesupport_cpp.so" to ""
[40.901s] -- Installing: /home/martin/Desktop/Stage/Projet/ws_carla_ros/install/mobileye_560_660_msgs/share/mobileye_560_660_msgs/environment/pythonpath.sh
[40.901s] -- Installing: /home/martin/Desktop/Stage/Projet/ws_carla_ros/install/mobileye_560_660_msgs/share/mobileye_560_660_msgs/environment/pythonpath.dsv
[40.901s] -- Installing: /home/martin/Desktop/Stage/Projet/ws_carla_ros/install/mobileye_560_660_msgs/lib/python3.8/site-packages/mobileye_560_660_msgs/__init__.py
[40.959s] Compiling '/home/martin/Desktop/Stage/Projet/ws_carla_ros/install/mobileye_560_660_msgs/lib/python3.8/site-packages/mobileye_560_660_msgs/__init__.py'...
[40.967s] -- Installing: /home/martin/Desktop/Stage/Projet/ws_carla_ros/install/mobileye_560_660_msgs/lib/python3.8/site-packages/mobileye_560_660_msgs/msg
[40.968s] -- Installing: /home/martin/Desktop/Stage/Projet/ws_carla_ros/install/mobileye_560_660_msgs/lib/python3.8/site-packages/mobileye_560_660_msgs/msg/_obstacle_status_s.c
[40.968s] -- Installing: /home/martin/Desktop/Stage/Projet/ws_carla_ros/install/mobileye_560_660_msgs/lib/python3.8/site-packages/mobileye_560_660_msgs/msg/_tsr_vision_only.py
[40.968s] -- Installing: /home/martin/Desktop/Stage/Projet/ws_carla_ros/install/mobileye_560_660_msgs/lib/python3.8/site-packages/mobileye_560_660_msgs/msg/_fixed_foe.py
[40.969s] -- Installing: /home/martin/Desktop/Stage/Projet/ws_carla_ros/install/mobileye_560_660_msgs/lib/python3.8/site-packages/mobileye_560_660_msgs/msg/_lka_num_of_next_lane_markers_reported_s.c
[40.969s] -- Installing: /home/martin/Desktop/Stage/Projet/ws_carla_ros/install/mobileye_560_660_msgs/lib/python3.8/site-packages/mobileye_560_660_msgs/msg/_obstacle_status.py
[40.976s] -- Installing: /home/martin/Desktop/Stage/Projet/ws_carla_ros/install/mobileye_560_660_msgs/lib/python3.8/site-packages/mobileye_560_660_msgs/msg/_lka_lane_s.c
[40.977s] -- Installing: /home/martin/Desktop/Stage/Projet/ws_carla_ros/install/mobileye_560_660_msgs/lib/python3.8/site-packages/mobileye_560_660_msgs/msg/_tsr_vision_only_s.c
[40.977s] -- Installing: /home/martin/Desktop/Stage/Projet/ws_carla_ros/install/mobileye_560_660_msgs/lib/python3.8/site-packages/mobileye_560_660_msgs/msg/_lka_reference_points.py
[40.977s] -- Installing: /home/martin/Desktop/Stage/Projet/ws_carla_ros/install/mobileye_560_660_msgs/lib/python3.8/site-packages/mobileye_560_660_msgs/msg/_aftermarket_lane.py
[40.977s] -- Installing: /home/martin/Desktop/Stage/Projet/ws_carla_ros/install/mobileye_560_660_msgs/lib/python3.8/site-packages/mobileye_560_660_msgs/msg/_lane_s.c
[40.977s] -- Installing: /home/martin/Desktop/Stage/Projet/ws_carla_ros/install/mobileye_560_660_msgs/lib/python3.8/site-packages/mobileye_560_660_msgs/msg/_ahbc_gradual.py
[40.977s] -- Installing: /home/martin/Desktop/Stage/Projet/ws_carla_ros/install/mobileye_560_660_msgs/lib/python3.8/site-packages/mobileye_560_660_msgs/msg/_obstacle_data_s.c
[40.977s] -- Installing: /home/martin/Desktop/Stage/Projet/ws_carla_ros/install/mobileye_560_660_msgs/lib/python3.8/site-packages/mobileye_560_660_msgs/msg/_ahbc.py
[40.991s] -- Installing: /home/martin/Desktop/Stage/Projet/ws_carla_ros/install/mobileye_560_660_msgs/lib/python3.8/site-packages/mobileye_560_660_msgs/msg/_ahbc_s.c
[40.992s] -- Installing: /home/martin/Desktop/Stage/Projet/ws_carla_ros/install/mobileye_560_660_msgs/lib/python3.8/site-packages/mobileye_560_660_msgs/msg/_fixed_foe_s.c
[40.992s] -- Installing: /home/martin/Desktop/Stage/Projet/ws_carla_ros/install/mobileye_560_660_msgs/lib/python3.8/site-packages/mobileye_560_660_msgs/msg/_aws_display.py
[40.992s] -- Installing: /home/martin/Desktop/Stage/Projet/ws_carla_ros/install/mobileye_560_660_msgs/lib/python3.8/site-packages/mobileye_560_660_msgs/msg/_obstacle_data.py
[40.992s] -- Installing: /home/martin/Desktop/Stage/Projet/ws_carla_ros/install/mobileye_560_660_msgs/lib/python3.8/site-packages/mobileye_560_660_msgs/msg/_aftermarket_lane_s.c
[40.992s] -- Installing: /home/martin/Desktop/Stage/Projet/ws_carla_ros/install/mobileye_560_660_msgs/lib/python3.8/site-packages/mobileye_560_660_msgs/msg/_ahbc_gradual_s.c
[40.992s] -- Installing: /home/martin/Desktop/Stage/Projet/ws_carla_ros/install/mobileye_560_660_msgs/lib/python3.8/site-packages/mobileye_560_660_msgs/msg/__init__.py
[40.992s] -- Installing: /home/martin/Desktop/Stage/Projet/ws_carla_ros/install/mobileye_560_660_msgs/lib/python3.8/site-packages/mobileye_560_660_msgs/msg/_lka_lane.py
[40.992s] -- Installing: /home/martin/Desktop/Stage/Projet/ws_carla_ros/install/mobileye_560_660_msgs/lib/python3.8/site-packages/mobileye_560_660_msgs/msg/_lka_num_of_next_lane_markers_reported.py
[40.992s] -- Installing: /home/martin/Desktop/Stage/Projet/ws_carla_ros/install/mobileye_560_660_msgs/lib/python3.8/site-packages/mobileye_560_660_msgs/msg/_tsr.py
[40.992s] -- Installing: /home/martin/Desktop/Stage/Projet/ws_carla_ros/install/mobileye_560_660_msgs/lib/python3.8/site-packages/mobileye_560_660_msgs/msg/_tsr_s.c
[40.993s] -- Installing: /home/martin/Desktop/Stage/Projet/ws_carla_ros/install/mobileye_560_660_msgs/lib/python3.8/site-packages/mobileye_560_660_msgs/msg/_lane.py
[40.993s] -- Installing: /home/martin/Desktop/Stage/Projet/ws_carla_ros/install/mobileye_560_660_msgs/lib/python3.8/site-packages/mobileye_560_660_msgs/msg/_aws_display_s.c
[40.993s] -- Installing: /home/martin/Desktop/Stage/Projet/ws_carla_ros/install/mobileye_560_660_msgs/lib/python3.8/site-packages/mobileye_560_660_msgs/msg/_lka_reference_points_s.c
[40.993s] -- Installing: /home/martin/Desktop/Stage/Projet/ws_carla_ros/install/mobileye_560_660_msgs/lib/python3.8/site-packages/mobileye_560_660_msgs/mobileye_560_660_msgs_s__rosidl_typesupport_fastrtps_c.cpython-38-x86_64-linux-gnu.so
[40.993s] -- Set runtime path of "/home/martin/Desktop/Stage/Projet/ws_carla_ros/install/mobileye_560_660_msgs/lib/python3.8/site-packages/mobileye_560_660_msgs/mobileye_560_660_msgs_s__rosidl_typesupport_fastrtps_c.cpython-38-x86_64-linux-gnu.so" to ""
[40.993s] -- Installing: /home/martin/Desktop/Stage/Projet/ws_carla_ros/install/mobileye_560_660_msgs/lib/python3.8/site-packages/mobileye_560_660_msgs/mobileye_560_660_msgs_s__rosidl_typesupport_introspection_c.cpython-38-x86_64-linux-gnu.so
[40.994s] -- Set runtime path of "/home/martin/Desktop/Stage/Projet/ws_carla_ros/install/mobileye_560_660_msgs/lib/python3.8/site-packages/mobileye_560_660_msgs/mobileye_560_660_msgs_s__rosidl_typesupport_introspection_c.cpython-38-x86_64-linux-gnu.so" to ""
[40.994s] -- Installing: /home/martin/Desktop/Stage/Projet/ws_carla_ros/install/mobileye_560_660_msgs/lib/python3.8/site-packages/mobileye_560_660_msgs/mobileye_560_660_msgs_s__rosidl_typesupport_c.cpython-38-x86_64-linux-gnu.so
[40.995s] -- Set runtime path of "/home/martin/Desktop/Stage/Projet/ws_carla_ros/install/mobileye_560_660_msgs/lib/python3.8/site-packages/mobileye_560_660_msgs/mobileye_560_660_msgs_s__rosidl_typesupport_c.cpython-38-x86_64-linux-gnu.so" to ""
[40.995s] -- Installing: /home/martin/Desktop/Stage/Projet/ws_carla_ros/install/mobileye_560_660_msgs/lib/libmobileye_560_660_msgs__python.so
[40.996s] -- Set runtime path of "/home/martin/Desktop/Stage/Projet/ws_carla_ros/install/mobileye_560_660_msgs/lib/libmobileye_560_660_msgs__python.so" to ""
[40.996s] -- Installing: /home/martin/Desktop/Stage/Projet/ws_carla_ros/install/mobileye_560_660_msgs/share/mobileye_560_660_msgs/msg/AftermarketLane.idl
[40.996s] -- Installing: /home/martin/Desktop/Stage/Projet/ws_carla_ros/install/mobileye_560_660_msgs/share/mobileye_560_660_msgs/msg/Ahbc.idl
[40.996s] -- Installing: /home/martin/Desktop/Stage/Projet/ws_carla_ros/install/mobileye_560_660_msgs/share/mobileye_560_660_msgs/msg/AhbcGradual.idl
[40.996s] -- Installing: /home/martin/Desktop/Stage/Projet/ws_carla_ros/install/mobileye_560_660_msgs/share/mobileye_560_660_msgs/msg/AwsDisplay.idl
[40.997s] -- Installing: /home/martin/Desktop/Stage/Projet/ws_carla_ros/install/mobileye_560_660_msgs/share/mobileye_560_660_msgs/msg/FixedFoe.idl
[40.997s] -- Installing: /home/martin/Desktop/Stage/Projet/ws_carla_ros/install/mobileye_560_660_msgs/share/mobileye_560_660_msgs/msg/Lane.idl
[40.997s] -- Installing: /home/martin/Desktop/Stage/Projet/ws_carla_ros/install/mobileye_560_660_msgs/share/mobileye_560_660_msgs/msg/LkaLane.idl
[40.997s] -- Installing: /home/martin/Desktop/Stage/Projet/ws_carla_ros/install/mobileye_560_660_msgs/share/mobileye_560_660_msgs/msg/LkaNumOfNextLaneMarkersReported.idl
[40.997s] -- Installing: /home/martin/Desktop/Stage/Projet/ws_carla_ros/install/mobileye_560_660_msgs/share/mobileye_560_660_msgs/msg/LkaReferencePoints.idl
[40.997s] -- Installing: /home/martin/Desktop/Stage/Projet/ws_carla_ros/install/mobileye_560_660_msgs/share/mobileye_560_660_msgs/msg/ObstacleData.idl
[40.997s] -- Installing: /home/martin/Desktop/Stage/Projet/ws_carla_ros/install/mobileye_560_660_msgs/share/mobileye_560_660_msgs/msg/ObstacleStatus.idl
[40.997s] -- Installing: /home/martin/Desktop/Stage/Projet/ws_carla_ros/install/mobileye_560_660_msgs/share/mobileye_560_660_msgs/msg/Tsr.idl
[40.997s] -- Installing: /home/martin/Desktop/Stage/Projet/ws_carla_ros/install/mobileye_560_660_msgs/share/mobileye_560_660_msgs/msg/TsrVisionOnly.idl
[40.997s] -- Installing: /home/martin/Desktop/Stage/Projet/ws_carla_ros/install/mobileye_560_660_msgs/share/mobileye_560_660_msgs/msg/AftermarketLane.msg
[40.997s] -- Installing: /home/martin/Desktop/Stage/Projet/ws_carla_ros/install/mobileye_560_660_msgs/share/mobileye_560_660_msgs/msg/Ahbc.msg
[40.997s] -- Installing: /home/martin/Desktop/Stage/Projet/ws_carla_ros/install/mobileye_560_660_msgs/share/mobileye_560_660_msgs/msg/AhbcGradual.msg
[40.997s] -- Installing: /home/martin/Desktop/Stage/Projet/ws_carla_ros/install/mobileye_560_660_msgs/share/mobileye_560_660_msgs/msg/AwsDisplay.msg
[40.998s] -- Installing: /home/martin/Desktop/Stage/Projet/ws_carla_ros/install/mobileye_560_660_msgs/share/mobileye_560_660_msgs/msg/FixedFoe.msg
[40.998s] -- Installing: /home/martin/Desktop/Stage/Projet/ws_carla_ros/install/mobileye_560_660_msgs/share/mobileye_560_660_msgs/msg/Lane.msg
[40.998s] -- Installing: /home/martin/Desktop/Stage/Projet/ws_carla_ros/install/mobileye_560_660_msgs/share/mobileye_560_660_msgs/msg/LkaLane.msg
[40.998s] -- Installing: /home/martin/Desktop/Stage/Projet/ws_carla_ros/install/mobileye_560_660_msgs/share/mobileye_560_660_msgs/msg/LkaNumOfNextLaneMarkersReported.msg
[40.998s] -- Installing: /home/martin/Desktop/Stage/Projet/ws_carla_ros/install/mobileye_560_660_msgs/share/mobileye_560_660_msgs/msg/LkaReferencePoints.msg
[40.998s] -- Installing: /home/martin/Desktop/Stage/Projet/ws_carla_ros/install/mobileye_560_660_msgs/share/mobileye_560_660_msgs/msg/ObstacleData.msg
[40.998s] -- Installing: /home/martin/Desktop/Stage/Projet/ws_carla_ros/install/mobileye_560_660_msgs/share/mobileye_560_660_msgs/msg/ObstacleStatus.msg
[40.998s] -- Installing: /home/martin/Desktop/Stage/Projet/ws_carla_ros/install/mobileye_560_660_msgs/share/mobileye_560_660_msgs/msg/Tsr.msg
[40.998s] -- Installing: /home/martin/Desktop/Stage/Projet/ws_carla_ros/install/mobileye_560_660_msgs/share/mobileye_560_660_msgs/msg/TsrVisionOnly.msg
[40.998s] -- Installing: /home/martin/Desktop/Stage/Projet/ws_carla_ros/install/mobileye_560_660_msgs/share/ament_index/resource_index/package_run_dependencies/mobileye_560_660_msgs
[40.998s] -- Installing: /home/martin/Desktop/Stage/Projet/ws_carla_ros/install/mobileye_560_660_msgs/share/ament_index/resource_index/parent_prefix_path/mobileye_560_660_msgs
[40.998s] -- Installing: /home/martin/Desktop/Stage/Projet/ws_carla_ros/install/mobileye_560_660_msgs/share/mobileye_560_660_msgs/environment/ament_prefix_path.sh
[40.998s] -- Installing: /home/martin/Desktop/Stage/Projet/ws_carla_ros/install/mobileye_560_660_msgs/share/mobileye_560_660_msgs/environment/ament_prefix_path.dsv
[40.999s] -- Installing: /home/martin/Desktop/Stage/Projet/ws_carla_ros/install/mobileye_560_660_msgs/share/mobileye_560_660_msgs/environment/path.sh
[40.999s] -- Installing: /home/martin/Desktop/Stage/Projet/ws_carla_ros/install/mobileye_560_660_msgs/share/mobileye_560_660_msgs/environment/path.dsv
[40.999s] -- Installing: /home/martin/Desktop/Stage/Projet/ws_carla_ros/install/mobileye_560_660_msgs/share/mobileye_560_660_msgs/local_setup.bash
[41.000s] -- Installing: /home/martin/Desktop/Stage/Projet/ws_carla_ros/install/mobileye_560_660_msgs/share/mobileye_560_660_msgs/local_setup.sh
[41.000s] -- Installing: /home/martin/Desktop/Stage/Projet/ws_carla_ros/install/mobileye_560_660_msgs/share/mobileye_560_660_msgs/local_setup.zsh
[41.000s] -- Installing: /home/martin/Desktop/Stage/Projet/ws_carla_ros/install/mobileye_560_660_msgs/share/mobileye_560_660_msgs/local_setup.dsv
[41.000s] -- Installing: /home/martin/Desktop/Stage/Projet/ws_carla_ros/install/mobileye_560_660_msgs/share/mobileye_560_660_msgs/package.dsv
[41.000s] -- Installing: /home/martin/Desktop/Stage/Projet/ws_carla_ros/install/mobileye_560_660_msgs/share/ament_index/resource_index/packages/mobileye_560_660_msgs
[41.000s] -- Installing: /home/martin/Desktop/Stage/Projet/ws_carla_ros/install/mobileye_560_660_msgs/share/mobileye_560_660_msgs/cmake/mobileye_560_660_msgs__rosidl_generator_cExport.cmake
[41.000s] -- Installing: /home/martin/Desktop/Stage/Projet/ws_carla_ros/install/mobileye_560_660_msgs/share/mobileye_560_660_msgs/cmake/mobileye_560_660_msgs__rosidl_generator_cExport-noconfig.cmake
[41.001s] -- Installing: /home/martin/Desktop/Stage/Projet/ws_carla_ros/install/mobileye_560_660_msgs/share/mobileye_560_660_msgs/cmake/mobileye_560_660_msgs__rosidl_typesupport_introspection_cExport.cmake
[41.001s] -- Installing: /home/martin/Desktop/Stage/Projet/ws_carla_ros/install/mobileye_560_660_msgs/share/mobileye_560_660_msgs/cmake/mobileye_560_660_msgs__rosidl_typesupport_introspection_cExport-noconfig.cmake
[41.001s] -- Installing: /home/martin/Desktop/Stage/Projet/ws_carla_ros/install/mobileye_560_660_msgs/share/mobileye_560_660_msgs/cmake/mobileye_560_660_msgs__rosidl_typesupport_cExport.cmake
[41.001s] -- Installing: /home/martin/Desktop/Stage/Projet/ws_carla_ros/install/mobileye_560_660_msgs/share/mobileye_560_660_msgs/cmake/mobileye_560_660_msgs__rosidl_typesupport_cExport-noconfig.cmake
[41.001s] -- Installing: /home/martin/Desktop/Stage/Projet/ws_carla_ros/install/mobileye_560_660_msgs/share/mobileye_560_660_msgs/cmake/mobileye_560_660_msgs__rosidl_generator_cppExport.cmake
[41.001s] -- Installing: /home/martin/Desktop/Stage/Projet/ws_carla_ros/install/mobileye_560_660_msgs/share/mobileye_560_660_msgs/cmake/mobileye_560_660_msgs__rosidl_typesupport_introspection_cppExport.cmake
[41.001s] -- Installing: /home/martin/Desktop/Stage/Projet/ws_carla_ros/install/mobileye_560_660_msgs/share/mobileye_560_660_msgs/cmake/mobileye_560_660_msgs__rosidl_typesupport_introspection_cppExport-noconfig.cmake
[41.002s] -- Installing: /home/martin/Desktop/Stage/Projet/ws_carla_ros/install/mobileye_560_660_msgs/share/mobileye_560_660_msgs/cmake/mobileye_560_660_msgs__rosidl_typesupport_cppExport.cmake
[41.002s] -- Installing: /home/martin/Desktop/Stage/Projet/ws_carla_ros/install/mobileye_560_660_msgs/share/mobileye_560_660_msgs/cmake/mobileye_560_660_msgs__rosidl_typesupport_cppExport-noconfig.cmake
[41.002s] -- Installing: /home/martin/Desktop/Stage/Projet/ws_carla_ros/install/mobileye_560_660_msgs/share/mobileye_560_660_msgs/cmake/rosidl_cmake-extras.cmake
[41.002s] -- Installing: /home/martin/Desktop/Stage/Projet/ws_carla_ros/install/mobileye_560_660_msgs/share/mobileye_560_660_msgs/cmake/ament_cmake_export_dependencies-extras.cmake
[41.002s] -- Installing: /home/martin/Desktop/Stage/Projet/ws_carla_ros/install/mobileye_560_660_msgs/share/mobileye_560_660_msgs/cmake/ament_cmake_export_libraries-extras.cmake
[41.002s] -- Installing: /home/martin/Desktop/Stage/Projet/ws_carla_ros/install/mobileye_560_660_msgs/share/mobileye_560_660_msgs/cmake/ament_cmake_export_targets-extras.cmake
[41.002s] -- Installing: /home/martin/Desktop/Stage/Projet/ws_carla_ros/install/mobileye_560_660_msgs/share/mobileye_560_660_msgs/cmake/ament_cmake_export_include_directories-extras.cmake
[41.002s] -- Installing: /home/martin/Desktop/Stage/Projet/ws_carla_ros/install/mobileye_560_660_msgs/share/mobileye_560_660_msgs/cmake/rosidl_cmake_export_typesupport_libraries-extras.cmake
[41.002s] -- Installing: /home/martin/Desktop/Stage/Projet/ws_carla_ros/install/mobileye_560_660_msgs/share/mobileye_560_660_msgs/cmake/rosidl_cmake_export_typesupport_targets-extras.cmake
[41.003s] -- Installing: /home/martin/Desktop/Stage/Projet/ws_carla_ros/install/mobileye_560_660_msgs/share/mobileye_560_660_msgs/cmake/mobileye_560_660_msgsConfig.cmake
[41.003s] -- Installing: /home/martin/Desktop/Stage/Projet/ws_carla_ros/install/mobileye_560_660_msgs/share/mobileye_560_660_msgs/cmake/mobileye_560_660_msgsConfig-version.cmake
[41.003s] -- Installing: /home/martin/Desktop/Stage/Projet/ws_carla_ros/install/mobileye_560_660_msgs/share/mobileye_560_660_msgs/package.xml
[41.009s] Invoked command in '/home/martin/Desktop/Stage/Projet/ws_carla_ros/build/mobileye_560_660_msgs' returned '0': CMAKE_PREFIX_PATH=${CMAKE_PREFIX_PATH}:/home/martin/Desktop/Stage/Projet/ws_carla_ros/install/rqt_carla_control:/home/martin/Desktop/Stage/Projet/ws_carla_ros/install/carla_waypoint_publisher:/home/martin/Desktop/Stage/Projet/ws_carla_ros/install/carla_ackermann_control:/home/martin/Desktop/Stage/Projet/ws_carla_ros/install/carla_ros_bridge:/home/martin/Desktop/Stage/Projet/ws_carla_ros/install/carla_spawn_objects:/home/martin/Desktop/Stage/Projet/ws_carla_ros/install/carla_manual_control:/home/martin/Desktop/Stage/Projet/ws_carla_ros/install/carla_ad_agent:/home/martin/Desktop/Stage/Projet/ws_carla_ros/install/ros_compatibility:/home/martin/Desktop/Stage/Projet/ws_carla_ros/install/carla_walker_agent:/home/martin/Desktop/Stage/Projet/ws_carla_ros/install/carla_twist_to_control:/home/martin/Desktop/Stage/Projet/ws_carla_ros/install/carla_ros_scenario_runner:/home/martin/Desktop/Stage/Projet/ws_carla_ros/install/carla_map_visualization:/home/martin/Desktop/Stage/Projet/ws_carla_ros/install/carla_interface:/home/martin/Desktop/Stage/Projet/ws_carla_ros/install/carla_control_display:/home/martin/Desktop/Stage/Projet/ws_carla_ros/install/carla_common:/opt/ros/galactic /usr/bin/cmake --install /home/martin/Desktop/Stage/Projet/ws_carla_ros/build/mobileye_560_660_msgs
