[1.739s] Invoking command in '/home/martin/Desktop/Stage/Projet/ws_carla_ros/carla-ros-bridge/ros_compatibility': PYTHONPATH=/home/martin/Desktop/Stage/Projet/ws_carla_ros/build/ros_compatibility/prefix_override:/usr/lib/python3/dist-packages/colcon_core/task/python/colcon_distutils_commands:/home/martin/Desktop/Stage/Projet/ws_carla_ros/install/ros_compatibility/lib/python3.8/site-packages:${PYTHONPATH} /usr/bin/python3 -W ignore:setup.py install is deprecated -W ignore:easy_install command is deprecated setup.py egg_info --egg-base ../../build/ros_compatibility build --build-base /home/martin/Desktop/Stage/Projet/ws_carla_ros/build/ros_compatibility/build install --record /home/martin/Desktop/Stage/Projet/ws_carla_ros/build/ros_compatibility/install.log --single-version-externally-managed install_data
[2.320s] running egg_info
[2.320s] creating ../../build/ros_compatibility/ros_compatibility.egg-info
[2.320s] writing ../../build/ros_compatibility/ros_compatibility.egg-info/PKG-INFO
[2.320s] writing dependency_links to ../../build/ros_compatibility/ros_compatibility.egg-info/dependency_links.txt
[2.320s] writing requirements to ../../build/ros_compatibility/ros_compatibility.egg-info/requires.txt
[2.320s] writing top-level names to ../../build/ros_compatibility/ros_compatibility.egg-info/top_level.txt
[2.320s] writing manifest file '../../build/ros_compatibility/ros_compatibility.egg-info/SOURCES.txt'
[2.320s] reading manifest file '../../build/ros_compatibility/ros_compatibility.egg-info/SOURCES.txt'
[2.320s] writing manifest file '../../build/ros_compatibility/ros_compatibility.egg-info/SOURCES.txt'
[2.320s] running build
[2.320s] running build_py
[2.320s] creating /home/martin/Desktop/Stage/Projet/ws_carla_ros/build/ros_compatibility/build
[2.320s] creating /home/martin/Desktop/Stage/Projet/ws_carla_ros/build/ros_compatibility/build/lib
[2.320s] creating /home/martin/Desktop/Stage/Projet/ws_carla_ros/build/ros_compatibility/build/lib/ros_compatibility
[2.320s] copying src/ros_compatibility/exceptions.py -> /home/martin/Desktop/Stage/Projet/ws_carla_ros/build/ros_compatibility/build/lib/ros_compatibility
[2.320s] copying src/ros_compatibility/qos.py -> /home/martin/Desktop/Stage/Projet/ws_carla_ros/build/ros_compatibility/build/lib/ros_compatibility
[2.320s] copying src/ros_compatibility/core.py -> /home/martin/Desktop/Stage/Projet/ws_carla_ros/build/ros_compatibility/build/lib/ros_compatibility
[2.320s] copying src/ros_compatibility/logging.py -> /home/martin/Desktop/Stage/Projet/ws_carla_ros/build/ros_compatibility/build/lib/ros_compatibility
[2.320s] copying src/ros_compatibility/callback_groups.py -> /home/martin/Desktop/Stage/Projet/ws_carla_ros/build/ros_compatibility/build/lib/ros_compatibility
[2.320s] copying src/ros_compatibility/__init__.py -> /home/martin/Desktop/Stage/Projet/ws_carla_ros/build/ros_compatibility/build/lib/ros_compatibility
[2.321s] copying src/ros_compatibility/executors.py -> /home/martin/Desktop/Stage/Projet/ws_carla_ros/build/ros_compatibility/build/lib/ros_compatibility
[2.321s] copying src/ros_compatibility/node.py -> /home/martin/Desktop/Stage/Projet/ws_carla_ros/build/ros_compatibility/build/lib/ros_compatibility
[2.321s] running install
[2.321s] running install_lib
[2.321s] creating /home/martin/Desktop/Stage/Projet/ws_carla_ros/install/ros_compatibility/lib/python3.8/site-packages/ros_compatibility
[2.321s] copying /home/martin/Desktop/Stage/Projet/ws_carla_ros/build/ros_compatibility/build/lib/ros_compatibility/exceptions.py -> /home/martin/Desktop/Stage/Projet/ws_carla_ros/install/ros_compatibility/lib/python3.8/site-packages/ros_compatibility
[2.321s] copying /home/martin/Desktop/Stage/Projet/ws_carla_ros/build/ros_compatibility/build/lib/ros_compatibility/qos.py -> /home/martin/Desktop/Stage/Projet/ws_carla_ros/install/ros_compatibility/lib/python3.8/site-packages/ros_compatibility
[2.321s] copying /home/martin/Desktop/Stage/Projet/ws_carla_ros/build/ros_compatibility/build/lib/ros_compatibility/core.py -> /home/martin/Desktop/Stage/Projet/ws_carla_ros/install/ros_compatibility/lib/python3.8/site-packages/ros_compatibility
[2.321s] copying /home/martin/Desktop/Stage/Projet/ws_carla_ros/build/ros_compatibility/build/lib/ros_compatibility/logging.py -> /home/martin/Desktop/Stage/Projet/ws_carla_ros/install/ros_compatibility/lib/python3.8/site-packages/ros_compatibility
[2.321s] copying /home/martin/Desktop/Stage/Projet/ws_carla_ros/build/ros_compatibility/build/lib/ros_compatibility/callback_groups.py -> /home/martin/Desktop/Stage/Projet/ws_carla_ros/install/ros_compatibility/lib/python3.8/site-packages/ros_compatibility
[2.321s] copying /home/martin/Desktop/Stage/Projet/ws_carla_ros/build/ros_compatibility/build/lib/ros_compatibility/__init__.py -> /home/martin/Desktop/Stage/Projet/ws_carla_ros/install/ros_compatibility/lib/python3.8/site-packages/ros_compatibility
[2.321s] copying /home/martin/Desktop/Stage/Projet/ws_carla_ros/build/ros_compatibility/build/lib/ros_compatibility/executors.py -> /home/martin/Desktop/Stage/Projet/ws_carla_ros/install/ros_compatibility/lib/python3.8/site-packages/ros_compatibility
[2.322s] copying /home/martin/Desktop/Stage/Projet/ws_carla_ros/build/ros_compatibility/build/lib/ros_compatibility/node.py -> /home/martin/Desktop/Stage/Projet/ws_carla_ros/install/ros_compatibility/lib/python3.8/site-packages/ros_compatibility
[2.322s] byte-compiling /home/martin/Desktop/Stage/Projet/ws_carla_ros/install/ros_compatibility/lib/python3.8/site-packages/ros_compatibility/exceptions.py to exceptions.cpython-38.pyc
[2.322s] byte-compiling /home/martin/Desktop/Stage/Projet/ws_carla_ros/install/ros_compatibility/lib/python3.8/site-packages/ros_compatibility/qos.py to qos.cpython-38.pyc
[2.322s] byte-compiling /home/martin/Desktop/Stage/Projet/ws_carla_ros/install/ros_compatibility/lib/python3.8/site-packages/ros_compatibility/core.py to core.cpython-38.pyc
[2.322s] byte-compiling /home/martin/Desktop/Stage/Projet/ws_carla_ros/install/ros_compatibility/lib/python3.8/site-packages/ros_compatibility/logging.py to logging.cpython-38.pyc
[2.322s] byte-compiling /home/martin/Desktop/Stage/Projet/ws_carla_ros/install/ros_compatibility/lib/python3.8/site-packages/ros_compatibility/callback_groups.py to callback_groups.cpython-38.pyc
[2.322s] byte-compiling /home/martin/Desktop/Stage/Projet/ws_carla_ros/install/ros_compatibility/lib/python3.8/site-packages/ros_compatibility/__init__.py to __init__.cpython-38.pyc
[2.322s] byte-compiling /home/martin/Desktop/Stage/Projet/ws_carla_ros/install/ros_compatibility/lib/python3.8/site-packages/ros_compatibility/executors.py to executors.cpython-38.pyc
[2.322s] byte-compiling /home/martin/Desktop/Stage/Projet/ws_carla_ros/install/ros_compatibility/lib/python3.8/site-packages/ros_compatibility/node.py to node.cpython-38.pyc
[2.322s] running install_data
[2.322s] creating /home/martin/Desktop/Stage/Projet/ws_carla_ros/install/ros_compatibility/share/ament_index
[2.322s] creating /home/martin/Desktop/Stage/Projet/ws_carla_ros/install/ros_compatibility/share/ament_index/resource_index
[2.322s] creating /home/martin/Desktop/Stage/Projet/ws_carla_ros/install/ros_compatibility/share/ament_index/resource_index/packages
[2.322s] copying resource/ros_compatibility -> /home/martin/Desktop/Stage/Projet/ws_carla_ros/install/ros_compatibility/share/ament_index/resource_index/packages
[2.323s] copying package.xml -> /home/martin/Desktop/Stage/Projet/ws_carla_ros/install/ros_compatibility/share/ros_compatibility
[2.323s] running install_egg_info
[2.323s] Copying ../../build/ros_compatibility/ros_compatibility.egg-info to /home/martin/Desktop/Stage/Projet/ws_carla_ros/install/ros_compatibility/lib/python3.8/site-packages/ros_compatibility-0.0.0-py3.8.egg-info
[2.323s] running install_scripts
[2.323s] writing list of installed files to '/home/martin/Desktop/Stage/Projet/ws_carla_ros/build/ros_compatibility/install.log'
[2.352s] Invoked command in '/home/martin/Desktop/Stage/Projet/ws_carla_ros/carla-ros-bridge/ros_compatibility' returned '0': PYTHONPATH=/home/martin/Desktop/Stage/Projet/ws_carla_ros/build/ros_compatibility/prefix_override:/usr/lib/python3/dist-packages/colcon_core/task/python/colcon_distutils_commands:/home/martin/Desktop/Stage/Projet/ws_carla_ros/install/ros_compatibility/lib/python3.8/site-packages:${PYTHONPATH} /usr/bin/python3 -W ignore:setup.py install is deprecated -W ignore:easy_install command is deprecated setup.py egg_info --egg-base ../../build/ros_compatibility build --build-base /home/martin/Desktop/Stage/Projet/ws_carla_ros/build/ros_compatibility/build install --record /home/martin/Desktop/Stage/Projet/ws_carla_ros/build/ros_compatibility/install.log --single-version-externally-managed install_data
