-- The C compiler identification is GNU 9.4.0
-- The CXX compiler identification is GNU 9.4.0
-- Check for working C compiler: /usr/bin/cc
-- Check for working C compiler: /usr/bin/cc -- works
-- Detecting C compiler ABI info
-- Detecting C compiler ABI info - done
-- Detecting C compile features
-- Detecting C compile features - done
-- Check for working CXX compiler: /usr/bin/c++
-- Check for working CXX compiler: /usr/bin/c++ -- works
-- Detecting CXX compiler ABI info
-- Detecting CXX compiler ABI info - done
-- Detecting CXX compile features
-- Detecting CXX compile features - done
-- Found ament_cmake: 1.1.6 (/opt/ros/galactic/share/ament_cmake/cmake)
-- Found PythonInterp: /usr/bin/python3 (found suitable version "3.8.10", minimum required is "3") 
-- Using PYTHON_EXECUTABLE: /usr/bin/python3
-- Found rclcpp: 9.2.2 (/opt/ros/galactic/share/rclcpp/cmake)
-- Using all available rosidl_typesupport_c: rosidl_typesupport_fastrtps_c;rosidl_typesupport_introspection_c
-- Found rosidl_adapter: 2.2.3 (/opt/ros/galactic/share/rosidl_adapter/cmake)
-- Found OpenSSL: /usr/lib/x86_64-linux-gnu/libcrypto.so (found version "1.1.1f")  
-- Found FastRTPS: /opt/ros/galactic/include  
-- Using all available rosidl_typesupport_cpp: rosidl_typesupport_fastrtps_cpp;rosidl_typesupport_introspection_cpp
-- Found rmw_implementation_cmake: 3.3.1 (/opt/ros/galactic/share/rmw_implementation_cmake/cmake)
-- Found rmw_cyclonedds_cpp: 0.22.6 (/opt/ros/galactic/share/rmw_cyclonedds_cpp/cmake)
-- Using RMW implementation 'rmw_cyclonedds_cpp' as default
-- Looking for pthread.h
-- Looking for pthread.h - found
-- Performing Test CMAKE_HAVE_LIBC_PTHREAD
-- Performing Test CMAKE_HAVE_LIBC_PTHREAD - Failed
-- Looking for pthread_create in pthreads
-- Looking for pthread_create in pthreads - not found
-- Looking for pthread_create in pthread
-- Looking for pthread_create in pthread - found
-- Found Threads: TRUE  
-- Found geometry_msgs: 2.2.4 (/opt/ros/galactic/share/geometry_msgs/cmake)
-- Found tf2: 0.17.5 (/opt/ros/galactic/share/tf2/cmake)
-- Found tf2_ros: 0.17.5 (/opt/ros/galactic/share/tf2_ros/cmake)
-- Found tf2_eigen: 0.17.5 (/opt/ros/galactic/share/tf2_eigen/cmake)
-- Found tf2_geometry_msgs: 0.17.5 (/opt/ros/galactic/share/tf2_geometry_msgs/cmake)
-- Found Eigen3: TRUE (found version "3.3.7") 
-- Found nav_msgs: 2.2.4 (/opt/ros/galactic/share/nav_msgs/cmake)
-- Found sensor_msgs: 2.2.4 (/opt/ros/galactic/share/sensor_msgs/cmake)
-- Checking for module 'eigen3'
--   Found eigen3, version 3.3.7
-- Found Eigen: /usr/include/eigen3 (Required is at least version "3.1") 
-- Eigen found (include: /usr/include/eigen3, version: 3.3.7)
-- Found Boost: /usr/include (found suitable version "1.71.0", minimum required is "1.55.0") found components: system filesystem date_time iostreams regex 
-- Checking for module 'flann'
--   Found flann, version 1.9.1
-- Found FLANN: /usr/lib/x86_64-linux-gnu/libflann_cpp.so  
-- The imported target "vtkParseOGLExt" references the file
   "/usr/bin/vtkParseOGLExt-7.1"
but this file does not exist.  Possible reasons include:
* The file was deleted, renamed, or moved to another location.
* An install or uninstall procedure did not complete successfully.
* The installation package was faulty and contained
   "/usr/lib/cmake/vtk-7.1/VTKTargets.cmake"
but not all the files it references.

-- The imported target "vtkRenderingPythonTkWidgets" references the file
   "/usr/lib/x86_64-linux-gnu/libvtkRenderingPythonTkWidgets.so"
but this file does not exist.  Possible reasons include:
* The file was deleted, renamed, or moved to another location.
* An install or uninstall procedure did not complete successfully.
* The installation package was faulty and contained
   "/usr/lib/cmake/vtk-7.1/VTKTargets.cmake"
but not all the files it references.

-- The imported target "vtk" references the file
   "/usr/bin/vtk"
but this file does not exist.  Possible reasons include:
* The file was deleted, renamed, or moved to another location.
* An install or uninstall procedure did not complete successfully.
* The installation package was faulty and contained
   "/usr/lib/cmake/vtk-7.1/VTKTargets.cmake"
but not all the files it references.

-- The imported target "pvtk" references the file
   "/usr/bin/pvtk"
but this file does not exist.  Possible reasons include:
* The file was deleted, renamed, or moved to another location.
* An install or uninstall procedure did not complete successfully.
* The installation package was faulty and contained
   "/usr/lib/cmake/vtk-7.1/VTKTargets.cmake"
but not all the files it references.

-- Checking for module 'libusb-1.0'
--   No package 'libusb-1.0' found
-- Could NOT find USB_10 (missing: USB_10_LIBRARY USB_10_INCLUDE_DIR) 
-- OpenNI disabled because libusb-1.0 not found.
** WARNING ** io features related to openni will be disabled
-- Checking for module 'libusb-1.0'
--   No package 'libusb-1.0' found
-- Could NOT find USB_10 (missing: USB_10_LIBRARY USB_10_INCLUDE_DIR) 
** WARNING ** io features related to openni2 will be disabled
-- OpenNI 2 disabled because libusb-1.0 not found.
** WARNING ** io features related to pcap will be disabled
** WARNING ** io features related to png will be disabled
-- LIBUSB_1_LIBRARY (missing: LIBUSB_1_INCLUDE_DIR) 
** WARNING ** io features related to libusb-1.0 will be disabled
-- Checking for module 'libusb-1.0'
--   No package 'libusb-1.0' found
-- Could NOT find USB_10 (missing: USB_10_LIBRARY USB_10_INCLUDE_DIR) 
-- OpenNI disabled because libusb-1.0 not found.
** WARNING ** visualization features related to openni will be disabled
-- Checking for module 'libusb-1.0'
--   No package 'libusb-1.0' found
-- Could NOT find USB_10 (missing: USB_10_LIBRARY USB_10_INCLUDE_DIR) 
-- OpenNI 2 disabled because libusb-1.0 not found.
** WARNING ** visualization features related to openni2 will be disabled
-- Found Qhull: optimized;/usr/lib/x86_64-linux-gnu/libqhull.so;debug;/usr/lib/x86_64-linux-gnu/libqhull.so  
-- QHULL found (include: /usr/include, lib: optimized;/usr/lib/x86_64-linux-gnu/libqhull.so;debug;/usr/lib/x86_64-linux-gnu/libqhull.so)
-- Checking for module 'libusb-1.0'
--   No package 'libusb-1.0' found
-- Could NOT find USB_10 (missing: USB_10_LIBRARY USB_10_INCLUDE_DIR) 
-- OpenNI disabled because libusb-1.0 not found.
** WARNING ** apps features related to openni will be disabled
-- looking for PCL_COMMON
-- Found PCL_COMMON: /usr/lib/x86_64-linux-gnu/libpcl_common.so  
-- looking for PCL_KDTREE
-- Found PCL_KDTREE: /usr/lib/x86_64-linux-gnu/libpcl_kdtree.so  
-- looking for PCL_OCTREE
-- Found PCL_OCTREE: /usr/lib/x86_64-linux-gnu/libpcl_octree.so  
-- looking for PCL_SEARCH
-- Found PCL_SEARCH: /usr/lib/x86_64-linux-gnu/libpcl_search.so  
-- looking for PCL_SAMPLE_CONSENSUS
-- Found PCL_SAMPLE_CONSENSUS: /usr/lib/x86_64-linux-gnu/libpcl_sample_consensus.so  
-- looking for PCL_FILTERS
-- Found PCL_FILTERS: /usr/lib/x86_64-linux-gnu/libpcl_filters.so  
-- looking for PCL_2D
-- Found PCL_2D: /usr/include/pcl-1.10  
-- looking for PCL_GEOMETRY
-- Found PCL_GEOMETRY: /usr/include/pcl-1.10  
-- looking for PCL_IO
-- Found PCL_IO: /usr/lib/x86_64-linux-gnu/libpcl_io.so  
-- looking for PCL_FEATURES
-- Found PCL_FEATURES: /usr/lib/x86_64-linux-gnu/libpcl_features.so  
-- looking for PCL_ML
-- Found PCL_ML: /usr/lib/x86_64-linux-gnu/libpcl_ml.so  
-- looking for PCL_SEGMENTATION
-- Found PCL_SEGMENTATION: /usr/lib/x86_64-linux-gnu/libpcl_segmentation.so  
-- looking for PCL_VISUALIZATION
-- Found PCL_VISUALIZATION: /usr/lib/x86_64-linux-gnu/libpcl_visualization.so  
-- looking for PCL_SURFACE
-- Found PCL_SURFACE: /usr/lib/x86_64-linux-gnu/libpcl_surface.so  
-- looking for PCL_REGISTRATION
-- Found PCL_REGISTRATION: /usr/lib/x86_64-linux-gnu/libpcl_registration.so  
-- looking for PCL_KEYPOINTS
-- Found PCL_KEYPOINTS: /usr/lib/x86_64-linux-gnu/libpcl_keypoints.so  
-- looking for PCL_TRACKING
-- Found PCL_TRACKING: /usr/lib/x86_64-linux-gnu/libpcl_tracking.so  
-- looking for PCL_RECOGNITION
-- Found PCL_RECOGNITION: /usr/lib/x86_64-linux-gnu/libpcl_recognition.so  
-- looking for PCL_STEREO
-- Found PCL_STEREO: /usr/lib/x86_64-linux-gnu/libpcl_stereo.so  
-- looking for PCL_APPS
-- Found PCL_APPS: /usr/lib/x86_64-linux-gnu/libpcl_apps.so  
-- looking for PCL_IN_HAND_SCANNER
-- Found PCL_IN_HAND_SCANNER: /usr/include/pcl-1.10  
-- looking for PCL_POINT_CLOUD_EDITOR
-- Found PCL_POINT_CLOUD_EDITOR: /usr/include/pcl-1.10  
-- looking for PCL_OUTOFCORE
-- Found PCL_OUTOFCORE: /usr/lib/x86_64-linux-gnu/libpcl_outofcore.so  
-- looking for PCL_PEOPLE
-- Found PCL_PEOPLE: /usr/lib/x86_64-linux-gnu/libpcl_people.so  
-- Found PCL: pcl_common;pcl_kdtree;pcl_octree;pcl_search;pcl_sample_consensus;pcl_filters;pcl_io;pcl_features;pcl_ml;pcl_segmentation;pcl_visualization;pcl_surface;pcl_registration;pcl_keypoints;pcl_tracking;pcl_recognition;pcl_stereo;pcl_apps;pcl_outofcore;pcl_people;/usr/lib/x86_64-linux-gnu/libboost_system.so;/usr/lib/x86_64-linux-gnu/libboost_filesystem.so;/usr/lib/x86_64-linux-gnu/libboost_date_time.so;/usr/lib/x86_64-linux-gnu/libboost_iostreams.so;/usr/lib/x86_64-linux-gnu/libboost_regex.so;optimized;/usr/lib/x86_64-linux-gnu/libqhull.so;debug;/usr/lib/x86_64-linux-gnu/libqhull.so;vtkChartsCore;vtkCommonColor;vtkCommonCore;vtksys;vtkCommonDataModel;vtkCommonMath;vtkCommonMisc;vtkCommonSystem;vtkCommonTransforms;vtkCommonExecutionModel;vtkFiltersGeneral;vtkCommonComputationalGeometry;vtkFiltersCore;vtkInfovisCore;vtkFiltersExtraction;vtkFiltersStatistics;vtkImagingFourier;vtkImagingCore;vtkalglib;vtkRenderingContext2D;vtkRenderingCore;vtkFiltersGeometry;vtkFiltersSources;vtkRenderingFreeType;/usr/lib/x86_64-linux-gnu/libfreetype.so;/usr/lib/x86_64-linux-gnu/libz.so;vtkFiltersModeling;vtkImagingSources;vtkInteractionStyle;vtkInteractionWidgets;vtkFiltersHybrid;vtkImagingColor;vtkImagingGeneral;vtkImagingHybrid;vtkIOImage;vtkDICOMParser;vtkmetaio;/usr/lib/x86_64-linux-gnu/libjpeg.so;/usr/lib/x86_64-linux-gnu/libpng.so;/usr/lib/x86_64-linux-gnu/libtiff.so;vtkRenderingAnnotation;vtkRenderingVolume;vtkIOXML;vtkIOCore;vtkIOXMLParser;/usr/lib/x86_64-linux-gnu/libexpat.so;vtkIOGeometry;vtkIOLegacy;vtkIOPLY;vtkRenderingLOD;vtkViewsContext2D;vtkViewsCore;vtkRenderingContextOpenGL2;vtkRenderingOpenGL2;FLANN::FLANN  
-- Found pcl_conversions: 2.3.2 (/opt/ros/galactic/share/pcl_conversions/cmake)
-- Found ament_lint_auto: 0.10.7 (/opt/ros/galactic/share/ament_lint_auto/cmake)
-- Added test 'cppcheck' to perform static code analysis on C / C++ code
-- Configured cppcheck include dirs: /home/martin/Desktop/Stage/Projet/ws_carla_ros/carla_lidar_mapping/include
-- Configured cppcheck exclude dirs and/or files: 
-- Added test 'flake8' to check Python code syntax and style conventions
-- Added test 'lint_cmake' to check CMake code style
-- Added test 'pep257' to check Python code against some of the style conventions in PEP 257
-- Added test 'uncrustify' to check C / C++ code style
-- Configured uncrustify additional arguments: 
-- Added test 'xmllint' to check XML markup files
-- Configuring done
-- Generating done
-- Build files have been written to: /home/martin/Desktop/Stage/Projet/ws_carla_ros/build/carla_lidar_mapping
[35m[1mScanning dependencies of target lidar_mapping[0m
[ 50%] [32mBuilding CXX object CMakeFiles/lidar_mapping.dir/src/lidar_mapping.cpp.o[0m
In file included from [01m[K/home/martin/Desktop/Stage/Projet/ws_carla_ros/carla_lidar_mapping/src/lidar_mapping.cpp:1[m[K:
[01m[K/home/martin/Desktop/Stage/Projet/ws_carla_ros/carla_lidar_mapping/include/carla_lidar_mapping/lidar_mapping.hpp:[m[K In constructor ‘[01m[Kcarla_lidar_mapping::Rotate::Rotate()[m[K’:
[01m[K/home/martin/Desktop/Stage/Projet/ws_carla_ros/carla_lidar_mapping/include/carla_lidar_mapping/lidar_mapping.hpp:51:25:[m[K [01;35m[Kwarning: [m[K‘[01m[Kcarla_lidar_mapping::Rotate::yaw[m[K’ will be initialized after [[01;35m[K-Wreorder[m[K]
   51 |     double roll, pitch, [01;35m[Kyaw[m[K;
      |                         [01;35m[K^~~[m[K
[01m[K/home/martin/Desktop/Stage/Projet/ws_carla_ros/carla_lidar_mapping/include/carla_lidar_mapping/lidar_mapping.hpp:51:18:[m[K [01;35m[Kwarning: [m[K  ‘[01m[Kdouble carla_lidar_mapping::Rotate::pitch[m[K’ [[01;35m[K-Wreorder[m[K]
   51 |     double roll, [01;35m[Kpitch[m[K, yaw;
      |                  [01;35m[K^~~~~[m[K
[01m[K/home/martin/Desktop/Stage/Projet/ws_carla_ros/carla_lidar_mapping/include/carla_lidar_mapping/lidar_mapping.hpp:53:5:[m[K [01;35m[Kwarning: [m[K  when initialized here [[01;35m[K-Wreorder[m[K]
   53 |     [01;35m[KRotate[m[K() : roll(0), yaw(0), pitch(0) {}
      |     [01;35m[K^~~~~~[m[K
[01m[K/home/martin/Desktop/Stage/Projet/ws_carla_ros/carla_lidar_mapping/src/lidar_mapping.cpp:[m[K In member function ‘[01m[Kvoid carla_lidar_mapping::LidarMapping::scanTransformation(pcl::PointCloud<pcl::PointXYZ>::Ptr)[m[K’:
[01m[K/home/martin/Desktop/Stage/Projet/ws_carla_ros/carla_lidar_mapping/src/lidar_mapping.cpp:136:38:[m[K [01;35m[Kwarning: [m[Kcomparison of integer expressions of different signedness: ‘[01m[Kstd::vector<pcl::PointXYZ, Eigen::aligned_allocator<pcl::PointXYZ> >::size_type[m[K’ {aka ‘[01m[Klong unsigned int[m[K’} and ‘[01m[Kint[m[K’ [[01;35m[K-Wsign-compare[m[K]
  136 |         if ([01;35m[Kpcl_cloud_.points.size() > cloud_resolution_[m[K)
      |             [01;35m[K~~~~~~~~~~~~~~~~~~~~~~~~~^~~~~~~~~~~~~~~~~~~[m[K
[01m[K/home/martin/Desktop/Stage/Projet/ws_carla_ros/carla_lidar_mapping/src/lidar_mapping.cpp:[m[K In member function ‘[01m[Kdouble carla_lidar_mapping::LidarMapping::minDistance(carla_lidar_mapping::Point, std::vector<carla_lidar_mapping::Point>)[m[K’:
[01m[K/home/martin/Desktop/Stage/Projet/ws_carla_ros/carla_lidar_mapping/src/lidar_mapping.cpp:209:39:[m[K [01;35m[Kwarning: [m[Kcomparison of integer expressions of different signedness: ‘[01m[Kint[m[K’ and ‘[01m[Kstd::vector<carla_lidar_mapping::Point>::size_type[m[K’ {aka ‘[01m[Klong unsigned int[m[K’} [[01;35m[K-Wsign-compare[m[K]
  209 |             for (int index = 1; [01;35m[Kindex < points.size()[m[K; index++)
      |                                 [01;35m[K~~~~~~^~~~~~~~~~~~~~~[m[K
[100%] [32m[1mLinking CXX executable lidar_mapping[0m
[100%] Built target lidar_mapping
-- Install configuration: ""
-- Installing: /home/martin/Desktop/Stage/Projet/ws_carla_ros/install/carla_lidar_mapping/lib/carla_lidar_mapping/lidar_mapping
-- Set runtime path of "/home/martin/Desktop/Stage/Projet/ws_carla_ros/install/carla_lidar_mapping/lib/carla_lidar_mapping/lidar_mapping" to ""
-- Installing: /home/martin/Desktop/Stage/Projet/ws_carla_ros/install/carla_lidar_mapping/share/carla_lidar_mapping/launch
-- Installing: /home/martin/Desktop/Stage/Projet/ws_carla_ros/install/carla_lidar_mapping/share/carla_lidar_mapping/launch/lidar_mapping.launch.py
-- Installing: /home/martin/Desktop/Stage/Projet/ws_carla_ros/install/carla_lidar_mapping/share/ament_index/resource_index/package_run_dependencies/carla_lidar_mapping
-- Installing: /home/martin/Desktop/Stage/Projet/ws_carla_ros/install/carla_lidar_mapping/share/ament_index/resource_index/parent_prefix_path/carla_lidar_mapping
-- Installing: /home/martin/Desktop/Stage/Projet/ws_carla_ros/install/carla_lidar_mapping/share/carla_lidar_mapping/environment/ament_prefix_path.sh
-- Installing: /home/martin/Desktop/Stage/Projet/ws_carla_ros/install/carla_lidar_mapping/share/carla_lidar_mapping/environment/ament_prefix_path.dsv
-- Installing: /home/martin/Desktop/Stage/Projet/ws_carla_ros/install/carla_lidar_mapping/share/carla_lidar_mapping/environment/path.sh
-- Installing: /home/martin/Desktop/Stage/Projet/ws_carla_ros/install/carla_lidar_mapping/share/carla_lidar_mapping/environment/path.dsv
-- Installing: /home/martin/Desktop/Stage/Projet/ws_carla_ros/install/carla_lidar_mapping/share/carla_lidar_mapping/local_setup.bash
-- Installing: /home/martin/Desktop/Stage/Projet/ws_carla_ros/install/carla_lidar_mapping/share/carla_lidar_mapping/local_setup.sh
-- Installing: /home/martin/Desktop/Stage/Projet/ws_carla_ros/install/carla_lidar_mapping/share/carla_lidar_mapping/local_setup.zsh
-- Installing: /home/martin/Desktop/Stage/Projet/ws_carla_ros/install/carla_lidar_mapping/share/carla_lidar_mapping/local_setup.dsv
-- Installing: /home/martin/Desktop/Stage/Projet/ws_carla_ros/install/carla_lidar_mapping/share/carla_lidar_mapping/package.dsv
-- Installing: /home/martin/Desktop/Stage/Projet/ws_carla_ros/install/carla_lidar_mapping/share/ament_index/resource_index/packages/carla_lidar_mapping
-- Installing: /home/martin/Desktop/Stage/Projet/ws_carla_ros/install/carla_lidar_mapping/share/carla_lidar_mapping/cmake/ament_cmake_export_include_directories-extras.cmake
-- Installing: /home/martin/Desktop/Stage/Projet/ws_carla_ros/install/carla_lidar_mapping/share/carla_lidar_mapping/cmake/carla_lidar_mappingConfig.cmake
-- Installing: /home/martin/Desktop/Stage/Projet/ws_carla_ros/install/carla_lidar_mapping/share/carla_lidar_mapping/cmake/carla_lidar_mappingConfig-version.cmake
-- Installing: /home/martin/Desktop/Stage/Projet/ws_carla_ros/install/carla_lidar_mapping/share/carla_lidar_mapping/package.xml
