[0.848s] Invoking command in '/home/martin/Desktop/Stage/Projet/ws_carla_ros/build/carla_lidar_mapping': CMAKE_PREFIX_PATH=${CMAKE_PREFIX_PATH}:/home/martin/Desktop/Stage/Projet/ws_carla_ros/install/rqt_carla_control:/home/martin/Desktop/Stage/Projet/ws_carla_ros/install/carla_waypoint_publisher:/home/martin/Desktop/Stage/Projet/ws_carla_ros/install/carla_ackermann_control:/home/martin/Desktop/Stage/Projet/ws_carla_ros/install/carla_ros_bridge:/home/martin/Desktop/Stage/Projet/ws_carla_ros/install/carla_spawn_objects:/home/martin/Desktop/Stage/Projet/ws_carla_ros/install/carla_manual_control:/home/martin/Desktop/Stage/Projet/ws_carla_ros/install/carla_ad_agent:/home/martin/Desktop/Stage/Projet/ws_carla_ros/install/ros_compatibility:/home/martin/Desktop/Stage/Projet/ws_carla_ros/install/carla_walker_agent:/home/martin/Desktop/Stage/Projet/ws_carla_ros/install/carla_twist_to_control:/home/martin/Desktop/Stage/Projet/ws_carla_ros/install/carla_ros_scenario_runner:/home/martin/Desktop/Stage/Projet/ws_carla_ros/install/carla_map_visualization:/home/martin/Desktop/Stage/Projet/ws_carla_ros/install/carla_interface:/home/martin/Desktop/Stage/Projet/ws_carla_ros/install/carla_control_display:/home/martin/Desktop/Stage/Projet/ws_carla_ros/install/carla_common:/opt/ros/galactic /usr/bin/cmake /home/martin/Desktop/Stage/Projet/ws_carla_ros/carla_lidar_mapping -DPYTHON_EXECUTABLE=/usr/bin/python3 -DCMAKE_INSTALL_PREFIX=/home/martin/Desktop/Stage/Projet/ws_carla_ros/install/carla_lidar_mapping
[1.051s] -- The C compiler identification is GNU 9.4.0
[1.052s] -- The CXX compiler identification is GNU 9.4.0
[1.052s] -- Check for working C compiler: /usr/bin/cc
[1.052s] -- Check for working C compiler: /usr/bin/cc -- works
[1.052s] -- Detecting C compiler ABI info
[1.062s] -- Detecting C compiler ABI info - done
[1.078s] -- Detecting C compile features
[1.078s] -- Detecting C compile features - done
[1.078s] -- Check for working CXX compiler: /usr/bin/c++
[1.238s] -- Check for working CXX compiler: /usr/bin/c++ -- works
[1.239s] -- Detecting CXX compiler ABI info
[1.386s] -- Detecting CXX compiler ABI info - done
[1.399s] -- Detecting CXX compile features
[1.399s] -- Detecting CXX compile features - done
[1.402s] -- Found ament_cmake: 1.1.6 (/opt/ros/galactic/share/ament_cmake/cmake)
[1.450s] -- Found PythonInterp: /usr/bin/python3 (found suitable version "3.8.10", minimum required is "3") 
[1.450s] -- Using PYTHON_EXECUTABLE: /usr/bin/python3
[1.579s] -- Found rclcpp: 9.2.2 (/opt/ros/galactic/share/rclcpp/cmake)
[1.660s] -- Using all available rosidl_typesupport_c: rosidl_typesupport_fastrtps_c;rosidl_typesupport_introspection_c
[1.663s] -- Found rosidl_adapter: 2.2.3 (/opt/ros/galactic/share/rosidl_adapter/cmake)
[1.917s] -- Found OpenSSL: /usr/lib/x86_64-linux-gnu/libcrypto.so (found version "1.1.1f")  
[1.956s] -- Found FastRTPS: /opt/ros/galactic/include  
[2.048s] -- Using all available rosidl_typesupport_cpp: rosidl_typesupport_fastrtps_cpp;rosidl_typesupport_introspection_cpp
[2.129s] -- Found rmw_implementation_cmake: 3.3.1 (/opt/ros/galactic/share/rmw_implementation_cmake/cmake)
[2.137s] -- Found rmw_cyclonedds_cpp: 0.22.6 (/opt/ros/galactic/share/rmw_cyclonedds_cpp/cmake)
[2.165s] -- Using RMW implementation 'rmw_cyclonedds_cpp' as default
[2.168s] -- Looking for pthread.h
[2.251s] -- Looking for pthread.h - found
[2.251s] -- Performing Test CMAKE_HAVE_LIBC_PTHREAD
[2.331s] -- Performing Test CMAKE_HAVE_LIBC_PTHREAD - Failed
[2.331s] -- Looking for pthread_create in pthreads
[2.401s] -- Looking for pthread_create in pthreads - not found
[2.401s] -- Looking for pthread_create in pthread
[2.526s] -- Looking for pthread_create in pthread - found
[2.526s] -- Found Threads: TRUE  
[2.837s] -- Found geometry_msgs: 2.2.4 (/opt/ros/galactic/share/geometry_msgs/cmake)
[2.887s] -- Found tf2: 0.17.5 (/opt/ros/galactic/share/tf2/cmake)
[2.907s] -- Found tf2_ros: 0.17.5 (/opt/ros/galactic/share/tf2_ros/cmake)
[3.563s] -- Found tf2_eigen: 0.17.5 (/opt/ros/galactic/share/tf2_eigen/cmake)
[3.591s] -- Found tf2_geometry_msgs: 0.17.5 (/opt/ros/galactic/share/tf2_geometry_msgs/cmake)
[3.606s] -- Found Eigen3: TRUE (found version "3.3.7") 
[3.648s] -- Found nav_msgs: 2.2.4 (/opt/ros/galactic/share/nav_msgs/cmake)
[3.802s] -- Found sensor_msgs: 2.2.4 (/opt/ros/galactic/share/sensor_msgs/cmake)
[4.123s] -- Checking for module 'eigen3'
[4.224s] --   Found eigen3, version 3.3.7
[4.554s] -- Found Eigen: /usr/include/eigen3 (Required is at least version "3.1") 
[4.555s] -- Eigen found (include: /usr/include/eigen3, version: 3.3.7)
[4.689s] -- Found Boost: /usr/include (found suitable version "1.71.0", minimum required is "1.55.0") found components: system filesystem date_time iostreams regex 
[4.714s] -- Checking for module 'flann'
[4.866s] --   Found flann, version 1.9.1
[5.259s] -- Found FLANN: /usr/lib/x86_64-linux-gnu/libflann_cpp.so  
[5.358s] -- The imported target "vtkParseOGLExt" references the file
[5.358s]    "/usr/bin/vtkParseOGLExt-7.1"
[5.358s] but this file does not exist.  Possible reasons include:
[5.358s] * The file was deleted, renamed, or moved to another location.
[5.358s] * An install or uninstall procedure did not complete successfully.
[5.358s] * The installation package was faulty and contained
[5.359s]    "/usr/lib/cmake/vtk-7.1/VTKTargets.cmake"
[5.359s] but not all the files it references.
[5.359s] 
[5.366s] -- The imported target "vtkRenderingPythonTkWidgets" references the file
[5.366s]    "/usr/lib/x86_64-linux-gnu/libvtkRenderingPythonTkWidgets.so"
[5.366s] but this file does not exist.  Possible reasons include:
[5.366s] * The file was deleted, renamed, or moved to another location.
[5.366s] * An install or uninstall procedure did not complete successfully.
[5.366s] * The installation package was faulty and contained
[5.366s]    "/usr/lib/cmake/vtk-7.1/VTKTargets.cmake"
[5.366s] but not all the files it references.
[5.367s] 
[5.367s] -- The imported target "vtk" references the file
[5.367s]    "/usr/bin/vtk"
[5.367s] but this file does not exist.  Possible reasons include:
[5.367s] * The file was deleted, renamed, or moved to another location.
[5.367s] * An install or uninstall procedure did not complete successfully.
[5.367s] * The installation package was faulty and contained
[5.367s]    "/usr/lib/cmake/vtk-7.1/VTKTargets.cmake"
[5.367s] but not all the files it references.
[5.367s] 
[5.367s] -- The imported target "pvtk" references the file
[5.367s]    "/usr/bin/pvtk"
[5.367s] but this file does not exist.  Possible reasons include:
[5.367s] * The file was deleted, renamed, or moved to another location.
[5.367s] * An install or uninstall procedure did not complete successfully.
[5.368s] * The installation package was faulty and contained
[5.368s]    "/usr/lib/cmake/vtk-7.1/VTKTargets.cmake"
[5.368s] but not all the files it references.
[5.368s] 
[5.427s] -- Checking for module 'libusb-1.0'
[5.448s] --   No package 'libusb-1.0' found
[5.454s] -- Could NOT find USB_10 (missing: USB_10_LIBRARY USB_10_INCLUDE_DIR) 
[5.454s] -- OpenNI disabled because libusb-1.0 not found.
[5.454s] ** WARNING ** io features related to openni will be disabled
[5.477s] -- Checking for module 'libusb-1.0'
[5.497s] --   No package 'libusb-1.0' found
[5.501s] -- Could NOT find USB_10 (missing: USB_10_LIBRARY USB_10_INCLUDE_DIR) 
[5.501s] ** WARNING ** io features related to openni2 will be disabled
[5.501s] -- OpenNI 2 disabled because libusb-1.0 not found.
[5.501s] ** WARNING ** io features related to pcap will be disabled
[5.501s] ** WARNING ** io features related to png will be disabled
[5.528s] -- LIBUSB_1_LIBRARY (missing: LIBUSB_1_INCLUDE_DIR) 
[5.528s] ** WARNING ** io features related to libusb-1.0 will be disabled
[5.554s] -- Checking for module 'libusb-1.0'
[5.576s] --   No package 'libusb-1.0' found
[5.585s] -- Could NOT find USB_10 (missing: USB_10_LIBRARY USB_10_INCLUDE_DIR) 
[5.585s] -- OpenNI disabled because libusb-1.0 not found.
[5.585s] ** WARNING ** visualization features related to openni will be disabled
[5.611s] -- Checking for module 'libusb-1.0'
[5.641s] --   No package 'libusb-1.0' found
[5.647s] -- Could NOT find USB_10 (missing: USB_10_LIBRARY USB_10_INCLUDE_DIR) 
[5.647s] -- OpenNI 2 disabled because libusb-1.0 not found.
[5.647s] ** WARNING ** visualization features related to openni2 will be disabled
[5.755s] -- Found Qhull: optimized;/usr/lib/x86_64-linux-gnu/libqhull.so;debug;/usr/lib/x86_64-linux-gnu/libqhull.so  
[5.755s] -- QHULL found (include: /usr/include, lib: optimized;/usr/lib/x86_64-linux-gnu/libqhull.so;debug;/usr/lib/x86_64-linux-gnu/libqhull.so)
[5.773s] -- Checking for module 'libusb-1.0'
[5.794s] --   No package 'libusb-1.0' found
[5.802s] -- Could NOT find USB_10 (missing: USB_10_LIBRARY USB_10_INCLUDE_DIR) 
[5.802s] -- OpenNI disabled because libusb-1.0 not found.
[5.802s] ** WARNING ** apps features related to openni will be disabled
[5.841s] -- looking for PCL_COMMON
[5.843s] -- Found PCL_COMMON: /usr/lib/x86_64-linux-gnu/libpcl_common.so  
[5.844s] -- looking for PCL_KDTREE
[5.861s] -- Found PCL_KDTREE: /usr/lib/x86_64-linux-gnu/libpcl_kdtree.so  
[5.862s] -- looking for PCL_OCTREE
[5.864s] -- Found PCL_OCTREE: /usr/lib/x86_64-linux-gnu/libpcl_octree.so  
[5.865s] -- looking for PCL_SEARCH
[5.867s] -- Found PCL_SEARCH: /usr/lib/x86_64-linux-gnu/libpcl_search.so  
[5.868s] -- looking for PCL_SAMPLE_CONSENSUS
[5.869s] -- Found PCL_SAMPLE_CONSENSUS: /usr/lib/x86_64-linux-gnu/libpcl_sample_consensus.so  
[5.870s] -- looking for PCL_FILTERS
[5.872s] -- Found PCL_FILTERS: /usr/lib/x86_64-linux-gnu/libpcl_filters.so  
[5.873s] -- looking for PCL_2D
[5.873s] -- Found PCL_2D: /usr/include/pcl-1.10  
[5.874s] -- looking for PCL_GEOMETRY
[5.875s] -- Found PCL_GEOMETRY: /usr/include/pcl-1.10  
[5.875s] -- looking for PCL_IO
[5.877s] -- Found PCL_IO: /usr/lib/x86_64-linux-gnu/libpcl_io.so  
[5.878s] -- looking for PCL_FEATURES
[5.880s] -- Found PCL_FEATURES: /usr/lib/x86_64-linux-gnu/libpcl_features.so  
[5.885s] -- looking for PCL_ML
[5.886s] -- Found PCL_ML: /usr/lib/x86_64-linux-gnu/libpcl_ml.so  
[5.887s] -- looking for PCL_SEGMENTATION
[5.889s] -- Found PCL_SEGMENTATION: /usr/lib/x86_64-linux-gnu/libpcl_segmentation.so  
[5.897s] -- looking for PCL_VISUALIZATION
[5.899s] -- Found PCL_VISUALIZATION: /usr/lib/x86_64-linux-gnu/libpcl_visualization.so  
[5.899s] -- looking for PCL_SURFACE
[5.901s] -- Found PCL_SURFACE: /usr/lib/x86_64-linux-gnu/libpcl_surface.so  
[5.902s] -- looking for PCL_REGISTRATION
[5.904s] -- Found PCL_REGISTRATION: /usr/lib/x86_64-linux-gnu/libpcl_registration.so  
[5.905s] -- looking for PCL_KEYPOINTS
[5.910s] -- Found PCL_KEYPOINTS: /usr/lib/x86_64-linux-gnu/libpcl_keypoints.so  
[5.911s] -- looking for PCL_TRACKING
[5.916s] -- Found PCL_TRACKING: /usr/lib/x86_64-linux-gnu/libpcl_tracking.so  
[5.917s] -- looking for PCL_RECOGNITION
[5.919s] -- Found PCL_RECOGNITION: /usr/lib/x86_64-linux-gnu/libpcl_recognition.so  
[5.929s] -- looking for PCL_STEREO
[5.931s] -- Found PCL_STEREO: /usr/lib/x86_64-linux-gnu/libpcl_stereo.so  
[5.931s] -- looking for PCL_APPS
[5.933s] -- Found PCL_APPS: /usr/lib/x86_64-linux-gnu/libpcl_apps.so  
[5.934s] -- looking for PCL_IN_HAND_SCANNER
[5.934s] -- Found PCL_IN_HAND_SCANNER: /usr/include/pcl-1.10  
[5.935s] -- looking for PCL_POINT_CLOUD_EDITOR
[5.943s] -- Found PCL_POINT_CLOUD_EDITOR: /usr/include/pcl-1.10  
[5.943s] -- looking for PCL_OUTOFCORE
[5.945s] -- Found PCL_OUTOFCORE: /usr/lib/x86_64-linux-gnu/libpcl_outofcore.so  
[5.946s] -- looking for PCL_PEOPLE
[5.948s] -- Found PCL_PEOPLE: /usr/lib/x86_64-linux-gnu/libpcl_people.so  
[5.950s] -- Found PCL: pcl_common;pcl_kdtree;pcl_octree;pcl_search;pcl_sample_consensus;pcl_filters;pcl_io;pcl_features;pcl_ml;pcl_segmentation;pcl_visualization;pcl_surface;pcl_registration;pcl_keypoints;pcl_tracking;pcl_recognition;pcl_stereo;pcl_apps;pcl_outofcore;pcl_people;/usr/lib/x86_64-linux-gnu/libboost_system.so;/usr/lib/x86_64-linux-gnu/libboost_filesystem.so;/usr/lib/x86_64-linux-gnu/libboost_date_time.so;/usr/lib/x86_64-linux-gnu/libboost_iostreams.so;/usr/lib/x86_64-linux-gnu/libboost_regex.so;optimized;/usr/lib/x86_64-linux-gnu/libqhull.so;debug;/usr/lib/x86_64-linux-gnu/libqhull.so;vtkChartsCore;vtkCommonColor;vtkCommonCore;vtksys;vtkCommonDataModel;vtkCommonMath;vtkCommonMisc;vtkCommonSystem;vtkCommonTransforms;vtkCommonExecutionModel;vtkFiltersGeneral;vtkCommonComputationalGeometry;vtkFiltersCore;vtkInfovisCore;vtkFiltersExtraction;vtkFiltersStatistics;vtkImagingFourier;vtkImagingCore;vtkalglib;vtkRenderingContext2D;vtkRenderingCore;vtkFiltersGeometry;vtkFiltersSources;vtkRenderingFreeType;/usr/lib/x86_64-linux-gnu/libfreetype.so;/usr/lib/x86_64-linux-gnu/libz.so;vtkFiltersModeling;vtkImagingSources;vtkInteractionStyle;vtkInteractionWidgets;vtkFiltersHybrid;vtkImagingColor;vtkImagingGeneral;vtkImagingHybrid;vtkIOImage;vtkDICOMParser;vtkmetaio;/usr/lib/x86_64-linux-gnu/libjpeg.so;/usr/lib/x86_64-linux-gnu/libpng.so;/usr/lib/x86_64-linux-gnu/libtiff.so;vtkRenderingAnnotation;vtkRenderingVolume;vtkIOXML;vtkIOCore;vtkIOXMLParser;/usr/lib/x86_64-linux-gnu/libexpat.so;vtkIOGeometry;vtkIOLegacy;vtkIOPLY;vtkRenderingLOD;vtkViewsContext2D;vtkViewsCore;vtkRenderingContextOpenGL2;vtkRenderingOpenGL2;FLANN::FLANN  
[5.959s] -- Found pcl_conversions: 2.3.2 (/opt/ros/galactic/share/pcl_conversions/cmake)
[6.372s] -- Found ament_lint_auto: 0.10.7 (/opt/ros/galactic/share/ament_lint_auto/cmake)
[6.598s] -- Added test 'cppcheck' to perform static code analysis on C / C++ code
[6.599s] -- Configured cppcheck include dirs: /home/martin/Desktop/Stage/Projet/ws_carla_ros/carla_lidar_mapping/include
[6.599s] -- Configured cppcheck exclude dirs and/or files: 
[6.601s] -- Added test 'flake8' to check Python code syntax and style conventions
[6.602s] -- Added test 'lint_cmake' to check CMake code style
[6.603s] -- Added test 'pep257' to check Python code against some of the style conventions in PEP 257
[6.605s] -- Added test 'uncrustify' to check C / C++ code style
[6.605s] -- Configured uncrustify additional arguments: 
[6.613s] -- Added test 'xmllint' to check XML markup files
[6.620s] -- Configuring done
[6.851s] -- Generating done
[7.005s] -- Build files have been written to: /home/martin/Desktop/Stage/Projet/ws_carla_ros/build/carla_lidar_mapping
[7.183s] Invoked command in '/home/martin/Desktop/Stage/Projet/ws_carla_ros/build/carla_lidar_mapping' returned '0': CMAKE_PREFIX_PATH=${CMAKE_PREFIX_PATH}:/home/martin/Desktop/Stage/Projet/ws_carla_ros/install/rqt_carla_control:/home/martin/Desktop/Stage/Projet/ws_carla_ros/install/carla_waypoint_publisher:/home/martin/Desktop/Stage/Projet/ws_carla_ros/install/carla_ackermann_control:/home/martin/Desktop/Stage/Projet/ws_carla_ros/install/carla_ros_bridge:/home/martin/Desktop/Stage/Projet/ws_carla_ros/install/carla_spawn_objects:/home/martin/Desktop/Stage/Projet/ws_carla_ros/install/carla_manual_control:/home/martin/Desktop/Stage/Projet/ws_carla_ros/install/carla_ad_agent:/home/martin/Desktop/Stage/Projet/ws_carla_ros/install/ros_compatibility:/home/martin/Desktop/Stage/Projet/ws_carla_ros/install/carla_walker_agent:/home/martin/Desktop/Stage/Projet/ws_carla_ros/install/carla_twist_to_control:/home/martin/Desktop/Stage/Projet/ws_carla_ros/install/carla_ros_scenario_runner:/home/martin/Desktop/Stage/Projet/ws_carla_ros/install/carla_map_visualization:/home/martin/Desktop/Stage/Projet/ws_carla_ros/install/carla_interface:/home/martin/Desktop/Stage/Projet/ws_carla_ros/install/carla_control_display:/home/martin/Desktop/Stage/Projet/ws_carla_ros/install/carla_common:/opt/ros/galactic /usr/bin/cmake /home/martin/Desktop/Stage/Projet/ws_carla_ros/carla_lidar_mapping -DPYTHON_EXECUTABLE=/usr/bin/python3 -DCMAKE_INSTALL_PREFIX=/home/martin/Desktop/Stage/Projet/ws_carla_ros/install/carla_lidar_mapping
[7.184s] Invoking command in '/home/martin/Desktop/Stage/Projet/ws_carla_ros/build/carla_lidar_mapping': CMAKE_PREFIX_PATH=${CMAKE_PREFIX_PATH}:/home/martin/Desktop/Stage/Projet/ws_carla_ros/install/rqt_carla_control:/home/martin/Desktop/Stage/Projet/ws_carla_ros/install/carla_waypoint_publisher:/home/martin/Desktop/Stage/Projet/ws_carla_ros/install/carla_ackermann_control:/home/martin/Desktop/Stage/Projet/ws_carla_ros/install/carla_ros_bridge:/home/martin/Desktop/Stage/Projet/ws_carla_ros/install/carla_spawn_objects:/home/martin/Desktop/Stage/Projet/ws_carla_ros/install/carla_manual_control:/home/martin/Desktop/Stage/Projet/ws_carla_ros/install/carla_ad_agent:/home/martin/Desktop/Stage/Projet/ws_carla_ros/install/ros_compatibility:/home/martin/Desktop/Stage/Projet/ws_carla_ros/install/carla_walker_agent:/home/martin/Desktop/Stage/Projet/ws_carla_ros/install/carla_twist_to_control:/home/martin/Desktop/Stage/Projet/ws_carla_ros/install/carla_ros_scenario_runner:/home/martin/Desktop/Stage/Projet/ws_carla_ros/install/carla_map_visualization:/home/martin/Desktop/Stage/Projet/ws_carla_ros/install/carla_interface:/home/martin/Desktop/Stage/Projet/ws_carla_ros/install/carla_control_display:/home/martin/Desktop/Stage/Projet/ws_carla_ros/install/carla_common:/opt/ros/galactic /usr/bin/cmake --build /home/martin/Desktop/Stage/Projet/ws_carla_ros/build/carla_lidar_mapping -- -j16 -l16
[8.212s] [35m[1mScanning dependencies of target lidar_mapping[0m
[8.212s] [ 50%] [32mBuilding CXX object CMakeFiles/lidar_mapping.dir/src/lidar_mapping.cpp.o[0m
[22.866s] In file included from [01m[K/home/martin/Desktop/Stage/Projet/ws_carla_ros/carla_lidar_mapping/src/lidar_mapping.cpp:1[m[K:
[22.866s] [01m[K/home/martin/Desktop/Stage/Projet/ws_carla_ros/carla_lidar_mapping/include/carla_lidar_mapping/lidar_mapping.hpp:[m[K In constructor ‘[01m[Kcarla_lidar_mapping::Rotate::Rotate()[m[K’:
[22.866s] [01m[K/home/martin/Desktop/Stage/Projet/ws_carla_ros/carla_lidar_mapping/include/carla_lidar_mapping/lidar_mapping.hpp:51:25:[m[K [01;35m[Kwarning: [m[K‘[01m[Kcarla_lidar_mapping::Rotate::yaw[m[K’ will be initialized after [[01;35m[K-Wreorder[m[K]
[22.866s]    51 |     double roll, pitch, [01;35m[Kyaw[m[K;
[22.866s]       |                         [01;35m[K^~~[m[K
[22.866s] [01m[K/home/martin/Desktop/Stage/Projet/ws_carla_ros/carla_lidar_mapping/include/carla_lidar_mapping/lidar_mapping.hpp:51:18:[m[K [01;35m[Kwarning: [m[K  ‘[01m[Kdouble carla_lidar_mapping::Rotate::pitch[m[K’ [[01;35m[K-Wreorder[m[K]
[22.866s]    51 |     double roll, [01;35m[Kpitch[m[K, yaw;
[22.866s]       |                  [01;35m[K^~~~~[m[K
[22.866s] [01m[K/home/martin/Desktop/Stage/Projet/ws_carla_ros/carla_lidar_mapping/include/carla_lidar_mapping/lidar_mapping.hpp:53:5:[m[K [01;35m[Kwarning: [m[K  when initialized here [[01;35m[K-Wreorder[m[K]
[22.866s]    53 |     [01;35m[KRotate[m[K() : roll(0), yaw(0), pitch(0) {}
[22.866s]       |     [01;35m[K^~~~~~[m[K
[23.100s] [01m[K/home/martin/Desktop/Stage/Projet/ws_carla_ros/carla_lidar_mapping/src/lidar_mapping.cpp:[m[K In member function ‘[01m[Kvoid carla_lidar_mapping::LidarMapping::scanTransformation(pcl::PointCloud<pcl::PointXYZ>::Ptr)[m[K’:
[23.100s] [01m[K/home/martin/Desktop/Stage/Projet/ws_carla_ros/carla_lidar_mapping/src/lidar_mapping.cpp:136:38:[m[K [01;35m[Kwarning: [m[Kcomparison of integer expressions of different signedness: ‘[01m[Kstd::vector<pcl::PointXYZ, Eigen::aligned_allocator<pcl::PointXYZ> >::size_type[m[K’ {aka ‘[01m[Klong unsigned int[m[K’} and ‘[01m[Kint[m[K’ [[01;35m[K-Wsign-compare[m[K]
[23.100s]   136 |         if ([01;35m[Kpcl_cloud_.points.size() > cloud_resolution_[m[K)
[23.100s]       |             [01;35m[K~~~~~~~~~~~~~~~~~~~~~~~~~^~~~~~~~~~~~~~~~~~~[m[K
[23.115s] [01m[K/home/martin/Desktop/Stage/Projet/ws_carla_ros/carla_lidar_mapping/src/lidar_mapping.cpp:[m[K In member function ‘[01m[Kdouble carla_lidar_mapping::LidarMapping::minDistance(carla_lidar_mapping::Point, std::vector<carla_lidar_mapping::Point>)[m[K’:
[23.115s] [01m[K/home/martin/Desktop/Stage/Projet/ws_carla_ros/carla_lidar_mapping/src/lidar_mapping.cpp:209:39:[m[K [01;35m[Kwarning: [m[Kcomparison of integer expressions of different signedness: ‘[01m[Kint[m[K’ and ‘[01m[Kstd::vector<carla_lidar_mapping::Point>::size_type[m[K’ {aka ‘[01m[Klong unsigned int[m[K’} [[01;35m[K-Wsign-compare[m[K]
[23.115s]   209 |             for (int index = 1; [01;35m[Kindex < points.size()[m[K; index++)
[23.115s]       |                                 [01;35m[K~~~~~~^~~~~~~~~~~~~~~[m[K
[31.337s] [100%] [32m[1mLinking CXX executable lidar_mapping[0m
[35.516s] [100%] Built target lidar_mapping
[35.524s] Invoked command in '/home/martin/Desktop/Stage/Projet/ws_carla_ros/build/carla_lidar_mapping' returned '0': CMAKE_PREFIX_PATH=${CMAKE_PREFIX_PATH}:/home/martin/Desktop/Stage/Projet/ws_carla_ros/install/rqt_carla_control:/home/martin/Desktop/Stage/Projet/ws_carla_ros/install/carla_waypoint_publisher:/home/martin/Desktop/Stage/Projet/ws_carla_ros/install/carla_ackermann_control:/home/martin/Desktop/Stage/Projet/ws_carla_ros/install/carla_ros_bridge:/home/martin/Desktop/Stage/Projet/ws_carla_ros/install/carla_spawn_objects:/home/martin/Desktop/Stage/Projet/ws_carla_ros/install/carla_manual_control:/home/martin/Desktop/Stage/Projet/ws_carla_ros/install/carla_ad_agent:/home/martin/Desktop/Stage/Projet/ws_carla_ros/install/ros_compatibility:/home/martin/Desktop/Stage/Projet/ws_carla_ros/install/carla_walker_agent:/home/martin/Desktop/Stage/Projet/ws_carla_ros/install/carla_twist_to_control:/home/martin/Desktop/Stage/Projet/ws_carla_ros/install/carla_ros_scenario_runner:/home/martin/Desktop/Stage/Projet/ws_carla_ros/install/carla_map_visualization:/home/martin/Desktop/Stage/Projet/ws_carla_ros/install/carla_interface:/home/martin/Desktop/Stage/Projet/ws_carla_ros/install/carla_control_display:/home/martin/Desktop/Stage/Projet/ws_carla_ros/install/carla_common:/opt/ros/galactic /usr/bin/cmake --build /home/martin/Desktop/Stage/Projet/ws_carla_ros/build/carla_lidar_mapping -- -j16 -l16
[35.526s] Invoking command in '/home/martin/Desktop/Stage/Projet/ws_carla_ros/build/carla_lidar_mapping': CMAKE_PREFIX_PATH=${CMAKE_PREFIX_PATH}:/home/martin/Desktop/Stage/Projet/ws_carla_ros/install/rqt_carla_control:/home/martin/Desktop/Stage/Projet/ws_carla_ros/install/carla_waypoint_publisher:/home/martin/Desktop/Stage/Projet/ws_carla_ros/install/carla_ackermann_control:/home/martin/Desktop/Stage/Projet/ws_carla_ros/install/carla_ros_bridge:/home/martin/Desktop/Stage/Projet/ws_carla_ros/install/carla_spawn_objects:/home/martin/Desktop/Stage/Projet/ws_carla_ros/install/carla_manual_control:/home/martin/Desktop/Stage/Projet/ws_carla_ros/install/carla_ad_agent:/home/martin/Desktop/Stage/Projet/ws_carla_ros/install/ros_compatibility:/home/martin/Desktop/Stage/Projet/ws_carla_ros/install/carla_walker_agent:/home/martin/Desktop/Stage/Projet/ws_carla_ros/install/carla_twist_to_control:/home/martin/Desktop/Stage/Projet/ws_carla_ros/install/carla_ros_scenario_runner:/home/martin/Desktop/Stage/Projet/ws_carla_ros/install/carla_map_visualization:/home/martin/Desktop/Stage/Projet/ws_carla_ros/install/carla_interface:/home/martin/Desktop/Stage/Projet/ws_carla_ros/install/carla_control_display:/home/martin/Desktop/Stage/Projet/ws_carla_ros/install/carla_common:/opt/ros/galactic /usr/bin/cmake --install /home/martin/Desktop/Stage/Projet/ws_carla_ros/build/carla_lidar_mapping
[35.533s] -- Install configuration: ""
[35.533s] -- Installing: /home/martin/Desktop/Stage/Projet/ws_carla_ros/install/carla_lidar_mapping/lib/carla_lidar_mapping/lidar_mapping
[35.536s] -- Set runtime path of "/home/martin/Desktop/Stage/Projet/ws_carla_ros/install/carla_lidar_mapping/lib/carla_lidar_mapping/lidar_mapping" to ""
[35.536s] -- Installing: /home/martin/Desktop/Stage/Projet/ws_carla_ros/install/carla_lidar_mapping/share/carla_lidar_mapping/launch
[35.536s] -- Installing: /home/martin/Desktop/Stage/Projet/ws_carla_ros/install/carla_lidar_mapping/share/carla_lidar_mapping/launch/lidar_mapping.launch.py
[35.536s] -- Installing: /home/martin/Desktop/Stage/Projet/ws_carla_ros/install/carla_lidar_mapping/share/ament_index/resource_index/package_run_dependencies/carla_lidar_mapping
[35.536s] -- Installing: /home/martin/Desktop/Stage/Projet/ws_carla_ros/install/carla_lidar_mapping/share/ament_index/resource_index/parent_prefix_path/carla_lidar_mapping
[35.537s] -- Installing: /home/martin/Desktop/Stage/Projet/ws_carla_ros/install/carla_lidar_mapping/share/carla_lidar_mapping/environment/ament_prefix_path.sh
[35.537s] -- Installing: /home/martin/Desktop/Stage/Projet/ws_carla_ros/install/carla_lidar_mapping/share/carla_lidar_mapping/environment/ament_prefix_path.dsv
[35.537s] -- Installing: /home/martin/Desktop/Stage/Projet/ws_carla_ros/install/carla_lidar_mapping/share/carla_lidar_mapping/environment/path.sh
[35.537s] -- Installing: /home/martin/Desktop/Stage/Projet/ws_carla_ros/install/carla_lidar_mapping/share/carla_lidar_mapping/environment/path.dsv
[35.537s] -- Installing: /home/martin/Desktop/Stage/Projet/ws_carla_ros/install/carla_lidar_mapping/share/carla_lidar_mapping/local_setup.bash
[35.537s] -- Installing: /home/martin/Desktop/Stage/Projet/ws_carla_ros/install/carla_lidar_mapping/share/carla_lidar_mapping/local_setup.sh
[35.537s] -- Installing: /home/martin/Desktop/Stage/Projet/ws_carla_ros/install/carla_lidar_mapping/share/carla_lidar_mapping/local_setup.zsh
[35.537s] -- Installing: /home/martin/Desktop/Stage/Projet/ws_carla_ros/install/carla_lidar_mapping/share/carla_lidar_mapping/local_setup.dsv
[35.537s] -- Installing: /home/martin/Desktop/Stage/Projet/ws_carla_ros/install/carla_lidar_mapping/share/carla_lidar_mapping/package.dsv
[35.537s] -- Installing: /home/martin/Desktop/Stage/Projet/ws_carla_ros/install/carla_lidar_mapping/share/ament_index/resource_index/packages/carla_lidar_mapping
[35.537s] -- Installing: /home/martin/Desktop/Stage/Projet/ws_carla_ros/install/carla_lidar_mapping/share/carla_lidar_mapping/cmake/ament_cmake_export_include_directories-extras.cmake
[35.537s] -- Installing: /home/martin/Desktop/Stage/Projet/ws_carla_ros/install/carla_lidar_mapping/share/carla_lidar_mapping/cmake/carla_lidar_mappingConfig.cmake
[35.538s] -- Installing: /home/martin/Desktop/Stage/Projet/ws_carla_ros/install/carla_lidar_mapping/share/carla_lidar_mapping/cmake/carla_lidar_mappingConfig-version.cmake
[35.538s] -- Installing: /home/martin/Desktop/Stage/Projet/ws_carla_ros/install/carla_lidar_mapping/share/carla_lidar_mapping/package.xml
[35.540s] Invoked command in '/home/martin/Desktop/Stage/Projet/ws_carla_ros/build/carla_lidar_mapping' returned '0': CMAKE_PREFIX_PATH=${CMAKE_PREFIX_PATH}:/home/martin/Desktop/Stage/Projet/ws_carla_ros/install/rqt_carla_control:/home/martin/Desktop/Stage/Projet/ws_carla_ros/install/carla_waypoint_publisher:/home/martin/Desktop/Stage/Projet/ws_carla_ros/install/carla_ackermann_control:/home/martin/Desktop/Stage/Projet/ws_carla_ros/install/carla_ros_bridge:/home/martin/Desktop/Stage/Projet/ws_carla_ros/install/carla_spawn_objects:/home/martin/Desktop/Stage/Projet/ws_carla_ros/install/carla_manual_control:/home/martin/Desktop/Stage/Projet/ws_carla_ros/install/carla_ad_agent:/home/martin/Desktop/Stage/Projet/ws_carla_ros/install/ros_compatibility:/home/martin/Desktop/Stage/Projet/ws_carla_ros/install/carla_walker_agent:/home/martin/Desktop/Stage/Projet/ws_carla_ros/install/carla_twist_to_control:/home/martin/Desktop/Stage/Projet/ws_carla_ros/install/carla_ros_scenario_runner:/home/martin/Desktop/Stage/Projet/ws_carla_ros/install/carla_map_visualization:/home/martin/Desktop/Stage/Projet/ws_carla_ros/install/carla_interface:/home/martin/Desktop/Stage/Projet/ws_carla_ros/install/carla_control_display:/home/martin/Desktop/Stage/Projet/ws_carla_ros/install/carla_common:/opt/ros/galactic /usr/bin/cmake --install /home/martin/Desktop/Stage/Projet/ws_carla_ros/build/carla_lidar_mapping
