running egg_info
creating ../../build/carla_control_display/carla_control_display.egg-info
writing ../../build/carla_control_display/carla_control_display.egg-info/PKG-INFO
writing dependency_links to ../../build/carla_control_display/carla_control_display.egg-info/dependency_links.txt
writing entry points to ../../build/carla_control_display/carla_control_display.egg-info/entry_points.txt
writing requirements to ../../build/carla_control_display/carla_control_display.egg-info/requires.txt
writing top-level names to ../../build/carla_control_display/carla_control_display.egg-info/top_level.txt
writing manifest file '../../build/carla_control_display/carla_control_display.egg-info/SOURCES.txt'
reading manifest file '../../build/carla_control_display/carla_control_display.egg-info/SOURCES.txt'
writing manifest file '../../build/carla_control_display/carla_control_display.egg-info/SOURCES.txt'
running build
running build_py
creating /home/martin/Desktop/Stage/Projet/ws_carla_ros/build/carla_control_display/build
creating /home/martin/Desktop/Stage/Projet/ws_carla_ros/build/carla_control_display/build/lib
creating /home/martin/Desktop/Stage/Projet/ws_carla_ros/build/carla_control_display/build/lib/carla_control_display
copying carla_control_display/carla_control_display.py -> /home/martin/Desktop/Stage/Projet/ws_carla_ros/build/carla_control_display/build/lib/carla_control_display
copying carla_control_display/__init__.py -> /home/martin/Desktop/Stage/Projet/ws_carla_ros/build/carla_control_display/build/lib/carla_control_display
running install
running install_lib
creating /home/martin/Desktop/Stage/Projet/ws_carla_ros/install/carla_control_display/lib/python3.8/site-packages/carla_control_display
copying /home/martin/Desktop/Stage/Projet/ws_carla_ros/build/carla_control_display/build/lib/carla_control_display/carla_control_display.py -> /home/martin/Desktop/Stage/Projet/ws_carla_ros/install/carla_control_display/lib/python3.8/site-packages/carla_control_display
copying /home/martin/Desktop/Stage/Projet/ws_carla_ros/build/carla_control_display/build/lib/carla_control_display/__init__.py -> /home/martin/Desktop/Stage/Projet/ws_carla_ros/install/carla_control_display/lib/python3.8/site-packages/carla_control_display
byte-compiling /home/martin/Desktop/Stage/Projet/ws_carla_ros/install/carla_control_display/lib/python3.8/site-packages/carla_control_display/carla_control_display.py to carla_control_display.cpython-38.pyc
byte-compiling /home/martin/Desktop/Stage/Projet/ws_carla_ros/install/carla_control_display/lib/python3.8/site-packages/carla_control_display/__init__.py to __init__.cpython-38.pyc
running install_data
creating /home/martin/Desktop/Stage/Projet/ws_carla_ros/install/carla_control_display/share/ament_index
creating /home/martin/Desktop/Stage/Projet/ws_carla_ros/install/carla_control_display/share/ament_index/resource_index
creating /home/martin/Desktop/Stage/Projet/ws_carla_ros/install/carla_control_display/share/ament_index/resource_index/packages
copying resource/carla_control_display -> /home/martin/Desktop/Stage/Projet/ws_carla_ros/install/carla_control_display/share/ament_index/resource_index/packages
copying package.xml -> /home/martin/Desktop/Stage/Projet/ws_carla_ros/install/carla_control_display/share/carla_control_display
creating /home/martin/Desktop/Stage/Projet/ws_carla_ros/install/carla_control_display/share/carla_control_display/launch
copying launch/carla_control_display.launch.py -> /home/martin/Desktop/Stage/Projet/ws_carla_ros/install/carla_control_display/share/carla_control_display/launch
running install_egg_info
Copying ../../build/carla_control_display/carla_control_display.egg-info to /home/martin/Desktop/Stage/Projet/ws_carla_ros/install/carla_control_display/lib/python3.8/site-packages/carla_control_display-0.0.0-py3.8.egg-info
running install_scripts
Installing carla_control_display script to /home/martin/Desktop/Stage/Projet/ws_carla_ros/install/carla_control_display/lib/carla_control_display
writing list of installed files to '/home/martin/Desktop/Stage/Projet/ws_carla_ros/build/carla_control_display/install.log'
