[1.693s] Invoking command in '/home/martin/Desktop/Stage/Projet/ws_carla_ros/carla-control-algorithm/carla_control_display': PYTHONPATH=/home/martin/Desktop/Stage/Projet/ws_carla_ros/build/carla_control_display/prefix_override:/usr/lib/python3/dist-packages/colcon_core/task/python/colcon_distutils_commands:/home/martin/Desktop/Stage/Projet/ws_carla_ros/install/carla_control_display/lib/python3.8/site-packages:${PYTHONPATH} /usr/bin/python3 -W ignore:setup.py install is deprecated -W ignore:easy_install command is deprecated setup.py egg_info --egg-base ../../build/carla_control_display build --build-base /home/martin/Desktop/Stage/Projet/ws_carla_ros/build/carla_control_display/build install --record /home/martin/Desktop/Stage/Projet/ws_carla_ros/build/carla_control_display/install.log --single-version-externally-managed install_data
[2.292s] running egg_info
[2.292s] creating ../../build/carla_control_display/carla_control_display.egg-info
[2.292s] writing ../../build/carla_control_display/carla_control_display.egg-info/PKG-INFO
[2.292s] writing dependency_links to ../../build/carla_control_display/carla_control_display.egg-info/dependency_links.txt
[2.292s] writing entry points to ../../build/carla_control_display/carla_control_display.egg-info/entry_points.txt
[2.292s] writing requirements to ../../build/carla_control_display/carla_control_display.egg-info/requires.txt
[2.292s] writing top-level names to ../../build/carla_control_display/carla_control_display.egg-info/top_level.txt
[2.292s] writing manifest file '../../build/carla_control_display/carla_control_display.egg-info/SOURCES.txt'
[2.292s] reading manifest file '../../build/carla_control_display/carla_control_display.egg-info/SOURCES.txt'
[2.292s] writing manifest file '../../build/carla_control_display/carla_control_display.egg-info/SOURCES.txt'
[2.292s] running build
[2.292s] running build_py
[2.292s] creating /home/martin/Desktop/Stage/Projet/ws_carla_ros/build/carla_control_display/build
[2.292s] creating /home/martin/Desktop/Stage/Projet/ws_carla_ros/build/carla_control_display/build/lib
[2.293s] creating /home/martin/Desktop/Stage/Projet/ws_carla_ros/build/carla_control_display/build/lib/carla_control_display
[2.293s] copying carla_control_display/carla_control_display.py -> /home/martin/Desktop/Stage/Projet/ws_carla_ros/build/carla_control_display/build/lib/carla_control_display
[2.293s] copying carla_control_display/__init__.py -> /home/martin/Desktop/Stage/Projet/ws_carla_ros/build/carla_control_display/build/lib/carla_control_display
[2.293s] running install
[2.293s] running install_lib
[2.293s] creating /home/martin/Desktop/Stage/Projet/ws_carla_ros/install/carla_control_display/lib/python3.8/site-packages/carla_control_display
[2.293s] copying /home/martin/Desktop/Stage/Projet/ws_carla_ros/build/carla_control_display/build/lib/carla_control_display/carla_control_display.py -> /home/martin/Desktop/Stage/Projet/ws_carla_ros/install/carla_control_display/lib/python3.8/site-packages/carla_control_display
[2.293s] copying /home/martin/Desktop/Stage/Projet/ws_carla_ros/build/carla_control_display/build/lib/carla_control_display/__init__.py -> /home/martin/Desktop/Stage/Projet/ws_carla_ros/install/carla_control_display/lib/python3.8/site-packages/carla_control_display
[2.293s] byte-compiling /home/martin/Desktop/Stage/Projet/ws_carla_ros/install/carla_control_display/lib/python3.8/site-packages/carla_control_display/carla_control_display.py to carla_control_display.cpython-38.pyc
[2.293s] byte-compiling /home/martin/Desktop/Stage/Projet/ws_carla_ros/install/carla_control_display/lib/python3.8/site-packages/carla_control_display/__init__.py to __init__.cpython-38.pyc
[2.293s] running install_data
[2.293s] creating /home/martin/Desktop/Stage/Projet/ws_carla_ros/install/carla_control_display/share/ament_index
[2.293s] creating /home/martin/Desktop/Stage/Projet/ws_carla_ros/install/carla_control_display/share/ament_index/resource_index
[2.293s] creating /home/martin/Desktop/Stage/Projet/ws_carla_ros/install/carla_control_display/share/ament_index/resource_index/packages
[2.293s] copying resource/carla_control_display -> /home/martin/Desktop/Stage/Projet/ws_carla_ros/install/carla_control_display/share/ament_index/resource_index/packages
[2.293s] copying package.xml -> /home/martin/Desktop/Stage/Projet/ws_carla_ros/install/carla_control_display/share/carla_control_display
[2.293s] creating /home/martin/Desktop/Stage/Projet/ws_carla_ros/install/carla_control_display/share/carla_control_display/launch
[2.293s] copying launch/carla_control_display.launch.py -> /home/martin/Desktop/Stage/Projet/ws_carla_ros/install/carla_control_display/share/carla_control_display/launch
[2.294s] running install_egg_info
[2.294s] Copying ../../build/carla_control_display/carla_control_display.egg-info to /home/martin/Desktop/Stage/Projet/ws_carla_ros/install/carla_control_display/lib/python3.8/site-packages/carla_control_display-0.0.0-py3.8.egg-info
[2.294s] running install_scripts
[2.294s] Installing carla_control_display script to /home/martin/Desktop/Stage/Projet/ws_carla_ros/install/carla_control_display/lib/carla_control_display
[2.294s] writing list of installed files to '/home/martin/Desktop/Stage/Projet/ws_carla_ros/build/carla_control_display/install.log'
[2.321s] Invoked command in '/home/martin/Desktop/Stage/Projet/ws_carla_ros/carla-control-algorithm/carla_control_display' returned '0': PYTHONPATH=/home/martin/Desktop/Stage/Projet/ws_carla_ros/build/carla_control_display/prefix_override:/usr/lib/python3/dist-packages/colcon_core/task/python/colcon_distutils_commands:/home/martin/Desktop/Stage/Projet/ws_carla_ros/install/carla_control_display/lib/python3.8/site-packages:${PYTHONPATH} /usr/bin/python3 -W ignore:setup.py install is deprecated -W ignore:easy_install command is deprecated setup.py egg_info --egg-base ../../build/carla_control_display build --build-base /home/martin/Desktop/Stage/Projet/ws_carla_ros/build/carla_control_display/build install --record /home/martin/Desktop/Stage/Projet/ws_carla_ros/build/carla_control_display/install.log --single-version-externally-managed install_data
