[0.539s] Invoking command in '/home/martin/Desktop/Stage/Projet/ws_carla_ros/carla-ros-bridge/carla_ros_bridge': AMENT_PREFIX_PATH=/home/martin/Desktop/Stage/Projet/ws_carla_ros/install/carla_spawn_objects:/home/martin/Desktop/Stage/Projet/ws_carla_ros/install/carla_manual_control:/home/martin/Desktop/Stage/Projet/ws_carla_ros/install/ros_compatibility:/home/martin/Desktop/Stage/Projet/ws_carla_ros/install/derived_object_msgs:/home/martin/Desktop/Stage/Projet/ws_carla_ros/install/carla_msgs:/home/martin/Desktop/Stage/Projet/ws_carla_ros/install/carla_common:${AMENT_PREFIX_PATH} CMAKE_PREFIX_PATH=/home/martin/Desktop/Stage/Projet/ws_carla_ros/install/derived_object_msgs:/home/martin/Desktop/Stage/Projet/ws_carla_ros/install/carla_msgs CONDA_PROMPT_MODIFIER=(base) LD_LIBRARY_PATH=/home/martin/Desktop/Stage/Projet/ws_carla_ros/install/derived_object_msgs/lib:/home/martin/Desktop/Stage/Projet/ws_carla_ros/install/carla_msgs/lib:${LD_LIBRARY_PATH} PYTHONPATH=/home/martin/Desktop/Stage/Projet/ws_carla_ros/build/carla_ros_bridge/prefix_override:/usr/lib/python3/dist-packages/colcon_core/task/python/colcon_distutils_commands:/home/martin/Desktop/Stage/Projet/ws_carla_ros/install/carla_ros_bridge/lib/python3.8/site-packages:/home/martin/Desktop/Stage/Projet/ws_carla_ros/install/carla_spawn_objects/lib/python3.8/site-packages:/home/martin/Desktop/Stage/Projet/ws_carla_ros/install/carla_manual_control/lib/python3.8/site-packages:/home/martin/Desktop/Stage/Projet/ws_carla_ros/install/ros_compatibility/lib/python3.8/site-packages:/home/martin/Desktop/Stage/Projet/ws_carla_ros/install/derived_object_msgs/lib/python3.8/site-packages:/home/martin/Desktop/Stage/Projet/ws_carla_ros/install/carla_msgs/lib/python3.8/site-packages:/home/martin/Desktop/Stage/Projet/ws_carla_ros/install/carla_common/lib/python3.8/site-packages:${PYTHONPATH} /usr/bin/python3 -W ignore:setup.py install is deprecated -W ignore:easy_install command is deprecated setup.py egg_info --egg-base ../../build/carla_ros_bridge build --build-base /home/martin/Desktop/Stage/Projet/ws_carla_ros/build/carla_ros_bridge/build install --record /home/martin/Desktop/Stage/Projet/ws_carla_ros/build/carla_ros_bridge/install.log --single-version-externally-managed install_data
[0.694s] running egg_info
[0.694s] writing ../../build/carla_ros_bridge/carla_ros_bridge.egg-info/PKG-INFO
[0.694s] writing dependency_links to ../../build/carla_ros_bridge/carla_ros_bridge.egg-info/dependency_links.txt
[0.694s] writing entry points to ../../build/carla_ros_bridge/carla_ros_bridge.egg-info/entry_points.txt
[0.694s] writing requirements to ../../build/carla_ros_bridge/carla_ros_bridge.egg-info/requires.txt
[0.694s] writing top-level names to ../../build/carla_ros_bridge/carla_ros_bridge.egg-info/top_level.txt
[0.722s] reading manifest file '../../build/carla_ros_bridge/carla_ros_bridge.egg-info/SOURCES.txt'
[0.723s] writing manifest file '../../build/carla_ros_bridge/carla_ros_bridge.egg-info/SOURCES.txt'
[0.723s] running build
[0.723s] running build_py
[0.723s] copying src/carla_ros_bridge/bridge.py -> /home/martin/Desktop/Stage/Projet/ws_carla_ros/build/carla_ros_bridge/build/lib/carla_ros_bridge
[0.724s] running install
[0.725s] running install_lib
[0.726s] copying /home/martin/Desktop/Stage/Projet/ws_carla_ros/build/carla_ros_bridge/build/lib/carla_ros_bridge/bridge.py -> /home/martin/Desktop/Stage/Projet/ws_carla_ros/install/carla_ros_bridge/lib/python3.8/site-packages/carla_ros_bridge
[0.727s] byte-compiling /home/martin/Desktop/Stage/Projet/ws_carla_ros/install/carla_ros_bridge/lib/python3.8/site-packages/carla_ros_bridge/bridge.py to bridge.cpython-38.pyc
[0.730s] running install_data
[0.730s] running install_egg_info
[0.732s] removing '/home/martin/Desktop/Stage/Projet/ws_carla_ros/install/carla_ros_bridge/lib/python3.8/site-packages/carla_ros_bridge-0.0.0-py3.8.egg-info' (and everything under it)
[0.732s] Copying ../../build/carla_ros_bridge/carla_ros_bridge.egg-info to /home/martin/Desktop/Stage/Projet/ws_carla_ros/install/carla_ros_bridge/lib/python3.8/site-packages/carla_ros_bridge-0.0.0-py3.8.egg-info
[0.733s] running install_scripts
[0.745s] Installing bridge script to /home/martin/Desktop/Stage/Projet/ws_carla_ros/install/carla_ros_bridge/lib/carla_ros_bridge
[0.746s] writing list of installed files to '/home/martin/Desktop/Stage/Projet/ws_carla_ros/build/carla_ros_bridge/install.log'
[0.766s] Invoked command in '/home/martin/Desktop/Stage/Projet/ws_carla_ros/carla-ros-bridge/carla_ros_bridge' returned '0': AMENT_PREFIX_PATH=/home/martin/Desktop/Stage/Projet/ws_carla_ros/install/carla_spawn_objects:/home/martin/Desktop/Stage/Projet/ws_carla_ros/install/carla_manual_control:/home/martin/Desktop/Stage/Projet/ws_carla_ros/install/ros_compatibility:/home/martin/Desktop/Stage/Projet/ws_carla_ros/install/derived_object_msgs:/home/martin/Desktop/Stage/Projet/ws_carla_ros/install/carla_msgs:/home/martin/Desktop/Stage/Projet/ws_carla_ros/install/carla_common:${AMENT_PREFIX_PATH} CMAKE_PREFIX_PATH=/home/martin/Desktop/Stage/Projet/ws_carla_ros/install/derived_object_msgs:/home/martin/Desktop/Stage/Projet/ws_carla_ros/install/carla_msgs CONDA_PROMPT_MODIFIER=(base) LD_LIBRARY_PATH=/home/martin/Desktop/Stage/Projet/ws_carla_ros/install/derived_object_msgs/lib:/home/martin/Desktop/Stage/Projet/ws_carla_ros/install/carla_msgs/lib:${LD_LIBRARY_PATH} PYTHONPATH=/home/martin/Desktop/Stage/Projet/ws_carla_ros/build/carla_ros_bridge/prefix_override:/usr/lib/python3/dist-packages/colcon_core/task/python/colcon_distutils_commands:/home/martin/Desktop/Stage/Projet/ws_carla_ros/install/carla_ros_bridge/lib/python3.8/site-packages:/home/martin/Desktop/Stage/Projet/ws_carla_ros/install/carla_spawn_objects/lib/python3.8/site-packages:/home/martin/Desktop/Stage/Projet/ws_carla_ros/install/carla_manual_control/lib/python3.8/site-packages:/home/martin/Desktop/Stage/Projet/ws_carla_ros/install/ros_compatibility/lib/python3.8/site-packages:/home/martin/Desktop/Stage/Projet/ws_carla_ros/install/derived_object_msgs/lib/python3.8/site-packages:/home/martin/Desktop/Stage/Projet/ws_carla_ros/install/carla_msgs/lib/python3.8/site-packages:/home/martin/Desktop/Stage/Projet/ws_carla_ros/install/carla_common/lib/python3.8/site-packages:${PYTHONPATH} /usr/bin/python3 -W ignore:setup.py install is deprecated -W ignore:easy_install command is deprecated setup.py egg_info --egg-base ../../build/carla_ros_bridge build --build-base /home/martin/Desktop/Stage/Projet/ws_carla_ros/build/carla_ros_bridge/build install --record /home/martin/Desktop/Stage/Projet/ws_carla_ros/build/carla_ros_bridge/install.log --single-version-externally-managed install_data
