/home/martin/Desktop/Stage/Projet/ws_carla_ros/install/carla_ros_scenario_runner/lib/python3.8/site-packages/carla_ros_scenario_runner/scenario_runner_runner.py
/home/martin/Desktop/Stage/Projet/ws_carla_ros/install/carla_ros_scenario_runner/lib/python3.8/site-packages/carla_ros_scenario_runner/basic_control.py
/home/martin/Desktop/Stage/Projet/ws_carla_ros/install/carla_ros_scenario_runner/lib/python3.8/site-packages/carla_ros_scenario_runner/ros_vehicle_control.py
/home/martin/Desktop/Stage/Projet/ws_carla_ros/install/carla_ros_scenario_runner/lib/python3.8/site-packages/carla_ros_scenario_runner/application_runner.py
/home/martin/Desktop/Stage/Projet/ws_carla_ros/install/carla_ros_scenario_runner/lib/python3.8/site-packages/carla_ros_scenario_runner/carla_ros_scenario_runner_node.py
/home/martin/Desktop/Stage/Projet/ws_carla_ros/install/carla_ros_scenario_runner/lib/python3.8/site-packages/carla_ros_scenario_runner/__init__.py
/home/martin/Desktop/Stage/Projet/ws_carla_ros/install/carla_ros_scenario_runner/lib/python3.8/site-packages/carla_ros_scenario_runner/__pycache__/scenario_runner_runner.cpython-38.pyc
/home/martin/Desktop/Stage/Projet/ws_carla_ros/install/carla_ros_scenario_runner/lib/python3.8/site-packages/carla_ros_scenario_runner/__pycache__/basic_control.cpython-38.pyc
/home/martin/Desktop/Stage/Projet/ws_carla_ros/install/carla_ros_scenario_runner/lib/python3.8/site-packages/carla_ros_scenario_runner/__pycache__/ros_vehicle_control.cpython-38.pyc
/home/martin/Desktop/Stage/Projet/ws_carla_ros/install/carla_ros_scenario_runner/lib/python3.8/site-packages/carla_ros_scenario_runner/__pycache__/application_runner.cpython-38.pyc
/home/martin/Desktop/Stage/Projet/ws_carla_ros/install/carla_ros_scenario_runner/lib/python3.8/site-packages/carla_ros_scenario_runner/__pycache__/carla_ros_scenario_runner_node.cpython-38.pyc
/home/martin/Desktop/Stage/Projet/ws_carla_ros/install/carla_ros_scenario_runner/lib/python3.8/site-packages/carla_ros_scenario_runner/__pycache__/__init__.cpython-38.pyc
/home/martin/Desktop/Stage/Projet/ws_carla_ros/install/carla_ros_scenario_runner/share/ament_index/resource_index/packages/carla_ros_scenario_runner
/home/martin/Desktop/Stage/Projet/ws_carla_ros/install/carla_ros_scenario_runner/share/carla_ros_scenario_runner/package.xml
/home/martin/Desktop/Stage/Projet/ws_carla_ros/install/carla_ros_scenario_runner/share/carla_ros_scenario_runner/carla_ros_scenario_runner.launch.py
/home/martin/Desktop/Stage/Projet/ws_carla_ros/install/carla_ros_scenario_runner/lib/python3.8/site-packages/carla_ros_scenario_runner-0.0.0-py3.8.egg-info/entry_points.txt
/home/martin/Desktop/Stage/Projet/ws_carla_ros/install/carla_ros_scenario_runner/lib/python3.8/site-packages/carla_ros_scenario_runner-0.0.0-py3.8.egg-info/PKG-INFO
/home/martin/Desktop/Stage/Projet/ws_carla_ros/install/carla_ros_scenario_runner/lib/python3.8/site-packages/carla_ros_scenario_runner-0.0.0-py3.8.egg-info/zip-safe
/home/martin/Desktop/Stage/Projet/ws_carla_ros/install/carla_ros_scenario_runner/lib/python3.8/site-packages/carla_ros_scenario_runner-0.0.0-py3.8.egg-info/dependency_links.txt
/home/martin/Desktop/Stage/Projet/ws_carla_ros/install/carla_ros_scenario_runner/lib/python3.8/site-packages/carla_ros_scenario_runner-0.0.0-py3.8.egg-info/SOURCES.txt
/home/martin/Desktop/Stage/Projet/ws_carla_ros/install/carla_ros_scenario_runner/lib/python3.8/site-packages/carla_ros_scenario_runner-0.0.0-py3.8.egg-info/top_level.txt
/home/martin/Desktop/Stage/Projet/ws_carla_ros/install/carla_ros_scenario_runner/lib/python3.8/site-packages/carla_ros_scenario_runner-0.0.0-py3.8.egg-info/requires.txt
/home/martin/Desktop/Stage/Projet/ws_carla_ros/install/carla_ros_scenario_runner/lib/carla_ros_scenario_runner/carla_ros_scenario_runner
