[0.351s] Invoking command in '/home/martin/Desktop/Stage/Projet/ws_carla_ros/build/carla_ros_scenario_runner_types': CMAKE_PREFIX_PATH=${CMAKE_PREFIX_PATH}:/home/martin/Desktop/Stage/Projet/ws_carla_ros/install/rqt_carla_control:/home/martin/Desktop/Stage/Projet/ws_carla_ros/install/carla_waypoint_publisher:/home/martin/Desktop/Stage/Projet/ws_carla_ros/install/carla_ackermann_control:/home/martin/Desktop/Stage/Projet/ws_carla_ros/install/carla_ros_bridge:/home/martin/Desktop/Stage/Projet/ws_carla_ros/install/carla_spawn_objects:/home/martin/Desktop/Stage/Projet/ws_carla_ros/install/carla_manual_control:/home/martin/Desktop/Stage/Projet/ws_carla_ros/install/carla_ad_agent:/home/martin/Desktop/Stage/Projet/ws_carla_ros/install/ros_compatibility:/home/martin/Desktop/Stage/Projet/ws_carla_ros/install/carla_walker_agent:/home/martin/Desktop/Stage/Projet/ws_carla_ros/install/carla_twist_to_control:/home/martin/Desktop/Stage/Projet/ws_carla_ros/install/carla_ros_scenario_runner:/home/martin/Desktop/Stage/Projet/ws_carla_ros/install/carla_map_visualization:/home/martin/Desktop/Stage/Projet/ws_carla_ros/install/carla_interface:/home/martin/Desktop/Stage/Projet/ws_carla_ros/install/carla_control_display:/home/martin/Desktop/Stage/Projet/ws_carla_ros/install/carla_common:/opt/ros/galactic /usr/bin/cmake /home/martin/Desktop/Stage/Projet/ws_carla_ros/carla-ros-bridge/carla_ros_scenario_runner_types -DPYTHON_EXECUTABLE=/usr/bin/python3 -DCMAKE_INSTALL_PREFIX=/home/martin/Desktop/Stage/Projet/ws_carla_ros/install/carla_ros_scenario_runner_types
[1.063s] -- The C compiler identification is GNU 9.4.0
[1.063s] -- The CXX compiler identification is GNU 9.4.0
[1.063s] -- Check for working C compiler: /usr/bin/cc
[1.063s] -- Check for working C compiler: /usr/bin/cc -- works
[1.064s] -- Detecting C compiler ABI info
[1.064s] -- Detecting C compiler ABI info - done
[1.064s] -- Detecting C compile features
[1.065s] -- Detecting C compile features - done
[1.065s] -- Check for working CXX compiler: /usr/bin/c++
[1.065s] -- Check for working CXX compiler: /usr/bin/c++ -- works
[1.065s] -- Detecting CXX compiler ABI info
[1.065s] -- Detecting CXX compiler ABI info - done
[1.065s] -- Detecting CXX compile features
[1.065s] -- Detecting CXX compile features - done
[1.065s] -- Found ros_environment: 3.1.1 (/opt/ros/galactic/share/ros_environment/cmake)
[1.065s] -- Found ament_cmake: 1.1.6 (/opt/ros/galactic/share/ament_cmake/cmake)
[1.065s] -- Found PythonInterp: /usr/bin/python3 (found suitable version "3.8.10", minimum required is "3") 
[1.065s] -- Using PYTHON_EXECUTABLE: /usr/bin/python3
[1.065s] -- Found builtin_interfaces: 1.0.3 (/opt/ros/galactic/share/builtin_interfaces/cmake)
[1.065s] -- Using all available rosidl_typesupport_c: rosidl_typesupport_fastrtps_c;rosidl_typesupport_introspection_c
[1.065s] -- Found rosidl_adapter: 2.2.3 (/opt/ros/galactic/share/rosidl_adapter/cmake)
[1.066s] -- Found OpenSSL: /usr/lib/x86_64-linux-gnu/libcrypto.so (found version "1.1.1f")  
[1.066s] -- Found FastRTPS: /opt/ros/galactic/include  
[1.066s] -- Using all available rosidl_typesupport_cpp: rosidl_typesupport_fastrtps_cpp;rosidl_typesupport_introspection_cpp
[1.066s] -- Found geometry_msgs: 2.2.4 (/opt/ros/galactic/share/geometry_msgs/cmake)
[1.066s] -- Found rosidl_default_generators: 1.1.1 (/opt/ros/galactic/share/rosidl_default_generators/cmake)
[1.073s] -- Found PythonInterp: /usr/bin/python3 (found version "3.8.10") 
[1.374s] -- Found ament_cmake_cppcheck: 0.10.7 (/opt/ros/galactic/share/ament_cmake_cppcheck/cmake)
[1.377s] -- Found ament_cmake_cpplint: 0.10.7 (/opt/ros/galactic/share/ament_cmake_cpplint/cmake)
[1.387s] -- Found ament_cmake_uncrustify: 0.10.7 (/opt/ros/galactic/share/ament_cmake_uncrustify/cmake)
[1.391s] -- Found ament_cmake_ros: 0.9.2 (/opt/ros/galactic/share/ament_cmake_ros/cmake)
[1.701s] -- Using all available rosidl_typesupport_c: rosidl_typesupport_fastrtps_c;rosidl_typesupport_introspection_c
[1.871s] -- Using all available rosidl_typesupport_cpp: rosidl_typesupport_fastrtps_cpp;rosidl_typesupport_introspection_cpp
[1.938s] -- Found PythonInterp: /usr/bin/python3 (found suitable version "3.8.10", minimum required is "3.5") 
[1.940s] -- Found python_cmake_module: 0.8.1 (/opt/ros/galactic/share/python_cmake_module/cmake)
[1.985s] -- Found PythonLibs: /usr/lib/x86_64-linux-gnu/libpython3.8.so (found suitable version "3.8.10", minimum required is "3.5") 
[1.986s] -- Using PYTHON_EXECUTABLE: /usr/bin/python3
[1.986s] -- Using PYTHON_INCLUDE_DIRS: /usr/include/python3.8
[1.986s] -- Using PYTHON_LIBRARIES: /usr/lib/x86_64-linux-gnu/libpython3.8.so
[2.016s] -- Found PythonExtra: .so  
[2.151s] -- Found ament_cmake_flake8: 0.10.7 (/opt/ros/galactic/share/ament_cmake_flake8/cmake)
[2.156s] -- Found ament_cmake_pep257: 0.10.7 (/opt/ros/galactic/share/ament_cmake_pep257/cmake)
[2.161s] -- Found ament_lint_auto: 0.10.7 (/opt/ros/galactic/share/ament_lint_auto/cmake)
[2.184s] -- Added test 'copyright' to check source files copyright and LICENSE
[2.185s] -- Added test 'lint_cmake' to check CMake code style
[2.186s] -- Added test 'xmllint' to check XML markup files
[2.193s] -- Configuring done
[2.259s] -- Generating done
[2.279s] -- Build files have been written to: /home/martin/Desktop/Stage/Projet/ws_carla_ros/build/carla_ros_scenario_runner_types
[2.297s] Invoked command in '/home/martin/Desktop/Stage/Projet/ws_carla_ros/build/carla_ros_scenario_runner_types' returned '0': CMAKE_PREFIX_PATH=${CMAKE_PREFIX_PATH}:/home/martin/Desktop/Stage/Projet/ws_carla_ros/install/rqt_carla_control:/home/martin/Desktop/Stage/Projet/ws_carla_ros/install/carla_waypoint_publisher:/home/martin/Desktop/Stage/Projet/ws_carla_ros/install/carla_ackermann_control:/home/martin/Desktop/Stage/Projet/ws_carla_ros/install/carla_ros_bridge:/home/martin/Desktop/Stage/Projet/ws_carla_ros/install/carla_spawn_objects:/home/martin/Desktop/Stage/Projet/ws_carla_ros/install/carla_manual_control:/home/martin/Desktop/Stage/Projet/ws_carla_ros/install/carla_ad_agent:/home/martin/Desktop/Stage/Projet/ws_carla_ros/install/ros_compatibility:/home/martin/Desktop/Stage/Projet/ws_carla_ros/install/carla_walker_agent:/home/martin/Desktop/Stage/Projet/ws_carla_ros/install/carla_twist_to_control:/home/martin/Desktop/Stage/Projet/ws_carla_ros/install/carla_ros_scenario_runner:/home/martin/Desktop/Stage/Projet/ws_carla_ros/install/carla_map_visualization:/home/martin/Desktop/Stage/Projet/ws_carla_ros/install/carla_interface:/home/martin/Desktop/Stage/Projet/ws_carla_ros/install/carla_control_display:/home/martin/Desktop/Stage/Projet/ws_carla_ros/install/carla_common:/opt/ros/galactic /usr/bin/cmake /home/martin/Desktop/Stage/Projet/ws_carla_ros/carla-ros-bridge/carla_ros_scenario_runner_types -DPYTHON_EXECUTABLE=/usr/bin/python3 -DCMAKE_INSTALL_PREFIX=/home/martin/Desktop/Stage/Projet/ws_carla_ros/install/carla_ros_scenario_runner_types
[2.307s] Invoking command in '/home/martin/Desktop/Stage/Projet/ws_carla_ros/build/carla_ros_scenario_runner_types': CMAKE_PREFIX_PATH=${CMAKE_PREFIX_PATH}:/home/martin/Desktop/Stage/Projet/ws_carla_ros/install/rqt_carla_control:/home/martin/Desktop/Stage/Projet/ws_carla_ros/install/carla_waypoint_publisher:/home/martin/Desktop/Stage/Projet/ws_carla_ros/install/carla_ackermann_control:/home/martin/Desktop/Stage/Projet/ws_carla_ros/install/carla_ros_bridge:/home/martin/Desktop/Stage/Projet/ws_carla_ros/install/carla_spawn_objects:/home/martin/Desktop/Stage/Projet/ws_carla_ros/install/carla_manual_control:/home/martin/Desktop/Stage/Projet/ws_carla_ros/install/carla_ad_agent:/home/martin/Desktop/Stage/Projet/ws_carla_ros/install/ros_compatibility:/home/martin/Desktop/Stage/Projet/ws_carla_ros/install/carla_walker_agent:/home/martin/Desktop/Stage/Projet/ws_carla_ros/install/carla_twist_to_control:/home/martin/Desktop/Stage/Projet/ws_carla_ros/install/carla_ros_scenario_runner:/home/martin/Desktop/Stage/Projet/ws_carla_ros/install/carla_map_visualization:/home/martin/Desktop/Stage/Projet/ws_carla_ros/install/carla_interface:/home/martin/Desktop/Stage/Projet/ws_carla_ros/install/carla_control_display:/home/martin/Desktop/Stage/Projet/ws_carla_ros/install/carla_common:/opt/ros/galactic /usr/bin/cmake --build /home/martin/Desktop/Stage/Projet/ws_carla_ros/build/carla_ros_scenario_runner_types -- -j16 -l16
[2.348s] [  1%] [34m[1mGenerating C code for ROS interfaces[0m
[2.351s] [35m[1mScanning dependencies of target carla_ros_scenario_runner_types__cpp[0m
[2.358s] [  3%] [34m[1mGenerating C++ code for ROS interfaces[0m
[2.936s] [  3%] Built target carla_ros_scenario_runner_types__cpp
[2.984s] [  5%] [34m[1mGenerating C++ type support dispatch for ROS interfaces[0m
[2.990s] [  7%] [34m[1mGenerating C++ introspection for ROS interfaces[0m
[3.001s] [  9%] [34m[1mGenerating C++ type support for eProsima Fast-RTPS[0m
[3.069s] [35m[1mScanning dependencies of target carla_ros_scenario_runner_types__rosidl_generator_c[0m
[3.123s] [ 10%] [32mBuilding C object CMakeFiles/carla_ros_scenario_runner_types__rosidl_generator_c.dir/rosidl_generator_c/carla_ros_scenario_runner_types/msg/detail/carla_scenario__functions.c.o[0m
[3.128s] [ 12%] [32mBuilding C object CMakeFiles/carla_ros_scenario_runner_types__rosidl_generator_c.dir/rosidl_generator_c/carla_ros_scenario_runner_types/msg/detail/carla_scenario_runner_status__functions.c.o[0m
[3.128s] [ 14%] [32mBuilding C object CMakeFiles/carla_ros_scenario_runner_types__rosidl_generator_c.dir/rosidl_generator_c/carla_ros_scenario_runner_types/msg/detail/carla_scenario_list__functions.c.o[0m
[3.149s] [ 16%] [32mBuilding C object CMakeFiles/carla_ros_scenario_runner_types__rosidl_generator_c.dir/rosidl_generator_c/carla_ros_scenario_runner_types/srv/detail/execute_scenario__functions.c.o[0m
[3.354s] [ 18%] [32m[1mLinking C shared library libcarla_ros_scenario_runner_types__rosidl_generator_c.so[0m
[3.518s] [ 18%] Built target carla_ros_scenario_runner_types__rosidl_generator_c
[3.538s] [35m[1mScanning dependencies of target carla_ros_scenario_runner_types__rosidl_typesupport_cpp[0m
[3.550s] [ 20%] [34m[1mGenerating C introspection for ROS interfaces[0m
[3.577s] [ 21%] [34m[1mGenerating C type support dispatch for ROS interfaces[0m
[3.634s] [ 23%] [32mBuilding CXX object CMakeFiles/carla_ros_scenario_runner_types__rosidl_typesupport_cpp.dir/rosidl_typesupport_cpp/carla_ros_scenario_runner_types/msg/carla_scenario__type_support.cpp.o[0m
[3.651s] [ 25%] [32mBuilding CXX object CMakeFiles/carla_ros_scenario_runner_types__rosidl_typesupport_cpp.dir/rosidl_typesupport_cpp/carla_ros_scenario_runner_types/msg/carla_scenario_list__type_support.cpp.o[0m
[3.656s] [ 27%] [32mBuilding CXX object CMakeFiles/carla_ros_scenario_runner_types__rosidl_typesupport_cpp.dir/rosidl_typesupport_cpp/carla_ros_scenario_runner_types/msg/carla_scenario_runner_status__type_support.cpp.o[0m
[3.683s] [ 29%] [32mBuilding CXX object CMakeFiles/carla_ros_scenario_runner_types__rosidl_typesupport_cpp.dir/rosidl_typesupport_cpp/carla_ros_scenario_runner_types/srv/execute_scenario__type_support.cpp.o[0m
[3.701s] [35m[1mScanning dependencies of target carla_ros_scenario_runner_types__rosidl_typesupport_introspection_cpp[0m
[3.839s] [ 30%] [32mBuilding CXX object CMakeFiles/carla_ros_scenario_runner_types__rosidl_typesupport_introspection_cpp.dir/rosidl_typesupport_introspection_cpp/carla_ros_scenario_runner_types/msg/detail/carla_scenario_runner_status__type_support.cpp.o[0m
[3.851s] [ 32%] [32mBuilding CXX object CMakeFiles/carla_ros_scenario_runner_types__rosidl_typesupport_introspection_cpp.dir/rosidl_typesupport_introspection_cpp/carla_ros_scenario_runner_types/msg/detail/carla_scenario_list__type_support.cpp.o[0m
[3.854s] [ 34%] [32mBuilding CXX object CMakeFiles/carla_ros_scenario_runner_types__rosidl_typesupport_introspection_cpp.dir/rosidl_typesupport_introspection_cpp/carla_ros_scenario_runner_types/msg/detail/carla_scenario__type_support.cpp.o[0m
[3.910s] [ 36%] [32mBuilding CXX object CMakeFiles/carla_ros_scenario_runner_types__rosidl_typesupport_introspection_cpp.dir/rosidl_typesupport_introspection_cpp/carla_ros_scenario_runner_types/srv/detail/execute_scenario__type_support.cpp.o[0m
[4.192s] [35m[1mScanning dependencies of target carla_ros_scenario_runner_types__rosidl_typesupport_fastrtps_cpp[0m
[4.298s] [ 38%] [32mBuilding CXX object CMakeFiles/carla_ros_scenario_runner_types__rosidl_typesupport_fastrtps_cpp.dir/rosidl_typesupport_fastrtps_cpp/carla_ros_scenario_runner_types/msg/detail/dds_fastrtps/carla_scenario_list__type_support.cpp.o[0m
[4.299s] [ 40%] [32mBuilding CXX object CMakeFiles/carla_ros_scenario_runner_types__rosidl_typesupport_fastrtps_cpp.dir/rosidl_typesupport_fastrtps_cpp/carla_ros_scenario_runner_types/msg/detail/dds_fastrtps/carla_scenario__type_support.cpp.o[0m
[4.313s] [ 41%] [32mBuilding CXX object CMakeFiles/carla_ros_scenario_runner_types__rosidl_typesupport_fastrtps_cpp.dir/rosidl_typesupport_fastrtps_cpp/carla_ros_scenario_runner_types/msg/detail/dds_fastrtps/carla_scenario_runner_status__type_support.cpp.o[0m
[4.331s] [ 43%] [32mBuilding CXX object CMakeFiles/carla_ros_scenario_runner_types__rosidl_typesupport_fastrtps_cpp.dir/rosidl_typesupport_fastrtps_cpp/carla_ros_scenario_runner_types/srv/detail/dds_fastrtps/execute_scenario__type_support.cpp.o[0m
[4.667s] [ 45%] [32m[1mLinking CXX shared library libcarla_ros_scenario_runner_types__rosidl_typesupport_cpp.so[0m
[4.667s] [35m[1mScanning dependencies of target carla_ros_scenario_runner_types__rosidl_typesupport_c[0m
[4.745s] [ 47%] [32mBuilding CXX object CMakeFiles/carla_ros_scenario_runner_types__rosidl_typesupport_c.dir/rosidl_typesupport_c/carla_ros_scenario_runner_types/msg/carla_scenario__type_support.cpp.o[0m
[4.747s] [ 49%] [32mBuilding CXX object CMakeFiles/carla_ros_scenario_runner_types__rosidl_typesupport_c.dir/rosidl_typesupport_c/carla_ros_scenario_runner_types/msg/carla_scenario_list__type_support.cpp.o[0m
[4.801s] [ 50%] [32mBuilding CXX object CMakeFiles/carla_ros_scenario_runner_types__rosidl_typesupport_c.dir/rosidl_typesupport_c/carla_ros_scenario_runner_types/msg/carla_scenario_runner_status__type_support.cpp.o[0m
[4.877s] [ 50%] Built target carla_ros_scenario_runner_types__rosidl_typesupport_cpp
[4.901s] [ 52%] [32mBuilding CXX object CMakeFiles/carla_ros_scenario_runner_types__rosidl_typesupport_c.dir/rosidl_typesupport_c/carla_ros_scenario_runner_types/srv/execute_scenario__type_support.cpp.o[0m
[4.903s] [35m[1mScanning dependencies of target carla_ros_scenario_runner_types__rosidl_typesupport_introspection_c[0m
[5.009s] [ 54%] [32mBuilding C object CMakeFiles/carla_ros_scenario_runner_types__rosidl_typesupport_introspection_c.dir/rosidl_typesupport_introspection_c/carla_ros_scenario_runner_types/msg/detail/carla_scenario__type_support.c.o[0m
[5.009s] [ 56%] [32mBuilding C object CMakeFiles/carla_ros_scenario_runner_types__rosidl_typesupport_introspection_c.dir/rosidl_typesupport_introspection_c/carla_ros_scenario_runner_types/msg/detail/carla_scenario_list__type_support.c.o[0m
[5.009s] [ 58%] [32mBuilding C object CMakeFiles/carla_ros_scenario_runner_types__rosidl_typesupport_introspection_c.dir/rosidl_typesupport_introspection_c/carla_ros_scenario_runner_types/msg/detail/carla_scenario_runner_status__type_support.c.o[0m
[5.012s] [ 60%] [32mBuilding C object CMakeFiles/carla_ros_scenario_runner_types__rosidl_typesupport_introspection_c.dir/rosidl_typesupport_introspection_c/carla_ros_scenario_runner_types/srv/detail/execute_scenario__type_support.c.o[0m
[5.036s] [ 61%] [32m[1mLinking CXX shared library libcarla_ros_scenario_runner_types__rosidl_typesupport_c.so[0m
[5.178s] [ 63%] [32m[1mLinking C shared library libcarla_ros_scenario_runner_types__rosidl_typesupport_introspection_c.so[0m
[5.285s] [ 63%] Built target carla_ros_scenario_runner_types__rosidl_typesupport_introspection_c
[5.310s] [ 63%] Built target carla_ros_scenario_runner_types__rosidl_typesupport_c
[5.435s] [ 65%] [32m[1mLinking CXX shared library libcarla_ros_scenario_runner_types__rosidl_typesupport_introspection_cpp.so[0m
[5.665s] [ 67%] [32m[1mLinking CXX shared library libcarla_ros_scenario_runner_types__rosidl_typesupport_fastrtps_cpp.so[0m
[5.779s] [ 67%] Built target carla_ros_scenario_runner_types__rosidl_typesupport_introspection_cpp
[5.899s] [ 67%] Built target carla_ros_scenario_runner_types__rosidl_typesupport_fastrtps_cpp
[5.936s] [ 69%] [34m[1mGenerating C type support for eProsima Fast-RTPS[0m
[6.589s] [35m[1mScanning dependencies of target carla_ros_scenario_runner_types__rosidl_typesupport_fastrtps_c[0m
[6.662s] [ 70%] [32mBuilding CXX object CMakeFiles/carla_ros_scenario_runner_types__rosidl_typesupport_fastrtps_c.dir/rosidl_typesupport_fastrtps_c/carla_ros_scenario_runner_types/msg/detail/carla_scenario__type_support_c.cpp.o[0m
[6.662s] [ 72%] [32mBuilding CXX object CMakeFiles/carla_ros_scenario_runner_types__rosidl_typesupport_fastrtps_c.dir/rosidl_typesupport_fastrtps_c/carla_ros_scenario_runner_types/msg/detail/carla_scenario_runner_status__type_support_c.cpp.o[0m
[6.693s] [ 74%] [32mBuilding CXX object CMakeFiles/carla_ros_scenario_runner_types__rosidl_typesupport_fastrtps_c.dir/rosidl_typesupport_fastrtps_c/carla_ros_scenario_runner_types/srv/detail/execute_scenario__type_support_c.cpp.o[0m
[6.697s] [ 76%] [32mBuilding CXX object CMakeFiles/carla_ros_scenario_runner_types__rosidl_typesupport_fastrtps_c.dir/rosidl_typesupport_fastrtps_c/carla_ros_scenario_runner_types/msg/detail/carla_scenario_list__type_support_c.cpp.o[0m
[8.825s] [ 78%] [32m[1mLinking CXX shared library libcarla_ros_scenario_runner_types__rosidl_typesupport_fastrtps_c.so[0m
[9.417s] [ 78%] Built target carla_ros_scenario_runner_types__rosidl_typesupport_fastrtps_c
[9.486s] [35m[1mScanning dependencies of target carla_ros_scenario_runner_types[0m
[9.590s] [ 78%] Built target carla_ros_scenario_runner_types
[9.650s] [35m[1mScanning dependencies of target carla_ros_scenario_runner_types__py[0m
[9.687s] [ 80%] [34m[1mGenerating Python code for ROS interfaces[0m
[14.550s] [ 80%] Built target carla_ros_scenario_runner_types__py
[14.630s] [35m[1mScanning dependencies of target carla_ros_scenario_runner_types__python[0m
[14.706s] [ 81%] [32mBuilding C object CMakeFiles/carla_ros_scenario_runner_types__python.dir/rosidl_generator_py/carla_ros_scenario_runner_types/msg/_carla_scenario_s.c.o[0m
[14.928s] [ 83%] [32mBuilding C object CMakeFiles/carla_ros_scenario_runner_types__python.dir/rosidl_generator_py/carla_ros_scenario_runner_types/srv/_execute_scenario_s.c.o[0m
[15.222s] [ 85%] [32mBuilding C object CMakeFiles/carla_ros_scenario_runner_types__python.dir/rosidl_generator_py/carla_ros_scenario_runner_types/msg/_carla_scenario_runner_status_s.c.o[0m
[15.417s] [ 87%] [32mBuilding C object CMakeFiles/carla_ros_scenario_runner_types__python.dir/rosidl_generator_py/carla_ros_scenario_runner_types/msg/_carla_scenario_list_s.c.o[0m
[15.574s] [ 89%] [32m[1mLinking C shared library rosidl_generator_py/carla_ros_scenario_runner_types/libcarla_ros_scenario_runner_types__python.so[0m
[15.746s] [ 89%] Built target carla_ros_scenario_runner_types__python
[15.772s] [35m[1mScanning dependencies of target carla_ros_scenario_runner_types__rosidl_typesupport_c__pyext[0m
[15.833s] [ 90%] [32mBuilding C object CMakeFiles/carla_ros_scenario_runner_types__rosidl_typesupport_c__pyext.dir/rosidl_generator_py/carla_ros_scenario_runner_types/_carla_ros_scenario_runner_types_s.ep.rosidl_typesupport_c.c.o[0m
[16.129s] [ 92%] [32m[1mLinking C shared library rosidl_generator_py/carla_ros_scenario_runner_types/carla_ros_scenario_runner_types_s__rosidl_typesupport_c.cpython-38-x86_64-linux-gnu.so[0m
[16.303s] [ 92%] Built target carla_ros_scenario_runner_types__rosidl_typesupport_c__pyext
[16.357s] [35m[1mScanning dependencies of target carla_ros_scenario_runner_types__rosidl_typesupport_fastrtps_c__pyext[0m
[16.428s] [ 94%] [32mBuilding C object CMakeFiles/carla_ros_scenario_runner_types__rosidl_typesupport_fastrtps_c__pyext.dir/rosidl_generator_py/carla_ros_scenario_runner_types/_carla_ros_scenario_runner_types_s.ep.rosidl_typesupport_fastrtps_c.c.o[0m
[16.695s] [ 96%] [32m[1mLinking CXX shared library rosidl_generator_py/carla_ros_scenario_runner_types/carla_ros_scenario_runner_types_s__rosidl_typesupport_fastrtps_c.cpython-38-x86_64-linux-gnu.so[0m
[16.881s] [ 96%] Built target carla_ros_scenario_runner_types__rosidl_typesupport_fastrtps_c__pyext
[16.924s] [35m[1mScanning dependencies of target carla_ros_scenario_runner_types__rosidl_typesupport_introspection_c__pyext[0m
[16.985s] [ 98%] [32mBuilding C object CMakeFiles/carla_ros_scenario_runner_types__rosidl_typesupport_introspection_c__pyext.dir/rosidl_generator_py/carla_ros_scenario_runner_types/_carla_ros_scenario_runner_types_s.ep.rosidl_typesupport_introspection_c.c.o[0m
[17.151s] [100%] [32m[1mLinking C shared library rosidl_generator_py/carla_ros_scenario_runner_types/carla_ros_scenario_runner_types_s__rosidl_typesupport_introspection_c.cpython-38-x86_64-linux-gnu.so[0m
[17.311s] [100%] Built target carla_ros_scenario_runner_types__rosidl_typesupport_introspection_c__pyext
[17.334s] Invoked command in '/home/martin/Desktop/Stage/Projet/ws_carla_ros/build/carla_ros_scenario_runner_types' returned '0': CMAKE_PREFIX_PATH=${CMAKE_PREFIX_PATH}:/home/martin/Desktop/Stage/Projet/ws_carla_ros/install/rqt_carla_control:/home/martin/Desktop/Stage/Projet/ws_carla_ros/install/carla_waypoint_publisher:/home/martin/Desktop/Stage/Projet/ws_carla_ros/install/carla_ackermann_control:/home/martin/Desktop/Stage/Projet/ws_carla_ros/install/carla_ros_bridge:/home/martin/Desktop/Stage/Projet/ws_carla_ros/install/carla_spawn_objects:/home/martin/Desktop/Stage/Projet/ws_carla_ros/install/carla_manual_control:/home/martin/Desktop/Stage/Projet/ws_carla_ros/install/carla_ad_agent:/home/martin/Desktop/Stage/Projet/ws_carla_ros/install/ros_compatibility:/home/martin/Desktop/Stage/Projet/ws_carla_ros/install/carla_walker_agent:/home/martin/Desktop/Stage/Projet/ws_carla_ros/install/carla_twist_to_control:/home/martin/Desktop/Stage/Projet/ws_carla_ros/install/carla_ros_scenario_runner:/home/martin/Desktop/Stage/Projet/ws_carla_ros/install/carla_map_visualization:/home/martin/Desktop/Stage/Projet/ws_carla_ros/install/carla_interface:/home/martin/Desktop/Stage/Projet/ws_carla_ros/install/carla_control_display:/home/martin/Desktop/Stage/Projet/ws_carla_ros/install/carla_common:/opt/ros/galactic /usr/bin/cmake --build /home/martin/Desktop/Stage/Projet/ws_carla_ros/build/carla_ros_scenario_runner_types -- -j16 -l16
[17.336s] Invoking command in '/home/martin/Desktop/Stage/Projet/ws_carla_ros/build/carla_ros_scenario_runner_types': CMAKE_PREFIX_PATH=${CMAKE_PREFIX_PATH}:/home/martin/Desktop/Stage/Projet/ws_carla_ros/install/rqt_carla_control:/home/martin/Desktop/Stage/Projet/ws_carla_ros/install/carla_waypoint_publisher:/home/martin/Desktop/Stage/Projet/ws_carla_ros/install/carla_ackermann_control:/home/martin/Desktop/Stage/Projet/ws_carla_ros/install/carla_ros_bridge:/home/martin/Desktop/Stage/Projet/ws_carla_ros/install/carla_spawn_objects:/home/martin/Desktop/Stage/Projet/ws_carla_ros/install/carla_manual_control:/home/martin/Desktop/Stage/Projet/ws_carla_ros/install/carla_ad_agent:/home/martin/Desktop/Stage/Projet/ws_carla_ros/install/ros_compatibility:/home/martin/Desktop/Stage/Projet/ws_carla_ros/install/carla_walker_agent:/home/martin/Desktop/Stage/Projet/ws_carla_ros/install/carla_twist_to_control:/home/martin/Desktop/Stage/Projet/ws_carla_ros/install/carla_ros_scenario_runner:/home/martin/Desktop/Stage/Projet/ws_carla_ros/install/carla_map_visualization:/home/martin/Desktop/Stage/Projet/ws_carla_ros/install/carla_interface:/home/martin/Desktop/Stage/Projet/ws_carla_ros/install/carla_control_display:/home/martin/Desktop/Stage/Projet/ws_carla_ros/install/carla_common:/opt/ros/galactic /usr/bin/cmake --install /home/martin/Desktop/Stage/Projet/ws_carla_ros/build/carla_ros_scenario_runner_types
[25.022s] -- Install configuration: ""
[25.022s] -- Installing: /home/martin/Desktop/Stage/Projet/ws_carla_ros/install/carla_ros_scenario_runner_types/share/ament_index/resource_index/rosidl_interfaces/carla_ros_scenario_runner_types
[25.023s] -- Installing: /home/martin/Desktop/Stage/Projet/ws_carla_ros/install/carla_ros_scenario_runner_types/include/carla_ros_scenario_runner_types
[25.024s] -- Installing: /home/martin/Desktop/Stage/Projet/ws_carla_ros/install/carla_ros_scenario_runner_types/include/carla_ros_scenario_runner_types/srv
[25.024s] -- Installing: /home/martin/Desktop/Stage/Projet/ws_carla_ros/install/carla_ros_scenario_runner_types/include/carla_ros_scenario_runner_types/srv/execute_scenario.h
[25.024s] -- Installing: /home/martin/Desktop/Stage/Projet/ws_carla_ros/install/carla_ros_scenario_runner_types/include/carla_ros_scenario_runner_types/srv/detail
[25.024s] -- Installing: /home/martin/Desktop/Stage/Projet/ws_carla_ros/install/carla_ros_scenario_runner_types/include/carla_ros_scenario_runner_types/srv/detail/execute_scenario__struct.h
[25.024s] -- Installing: /home/martin/Desktop/Stage/Projet/ws_carla_ros/install/carla_ros_scenario_runner_types/include/carla_ros_scenario_runner_types/srv/detail/execute_scenario__functions.c
[25.025s] -- Installing: /home/martin/Desktop/Stage/Projet/ws_carla_ros/install/carla_ros_scenario_runner_types/include/carla_ros_scenario_runner_types/srv/detail/execute_scenario__type_support.h
[25.025s] -- Installing: /home/martin/Desktop/Stage/Projet/ws_carla_ros/install/carla_ros_scenario_runner_types/include/carla_ros_scenario_runner_types/srv/detail/execute_scenario__functions.h
[25.025s] -- Installing: /home/martin/Desktop/Stage/Projet/ws_carla_ros/install/carla_ros_scenario_runner_types/include/carla_ros_scenario_runner_types/msg
[25.025s] -- Installing: /home/martin/Desktop/Stage/Projet/ws_carla_ros/install/carla_ros_scenario_runner_types/include/carla_ros_scenario_runner_types/msg/rosidl_generator_c__visibility_control.h
[25.025s] -- Installing: /home/martin/Desktop/Stage/Projet/ws_carla_ros/install/carla_ros_scenario_runner_types/include/carla_ros_scenario_runner_types/msg/carla_scenario.h
[25.025s] -- Installing: /home/martin/Desktop/Stage/Projet/ws_carla_ros/install/carla_ros_scenario_runner_types/include/carla_ros_scenario_runner_types/msg/carla_scenario_runner_status.h
[25.025s] -- Installing: /home/martin/Desktop/Stage/Projet/ws_carla_ros/install/carla_ros_scenario_runner_types/include/carla_ros_scenario_runner_types/msg/carla_scenario_list.h
[25.025s] -- Installing: /home/martin/Desktop/Stage/Projet/ws_carla_ros/install/carla_ros_scenario_runner_types/include/carla_ros_scenario_runner_types/msg/detail
[25.025s] -- Installing: /home/martin/Desktop/Stage/Projet/ws_carla_ros/install/carla_ros_scenario_runner_types/include/carla_ros_scenario_runner_types/msg/detail/carla_scenario__struct.h
[25.025s] -- Installing: /home/martin/Desktop/Stage/Projet/ws_carla_ros/install/carla_ros_scenario_runner_types/include/carla_ros_scenario_runner_types/msg/detail/carla_scenario__type_support.h
[25.026s] -- Installing: /home/martin/Desktop/Stage/Projet/ws_carla_ros/install/carla_ros_scenario_runner_types/include/carla_ros_scenario_runner_types/msg/detail/carla_scenario_list__functions.c
[25.026s] -- Installing: /home/martin/Desktop/Stage/Projet/ws_carla_ros/install/carla_ros_scenario_runner_types/include/carla_ros_scenario_runner_types/msg/detail/carla_scenario_list__functions.h
[25.026s] -- Installing: /home/martin/Desktop/Stage/Projet/ws_carla_ros/install/carla_ros_scenario_runner_types/include/carla_ros_scenario_runner_types/msg/detail/carla_scenario__functions.c
[25.026s] -- Installing: /home/martin/Desktop/Stage/Projet/ws_carla_ros/install/carla_ros_scenario_runner_types/include/carla_ros_scenario_runner_types/msg/detail/carla_scenario_runner_status__functions.h
[25.026s] -- Installing: /home/martin/Desktop/Stage/Projet/ws_carla_ros/install/carla_ros_scenario_runner_types/include/carla_ros_scenario_runner_types/msg/detail/carla_scenario_runner_status__type_support.h
[25.026s] -- Installing: /home/martin/Desktop/Stage/Projet/ws_carla_ros/install/carla_ros_scenario_runner_types/include/carla_ros_scenario_runner_types/msg/detail/carla_scenario_list__struct.h
[25.026s] -- Installing: /home/martin/Desktop/Stage/Projet/ws_carla_ros/install/carla_ros_scenario_runner_types/include/carla_ros_scenario_runner_types/msg/detail/carla_scenario__functions.h
[25.026s] -- Installing: /home/martin/Desktop/Stage/Projet/ws_carla_ros/install/carla_ros_scenario_runner_types/include/carla_ros_scenario_runner_types/msg/detail/carla_scenario_runner_status__functions.c
[25.026s] -- Installing: /home/martin/Desktop/Stage/Projet/ws_carla_ros/install/carla_ros_scenario_runner_types/include/carla_ros_scenario_runner_types/msg/detail/carla_scenario_list__type_support.h
[25.027s] -- Installing: /home/martin/Desktop/Stage/Projet/ws_carla_ros/install/carla_ros_scenario_runner_types/include/carla_ros_scenario_runner_types/msg/detail/carla_scenario_runner_status__struct.h
[25.027s] -- Installing: /home/martin/Desktop/Stage/Projet/ws_carla_ros/install/carla_ros_scenario_runner_types/share/carla_ros_scenario_runner_types/environment/library_path.sh
[25.027s] -- Installing: /home/martin/Desktop/Stage/Projet/ws_carla_ros/install/carla_ros_scenario_runner_types/share/carla_ros_scenario_runner_types/environment/library_path.dsv
[25.027s] -- Installing: /home/martin/Desktop/Stage/Projet/ws_carla_ros/install/carla_ros_scenario_runner_types/lib/libcarla_ros_scenario_runner_types__rosidl_generator_c.so
[25.027s] -- Set runtime path of "/home/martin/Desktop/Stage/Projet/ws_carla_ros/install/carla_ros_scenario_runner_types/lib/libcarla_ros_scenario_runner_types__rosidl_generator_c.so" to ""
[25.028s] -- Up-to-date: /home/martin/Desktop/Stage/Projet/ws_carla_ros/install/carla_ros_scenario_runner_types/include/carla_ros_scenario_runner_types
[25.037s] -- Up-to-date: /home/martin/Desktop/Stage/Projet/ws_carla_ros/install/carla_ros_scenario_runner_types/include/carla_ros_scenario_runner_types/srv
[25.049s] -- Up-to-date: /home/martin/Desktop/Stage/Projet/ws_carla_ros/install/carla_ros_scenario_runner_types/include/carla_ros_scenario_runner_types/srv/detail
[25.050s] -- Installing: /home/martin/Desktop/Stage/Projet/ws_carla_ros/install/carla_ros_scenario_runner_types/include/carla_ros_scenario_runner_types/srv/detail/execute_scenario__rosidl_typesupport_fastrtps_c.h
[25.050s] -- Up-to-date: /home/martin/Desktop/Stage/Projet/ws_carla_ros/install/carla_ros_scenario_runner_types/include/carla_ros_scenario_runner_types/msg
[25.050s] -- Installing: /home/martin/Desktop/Stage/Projet/ws_carla_ros/install/carla_ros_scenario_runner_types/include/carla_ros_scenario_runner_types/msg/rosidl_typesupport_fastrtps_c__visibility_control.h
[25.050s] -- Up-to-date: /home/martin/Desktop/Stage/Projet/ws_carla_ros/install/carla_ros_scenario_runner_types/include/carla_ros_scenario_runner_types/msg/detail
[25.050s] -- Installing: /home/martin/Desktop/Stage/Projet/ws_carla_ros/install/carla_ros_scenario_runner_types/include/carla_ros_scenario_runner_types/msg/detail/carla_scenario_runner_status__rosidl_typesupport_fastrtps_c.h
[25.050s] -- Installing: /home/martin/Desktop/Stage/Projet/ws_carla_ros/install/carla_ros_scenario_runner_types/include/carla_ros_scenario_runner_types/msg/detail/carla_scenario_list__rosidl_typesupport_fastrtps_c.h
[25.051s] -- Installing: /home/martin/Desktop/Stage/Projet/ws_carla_ros/install/carla_ros_scenario_runner_types/include/carla_ros_scenario_runner_types/msg/detail/carla_scenario__rosidl_typesupport_fastrtps_c.h
[25.051s] -- Installing: /home/martin/Desktop/Stage/Projet/ws_carla_ros/install/carla_ros_scenario_runner_types/lib/libcarla_ros_scenario_runner_types__rosidl_typesupport_fastrtps_c.so
[25.051s] -- Set runtime path of "/home/martin/Desktop/Stage/Projet/ws_carla_ros/install/carla_ros_scenario_runner_types/lib/libcarla_ros_scenario_runner_types__rosidl_typesupport_fastrtps_c.so" to ""
[25.051s] -- Up-to-date: /home/martin/Desktop/Stage/Projet/ws_carla_ros/install/carla_ros_scenario_runner_types/include/carla_ros_scenario_runner_types
[25.051s] -- Up-to-date: /home/martin/Desktop/Stage/Projet/ws_carla_ros/install/carla_ros_scenario_runner_types/include/carla_ros_scenario_runner_types/srv
[25.051s] -- Up-to-date: /home/martin/Desktop/Stage/Projet/ws_carla_ros/install/carla_ros_scenario_runner_types/include/carla_ros_scenario_runner_types/srv/detail
[25.051s] -- Installing: /home/martin/Desktop/Stage/Projet/ws_carla_ros/install/carla_ros_scenario_runner_types/include/carla_ros_scenario_runner_types/srv/detail/dds_fastrtps
[25.051s] -- Installing: /home/martin/Desktop/Stage/Projet/ws_carla_ros/install/carla_ros_scenario_runner_types/include/carla_ros_scenario_runner_types/srv/detail/execute_scenario__rosidl_typesupport_fastrtps_cpp.hpp
[25.052s] -- Up-to-date: /home/martin/Desktop/Stage/Projet/ws_carla_ros/install/carla_ros_scenario_runner_types/include/carla_ros_scenario_runner_types/msg
[25.060s] -- Up-to-date: /home/martin/Desktop/Stage/Projet/ws_carla_ros/install/carla_ros_scenario_runner_types/include/carla_ros_scenario_runner_types/msg/detail
[25.061s] -- Installing: /home/martin/Desktop/Stage/Projet/ws_carla_ros/install/carla_ros_scenario_runner_types/include/carla_ros_scenario_runner_types/msg/detail/carla_scenario__rosidl_typesupport_fastrtps_cpp.hpp
[25.061s] -- Installing: /home/martin/Desktop/Stage/Projet/ws_carla_ros/install/carla_ros_scenario_runner_types/include/carla_ros_scenario_runner_types/msg/detail/carla_scenario_list__rosidl_typesupport_fastrtps_cpp.hpp
[25.061s] -- Installing: /home/martin/Desktop/Stage/Projet/ws_carla_ros/install/carla_ros_scenario_runner_types/include/carla_ros_scenario_runner_types/msg/detail/dds_fastrtps
[25.061s] -- Installing: /home/martin/Desktop/Stage/Projet/ws_carla_ros/install/carla_ros_scenario_runner_types/include/carla_ros_scenario_runner_types/msg/detail/carla_scenario_runner_status__rosidl_typesupport_fastrtps_cpp.hpp
[25.061s] -- Installing: /home/martin/Desktop/Stage/Projet/ws_carla_ros/install/carla_ros_scenario_runner_types/include/carla_ros_scenario_runner_types/msg/rosidl_typesupport_fastrtps_cpp__visibility_control.h
[25.061s] -- Installing: /home/martin/Desktop/Stage/Projet/ws_carla_ros/install/carla_ros_scenario_runner_types/lib/libcarla_ros_scenario_runner_types__rosidl_typesupport_fastrtps_cpp.so
[25.061s] -- Set runtime path of "/home/martin/Desktop/Stage/Projet/ws_carla_ros/install/carla_ros_scenario_runner_types/lib/libcarla_ros_scenario_runner_types__rosidl_typesupport_fastrtps_cpp.so" to ""
[25.061s] -- Up-to-date: /home/martin/Desktop/Stage/Projet/ws_carla_ros/install/carla_ros_scenario_runner_types/include/carla_ros_scenario_runner_types
[25.062s] -- Up-to-date: /home/martin/Desktop/Stage/Projet/ws_carla_ros/install/carla_ros_scenario_runner_types/include/carla_ros_scenario_runner_types/srv
[25.062s] -- Up-to-date: /home/martin/Desktop/Stage/Projet/ws_carla_ros/install/carla_ros_scenario_runner_types/include/carla_ros_scenario_runner_types/srv/detail
[25.062s] -- Installing: /home/martin/Desktop/Stage/Projet/ws_carla_ros/install/carla_ros_scenario_runner_types/include/carla_ros_scenario_runner_types/srv/detail/execute_scenario__rosidl_typesupport_introspection_c.h
[25.062s] -- Installing: /home/martin/Desktop/Stage/Projet/ws_carla_ros/install/carla_ros_scenario_runner_types/include/carla_ros_scenario_runner_types/srv/detail/execute_scenario__type_support.c
[25.062s] -- Up-to-date: /home/martin/Desktop/Stage/Projet/ws_carla_ros/install/carla_ros_scenario_runner_types/include/carla_ros_scenario_runner_types/msg
[25.062s] -- Installing: /home/martin/Desktop/Stage/Projet/ws_carla_ros/install/carla_ros_scenario_runner_types/include/carla_ros_scenario_runner_types/msg/rosidl_typesupport_introspection_c__visibility_control.h
[25.062s] -- Up-to-date: /home/martin/Desktop/Stage/Projet/ws_carla_ros/install/carla_ros_scenario_runner_types/include/carla_ros_scenario_runner_types/msg/detail
[25.062s] -- Installing: /home/martin/Desktop/Stage/Projet/ws_carla_ros/install/carla_ros_scenario_runner_types/include/carla_ros_scenario_runner_types/msg/detail/carla_scenario_list__type_support.c
[25.062s] -- Installing: /home/martin/Desktop/Stage/Projet/ws_carla_ros/install/carla_ros_scenario_runner_types/include/carla_ros_scenario_runner_types/msg/detail/carla_scenario_list__rosidl_typesupport_introspection_c.h
[25.062s] -- Installing: /home/martin/Desktop/Stage/Projet/ws_carla_ros/install/carla_ros_scenario_runner_types/include/carla_ros_scenario_runner_types/msg/detail/carla_scenario_runner_status__rosidl_typesupport_introspection_c.h
[25.062s] -- Installing: /home/martin/Desktop/Stage/Projet/ws_carla_ros/install/carla_ros_scenario_runner_types/include/carla_ros_scenario_runner_types/msg/detail/carla_scenario__type_support.c
[25.062s] -- Installing: /home/martin/Desktop/Stage/Projet/ws_carla_ros/install/carla_ros_scenario_runner_types/include/carla_ros_scenario_runner_types/msg/detail/carla_scenario_runner_status__type_support.c
[25.062s] -- Installing: /home/martin/Desktop/Stage/Projet/ws_carla_ros/install/carla_ros_scenario_runner_types/include/carla_ros_scenario_runner_types/msg/detail/carla_scenario__rosidl_typesupport_introspection_c.h
[25.062s] -- Installing: /home/martin/Desktop/Stage/Projet/ws_carla_ros/install/carla_ros_scenario_runner_types/lib/libcarla_ros_scenario_runner_types__rosidl_typesupport_introspection_c.so
[25.062s] -- Set runtime path of "/home/martin/Desktop/Stage/Projet/ws_carla_ros/install/carla_ros_scenario_runner_types/lib/libcarla_ros_scenario_runner_types__rosidl_typesupport_introspection_c.so" to ""
[25.062s] -- Installing: /home/martin/Desktop/Stage/Projet/ws_carla_ros/install/carla_ros_scenario_runner_types/lib/libcarla_ros_scenario_runner_types__rosidl_typesupport_c.so
[25.062s] -- Set runtime path of "/home/martin/Desktop/Stage/Projet/ws_carla_ros/install/carla_ros_scenario_runner_types/lib/libcarla_ros_scenario_runner_types__rosidl_typesupport_c.so" to ""
[25.062s] -- Up-to-date: /home/martin/Desktop/Stage/Projet/ws_carla_ros/install/carla_ros_scenario_runner_types/include/carla_ros_scenario_runner_types
[25.062s] -- Up-to-date: /home/martin/Desktop/Stage/Projet/ws_carla_ros/install/carla_ros_scenario_runner_types/include/carla_ros_scenario_runner_types/srv
[25.062s] -- Installing: /home/martin/Desktop/Stage/Projet/ws_carla_ros/install/carla_ros_scenario_runner_types/include/carla_ros_scenario_runner_types/srv/execute_scenario.hpp
[25.062s] -- Up-to-date: /home/martin/Desktop/Stage/Projet/ws_carla_ros/install/carla_ros_scenario_runner_types/include/carla_ros_scenario_runner_types/srv/detail
[25.062s] -- Installing: /home/martin/Desktop/Stage/Projet/ws_carla_ros/install/carla_ros_scenario_runner_types/include/carla_ros_scenario_runner_types/srv/detail/execute_scenario__struct.hpp
[25.062s] -- Installing: /home/martin/Desktop/Stage/Projet/ws_carla_ros/install/carla_ros_scenario_runner_types/include/carla_ros_scenario_runner_types/srv/detail/execute_scenario__traits.hpp
[25.063s] -- Installing: /home/martin/Desktop/Stage/Projet/ws_carla_ros/install/carla_ros_scenario_runner_types/include/carla_ros_scenario_runner_types/srv/detail/execute_scenario__builder.hpp
[25.063s] -- Up-to-date: /home/martin/Desktop/Stage/Projet/ws_carla_ros/install/carla_ros_scenario_runner_types/include/carla_ros_scenario_runner_types/msg
[25.063s] -- Installing: /home/martin/Desktop/Stage/Projet/ws_carla_ros/install/carla_ros_scenario_runner_types/include/carla_ros_scenario_runner_types/msg/carla_scenario_runner_status.hpp
[25.063s] -- Installing: /home/martin/Desktop/Stage/Projet/ws_carla_ros/install/carla_ros_scenario_runner_types/include/carla_ros_scenario_runner_types/msg/carla_scenario.hpp
[25.063s] -- Up-to-date: /home/martin/Desktop/Stage/Projet/ws_carla_ros/install/carla_ros_scenario_runner_types/include/carla_ros_scenario_runner_types/msg/detail
[25.063s] -- Installing: /home/martin/Desktop/Stage/Projet/ws_carla_ros/install/carla_ros_scenario_runner_types/include/carla_ros_scenario_runner_types/msg/detail/carla_scenario_list__traits.hpp
[25.063s] -- Installing: /home/martin/Desktop/Stage/Projet/ws_carla_ros/install/carla_ros_scenario_runner_types/include/carla_ros_scenario_runner_types/msg/detail/carla_scenario_runner_status__struct.hpp
[25.063s] -- Installing: /home/martin/Desktop/Stage/Projet/ws_carla_ros/install/carla_ros_scenario_runner_types/include/carla_ros_scenario_runner_types/msg/detail/carla_scenario__traits.hpp
[25.063s] -- Installing: /home/martin/Desktop/Stage/Projet/ws_carla_ros/install/carla_ros_scenario_runner_types/include/carla_ros_scenario_runner_types/msg/detail/carla_scenario__struct.hpp
[25.063s] -- Installing: /home/martin/Desktop/Stage/Projet/ws_carla_ros/install/carla_ros_scenario_runner_types/include/carla_ros_scenario_runner_types/msg/detail/carla_scenario_list__struct.hpp
[25.063s] -- Installing: /home/martin/Desktop/Stage/Projet/ws_carla_ros/install/carla_ros_scenario_runner_types/include/carla_ros_scenario_runner_types/msg/detail/carla_scenario_list__builder.hpp
[25.063s] -- Installing: /home/martin/Desktop/Stage/Projet/ws_carla_ros/install/carla_ros_scenario_runner_types/include/carla_ros_scenario_runner_types/msg/detail/carla_scenario_runner_status__builder.hpp
[25.063s] -- Installing: /home/martin/Desktop/Stage/Projet/ws_carla_ros/install/carla_ros_scenario_runner_types/include/carla_ros_scenario_runner_types/msg/detail/carla_scenario_runner_status__traits.hpp
[25.063s] -- Installing: /home/martin/Desktop/Stage/Projet/ws_carla_ros/install/carla_ros_scenario_runner_types/include/carla_ros_scenario_runner_types/msg/detail/carla_scenario__builder.hpp
[25.063s] -- Installing: /home/martin/Desktop/Stage/Projet/ws_carla_ros/install/carla_ros_scenario_runner_types/include/carla_ros_scenario_runner_types/msg/carla_scenario_list.hpp
[25.063s] -- Up-to-date: /home/martin/Desktop/Stage/Projet/ws_carla_ros/install/carla_ros_scenario_runner_types/include/carla_ros_scenario_runner_types
[25.063s] -- Up-to-date: /home/martin/Desktop/Stage/Projet/ws_carla_ros/install/carla_ros_scenario_runner_types/include/carla_ros_scenario_runner_types/srv
[25.063s] -- Up-to-date: /home/martin/Desktop/Stage/Projet/ws_carla_ros/install/carla_ros_scenario_runner_types/include/carla_ros_scenario_runner_types/srv/detail
[25.063s] -- Installing: /home/martin/Desktop/Stage/Projet/ws_carla_ros/install/carla_ros_scenario_runner_types/include/carla_ros_scenario_runner_types/srv/detail/execute_scenario__rosidl_typesupport_introspection_cpp.hpp
[25.063s] -- Installing: /home/martin/Desktop/Stage/Projet/ws_carla_ros/install/carla_ros_scenario_runner_types/include/carla_ros_scenario_runner_types/srv/detail/execute_scenario__type_support.cpp
[25.064s] -- Up-to-date: /home/martin/Desktop/Stage/Projet/ws_carla_ros/install/carla_ros_scenario_runner_types/include/carla_ros_scenario_runner_types/msg
[25.064s] -- Up-to-date: /home/martin/Desktop/Stage/Projet/ws_carla_ros/install/carla_ros_scenario_runner_types/include/carla_ros_scenario_runner_types/msg/detail
[25.064s] -- Installing: /home/martin/Desktop/Stage/Projet/ws_carla_ros/install/carla_ros_scenario_runner_types/include/carla_ros_scenario_runner_types/msg/detail/carla_scenario__type_support.cpp
[25.064s] -- Installing: /home/martin/Desktop/Stage/Projet/ws_carla_ros/install/carla_ros_scenario_runner_types/include/carla_ros_scenario_runner_types/msg/detail/carla_scenario__rosidl_typesupport_introspection_cpp.hpp
[25.064s] -- Installing: /home/martin/Desktop/Stage/Projet/ws_carla_ros/install/carla_ros_scenario_runner_types/include/carla_ros_scenario_runner_types/msg/detail/carla_scenario_list__rosidl_typesupport_introspection_cpp.hpp
[25.064s] -- Installing: /home/martin/Desktop/Stage/Projet/ws_carla_ros/install/carla_ros_scenario_runner_types/include/carla_ros_scenario_runner_types/msg/detail/carla_scenario_runner_status__rosidl_typesupport_introspection_cpp.hpp
[25.064s] -- Installing: /home/martin/Desktop/Stage/Projet/ws_carla_ros/install/carla_ros_scenario_runner_types/include/carla_ros_scenario_runner_types/msg/detail/carla_scenario_runner_status__type_support.cpp
[25.064s] -- Installing: /home/martin/Desktop/Stage/Projet/ws_carla_ros/install/carla_ros_scenario_runner_types/include/carla_ros_scenario_runner_types/msg/detail/carla_scenario_list__type_support.cpp
[25.064s] -- Installing: /home/martin/Desktop/Stage/Projet/ws_carla_ros/install/carla_ros_scenario_runner_types/lib/libcarla_ros_scenario_runner_types__rosidl_typesupport_introspection_cpp.so
[25.064s] -- Set runtime path of "/home/martin/Desktop/Stage/Projet/ws_carla_ros/install/carla_ros_scenario_runner_types/lib/libcarla_ros_scenario_runner_types__rosidl_typesupport_introspection_cpp.so" to ""
[25.064s] -- Installing: /home/martin/Desktop/Stage/Projet/ws_carla_ros/install/carla_ros_scenario_runner_types/lib/libcarla_ros_scenario_runner_types__rosidl_typesupport_cpp.so
[25.064s] -- Set runtime path of "/home/martin/Desktop/Stage/Projet/ws_carla_ros/install/carla_ros_scenario_runner_types/lib/libcarla_ros_scenario_runner_types__rosidl_typesupport_cpp.so" to ""
[25.064s] -- Installing: /home/martin/Desktop/Stage/Projet/ws_carla_ros/install/carla_ros_scenario_runner_types/share/carla_ros_scenario_runner_types/environment/pythonpath.sh
[25.065s] -- Installing: /home/martin/Desktop/Stage/Projet/ws_carla_ros/install/carla_ros_scenario_runner_types/share/carla_ros_scenario_runner_types/environment/pythonpath.dsv
[25.065s] -- Installing: /home/martin/Desktop/Stage/Projet/ws_carla_ros/install/carla_ros_scenario_runner_types/lib/python3.8/site-packages/carla_ros_scenario_runner_types/__init__.py
[25.066s] Compiling '/home/martin/Desktop/Stage/Projet/ws_carla_ros/install/carla_ros_scenario_runner_types/lib/python3.8/site-packages/carla_ros_scenario_runner_types/__init__.py'...
[25.066s] -- Installing: /home/martin/Desktop/Stage/Projet/ws_carla_ros/install/carla_ros_scenario_runner_types/lib/python3.8/site-packages/carla_ros_scenario_runner_types/msg
[25.067s] -- Installing: /home/martin/Desktop/Stage/Projet/ws_carla_ros/install/carla_ros_scenario_runner_types/lib/python3.8/site-packages/carla_ros_scenario_runner_types/msg/_carla_scenario.py
[25.067s] -- Installing: /home/martin/Desktop/Stage/Projet/ws_carla_ros/install/carla_ros_scenario_runner_types/lib/python3.8/site-packages/carla_ros_scenario_runner_types/msg/_carla_scenario_list.py
[25.067s] -- Installing: /home/martin/Desktop/Stage/Projet/ws_carla_ros/install/carla_ros_scenario_runner_types/lib/python3.8/site-packages/carla_ros_scenario_runner_types/msg/_carla_scenario_list_s.c
[25.067s] -- Installing: /home/martin/Desktop/Stage/Projet/ws_carla_ros/install/carla_ros_scenario_runner_types/lib/python3.8/site-packages/carla_ros_scenario_runner_types/msg/_carla_scenario_s.c
[25.067s] -- Installing: /home/martin/Desktop/Stage/Projet/ws_carla_ros/install/carla_ros_scenario_runner_types/lib/python3.8/site-packages/carla_ros_scenario_runner_types/msg/_carla_scenario_runner_status_s.c
[25.067s] -- Installing: /home/martin/Desktop/Stage/Projet/ws_carla_ros/install/carla_ros_scenario_runner_types/lib/python3.8/site-packages/carla_ros_scenario_runner_types/msg/__init__.py
[25.067s] -- Installing: /home/martin/Desktop/Stage/Projet/ws_carla_ros/install/carla_ros_scenario_runner_types/lib/python3.8/site-packages/carla_ros_scenario_runner_types/msg/_carla_scenario_runner_status.py
[25.067s] -- Installing: /home/martin/Desktop/Stage/Projet/ws_carla_ros/install/carla_ros_scenario_runner_types/lib/python3.8/site-packages/carla_ros_scenario_runner_types/srv
[25.067s] -- Installing: /home/martin/Desktop/Stage/Projet/ws_carla_ros/install/carla_ros_scenario_runner_types/lib/python3.8/site-packages/carla_ros_scenario_runner_types/srv/_execute_scenario.py
[25.067s] -- Installing: /home/martin/Desktop/Stage/Projet/ws_carla_ros/install/carla_ros_scenario_runner_types/lib/python3.8/site-packages/carla_ros_scenario_runner_types/srv/_execute_scenario_s.c
[25.067s] -- Installing: /home/martin/Desktop/Stage/Projet/ws_carla_ros/install/carla_ros_scenario_runner_types/lib/python3.8/site-packages/carla_ros_scenario_runner_types/srv/__init__.py
[25.067s] -- Installing: /home/martin/Desktop/Stage/Projet/ws_carla_ros/install/carla_ros_scenario_runner_types/lib/python3.8/site-packages/carla_ros_scenario_runner_types/carla_ros_scenario_runner_types_s__rosidl_typesupport_fastrtps_c.cpython-38-x86_64-linux-gnu.so
[25.067s] -- Set runtime path of "/home/martin/Desktop/Stage/Projet/ws_carla_ros/install/carla_ros_scenario_runner_types/lib/python3.8/site-packages/carla_ros_scenario_runner_types/carla_ros_scenario_runner_types_s__rosidl_typesupport_fastrtps_c.cpython-38-x86_64-linux-gnu.so" to ""
[25.067s] -- Installing: /home/martin/Desktop/Stage/Projet/ws_carla_ros/install/carla_ros_scenario_runner_types/lib/python3.8/site-packages/carla_ros_scenario_runner_types/carla_ros_scenario_runner_types_s__rosidl_typesupport_introspection_c.cpython-38-x86_64-linux-gnu.so
[25.068s] -- Set runtime path of "/home/martin/Desktop/Stage/Projet/ws_carla_ros/install/carla_ros_scenario_runner_types/lib/python3.8/site-packages/carla_ros_scenario_runner_types/carla_ros_scenario_runner_types_s__rosidl_typesupport_introspection_c.cpython-38-x86_64-linux-gnu.so" to ""
[25.068s] -- Installing: /home/martin/Desktop/Stage/Projet/ws_carla_ros/install/carla_ros_scenario_runner_types/lib/python3.8/site-packages/carla_ros_scenario_runner_types/carla_ros_scenario_runner_types_s__rosidl_typesupport_c.cpython-38-x86_64-linux-gnu.so
[25.068s] -- Set runtime path of "/home/martin/Desktop/Stage/Projet/ws_carla_ros/install/carla_ros_scenario_runner_types/lib/python3.8/site-packages/carla_ros_scenario_runner_types/carla_ros_scenario_runner_types_s__rosidl_typesupport_c.cpython-38-x86_64-linux-gnu.so" to ""
[25.068s] -- Installing: /home/martin/Desktop/Stage/Projet/ws_carla_ros/install/carla_ros_scenario_runner_types/lib/libcarla_ros_scenario_runner_types__python.so
[25.069s] -- Set runtime path of "/home/martin/Desktop/Stage/Projet/ws_carla_ros/install/carla_ros_scenario_runner_types/lib/libcarla_ros_scenario_runner_types__python.so" to ""
[25.069s] -- Installing: /home/martin/Desktop/Stage/Projet/ws_carla_ros/install/carla_ros_scenario_runner_types/share/carla_ros_scenario_runner_types/msg/CarlaScenario.idl
[25.069s] -- Installing: /home/martin/Desktop/Stage/Projet/ws_carla_ros/install/carla_ros_scenario_runner_types/share/carla_ros_scenario_runner_types/msg/CarlaScenarioList.idl
[25.069s] -- Installing: /home/martin/Desktop/Stage/Projet/ws_carla_ros/install/carla_ros_scenario_runner_types/share/carla_ros_scenario_runner_types/msg/CarlaScenarioRunnerStatus.idl
[25.069s] -- Installing: /home/martin/Desktop/Stage/Projet/ws_carla_ros/install/carla_ros_scenario_runner_types/share/carla_ros_scenario_runner_types/srv/ExecuteScenario.idl
[25.069s] -- Installing: /home/martin/Desktop/Stage/Projet/ws_carla_ros/install/carla_ros_scenario_runner_types/share/carla_ros_scenario_runner_types/msg/CarlaScenario.msg
[25.069s] -- Installing: /home/martin/Desktop/Stage/Projet/ws_carla_ros/install/carla_ros_scenario_runner_types/share/carla_ros_scenario_runner_types/msg/CarlaScenarioList.msg
[25.070s] -- Installing: /home/martin/Desktop/Stage/Projet/ws_carla_ros/install/carla_ros_scenario_runner_types/share/carla_ros_scenario_runner_types/msg/CarlaScenarioRunnerStatus.msg
[25.070s] -- Installing: /home/martin/Desktop/Stage/Projet/ws_carla_ros/install/carla_ros_scenario_runner_types/share/carla_ros_scenario_runner_types/srv/ExecuteScenario.srv
[25.070s] -- Installing: /home/martin/Desktop/Stage/Projet/ws_carla_ros/install/carla_ros_scenario_runner_types/share/carla_ros_scenario_runner_types/srv/ExecuteScenario_Request.msg
[25.070s] -- Installing: /home/martin/Desktop/Stage/Projet/ws_carla_ros/install/carla_ros_scenario_runner_types/share/carla_ros_scenario_runner_types/srv/ExecuteScenario_Response.msg
[25.070s] -- Installing: /home/martin/Desktop/Stage/Projet/ws_carla_ros/install/carla_ros_scenario_runner_types/share/ament_index/resource_index/package_run_dependencies/carla_ros_scenario_runner_types
[25.070s] -- Installing: /home/martin/Desktop/Stage/Projet/ws_carla_ros/install/carla_ros_scenario_runner_types/share/ament_index/resource_index/parent_prefix_path/carla_ros_scenario_runner_types
[25.070s] -- Installing: /home/martin/Desktop/Stage/Projet/ws_carla_ros/install/carla_ros_scenario_runner_types/share/carla_ros_scenario_runner_types/environment/ament_prefix_path.sh
[25.070s] -- Installing: /home/martin/Desktop/Stage/Projet/ws_carla_ros/install/carla_ros_scenario_runner_types/share/carla_ros_scenario_runner_types/environment/ament_prefix_path.dsv
[25.070s] -- Installing: /home/martin/Desktop/Stage/Projet/ws_carla_ros/install/carla_ros_scenario_runner_types/share/carla_ros_scenario_runner_types/environment/path.sh
[25.070s] -- Installing: /home/martin/Desktop/Stage/Projet/ws_carla_ros/install/carla_ros_scenario_runner_types/share/carla_ros_scenario_runner_types/environment/path.dsv
[25.070s] -- Installing: /home/martin/Desktop/Stage/Projet/ws_carla_ros/install/carla_ros_scenario_runner_types/share/carla_ros_scenario_runner_types/local_setup.bash
[25.070s] -- Installing: /home/martin/Desktop/Stage/Projet/ws_carla_ros/install/carla_ros_scenario_runner_types/share/carla_ros_scenario_runner_types/local_setup.sh
[25.070s] -- Installing: /home/martin/Desktop/Stage/Projet/ws_carla_ros/install/carla_ros_scenario_runner_types/share/carla_ros_scenario_runner_types/local_setup.zsh
[25.070s] -- Installing: /home/martin/Desktop/Stage/Projet/ws_carla_ros/install/carla_ros_scenario_runner_types/share/carla_ros_scenario_runner_types/local_setup.dsv
[25.070s] -- Installing: /home/martin/Desktop/Stage/Projet/ws_carla_ros/install/carla_ros_scenario_runner_types/share/carla_ros_scenario_runner_types/package.dsv
[25.070s] -- Installing: /home/martin/Desktop/Stage/Projet/ws_carla_ros/install/carla_ros_scenario_runner_types/share/ament_index/resource_index/packages/carla_ros_scenario_runner_types
[25.070s] -- Installing: /home/martin/Desktop/Stage/Projet/ws_carla_ros/install/carla_ros_scenario_runner_types/share/carla_ros_scenario_runner_types/cmake/carla_ros_scenario_runner_types__rosidl_generator_cExport.cmake
[25.070s] -- Installing: /home/martin/Desktop/Stage/Projet/ws_carla_ros/install/carla_ros_scenario_runner_types/share/carla_ros_scenario_runner_types/cmake/carla_ros_scenario_runner_types__rosidl_generator_cExport-noconfig.cmake
[25.071s] -- Installing: /home/martin/Desktop/Stage/Projet/ws_carla_ros/install/carla_ros_scenario_runner_types/share/carla_ros_scenario_runner_types/cmake/carla_ros_scenario_runner_types__rosidl_typesupport_introspection_cExport.cmake
[25.071s] -- Installing: /home/martin/Desktop/Stage/Projet/ws_carla_ros/install/carla_ros_scenario_runner_types/share/carla_ros_scenario_runner_types/cmake/carla_ros_scenario_runner_types__rosidl_typesupport_introspection_cExport-noconfig.cmake
[25.071s] -- Installing: /home/martin/Desktop/Stage/Projet/ws_carla_ros/install/carla_ros_scenario_runner_types/share/carla_ros_scenario_runner_types/cmake/carla_ros_scenario_runner_types__rosidl_typesupport_cExport.cmake
[25.071s] -- Installing: /home/martin/Desktop/Stage/Projet/ws_carla_ros/install/carla_ros_scenario_runner_types/share/carla_ros_scenario_runner_types/cmake/carla_ros_scenario_runner_types__rosidl_typesupport_cExport-noconfig.cmake
[25.071s] -- Installing: /home/martin/Desktop/Stage/Projet/ws_carla_ros/install/carla_ros_scenario_runner_types/share/carla_ros_scenario_runner_types/cmake/carla_ros_scenario_runner_types__rosidl_generator_cppExport.cmake
[25.071s] -- Installing: /home/martin/Desktop/Stage/Projet/ws_carla_ros/install/carla_ros_scenario_runner_types/share/carla_ros_scenario_runner_types/cmake/carla_ros_scenario_runner_types__rosidl_typesupport_introspection_cppExport.cmake
[25.071s] -- Installing: /home/martin/Desktop/Stage/Projet/ws_carla_ros/install/carla_ros_scenario_runner_types/share/carla_ros_scenario_runner_types/cmake/carla_ros_scenario_runner_types__rosidl_typesupport_introspection_cppExport-noconfig.cmake
[25.071s] -- Installing: /home/martin/Desktop/Stage/Projet/ws_carla_ros/install/carla_ros_scenario_runner_types/share/carla_ros_scenario_runner_types/cmake/carla_ros_scenario_runner_types__rosidl_typesupport_cppExport.cmake
[25.071s] -- Installing: /home/martin/Desktop/Stage/Projet/ws_carla_ros/install/carla_ros_scenario_runner_types/share/carla_ros_scenario_runner_types/cmake/carla_ros_scenario_runner_types__rosidl_typesupport_cppExport-noconfig.cmake
[25.071s] -- Installing: /home/martin/Desktop/Stage/Projet/ws_carla_ros/install/carla_ros_scenario_runner_types/share/carla_ros_scenario_runner_types/cmake/rosidl_cmake-extras.cmake
[25.071s] -- Installing: /home/martin/Desktop/Stage/Projet/ws_carla_ros/install/carla_ros_scenario_runner_types/share/carla_ros_scenario_runner_types/cmake/ament_cmake_export_dependencies-extras.cmake
[25.071s] -- Installing: /home/martin/Desktop/Stage/Projet/ws_carla_ros/install/carla_ros_scenario_runner_types/share/carla_ros_scenario_runner_types/cmake/ament_cmake_export_libraries-extras.cmake
[25.071s] -- Installing: /home/martin/Desktop/Stage/Projet/ws_carla_ros/install/carla_ros_scenario_runner_types/share/carla_ros_scenario_runner_types/cmake/ament_cmake_export_targets-extras.cmake
[25.071s] -- Installing: /home/martin/Desktop/Stage/Projet/ws_carla_ros/install/carla_ros_scenario_runner_types/share/carla_ros_scenario_runner_types/cmake/ament_cmake_export_include_directories-extras.cmake
[25.071s] -- Installing: /home/martin/Desktop/Stage/Projet/ws_carla_ros/install/carla_ros_scenario_runner_types/share/carla_ros_scenario_runner_types/cmake/rosidl_cmake_export_typesupport_libraries-extras.cmake
[25.071s] -- Installing: /home/martin/Desktop/Stage/Projet/ws_carla_ros/install/carla_ros_scenario_runner_types/share/carla_ros_scenario_runner_types/cmake/rosidl_cmake_export_typesupport_targets-extras.cmake
[25.071s] -- Installing: /home/martin/Desktop/Stage/Projet/ws_carla_ros/install/carla_ros_scenario_runner_types/share/carla_ros_scenario_runner_types/cmake/carla_ros_scenario_runner_typesConfig.cmake
[25.071s] -- Installing: /home/martin/Desktop/Stage/Projet/ws_carla_ros/install/carla_ros_scenario_runner_types/share/carla_ros_scenario_runner_types/cmake/carla_ros_scenario_runner_typesConfig-version.cmake
[25.071s] -- Installing: /home/martin/Desktop/Stage/Projet/ws_carla_ros/install/carla_ros_scenario_runner_types/share/carla_ros_scenario_runner_types/package.xml
[25.107s] Invoked command in '/home/martin/Desktop/Stage/Projet/ws_carla_ros/build/carla_ros_scenario_runner_types' returned '0': CMAKE_PREFIX_PATH=${CMAKE_PREFIX_PATH}:/home/martin/Desktop/Stage/Projet/ws_carla_ros/install/rqt_carla_control:/home/martin/Desktop/Stage/Projet/ws_carla_ros/install/carla_waypoint_publisher:/home/martin/Desktop/Stage/Projet/ws_carla_ros/install/carla_ackermann_control:/home/martin/Desktop/Stage/Projet/ws_carla_ros/install/carla_ros_bridge:/home/martin/Desktop/Stage/Projet/ws_carla_ros/install/carla_spawn_objects:/home/martin/Desktop/Stage/Projet/ws_carla_ros/install/carla_manual_control:/home/martin/Desktop/Stage/Projet/ws_carla_ros/install/carla_ad_agent:/home/martin/Desktop/Stage/Projet/ws_carla_ros/install/ros_compatibility:/home/martin/Desktop/Stage/Projet/ws_carla_ros/install/carla_walker_agent:/home/martin/Desktop/Stage/Projet/ws_carla_ros/install/carla_twist_to_control:/home/martin/Desktop/Stage/Projet/ws_carla_ros/install/carla_ros_scenario_runner:/home/martin/Desktop/Stage/Projet/ws_carla_ros/install/carla_map_visualization:/home/martin/Desktop/Stage/Projet/ws_carla_ros/install/carla_interface:/home/martin/Desktop/Stage/Projet/ws_carla_ros/install/carla_control_display:/home/martin/Desktop/Stage/Projet/ws_carla_ros/install/carla_common:/opt/ros/galactic /usr/bin/cmake --install /home/martin/Desktop/Stage/Projet/ws_carla_ros/build/carla_ros_scenario_runner_types
