[0.351s] Invoking command in '/home/martin/Desktop/Stage/Projet/ws_carla_ros/build/carla_waypoint_types': CMAKE_PREFIX_PATH=${CMAKE_PREFIX_PATH}:/home/martin/Desktop/Stage/Projet/ws_carla_ros/install/rqt_carla_control:/home/martin/Desktop/Stage/Projet/ws_carla_ros/install/carla_waypoint_publisher:/home/martin/Desktop/Stage/Projet/ws_carla_ros/install/carla_ackermann_control:/home/martin/Desktop/Stage/Projet/ws_carla_ros/install/carla_ros_bridge:/home/martin/Desktop/Stage/Projet/ws_carla_ros/install/carla_spawn_objects:/home/martin/Desktop/Stage/Projet/ws_carla_ros/install/carla_manual_control:/home/martin/Desktop/Stage/Projet/ws_carla_ros/install/carla_ad_agent:/home/martin/Desktop/Stage/Projet/ws_carla_ros/install/ros_compatibility:/home/martin/Desktop/Stage/Projet/ws_carla_ros/install/carla_walker_agent:/home/martin/Desktop/Stage/Projet/ws_carla_ros/install/carla_twist_to_control:/home/martin/Desktop/Stage/Projet/ws_carla_ros/install/carla_ros_scenario_runner:/home/martin/Desktop/Stage/Projet/ws_carla_ros/install/carla_map_visualization:/home/martin/Desktop/Stage/Projet/ws_carla_ros/install/carla_interface:/home/martin/Desktop/Stage/Projet/ws_carla_ros/install/carla_control_display:/home/martin/Desktop/Stage/Projet/ws_carla_ros/install/carla_common:/opt/ros/galactic /usr/bin/cmake /home/martin/Desktop/Stage/Projet/ws_carla_ros/carla-ros-bridge/carla_waypoint_types -DPYTHON_EXECUTABLE=/usr/bin/python3 -DCMAKE_INSTALL_PREFIX=/home/martin/Desktop/Stage/Projet/ws_carla_ros/install/carla_waypoint_types
[1.063s] -- The C compiler identification is GNU 9.4.0
[1.063s] -- The CXX compiler identification is GNU 9.4.0
[1.063s] -- Check for working C compiler: /usr/bin/cc
[1.063s] -- Check for working C compiler: /usr/bin/cc -- works
[1.063s] -- Detecting C compiler ABI info
[1.063s] -- Detecting C compiler ABI info - done
[1.063s] -- Detecting C compile features
[1.063s] -- Detecting C compile features - done
[1.063s] -- Check for working CXX compiler: /usr/bin/c++
[1.063s] -- Check for working CXX compiler: /usr/bin/c++ -- works
[1.063s] -- Detecting CXX compiler ABI info
[1.063s] -- Detecting CXX compiler ABI info - done
[1.063s] -- Detecting CXX compile features
[1.063s] -- Detecting CXX compile features - done
[1.064s] -- Found ros_environment: 3.1.1 (/opt/ros/galactic/share/ros_environment/cmake)
[1.064s] -- Found ament_cmake: 1.1.6 (/opt/ros/galactic/share/ament_cmake/cmake)
[1.064s] -- Found PythonInterp: /usr/bin/python3 (found suitable version "3.8.10", minimum required is "3") 
[1.064s] -- Using PYTHON_EXECUTABLE: /usr/bin/python3
[1.064s] -- Found nav_msgs: 2.2.4 (/opt/ros/galactic/share/nav_msgs/cmake)
[1.064s] -- Using all available rosidl_typesupport_c: rosidl_typesupport_fastrtps_c;rosidl_typesupport_introspection_c
[1.064s] -- Found rosidl_adapter: 2.2.3 (/opt/ros/galactic/share/rosidl_adapter/cmake)
[1.064s] -- Found OpenSSL: /usr/lib/x86_64-linux-gnu/libcrypto.so (found version "1.1.1f")  
[1.064s] -- Found FastRTPS: /opt/ros/galactic/include  
[1.064s] -- Using all available rosidl_typesupport_cpp: rosidl_typesupport_fastrtps_cpp;rosidl_typesupport_introspection_cpp
[1.092s] -- Found rosidl_default_generators: 1.1.1 (/opt/ros/galactic/share/rosidl_default_generators/cmake)
[1.154s] -- Found PythonInterp: /usr/bin/python3 (found version "3.8.10") 
[1.424s] -- Found ament_cmake_cppcheck: 0.10.7 (/opt/ros/galactic/share/ament_cmake_cppcheck/cmake)
[1.427s] -- Found ament_cmake_cpplint: 0.10.7 (/opt/ros/galactic/share/ament_cmake_cpplint/cmake)
[1.430s] -- Found ament_cmake_uncrustify: 0.10.7 (/opt/ros/galactic/share/ament_cmake_uncrustify/cmake)
[1.433s] -- Found ament_cmake_ros: 0.9.2 (/opt/ros/galactic/share/ament_cmake_ros/cmake)
[1.792s] -- Using all available rosidl_typesupport_c: rosidl_typesupport_fastrtps_c;rosidl_typesupport_introspection_c
[1.997s] -- Using all available rosidl_typesupport_cpp: rosidl_typesupport_fastrtps_cpp;rosidl_typesupport_introspection_cpp
[2.035s] -- Found PythonInterp: /usr/bin/python3 (found suitable version "3.8.10", minimum required is "3.5") 
[2.036s] -- Found python_cmake_module: 0.8.1 (/opt/ros/galactic/share/python_cmake_module/cmake)
[2.076s] -- Found PythonLibs: /usr/lib/x86_64-linux-gnu/libpython3.8.so (found suitable version "3.8.10", minimum required is "3.5") 
[2.076s] -- Using PYTHON_EXECUTABLE: /usr/bin/python3
[2.077s] -- Using PYTHON_INCLUDE_DIRS: /usr/include/python3.8
[2.077s] -- Using PYTHON_LIBRARIES: /usr/lib/x86_64-linux-gnu/libpython3.8.so
[2.108s] -- Found PythonExtra: .so  
[2.224s] -- Found ament_cmake_flake8: 0.10.7 (/opt/ros/galactic/share/ament_cmake_flake8/cmake)
[2.226s] -- Found ament_cmake_pep257: 0.10.7 (/opt/ros/galactic/share/ament_cmake_pep257/cmake)
[2.230s] -- Found ament_lint_auto: 0.10.7 (/opt/ros/galactic/share/ament_lint_auto/cmake)
[2.243s] -- Added test 'copyright' to check source files copyright and LICENSE
[2.244s] -- Added test 'lint_cmake' to check CMake code style
[2.245s] -- Added test 'xmllint' to check XML markup files
[2.251s] -- Configuring done
[2.321s] -- Generating done
[2.337s] -- Build files have been written to: /home/martin/Desktop/Stage/Projet/ws_carla_ros/build/carla_waypoint_types
[2.417s] Invoked command in '/home/martin/Desktop/Stage/Projet/ws_carla_ros/build/carla_waypoint_types' returned '0': CMAKE_PREFIX_PATH=${CMAKE_PREFIX_PATH}:/home/martin/Desktop/Stage/Projet/ws_carla_ros/install/rqt_carla_control:/home/martin/Desktop/Stage/Projet/ws_carla_ros/install/carla_waypoint_publisher:/home/martin/Desktop/Stage/Projet/ws_carla_ros/install/carla_ackermann_control:/home/martin/Desktop/Stage/Projet/ws_carla_ros/install/carla_ros_bridge:/home/martin/Desktop/Stage/Projet/ws_carla_ros/install/carla_spawn_objects:/home/martin/Desktop/Stage/Projet/ws_carla_ros/install/carla_manual_control:/home/martin/Desktop/Stage/Projet/ws_carla_ros/install/carla_ad_agent:/home/martin/Desktop/Stage/Projet/ws_carla_ros/install/ros_compatibility:/home/martin/Desktop/Stage/Projet/ws_carla_ros/install/carla_walker_agent:/home/martin/Desktop/Stage/Projet/ws_carla_ros/install/carla_twist_to_control:/home/martin/Desktop/Stage/Projet/ws_carla_ros/install/carla_ros_scenario_runner:/home/martin/Desktop/Stage/Projet/ws_carla_ros/install/carla_map_visualization:/home/martin/Desktop/Stage/Projet/ws_carla_ros/install/carla_interface:/home/martin/Desktop/Stage/Projet/ws_carla_ros/install/carla_control_display:/home/martin/Desktop/Stage/Projet/ws_carla_ros/install/carla_common:/opt/ros/galactic /usr/bin/cmake /home/martin/Desktop/Stage/Projet/ws_carla_ros/carla-ros-bridge/carla_waypoint_types -DPYTHON_EXECUTABLE=/usr/bin/python3 -DCMAKE_INSTALL_PREFIX=/home/martin/Desktop/Stage/Projet/ws_carla_ros/install/carla_waypoint_types
[2.432s] Invoking command in '/home/martin/Desktop/Stage/Projet/ws_carla_ros/build/carla_waypoint_types': CMAKE_PREFIX_PATH=${CMAKE_PREFIX_PATH}:/home/martin/Desktop/Stage/Projet/ws_carla_ros/install/rqt_carla_control:/home/martin/Desktop/Stage/Projet/ws_carla_ros/install/carla_waypoint_publisher:/home/martin/Desktop/Stage/Projet/ws_carla_ros/install/carla_ackermann_control:/home/martin/Desktop/Stage/Projet/ws_carla_ros/install/carla_ros_bridge:/home/martin/Desktop/Stage/Projet/ws_carla_ros/install/carla_spawn_objects:/home/martin/Desktop/Stage/Projet/ws_carla_ros/install/carla_manual_control:/home/martin/Desktop/Stage/Projet/ws_carla_ros/install/carla_ad_agent:/home/martin/Desktop/Stage/Projet/ws_carla_ros/install/ros_compatibility:/home/martin/Desktop/Stage/Projet/ws_carla_ros/install/carla_walker_agent:/home/martin/Desktop/Stage/Projet/ws_carla_ros/install/carla_twist_to_control:/home/martin/Desktop/Stage/Projet/ws_carla_ros/install/carla_ros_scenario_runner:/home/martin/Desktop/Stage/Projet/ws_carla_ros/install/carla_map_visualization:/home/martin/Desktop/Stage/Projet/ws_carla_ros/install/carla_interface:/home/martin/Desktop/Stage/Projet/ws_carla_ros/install/carla_control_display:/home/martin/Desktop/Stage/Projet/ws_carla_ros/install/carla_common:/opt/ros/galactic /usr/bin/cmake --build /home/martin/Desktop/Stage/Projet/ws_carla_ros/build/carla_waypoint_types -- -j16 -l16
[2.490s] [35m[1mScanning dependencies of target carla_waypoint_types__cpp[0m
[2.502s] [  4%] [34m[1mGenerating C code for ROS interfaces[0m
[2.502s] [  4%] [34m[1mGenerating C++ code for ROS interfaces[0m
[3.009s] [  4%] Built target carla_waypoint_types__cpp
[3.115s] [  6%] [34m[1mGenerating C++ type support for eProsima Fast-RTPS[0m
[3.116s] [  8%] [34m[1mGenerating C++ type support dispatch for ROS interfaces[0m
[3.127s] [ 10%] [34m[1mGenerating C++ introspection for ROS interfaces[0m
[3.188s] [35m[1mScanning dependencies of target carla_waypoint_types__rosidl_generator_c[0m
[3.243s] [ 12%] [32mBuilding C object CMakeFiles/carla_waypoint_types__rosidl_generator_c.dir/rosidl_generator_c/carla_waypoint_types/msg/detail/carla_waypoint__functions.c.o[0m
[3.258s] [ 14%] [32mBuilding C object CMakeFiles/carla_waypoint_types__rosidl_generator_c.dir/rosidl_generator_c/carla_waypoint_types/srv/detail/get_waypoint__functions.c.o[0m
[3.267s] [ 17%] [32mBuilding C object CMakeFiles/carla_waypoint_types__rosidl_generator_c.dir/rosidl_generator_c/carla_waypoint_types/srv/detail/get_actor_waypoint__functions.c.o[0m
[3.429s] [ 19%] [32m[1mLinking C shared library libcarla_waypoint_types__rosidl_generator_c.so[0m
[3.589s] [ 19%] Built target carla_waypoint_types__rosidl_generator_c
[3.627s] [ 21%] [34m[1mGenerating C type support dispatch for ROS interfaces[0m
[3.648s] [ 23%] [34m[1mGenerating C introspection for ROS interfaces[0m
[3.816s] [35m[1mScanning dependencies of target carla_waypoint_types__rosidl_typesupport_cpp[0m
[3.881s] [ 25%] [32mBuilding CXX object CMakeFiles/carla_waypoint_types__rosidl_typesupport_cpp.dir/rosidl_typesupport_cpp/carla_waypoint_types/srv/get_waypoint__type_support.cpp.o[0m
[3.884s] [ 27%] [32mBuilding CXX object CMakeFiles/carla_waypoint_types__rosidl_typesupport_cpp.dir/rosidl_typesupport_cpp/carla_waypoint_types/msg/carla_waypoint__type_support.cpp.o[0m
[3.942s] [ 29%] [32mBuilding CXX object CMakeFiles/carla_waypoint_types__rosidl_typesupport_cpp.dir/rosidl_typesupport_cpp/carla_waypoint_types/srv/get_actor_waypoint__type_support.cpp.o[0m
[4.143s] [35m[1mScanning dependencies of target carla_waypoint_types__rosidl_typesupport_introspection_cpp[0m
[4.219s] [ 31%] [32mBuilding CXX object CMakeFiles/carla_waypoint_types__rosidl_typesupport_introspection_cpp.dir/rosidl_typesupport_introspection_cpp/carla_waypoint_types/msg/detail/carla_waypoint__type_support.cpp.o[0m
[4.246s] [ 34%] [32mBuilding CXX object CMakeFiles/carla_waypoint_types__rosidl_typesupport_introspection_cpp.dir/rosidl_typesupport_introspection_cpp/carla_waypoint_types/srv/detail/get_actor_waypoint__type_support.cpp.o[0m
[4.250s] [ 36%] [32mBuilding CXX object CMakeFiles/carla_waypoint_types__rosidl_typesupport_introspection_cpp.dir/rosidl_typesupport_introspection_cpp/carla_waypoint_types/srv/detail/get_waypoint__type_support.cpp.o[0m
[4.440s] [35m[1mScanning dependencies of target carla_waypoint_types__rosidl_typesupport_fastrtps_cpp[0m
[4.538s] [ 38%] [32mBuilding CXX object CMakeFiles/carla_waypoint_types__rosidl_typesupport_fastrtps_cpp.dir/rosidl_typesupport_fastrtps_cpp/carla_waypoint_types/msg/detail/dds_fastrtps/carla_waypoint__type_support.cpp.o[0m
[4.570s] [ 40%] [32mBuilding CXX object CMakeFiles/carla_waypoint_types__rosidl_typesupport_fastrtps_cpp.dir/rosidl_typesupport_fastrtps_cpp/carla_waypoint_types/srv/detail/dds_fastrtps/get_waypoint__type_support.cpp.o[0m
[4.608s] [ 42%] [32mBuilding CXX object CMakeFiles/carla_waypoint_types__rosidl_typesupport_fastrtps_cpp.dir/rosidl_typesupport_fastrtps_cpp/carla_waypoint_types/srv/detail/dds_fastrtps/get_actor_waypoint__type_support.cpp.o[0m
[4.702s] [35m[1mScanning dependencies of target carla_waypoint_types__rosidl_typesupport_c[0m
[4.800s] [ 44%] [32mBuilding CXX object CMakeFiles/carla_waypoint_types__rosidl_typesupport_c.dir/rosidl_typesupport_c/carla_waypoint_types/srv/get_waypoint__type_support.cpp.o[0m
[4.805s] [ 46%] [32mBuilding CXX object CMakeFiles/carla_waypoint_types__rosidl_typesupport_c.dir/rosidl_typesupport_c/carla_waypoint_types/msg/carla_waypoint__type_support.cpp.o[0m
[4.820s] [ 48%] [32mBuilding CXX object CMakeFiles/carla_waypoint_types__rosidl_typesupport_c.dir/rosidl_typesupport_c/carla_waypoint_types/srv/get_actor_waypoint__type_support.cpp.o[0m
[4.821s] [35m[1mScanning dependencies of target carla_waypoint_types__rosidl_typesupport_introspection_c[0m
[4.934s] [ 51%] [32mBuilding C object CMakeFiles/carla_waypoint_types__rosidl_typesupport_introspection_c.dir/rosidl_typesupport_introspection_c/carla_waypoint_types/msg/detail/carla_waypoint__type_support.c.o[0m
[4.937s] [ 53%] [32mBuilding C object CMakeFiles/carla_waypoint_types__rosidl_typesupport_introspection_c.dir/rosidl_typesupport_introspection_c/carla_waypoint_types/srv/detail/get_waypoint__type_support.c.o[0m
[4.950s] [ 55%] [32mBuilding C object CMakeFiles/carla_waypoint_types__rosidl_typesupport_introspection_c.dir/rosidl_typesupport_introspection_c/carla_waypoint_types/srv/detail/get_actor_waypoint__type_support.c.o[0m
[5.028s] [ 57%] [32m[1mLinking CXX shared library libcarla_waypoint_types__rosidl_typesupport_c.so[0m
[5.146s] [ 59%] [32m[1mLinking C shared library libcarla_waypoint_types__rosidl_typesupport_introspection_c.so[0m
[5.187s] [ 59%] Built target carla_waypoint_types__rosidl_typesupport_c
[5.191s] [ 61%] [32m[1mLinking CXX shared library libcarla_waypoint_types__rosidl_typesupport_cpp.so[0m
[5.265s] [ 61%] Built target carla_waypoint_types__rosidl_typesupport_introspection_c
[5.361s] [ 61%] Built target carla_waypoint_types__rosidl_typesupport_cpp
[5.506s] [ 63%] [32m[1mLinking CXX shared library libcarla_waypoint_types__rosidl_typesupport_fastrtps_cpp.so[0m
[5.524s] [ 65%] [32m[1mLinking CXX shared library libcarla_waypoint_types__rosidl_typesupport_introspection_cpp.so[0m
[5.786s] [ 65%] Built target carla_waypoint_types__rosidl_typesupport_introspection_cpp
[5.883s] [ 65%] Built target carla_waypoint_types__rosidl_typesupport_fastrtps_cpp
[5.959s] [ 68%] [34m[1mGenerating C type support for eProsima Fast-RTPS[0m
[6.637s] [35m[1mScanning dependencies of target carla_waypoint_types__rosidl_typesupport_fastrtps_c[0m
[6.703s] [ 70%] [32mBuilding CXX object CMakeFiles/carla_waypoint_types__rosidl_typesupport_fastrtps_c.dir/rosidl_typesupport_fastrtps_c/carla_waypoint_types/msg/detail/carla_waypoint__type_support_c.cpp.o[0m
[6.717s] [ 72%] [32mBuilding CXX object CMakeFiles/carla_waypoint_types__rosidl_typesupport_fastrtps_c.dir/rosidl_typesupport_fastrtps_c/carla_waypoint_types/srv/detail/get_waypoint__type_support_c.cpp.o[0m
[6.735s] [ 74%] [32mBuilding CXX object CMakeFiles/carla_waypoint_types__rosidl_typesupport_fastrtps_c.dir/rosidl_typesupport_fastrtps_c/carla_waypoint_types/srv/detail/get_actor_waypoint__type_support_c.cpp.o[0m
[7.845s] [ 76%] [32m[1mLinking CXX shared library libcarla_waypoint_types__rosidl_typesupport_fastrtps_c.so[0m
[8.761s] [ 76%] Built target carla_waypoint_types__rosidl_typesupport_fastrtps_c
[8.793s] [35m[1mScanning dependencies of target carla_waypoint_types[0m
[8.838s] [ 76%] Built target carla_waypoint_types
[8.885s] [35m[1mScanning dependencies of target carla_waypoint_types__py[0m
[8.966s] [ 78%] [34m[1mGenerating Python code for ROS interfaces[0m
[10.892s] [ 78%] Built target carla_waypoint_types__py
[10.940s] [35m[1mScanning dependencies of target carla_waypoint_types__python[0m
[11.070s] [ 80%] [32mBuilding C object CMakeFiles/carla_waypoint_types__python.dir/rosidl_generator_py/carla_waypoint_types/msg/_carla_waypoint_s.c.o[0m
[11.086s] [ 82%] [32mBuilding C object CMakeFiles/carla_waypoint_types__python.dir/rosidl_generator_py/carla_waypoint_types/srv/_get_waypoint_s.c.o[0m
[11.104s] [ 85%] [32mBuilding C object CMakeFiles/carla_waypoint_types__python.dir/rosidl_generator_py/carla_waypoint_types/srv/_get_actor_waypoint_s.c.o[0m
[12.135s] [ 87%] [32m[1mLinking C shared library rosidl_generator_py/carla_waypoint_types/libcarla_waypoint_types__python.so[0m
[12.498s] [ 87%] Built target carla_waypoint_types__python
[12.598s] [35m[1mScanning dependencies of target carla_waypoint_types__rosidl_typesupport_introspection_c__pyext[0m
[12.627s] [35m[1mScanning dependencies of target carla_waypoint_types__rosidl_typesupport_fastrtps_c__pyext[0m
[12.632s] [35m[1mScanning dependencies of target carla_waypoint_types__rosidl_typesupport_c__pyext[0m
[12.728s] [ 89%] [32mBuilding C object CMakeFiles/carla_waypoint_types__rosidl_typesupport_introspection_c__pyext.dir/rosidl_generator_py/carla_waypoint_types/_carla_waypoint_types_s.ep.rosidl_typesupport_introspection_c.c.o[0m
[12.830s] [ 91%] [32mBuilding C object CMakeFiles/carla_waypoint_types__rosidl_typesupport_c__pyext.dir/rosidl_generator_py/carla_waypoint_types/_carla_waypoint_types_s.ep.rosidl_typesupport_c.c.o[0m
[12.833s] [ 93%] [32mBuilding C object CMakeFiles/carla_waypoint_types__rosidl_typesupport_fastrtps_c__pyext.dir/rosidl_generator_py/carla_waypoint_types/_carla_waypoint_types_s.ep.rosidl_typesupport_fastrtps_c.c.o[0m
[13.440s] [ 95%] [32m[1mLinking CXX shared library rosidl_generator_py/carla_waypoint_types/carla_waypoint_types_s__rosidl_typesupport_fastrtps_c.cpython-38-x86_64-linux-gnu.so[0m
[13.632s] [ 97%] [32m[1mLinking C shared library rosidl_generator_py/carla_waypoint_types/carla_waypoint_types_s__rosidl_typesupport_introspection_c.cpython-38-x86_64-linux-gnu.so[0m
[13.730s] [100%] [32m[1mLinking C shared library rosidl_generator_py/carla_waypoint_types/carla_waypoint_types_s__rosidl_typesupport_c.cpython-38-x86_64-linux-gnu.so[0m
[13.915s] [100%] Built target carla_waypoint_types__rosidl_typesupport_introspection_c__pyext
[14.014s] [100%] Built target carla_waypoint_types__rosidl_typesupport_fastrtps_c__pyext
[14.023s] [100%] Built target carla_waypoint_types__rosidl_typesupport_c__pyext
[14.092s] Invoked command in '/home/martin/Desktop/Stage/Projet/ws_carla_ros/build/carla_waypoint_types' returned '0': CMAKE_PREFIX_PATH=${CMAKE_PREFIX_PATH}:/home/martin/Desktop/Stage/Projet/ws_carla_ros/install/rqt_carla_control:/home/martin/Desktop/Stage/Projet/ws_carla_ros/install/carla_waypoint_publisher:/home/martin/Desktop/Stage/Projet/ws_carla_ros/install/carla_ackermann_control:/home/martin/Desktop/Stage/Projet/ws_carla_ros/install/carla_ros_bridge:/home/martin/Desktop/Stage/Projet/ws_carla_ros/install/carla_spawn_objects:/home/martin/Desktop/Stage/Projet/ws_carla_ros/install/carla_manual_control:/home/martin/Desktop/Stage/Projet/ws_carla_ros/install/carla_ad_agent:/home/martin/Desktop/Stage/Projet/ws_carla_ros/install/ros_compatibility:/home/martin/Desktop/Stage/Projet/ws_carla_ros/install/carla_walker_agent:/home/martin/Desktop/Stage/Projet/ws_carla_ros/install/carla_twist_to_control:/home/martin/Desktop/Stage/Projet/ws_carla_ros/install/carla_ros_scenario_runner:/home/martin/Desktop/Stage/Projet/ws_carla_ros/install/carla_map_visualization:/home/martin/Desktop/Stage/Projet/ws_carla_ros/install/carla_interface:/home/martin/Desktop/Stage/Projet/ws_carla_ros/install/carla_control_display:/home/martin/Desktop/Stage/Projet/ws_carla_ros/install/carla_common:/opt/ros/galactic /usr/bin/cmake --build /home/martin/Desktop/Stage/Projet/ws_carla_ros/build/carla_waypoint_types -- -j16 -l16
[14.094s] Invoking command in '/home/martin/Desktop/Stage/Projet/ws_carla_ros/build/carla_waypoint_types': CMAKE_PREFIX_PATH=${CMAKE_PREFIX_PATH}:/home/martin/Desktop/Stage/Projet/ws_carla_ros/install/rqt_carla_control:/home/martin/Desktop/Stage/Projet/ws_carla_ros/install/carla_waypoint_publisher:/home/martin/Desktop/Stage/Projet/ws_carla_ros/install/carla_ackermann_control:/home/martin/Desktop/Stage/Projet/ws_carla_ros/install/carla_ros_bridge:/home/martin/Desktop/Stage/Projet/ws_carla_ros/install/carla_spawn_objects:/home/martin/Desktop/Stage/Projet/ws_carla_ros/install/carla_manual_control:/home/martin/Desktop/Stage/Projet/ws_carla_ros/install/carla_ad_agent:/home/martin/Desktop/Stage/Projet/ws_carla_ros/install/ros_compatibility:/home/martin/Desktop/Stage/Projet/ws_carla_ros/install/carla_walker_agent:/home/martin/Desktop/Stage/Projet/ws_carla_ros/install/carla_twist_to_control:/home/martin/Desktop/Stage/Projet/ws_carla_ros/install/carla_ros_scenario_runner:/home/martin/Desktop/Stage/Projet/ws_carla_ros/install/carla_map_visualization:/home/martin/Desktop/Stage/Projet/ws_carla_ros/install/carla_interface:/home/martin/Desktop/Stage/Projet/ws_carla_ros/install/carla_control_display:/home/martin/Desktop/Stage/Projet/ws_carla_ros/install/carla_common:/opt/ros/galactic /usr/bin/cmake --install /home/martin/Desktop/Stage/Projet/ws_carla_ros/build/carla_waypoint_types
[24.998s] -- Install configuration: ""
[24.998s] -- Installing: /home/martin/Desktop/Stage/Projet/ws_carla_ros/install/carla_waypoint_types/share/ament_index/resource_index/rosidl_interfaces/carla_waypoint_types
[24.998s] -- Installing: /home/martin/Desktop/Stage/Projet/ws_carla_ros/install/carla_waypoint_types/include/carla_waypoint_types
[24.998s] -- Installing: /home/martin/Desktop/Stage/Projet/ws_carla_ros/install/carla_waypoint_types/include/carla_waypoint_types/srv
[24.998s] -- Installing: /home/martin/Desktop/Stage/Projet/ws_carla_ros/install/carla_waypoint_types/include/carla_waypoint_types/srv/get_actor_waypoint.h
[24.998s] -- Installing: /home/martin/Desktop/Stage/Projet/ws_carla_ros/install/carla_waypoint_types/include/carla_waypoint_types/srv/get_waypoint.h
[24.998s] -- Installing: /home/martin/Desktop/Stage/Projet/ws_carla_ros/install/carla_waypoint_types/include/carla_waypoint_types/srv/detail
[24.999s] -- Installing: /home/martin/Desktop/Stage/Projet/ws_carla_ros/install/carla_waypoint_types/include/carla_waypoint_types/srv/detail/get_waypoint__type_support.h
[24.999s] -- Installing: /home/martin/Desktop/Stage/Projet/ws_carla_ros/install/carla_waypoint_types/include/carla_waypoint_types/srv/detail/get_actor_waypoint__type_support.h
[24.999s] -- Installing: /home/martin/Desktop/Stage/Projet/ws_carla_ros/install/carla_waypoint_types/include/carla_waypoint_types/srv/detail/get_actor_waypoint__functions.h
[24.999s] -- Installing: /home/martin/Desktop/Stage/Projet/ws_carla_ros/install/carla_waypoint_types/include/carla_waypoint_types/srv/detail/get_actor_waypoint__struct.h
[24.999s] -- Installing: /home/martin/Desktop/Stage/Projet/ws_carla_ros/install/carla_waypoint_types/include/carla_waypoint_types/srv/detail/get_waypoint__functions.c
[24.999s] -- Installing: /home/martin/Desktop/Stage/Projet/ws_carla_ros/install/carla_waypoint_types/include/carla_waypoint_types/srv/detail/get_waypoint__functions.h
[24.999s] -- Installing: /home/martin/Desktop/Stage/Projet/ws_carla_ros/install/carla_waypoint_types/include/carla_waypoint_types/srv/detail/get_waypoint__struct.h
[24.999s] -- Installing: /home/martin/Desktop/Stage/Projet/ws_carla_ros/install/carla_waypoint_types/include/carla_waypoint_types/srv/detail/get_actor_waypoint__functions.c
[24.999s] -- Installing: /home/martin/Desktop/Stage/Projet/ws_carla_ros/install/carla_waypoint_types/include/carla_waypoint_types/msg
[24.999s] -- Installing: /home/martin/Desktop/Stage/Projet/ws_carla_ros/install/carla_waypoint_types/include/carla_waypoint_types/msg/rosidl_generator_c__visibility_control.h
[24.999s] -- Installing: /home/martin/Desktop/Stage/Projet/ws_carla_ros/install/carla_waypoint_types/include/carla_waypoint_types/msg/carla_waypoint.h
[24.999s] -- Installing: /home/martin/Desktop/Stage/Projet/ws_carla_ros/install/carla_waypoint_types/include/carla_waypoint_types/msg/detail
[24.999s] -- Installing: /home/martin/Desktop/Stage/Projet/ws_carla_ros/install/carla_waypoint_types/include/carla_waypoint_types/msg/detail/carla_waypoint__functions.h
[24.999s] -- Installing: /home/martin/Desktop/Stage/Projet/ws_carla_ros/install/carla_waypoint_types/include/carla_waypoint_types/msg/detail/carla_waypoint__type_support.h
[25.000s] -- Installing: /home/martin/Desktop/Stage/Projet/ws_carla_ros/install/carla_waypoint_types/include/carla_waypoint_types/msg/detail/carla_waypoint__functions.c
[25.000s] -- Installing: /home/martin/Desktop/Stage/Projet/ws_carla_ros/install/carla_waypoint_types/include/carla_waypoint_types/msg/detail/carla_waypoint__struct.h
[25.000s] -- Installing: /home/martin/Desktop/Stage/Projet/ws_carla_ros/install/carla_waypoint_types/share/carla_waypoint_types/environment/library_path.sh
[25.000s] -- Installing: /home/martin/Desktop/Stage/Projet/ws_carla_ros/install/carla_waypoint_types/share/carla_waypoint_types/environment/library_path.dsv
[25.000s] -- Installing: /home/martin/Desktop/Stage/Projet/ws_carla_ros/install/carla_waypoint_types/lib/libcarla_waypoint_types__rosidl_generator_c.so
[25.000s] -- Set runtime path of "/home/martin/Desktop/Stage/Projet/ws_carla_ros/install/carla_waypoint_types/lib/libcarla_waypoint_types__rosidl_generator_c.so" to ""
[25.000s] -- Up-to-date: /home/martin/Desktop/Stage/Projet/ws_carla_ros/install/carla_waypoint_types/include/carla_waypoint_types
[25.000s] -- Up-to-date: /home/martin/Desktop/Stage/Projet/ws_carla_ros/install/carla_waypoint_types/include/carla_waypoint_types/srv
[25.000s] -- Up-to-date: /home/martin/Desktop/Stage/Projet/ws_carla_ros/install/carla_waypoint_types/include/carla_waypoint_types/srv/detail
[25.000s] -- Installing: /home/martin/Desktop/Stage/Projet/ws_carla_ros/install/carla_waypoint_types/include/carla_waypoint_types/srv/detail/get_actor_waypoint__rosidl_typesupport_fastrtps_c.h
[25.000s] -- Installing: /home/martin/Desktop/Stage/Projet/ws_carla_ros/install/carla_waypoint_types/include/carla_waypoint_types/srv/detail/get_waypoint__rosidl_typesupport_fastrtps_c.h
[25.000s] -- Up-to-date: /home/martin/Desktop/Stage/Projet/ws_carla_ros/install/carla_waypoint_types/include/carla_waypoint_types/msg
[25.000s] -- Installing: /home/martin/Desktop/Stage/Projet/ws_carla_ros/install/carla_waypoint_types/include/carla_waypoint_types/msg/rosidl_typesupport_fastrtps_c__visibility_control.h
[25.000s] -- Up-to-date: /home/martin/Desktop/Stage/Projet/ws_carla_ros/install/carla_waypoint_types/include/carla_waypoint_types/msg/detail
[25.000s] -- Installing: /home/martin/Desktop/Stage/Projet/ws_carla_ros/install/carla_waypoint_types/include/carla_waypoint_types/msg/detail/carla_waypoint__rosidl_typesupport_fastrtps_c.h
[25.000s] -- Installing: /home/martin/Desktop/Stage/Projet/ws_carla_ros/install/carla_waypoint_types/lib/libcarla_waypoint_types__rosidl_typesupport_fastrtps_c.so
[25.000s] -- Set runtime path of "/home/martin/Desktop/Stage/Projet/ws_carla_ros/install/carla_waypoint_types/lib/libcarla_waypoint_types__rosidl_typesupport_fastrtps_c.so" to ""
[25.000s] -- Up-to-date: /home/martin/Desktop/Stage/Projet/ws_carla_ros/install/carla_waypoint_types/include/carla_waypoint_types
[25.000s] -- Up-to-date: /home/martin/Desktop/Stage/Projet/ws_carla_ros/install/carla_waypoint_types/include/carla_waypoint_types/srv
[25.001s] -- Up-to-date: /home/martin/Desktop/Stage/Projet/ws_carla_ros/install/carla_waypoint_types/include/carla_waypoint_types/srv/detail
[25.001s] -- Installing: /home/martin/Desktop/Stage/Projet/ws_carla_ros/install/carla_waypoint_types/include/carla_waypoint_types/srv/detail/get_actor_waypoint__rosidl_typesupport_fastrtps_cpp.hpp
[25.001s] -- Installing: /home/martin/Desktop/Stage/Projet/ws_carla_ros/install/carla_waypoint_types/include/carla_waypoint_types/srv/detail/dds_fastrtps
[25.001s] -- Installing: /home/martin/Desktop/Stage/Projet/ws_carla_ros/install/carla_waypoint_types/include/carla_waypoint_types/srv/detail/get_waypoint__rosidl_typesupport_fastrtps_cpp.hpp
[25.001s] -- Up-to-date: /home/martin/Desktop/Stage/Projet/ws_carla_ros/install/carla_waypoint_types/include/carla_waypoint_types/msg
[25.001s] -- Up-to-date: /home/martin/Desktop/Stage/Projet/ws_carla_ros/install/carla_waypoint_types/include/carla_waypoint_types/msg/detail
[25.001s] -- Installing: /home/martin/Desktop/Stage/Projet/ws_carla_ros/install/carla_waypoint_types/include/carla_waypoint_types/msg/detail/carla_waypoint__rosidl_typesupport_fastrtps_cpp.hpp
[25.001s] -- Installing: /home/martin/Desktop/Stage/Projet/ws_carla_ros/install/carla_waypoint_types/include/carla_waypoint_types/msg/detail/dds_fastrtps
[25.001s] -- Installing: /home/martin/Desktop/Stage/Projet/ws_carla_ros/install/carla_waypoint_types/include/carla_waypoint_types/msg/rosidl_typesupport_fastrtps_cpp__visibility_control.h
[25.001s] -- Installing: /home/martin/Desktop/Stage/Projet/ws_carla_ros/install/carla_waypoint_types/lib/libcarla_waypoint_types__rosidl_typesupport_fastrtps_cpp.so
[25.001s] -- Set runtime path of "/home/martin/Desktop/Stage/Projet/ws_carla_ros/install/carla_waypoint_types/lib/libcarla_waypoint_types__rosidl_typesupport_fastrtps_cpp.so" to ""
[25.001s] -- Up-to-date: /home/martin/Desktop/Stage/Projet/ws_carla_ros/install/carla_waypoint_types/include/carla_waypoint_types
[25.001s] -- Up-to-date: /home/martin/Desktop/Stage/Projet/ws_carla_ros/install/carla_waypoint_types/include/carla_waypoint_types/srv
[25.001s] -- Up-to-date: /home/martin/Desktop/Stage/Projet/ws_carla_ros/install/carla_waypoint_types/include/carla_waypoint_types/srv/detail
[25.001s] -- Installing: /home/martin/Desktop/Stage/Projet/ws_carla_ros/install/carla_waypoint_types/include/carla_waypoint_types/srv/detail/get_actor_waypoint__type_support.c
[25.001s] -- Installing: /home/martin/Desktop/Stage/Projet/ws_carla_ros/install/carla_waypoint_types/include/carla_waypoint_types/srv/detail/get_actor_waypoint__rosidl_typesupport_introspection_c.h
[25.001s] -- Installing: /home/martin/Desktop/Stage/Projet/ws_carla_ros/install/carla_waypoint_types/include/carla_waypoint_types/srv/detail/get_waypoint__type_support.c
[25.001s] -- Installing: /home/martin/Desktop/Stage/Projet/ws_carla_ros/install/carla_waypoint_types/include/carla_waypoint_types/srv/detail/get_waypoint__rosidl_typesupport_introspection_c.h
[25.001s] -- Up-to-date: /home/martin/Desktop/Stage/Projet/ws_carla_ros/install/carla_waypoint_types/include/carla_waypoint_types/msg
[25.002s] -- Installing: /home/martin/Desktop/Stage/Projet/ws_carla_ros/install/carla_waypoint_types/include/carla_waypoint_types/msg/rosidl_typesupport_introspection_c__visibility_control.h
[25.002s] -- Up-to-date: /home/martin/Desktop/Stage/Projet/ws_carla_ros/install/carla_waypoint_types/include/carla_waypoint_types/msg/detail
[25.002s] -- Installing: /home/martin/Desktop/Stage/Projet/ws_carla_ros/install/carla_waypoint_types/include/carla_waypoint_types/msg/detail/carla_waypoint__rosidl_typesupport_introspection_c.h
[25.002s] -- Installing: /home/martin/Desktop/Stage/Projet/ws_carla_ros/install/carla_waypoint_types/include/carla_waypoint_types/msg/detail/carla_waypoint__type_support.c
[25.002s] -- Installing: /home/martin/Desktop/Stage/Projet/ws_carla_ros/install/carla_waypoint_types/lib/libcarla_waypoint_types__rosidl_typesupport_introspection_c.so
[25.002s] -- Set runtime path of "/home/martin/Desktop/Stage/Projet/ws_carla_ros/install/carla_waypoint_types/lib/libcarla_waypoint_types__rosidl_typesupport_introspection_c.so" to ""
[25.002s] -- Installing: /home/martin/Desktop/Stage/Projet/ws_carla_ros/install/carla_waypoint_types/lib/libcarla_waypoint_types__rosidl_typesupport_c.so
[25.002s] -- Set runtime path of "/home/martin/Desktop/Stage/Projet/ws_carla_ros/install/carla_waypoint_types/lib/libcarla_waypoint_types__rosidl_typesupport_c.so" to ""
[25.002s] -- Up-to-date: /home/martin/Desktop/Stage/Projet/ws_carla_ros/install/carla_waypoint_types/include/carla_waypoint_types
[25.002s] -- Up-to-date: /home/martin/Desktop/Stage/Projet/ws_carla_ros/install/carla_waypoint_types/include/carla_waypoint_types/srv
[25.002s] -- Installing: /home/martin/Desktop/Stage/Projet/ws_carla_ros/install/carla_waypoint_types/include/carla_waypoint_types/srv/get_waypoint.hpp
[25.002s] -- Installing: /home/martin/Desktop/Stage/Projet/ws_carla_ros/install/carla_waypoint_types/include/carla_waypoint_types/srv/get_actor_waypoint.hpp
[25.002s] -- Up-to-date: /home/martin/Desktop/Stage/Projet/ws_carla_ros/install/carla_waypoint_types/include/carla_waypoint_types/srv/detail
[25.002s] -- Installing: /home/martin/Desktop/Stage/Projet/ws_carla_ros/install/carla_waypoint_types/include/carla_waypoint_types/srv/detail/get_actor_waypoint__builder.hpp
[25.002s] -- Installing: /home/martin/Desktop/Stage/Projet/ws_carla_ros/install/carla_waypoint_types/include/carla_waypoint_types/srv/detail/get_waypoint__struct.hpp
[25.002s] -- Installing: /home/martin/Desktop/Stage/Projet/ws_carla_ros/install/carla_waypoint_types/include/carla_waypoint_types/srv/detail/get_actor_waypoint__struct.hpp
[25.002s] -- Installing: /home/martin/Desktop/Stage/Projet/ws_carla_ros/install/carla_waypoint_types/include/carla_waypoint_types/srv/detail/get_waypoint__traits.hpp
[25.002s] -- Installing: /home/martin/Desktop/Stage/Projet/ws_carla_ros/install/carla_waypoint_types/include/carla_waypoint_types/srv/detail/get_actor_waypoint__traits.hpp
[25.002s] -- Installing: /home/martin/Desktop/Stage/Projet/ws_carla_ros/install/carla_waypoint_types/include/carla_waypoint_types/srv/detail/get_waypoint__builder.hpp
[25.002s] -- Up-to-date: /home/martin/Desktop/Stage/Projet/ws_carla_ros/install/carla_waypoint_types/include/carla_waypoint_types/msg
[25.003s] -- Installing: /home/martin/Desktop/Stage/Projet/ws_carla_ros/install/carla_waypoint_types/include/carla_waypoint_types/msg/carla_waypoint.hpp
[25.003s] -- Up-to-date: /home/martin/Desktop/Stage/Projet/ws_carla_ros/install/carla_waypoint_types/include/carla_waypoint_types/msg/detail
[25.003s] -- Installing: /home/martin/Desktop/Stage/Projet/ws_carla_ros/install/carla_waypoint_types/include/carla_waypoint_types/msg/detail/carla_waypoint__struct.hpp
[25.003s] -- Installing: /home/martin/Desktop/Stage/Projet/ws_carla_ros/install/carla_waypoint_types/include/carla_waypoint_types/msg/detail/carla_waypoint__builder.hpp
[25.003s] -- Installing: /home/martin/Desktop/Stage/Projet/ws_carla_ros/install/carla_waypoint_types/include/carla_waypoint_types/msg/detail/carla_waypoint__traits.hpp
[25.003s] -- Up-to-date: /home/martin/Desktop/Stage/Projet/ws_carla_ros/install/carla_waypoint_types/include/carla_waypoint_types
[25.003s] -- Up-to-date: /home/martin/Desktop/Stage/Projet/ws_carla_ros/install/carla_waypoint_types/include/carla_waypoint_types/srv
[25.003s] -- Up-to-date: /home/martin/Desktop/Stage/Projet/ws_carla_ros/install/carla_waypoint_types/include/carla_waypoint_types/srv/detail
[25.003s] -- Installing: /home/martin/Desktop/Stage/Projet/ws_carla_ros/install/carla_waypoint_types/include/carla_waypoint_types/srv/detail/get_waypoint__rosidl_typesupport_introspection_cpp.hpp
[25.003s] -- Installing: /home/martin/Desktop/Stage/Projet/ws_carla_ros/install/carla_waypoint_types/include/carla_waypoint_types/srv/detail/get_waypoint__type_support.cpp
[25.003s] -- Installing: /home/martin/Desktop/Stage/Projet/ws_carla_ros/install/carla_waypoint_types/include/carla_waypoint_types/srv/detail/get_actor_waypoint__rosidl_typesupport_introspection_cpp.hpp
[25.003s] -- Installing: /home/martin/Desktop/Stage/Projet/ws_carla_ros/install/carla_waypoint_types/include/carla_waypoint_types/srv/detail/get_actor_waypoint__type_support.cpp
[25.003s] -- Up-to-date: /home/martin/Desktop/Stage/Projet/ws_carla_ros/install/carla_waypoint_types/include/carla_waypoint_types/msg
[25.003s] -- Up-to-date: /home/martin/Desktop/Stage/Projet/ws_carla_ros/install/carla_waypoint_types/include/carla_waypoint_types/msg/detail
[25.003s] -- Installing: /home/martin/Desktop/Stage/Projet/ws_carla_ros/install/carla_waypoint_types/include/carla_waypoint_types/msg/detail/carla_waypoint__rosidl_typesupport_introspection_cpp.hpp
[25.003s] -- Installing: /home/martin/Desktop/Stage/Projet/ws_carla_ros/install/carla_waypoint_types/include/carla_waypoint_types/msg/detail/carla_waypoint__type_support.cpp
[25.003s] -- Installing: /home/martin/Desktop/Stage/Projet/ws_carla_ros/install/carla_waypoint_types/lib/libcarla_waypoint_types__rosidl_typesupport_introspection_cpp.so
[25.003s] -- Set runtime path of "/home/martin/Desktop/Stage/Projet/ws_carla_ros/install/carla_waypoint_types/lib/libcarla_waypoint_types__rosidl_typesupport_introspection_cpp.so" to ""
[25.003s] -- Installing: /home/martin/Desktop/Stage/Projet/ws_carla_ros/install/carla_waypoint_types/lib/libcarla_waypoint_types__rosidl_typesupport_cpp.so
[25.003s] -- Set runtime path of "/home/martin/Desktop/Stage/Projet/ws_carla_ros/install/carla_waypoint_types/lib/libcarla_waypoint_types__rosidl_typesupport_cpp.so" to ""
[25.004s] -- Installing: /home/martin/Desktop/Stage/Projet/ws_carla_ros/install/carla_waypoint_types/share/carla_waypoint_types/environment/pythonpath.sh
[25.004s] -- Installing: /home/martin/Desktop/Stage/Projet/ws_carla_ros/install/carla_waypoint_types/share/carla_waypoint_types/environment/pythonpath.dsv
[25.004s] -- Installing: /home/martin/Desktop/Stage/Projet/ws_carla_ros/install/carla_waypoint_types/lib/python3.8/site-packages/carla_waypoint_types/__init__.py
[25.004s] Compiling '/home/martin/Desktop/Stage/Projet/ws_carla_ros/install/carla_waypoint_types/lib/python3.8/site-packages/carla_waypoint_types/__init__.py'...
[25.004s] -- Installing: /home/martin/Desktop/Stage/Projet/ws_carla_ros/install/carla_waypoint_types/lib/python3.8/site-packages/carla_waypoint_types/msg
[25.004s] -- Installing: /home/martin/Desktop/Stage/Projet/ws_carla_ros/install/carla_waypoint_types/lib/python3.8/site-packages/carla_waypoint_types/msg/_carla_waypoint.py
[25.004s] -- Installing: /home/martin/Desktop/Stage/Projet/ws_carla_ros/install/carla_waypoint_types/lib/python3.8/site-packages/carla_waypoint_types/msg/__init__.py
[25.004s] -- Installing: /home/martin/Desktop/Stage/Projet/ws_carla_ros/install/carla_waypoint_types/lib/python3.8/site-packages/carla_waypoint_types/msg/_carla_waypoint_s.c
[25.004s] -- Installing: /home/martin/Desktop/Stage/Projet/ws_carla_ros/install/carla_waypoint_types/lib/python3.8/site-packages/carla_waypoint_types/srv
[25.004s] -- Installing: /home/martin/Desktop/Stage/Projet/ws_carla_ros/install/carla_waypoint_types/lib/python3.8/site-packages/carla_waypoint_types/srv/_get_waypoint_s.c
[25.004s] -- Installing: /home/martin/Desktop/Stage/Projet/ws_carla_ros/install/carla_waypoint_types/lib/python3.8/site-packages/carla_waypoint_types/srv/_get_actor_waypoint.py
[25.004s] -- Installing: /home/martin/Desktop/Stage/Projet/ws_carla_ros/install/carla_waypoint_types/lib/python3.8/site-packages/carla_waypoint_types/srv/_get_actor_waypoint_s.c
[25.004s] -- Installing: /home/martin/Desktop/Stage/Projet/ws_carla_ros/install/carla_waypoint_types/lib/python3.8/site-packages/carla_waypoint_types/srv/__init__.py
[25.004s] -- Installing: /home/martin/Desktop/Stage/Projet/ws_carla_ros/install/carla_waypoint_types/lib/python3.8/site-packages/carla_waypoint_types/srv/_get_waypoint.py
[25.004s] -- Installing: /home/martin/Desktop/Stage/Projet/ws_carla_ros/install/carla_waypoint_types/lib/python3.8/site-packages/carla_waypoint_types/carla_waypoint_types_s__rosidl_typesupport_fastrtps_c.cpython-38-x86_64-linux-gnu.so
[25.004s] -- Set runtime path of "/home/martin/Desktop/Stage/Projet/ws_carla_ros/install/carla_waypoint_types/lib/python3.8/site-packages/carla_waypoint_types/carla_waypoint_types_s__rosidl_typesupport_fastrtps_c.cpython-38-x86_64-linux-gnu.so" to ""
[25.004s] -- Installing: /home/martin/Desktop/Stage/Projet/ws_carla_ros/install/carla_waypoint_types/lib/python3.8/site-packages/carla_waypoint_types/carla_waypoint_types_s__rosidl_typesupport_introspection_c.cpython-38-x86_64-linux-gnu.so
[25.004s] -- Set runtime path of "/home/martin/Desktop/Stage/Projet/ws_carla_ros/install/carla_waypoint_types/lib/python3.8/site-packages/carla_waypoint_types/carla_waypoint_types_s__rosidl_typesupport_introspection_c.cpython-38-x86_64-linux-gnu.so" to ""
[25.004s] -- Installing: /home/martin/Desktop/Stage/Projet/ws_carla_ros/install/carla_waypoint_types/lib/python3.8/site-packages/carla_waypoint_types/carla_waypoint_types_s__rosidl_typesupport_c.cpython-38-x86_64-linux-gnu.so
[25.004s] -- Set runtime path of "/home/martin/Desktop/Stage/Projet/ws_carla_ros/install/carla_waypoint_types/lib/python3.8/site-packages/carla_waypoint_types/carla_waypoint_types_s__rosidl_typesupport_c.cpython-38-x86_64-linux-gnu.so" to ""
[25.005s] -- Installing: /home/martin/Desktop/Stage/Projet/ws_carla_ros/install/carla_waypoint_types/lib/libcarla_waypoint_types__python.so
[25.005s] -- Set runtime path of "/home/martin/Desktop/Stage/Projet/ws_carla_ros/install/carla_waypoint_types/lib/libcarla_waypoint_types__python.so" to ""
[25.005s] -- Installing: /home/martin/Desktop/Stage/Projet/ws_carla_ros/install/carla_waypoint_types/share/carla_waypoint_types/msg/CarlaWaypoint.idl
[25.005s] -- Installing: /home/martin/Desktop/Stage/Projet/ws_carla_ros/install/carla_waypoint_types/share/carla_waypoint_types/srv/GetWaypoint.idl
[25.005s] -- Installing: /home/martin/Desktop/Stage/Projet/ws_carla_ros/install/carla_waypoint_types/share/carla_waypoint_types/srv/GetActorWaypoint.idl
[25.005s] -- Installing: /home/martin/Desktop/Stage/Projet/ws_carla_ros/install/carla_waypoint_types/share/carla_waypoint_types/msg/CarlaWaypoint.msg
[25.005s] -- Installing: /home/martin/Desktop/Stage/Projet/ws_carla_ros/install/carla_waypoint_types/share/carla_waypoint_types/srv/GetWaypoint.srv
[25.005s] -- Installing: /home/martin/Desktop/Stage/Projet/ws_carla_ros/install/carla_waypoint_types/share/carla_waypoint_types/srv/GetWaypoint_Request.msg
[25.005s] -- Installing: /home/martin/Desktop/Stage/Projet/ws_carla_ros/install/carla_waypoint_types/share/carla_waypoint_types/srv/GetWaypoint_Response.msg
[25.005s] -- Installing: /home/martin/Desktop/Stage/Projet/ws_carla_ros/install/carla_waypoint_types/share/carla_waypoint_types/srv/GetActorWaypoint.srv
[25.005s] -- Installing: /home/martin/Desktop/Stage/Projet/ws_carla_ros/install/carla_waypoint_types/share/carla_waypoint_types/srv/GetActorWaypoint_Request.msg
[25.005s] -- Installing: /home/martin/Desktop/Stage/Projet/ws_carla_ros/install/carla_waypoint_types/share/carla_waypoint_types/srv/GetActorWaypoint_Response.msg
[25.005s] -- Installing: /home/martin/Desktop/Stage/Projet/ws_carla_ros/install/carla_waypoint_types/share/ament_index/resource_index/package_run_dependencies/carla_waypoint_types
[25.005s] -- Installing: /home/martin/Desktop/Stage/Projet/ws_carla_ros/install/carla_waypoint_types/share/ament_index/resource_index/parent_prefix_path/carla_waypoint_types
[25.005s] -- Installing: /home/martin/Desktop/Stage/Projet/ws_carla_ros/install/carla_waypoint_types/share/carla_waypoint_types/environment/ament_prefix_path.sh
[25.005s] -- Installing: /home/martin/Desktop/Stage/Projet/ws_carla_ros/install/carla_waypoint_types/share/carla_waypoint_types/environment/ament_prefix_path.dsv
[25.005s] -- Installing: /home/martin/Desktop/Stage/Projet/ws_carla_ros/install/carla_waypoint_types/share/carla_waypoint_types/environment/path.sh
[25.008s] -- Installing: /home/martin/Desktop/Stage/Projet/ws_carla_ros/install/carla_waypoint_types/share/carla_waypoint_types/environment/path.dsv
[25.008s] -- Installing: /home/martin/Desktop/Stage/Projet/ws_carla_ros/install/carla_waypoint_types/share/carla_waypoint_types/local_setup.bash
[25.008s] -- Installing: /home/martin/Desktop/Stage/Projet/ws_carla_ros/install/carla_waypoint_types/share/carla_waypoint_types/local_setup.sh
[25.008s] -- Installing: /home/martin/Desktop/Stage/Projet/ws_carla_ros/install/carla_waypoint_types/share/carla_waypoint_types/local_setup.zsh
[25.009s] -- Installing: /home/martin/Desktop/Stage/Projet/ws_carla_ros/install/carla_waypoint_types/share/carla_waypoint_types/local_setup.dsv
[25.009s] -- Installing: /home/martin/Desktop/Stage/Projet/ws_carla_ros/install/carla_waypoint_types/share/carla_waypoint_types/package.dsv
[25.009s] -- Installing: /home/martin/Desktop/Stage/Projet/ws_carla_ros/install/carla_waypoint_types/share/ament_index/resource_index/packages/carla_waypoint_types
[25.014s] -- Installing: /home/martin/Desktop/Stage/Projet/ws_carla_ros/install/carla_waypoint_types/share/carla_waypoint_types/cmake/carla_waypoint_types__rosidl_generator_cExport.cmake
[25.016s] -- Installing: /home/martin/Desktop/Stage/Projet/ws_carla_ros/install/carla_waypoint_types/share/carla_waypoint_types/cmake/carla_waypoint_types__rosidl_generator_cExport-noconfig.cmake
[25.016s] -- Installing: /home/martin/Desktop/Stage/Projet/ws_carla_ros/install/carla_waypoint_types/share/carla_waypoint_types/cmake/carla_waypoint_types__rosidl_typesupport_introspection_cExport.cmake
[25.016s] -- Installing: /home/martin/Desktop/Stage/Projet/ws_carla_ros/install/carla_waypoint_types/share/carla_waypoint_types/cmake/carla_waypoint_types__rosidl_typesupport_introspection_cExport-noconfig.cmake
[25.016s] -- Installing: /home/martin/Desktop/Stage/Projet/ws_carla_ros/install/carla_waypoint_types/share/carla_waypoint_types/cmake/carla_waypoint_types__rosidl_typesupport_cExport.cmake
[25.017s] -- Installing: /home/martin/Desktop/Stage/Projet/ws_carla_ros/install/carla_waypoint_types/share/carla_waypoint_types/cmake/carla_waypoint_types__rosidl_typesupport_cExport-noconfig.cmake
[25.017s] -- Installing: /home/martin/Desktop/Stage/Projet/ws_carla_ros/install/carla_waypoint_types/share/carla_waypoint_types/cmake/carla_waypoint_types__rosidl_generator_cppExport.cmake
[25.017s] -- Installing: /home/martin/Desktop/Stage/Projet/ws_carla_ros/install/carla_waypoint_types/share/carla_waypoint_types/cmake/carla_waypoint_types__rosidl_typesupport_introspection_cppExport.cmake
[25.017s] -- Installing: /home/martin/Desktop/Stage/Projet/ws_carla_ros/install/carla_waypoint_types/share/carla_waypoint_types/cmake/carla_waypoint_types__rosidl_typesupport_introspection_cppExport-noconfig.cmake
[25.017s] -- Installing: /home/martin/Desktop/Stage/Projet/ws_carla_ros/install/carla_waypoint_types/share/carla_waypoint_types/cmake/carla_waypoint_types__rosidl_typesupport_cppExport.cmake
[25.018s] -- Installing: /home/martin/Desktop/Stage/Projet/ws_carla_ros/install/carla_waypoint_types/share/carla_waypoint_types/cmake/carla_waypoint_types__rosidl_typesupport_cppExport-noconfig.cmake
[25.018s] -- Installing: /home/martin/Desktop/Stage/Projet/ws_carla_ros/install/carla_waypoint_types/share/carla_waypoint_types/cmake/rosidl_cmake-extras.cmake
[25.018s] -- Installing: /home/martin/Desktop/Stage/Projet/ws_carla_ros/install/carla_waypoint_types/share/carla_waypoint_types/cmake/ament_cmake_export_dependencies-extras.cmake
[25.018s] -- Installing: /home/martin/Desktop/Stage/Projet/ws_carla_ros/install/carla_waypoint_types/share/carla_waypoint_types/cmake/ament_cmake_export_libraries-extras.cmake
[25.018s] -- Installing: /home/martin/Desktop/Stage/Projet/ws_carla_ros/install/carla_waypoint_types/share/carla_waypoint_types/cmake/ament_cmake_export_targets-extras.cmake
[25.018s] -- Installing: /home/martin/Desktop/Stage/Projet/ws_carla_ros/install/carla_waypoint_types/share/carla_waypoint_types/cmake/ament_cmake_export_include_directories-extras.cmake
[25.018s] -- Installing: /home/martin/Desktop/Stage/Projet/ws_carla_ros/install/carla_waypoint_types/share/carla_waypoint_types/cmake/rosidl_cmake_export_typesupport_libraries-extras.cmake
[25.018s] -- Installing: /home/martin/Desktop/Stage/Projet/ws_carla_ros/install/carla_waypoint_types/share/carla_waypoint_types/cmake/rosidl_cmake_export_typesupport_targets-extras.cmake
[25.018s] -- Installing: /home/martin/Desktop/Stage/Projet/ws_carla_ros/install/carla_waypoint_types/share/carla_waypoint_types/cmake/carla_waypoint_typesConfig.cmake
[25.018s] -- Installing: /home/martin/Desktop/Stage/Projet/ws_carla_ros/install/carla_waypoint_types/share/carla_waypoint_types/cmake/carla_waypoint_typesConfig-version.cmake
[25.019s] -- Installing: /home/martin/Desktop/Stage/Projet/ws_carla_ros/install/carla_waypoint_types/share/carla_waypoint_types/package.xml
[25.063s] Invoked command in '/home/martin/Desktop/Stage/Projet/ws_carla_ros/build/carla_waypoint_types' returned '0': CMAKE_PREFIX_PATH=${CMAKE_PREFIX_PATH}:/home/martin/Desktop/Stage/Projet/ws_carla_ros/install/rqt_carla_control:/home/martin/Desktop/Stage/Projet/ws_carla_ros/install/carla_waypoint_publisher:/home/martin/Desktop/Stage/Projet/ws_carla_ros/install/carla_ackermann_control:/home/martin/Desktop/Stage/Projet/ws_carla_ros/install/carla_ros_bridge:/home/martin/Desktop/Stage/Projet/ws_carla_ros/install/carla_spawn_objects:/home/martin/Desktop/Stage/Projet/ws_carla_ros/install/carla_manual_control:/home/martin/Desktop/Stage/Projet/ws_carla_ros/install/carla_ad_agent:/home/martin/Desktop/Stage/Projet/ws_carla_ros/install/ros_compatibility:/home/martin/Desktop/Stage/Projet/ws_carla_ros/install/carla_walker_agent:/home/martin/Desktop/Stage/Projet/ws_carla_ros/install/carla_twist_to_control:/home/martin/Desktop/Stage/Projet/ws_carla_ros/install/carla_ros_scenario_runner:/home/martin/Desktop/Stage/Projet/ws_carla_ros/install/carla_map_visualization:/home/martin/Desktop/Stage/Projet/ws_carla_ros/install/carla_interface:/home/martin/Desktop/Stage/Projet/ws_carla_ros/install/carla_control_display:/home/martin/Desktop/Stage/Projet/ws_carla_ros/install/carla_common:/opt/ros/galactic /usr/bin/cmake --install /home/martin/Desktop/Stage/Projet/ws_carla_ros/build/carla_waypoint_types
