[1.744s] Invoking command in '/home/martin/Desktop/Stage/Projet/ws_carla_ros/carla-ros-bridge/carla_twist_to_control': PYTHONPATH=/home/martin/Desktop/Stage/Projet/ws_carla_ros/build/carla_twist_to_control/prefix_override:/usr/lib/python3/dist-packages/colcon_core/task/python/colcon_distutils_commands:/home/martin/Desktop/Stage/Projet/ws_carla_ros/install/carla_twist_to_control/lib/python3.8/site-packages:${PYTHONPATH} /usr/bin/python3 -W ignore:setup.py install is deprecated -W ignore:easy_install command is deprecated setup.py egg_info --egg-base ../../build/carla_twist_to_control build --build-base /home/martin/Desktop/Stage/Projet/ws_carla_ros/build/carla_twist_to_control/build install --record /home/martin/Desktop/Stage/Projet/ws_carla_ros/build/carla_twist_to_control/install.log --single-version-externally-managed install_data
[2.308s] running egg_info
[2.308s] creating ../../build/carla_twist_to_control/carla_twist_to_control.egg-info
[2.308s] writing ../../build/carla_twist_to_control/carla_twist_to_control.egg-info/PKG-INFO
[2.309s] writing dependency_links to ../../build/carla_twist_to_control/carla_twist_to_control.egg-info/dependency_links.txt
[2.309s] writing entry points to ../../build/carla_twist_to_control/carla_twist_to_control.egg-info/entry_points.txt
[2.309s] writing requirements to ../../build/carla_twist_to_control/carla_twist_to_control.egg-info/requires.txt
[2.309s] writing top-level names to ../../build/carla_twist_to_control/carla_twist_to_control.egg-info/top_level.txt
[2.309s] writing manifest file '../../build/carla_twist_to_control/carla_twist_to_control.egg-info/SOURCES.txt'
[2.309s] reading manifest file '../../build/carla_twist_to_control/carla_twist_to_control.egg-info/SOURCES.txt'
[2.309s] writing manifest file '../../build/carla_twist_to_control/carla_twist_to_control.egg-info/SOURCES.txt'
[2.309s] running build
[2.309s] running build_py
[2.309s] creating /home/martin/Desktop/Stage/Projet/ws_carla_ros/build/carla_twist_to_control/build
[2.309s] creating /home/martin/Desktop/Stage/Projet/ws_carla_ros/build/carla_twist_to_control/build/lib
[2.309s] creating /home/martin/Desktop/Stage/Projet/ws_carla_ros/build/carla_twist_to_control/build/lib/carla_twist_to_control
[2.309s] copying src/carla_twist_to_control/carla_twist_to_control.py -> /home/martin/Desktop/Stage/Projet/ws_carla_ros/build/carla_twist_to_control/build/lib/carla_twist_to_control
[2.310s] copying src/carla_twist_to_control/__init__.py -> /home/martin/Desktop/Stage/Projet/ws_carla_ros/build/carla_twist_to_control/build/lib/carla_twist_to_control
[2.310s] running install
[2.310s] running install_lib
[2.310s] creating /home/martin/Desktop/Stage/Projet/ws_carla_ros/install/carla_twist_to_control/lib/python3.8/site-packages/carla_twist_to_control
[2.310s] copying /home/martin/Desktop/Stage/Projet/ws_carla_ros/build/carla_twist_to_control/build/lib/carla_twist_to_control/carla_twist_to_control.py -> /home/martin/Desktop/Stage/Projet/ws_carla_ros/install/carla_twist_to_control/lib/python3.8/site-packages/carla_twist_to_control
[2.310s] copying /home/martin/Desktop/Stage/Projet/ws_carla_ros/build/carla_twist_to_control/build/lib/carla_twist_to_control/__init__.py -> /home/martin/Desktop/Stage/Projet/ws_carla_ros/install/carla_twist_to_control/lib/python3.8/site-packages/carla_twist_to_control
[2.310s] byte-compiling /home/martin/Desktop/Stage/Projet/ws_carla_ros/install/carla_twist_to_control/lib/python3.8/site-packages/carla_twist_to_control/carla_twist_to_control.py to carla_twist_to_control.cpython-38.pyc
[2.310s] byte-compiling /home/martin/Desktop/Stage/Projet/ws_carla_ros/install/carla_twist_to_control/lib/python3.8/site-packages/carla_twist_to_control/__init__.py to __init__.cpython-38.pyc
[2.310s] running install_data
[2.310s] creating /home/martin/Desktop/Stage/Projet/ws_carla_ros/install/carla_twist_to_control/share/ament_index
[2.310s] creating /home/martin/Desktop/Stage/Projet/ws_carla_ros/install/carla_twist_to_control/share/ament_index/resource_index
[2.310s] creating /home/martin/Desktop/Stage/Projet/ws_carla_ros/install/carla_twist_to_control/share/ament_index/resource_index/packages
[2.310s] copying resource/carla_twist_to_control -> /home/martin/Desktop/Stage/Projet/ws_carla_ros/install/carla_twist_to_control/share/ament_index/resource_index/packages
[2.310s] copying package.xml -> /home/martin/Desktop/Stage/Projet/ws_carla_ros/install/carla_twist_to_control/share/carla_twist_to_control
[2.311s] copying launch/carla_twist_to_control.launch.py -> /home/martin/Desktop/Stage/Projet/ws_carla_ros/install/carla_twist_to_control/share/carla_twist_to_control
[2.311s] running install_egg_info
[2.311s] Copying ../../build/carla_twist_to_control/carla_twist_to_control.egg-info to /home/martin/Desktop/Stage/Projet/ws_carla_ros/install/carla_twist_to_control/lib/python3.8/site-packages/carla_twist_to_control-0.0.0-py3.8.egg-info
[2.311s] running install_scripts
[2.311s] Installing carla_twist_to_control script to /home/martin/Desktop/Stage/Projet/ws_carla_ros/install/carla_twist_to_control/lib/carla_twist_to_control
[2.311s] writing list of installed files to '/home/martin/Desktop/Stage/Projet/ws_carla_ros/build/carla_twist_to_control/install.log'
[2.352s] Invoked command in '/home/martin/Desktop/Stage/Projet/ws_carla_ros/carla-ros-bridge/carla_twist_to_control' returned '0': PYTHONPATH=/home/martin/Desktop/Stage/Projet/ws_carla_ros/build/carla_twist_to_control/prefix_override:/usr/lib/python3/dist-packages/colcon_core/task/python/colcon_distutils_commands:/home/martin/Desktop/Stage/Projet/ws_carla_ros/install/carla_twist_to_control/lib/python3.8/site-packages:${PYTHONPATH} /usr/bin/python3 -W ignore:setup.py install is deprecated -W ignore:easy_install command is deprecated setup.py egg_info --egg-base ../../build/carla_twist_to_control build --build-base /home/martin/Desktop/Stage/Projet/ws_carla_ros/build/carla_twist_to_control/build install --record /home/martin/Desktop/Stage/Projet/ws_carla_ros/build/carla_twist_to_control/install.log --single-version-externally-managed install_data
