[1.685s] Invoking command in '/home/martin/Desktop/Stage/Projet/ws_carla_ros/carla-ros-bridge/carla_common': PYTHONPATH=/home/martin/Desktop/Stage/Projet/ws_carla_ros/build/carla_common/prefix_override:/usr/lib/python3/dist-packages/colcon_core/task/python/colcon_distutils_commands:/home/martin/Desktop/Stage/Projet/ws_carla_ros/install/carla_common/lib/python3.8/site-packages:${PYTHONPATH} /usr/bin/python3 -W ignore:setup.py install is deprecated -W ignore:easy_install command is deprecated setup.py egg_info --egg-base ../../build/carla_common build --build-base /home/martin/Desktop/Stage/Projet/ws_carla_ros/build/carla_common/build install --record /home/martin/Desktop/Stage/Projet/ws_carla_ros/build/carla_common/install.log --single-version-externally-managed install_data
[2.305s] running egg_info
[2.306s] creating ../../build/carla_common/carla_common.egg-info
[2.306s] writing ../../build/carla_common/carla_common.egg-info/PKG-INFO
[2.306s] writing dependency_links to ../../build/carla_common/carla_common.egg-info/dependency_links.txt
[2.307s] writing requirements to ../../build/carla_common/carla_common.egg-info/requires.txt
[2.307s] writing top-level names to ../../build/carla_common/carla_common.egg-info/top_level.txt
[2.307s] writing manifest file '../../build/carla_common/carla_common.egg-info/SOURCES.txt'
[2.307s] reading manifest file '../../build/carla_common/carla_common.egg-info/SOURCES.txt'
[2.307s] writing manifest file '../../build/carla_common/carla_common.egg-info/SOURCES.txt'
[2.307s] running build
[2.307s] running build_py
[2.307s] creating /home/martin/Desktop/Stage/Projet/ws_carla_ros/build/carla_common/build
[2.307s] creating /home/martin/Desktop/Stage/Projet/ws_carla_ros/build/carla_common/build/lib
[2.308s] creating /home/martin/Desktop/Stage/Projet/ws_carla_ros/build/carla_common/build/lib/carla_common
[2.308s] copying src/carla_common/transforms.py -> /home/martin/Desktop/Stage/Projet/ws_carla_ros/build/carla_common/build/lib/carla_common
[2.308s] copying src/carla_common/__init__.py -> /home/martin/Desktop/Stage/Projet/ws_carla_ros/build/carla_common/build/lib/carla_common
[2.308s] running install
[2.308s] running install_lib
[2.308s] creating /home/martin/Desktop/Stage/Projet/ws_carla_ros/install/carla_common/lib/python3.8/site-packages/carla_common
[2.308s] copying /home/martin/Desktop/Stage/Projet/ws_carla_ros/build/carla_common/build/lib/carla_common/transforms.py -> /home/martin/Desktop/Stage/Projet/ws_carla_ros/install/carla_common/lib/python3.8/site-packages/carla_common
[2.308s] copying /home/martin/Desktop/Stage/Projet/ws_carla_ros/build/carla_common/build/lib/carla_common/__init__.py -> /home/martin/Desktop/Stage/Projet/ws_carla_ros/install/carla_common/lib/python3.8/site-packages/carla_common
[2.308s] byte-compiling /home/martin/Desktop/Stage/Projet/ws_carla_ros/install/carla_common/lib/python3.8/site-packages/carla_common/transforms.py to transforms.cpython-38.pyc
[2.308s] byte-compiling /home/martin/Desktop/Stage/Projet/ws_carla_ros/install/carla_common/lib/python3.8/site-packages/carla_common/__init__.py to __init__.cpython-38.pyc
[2.308s] running install_data
[2.308s] creating /home/martin/Desktop/Stage/Projet/ws_carla_ros/install/carla_common/share/ament_index
[2.308s] creating /home/martin/Desktop/Stage/Projet/ws_carla_ros/install/carla_common/share/ament_index/resource_index
[2.308s] creating /home/martin/Desktop/Stage/Projet/ws_carla_ros/install/carla_common/share/ament_index/resource_index/packages
[2.308s] copying resource/carla_common -> /home/martin/Desktop/Stage/Projet/ws_carla_ros/install/carla_common/share/ament_index/resource_index/packages
[2.308s] copying package.xml -> /home/martin/Desktop/Stage/Projet/ws_carla_ros/install/carla_common/share/carla_common
[2.308s] running install_egg_info
[2.308s] Copying ../../build/carla_common/carla_common.egg-info to /home/martin/Desktop/Stage/Projet/ws_carla_ros/install/carla_common/lib/python3.8/site-packages/carla_common-0.0.0-py3.8.egg-info
[2.309s] running install_scripts
[2.309s] writing list of installed files to '/home/martin/Desktop/Stage/Projet/ws_carla_ros/build/carla_common/install.log'
[2.324s] Invoked command in '/home/martin/Desktop/Stage/Projet/ws_carla_ros/carla-ros-bridge/carla_common' returned '0': PYTHONPATH=/home/martin/Desktop/Stage/Projet/ws_carla_ros/build/carla_common/prefix_override:/usr/lib/python3/dist-packages/colcon_core/task/python/colcon_distutils_commands:/home/martin/Desktop/Stage/Projet/ws_carla_ros/install/carla_common/lib/python3.8/site-packages:${PYTHONPATH} /usr/bin/python3 -W ignore:setup.py install is deprecated -W ignore:easy_install command is deprecated setup.py egg_info --egg-base ../../build/carla_common build --build-base /home/martin/Desktop/Stage/Projet/ws_carla_ros/build/carla_common/build install --record /home/martin/Desktop/Stage/Projet/ws_carla_ros/build/carla_common/install.log --single-version-externally-managed install_data
