[1.011s] Invoking command in '/home/martin/Desktop/Stage/Projet/ws_carla_ros/build/delphi_srr_msgs': CMAKE_PREFIX_PATH=${CMAKE_PREFIX_PATH}:/home/martin/Desktop/Stage/Projet/ws_carla_ros/install/rqt_carla_control:/home/martin/Desktop/Stage/Projet/ws_carla_ros/install/carla_waypoint_publisher:/home/martin/Desktop/Stage/Projet/ws_carla_ros/install/carla_ackermann_control:/home/martin/Desktop/Stage/Projet/ws_carla_ros/install/carla_ros_bridge:/home/martin/Desktop/Stage/Projet/ws_carla_ros/install/carla_spawn_objects:/home/martin/Desktop/Stage/Projet/ws_carla_ros/install/carla_manual_control:/home/martin/Desktop/Stage/Projet/ws_carla_ros/install/carla_ad_agent:/home/martin/Desktop/Stage/Projet/ws_carla_ros/install/ros_compatibility:/home/martin/Desktop/Stage/Projet/ws_carla_ros/install/carla_walker_agent:/home/martin/Desktop/Stage/Projet/ws_carla_ros/install/carla_twist_to_control:/home/martin/Desktop/Stage/Projet/ws_carla_ros/install/carla_ros_scenario_runner:/home/martin/Desktop/Stage/Projet/ws_carla_ros/install/carla_map_visualization:/home/martin/Desktop/Stage/Projet/ws_carla_ros/install/carla_interface:/home/martin/Desktop/Stage/Projet/ws_carla_ros/install/carla_control_display:/home/martin/Desktop/Stage/Projet/ws_carla_ros/install/carla_common:/opt/ros/galactic /usr/bin/cmake /home/martin/Desktop/Stage/Projet/ws_carla_ros/carla-ros-bridge/astuff_sensor_msgs/delphi_srr_msgs -DPYTHON_EXECUTABLE=/usr/bin/python3 -DCMAKE_INSTALL_PREFIX=/home/martin/Desktop/Stage/Projet/ws_carla_ros/install/delphi_srr_msgs
[1.091s] -- The C compiler identification is GNU 9.4.0
[1.217s] -- The CXX compiler identification is GNU 9.4.0
[1.226s] -- Check for working C compiler: /usr/bin/cc
[1.404s] -- Check for working C compiler: /usr/bin/cc -- works
[1.405s] -- Detecting C compiler ABI info
[1.507s] -- Detecting C compiler ABI info - done
[1.521s] -- Detecting C compile features
[1.522s] -- Detecting C compile features - done
[1.526s] -- Check for working CXX compiler: /usr/bin/c++
[1.704s] -- Check for working CXX compiler: /usr/bin/c++ -- works
[1.705s] -- Detecting CXX compiler ABI info
[1.878s] -- Detecting CXX compiler ABI info - done
[1.895s] -- Detecting CXX compile features
[1.896s] -- Detecting CXX compile features - done
[1.899s] -- Found ros_environment: 3.1.1 (/opt/ros/galactic/share/ros_environment/cmake)
[1.906s] -- Found ament_cmake: 1.1.6 (/opt/ros/galactic/share/ament_cmake/cmake)
[1.940s] -- Found PythonInterp: /usr/bin/python3 (found suitable version "3.8.10", minimum required is "3") 
[1.940s] -- Using PYTHON_EXECUTABLE: /usr/bin/python3
[2.078s] -- Found builtin_interfaces: 1.0.3 (/opt/ros/galactic/share/builtin_interfaces/cmake)
[2.120s] -- Using all available rosidl_typesupport_c: rosidl_typesupport_fastrtps_c;rosidl_typesupport_introspection_c
[2.128s] -- Found rosidl_adapter: 2.2.3 (/opt/ros/galactic/share/rosidl_adapter/cmake)
[2.206s] -- Found OpenSSL: /usr/lib/x86_64-linux-gnu/libcrypto.so (found version "1.1.1f")  
[2.236s] -- Found FastRTPS: /opt/ros/galactic/include  
[2.315s] -- Using all available rosidl_typesupport_cpp: rosidl_typesupport_fastrtps_cpp;rosidl_typesupport_introspection_cpp
[2.348s] -- Found std_msgs: 2.2.4 (/opt/ros/galactic/share/std_msgs/cmake)
[2.368s] -- Found rosidl_default_generators: 1.1.1 (/opt/ros/galactic/share/rosidl_default_generators/cmake)
[2.422s] -- Found PythonInterp: /usr/bin/python3 (found version "3.8.10") 
[2.738s] -- Found ament_cmake_cppcheck: 0.10.7 (/opt/ros/galactic/share/ament_cmake_cppcheck/cmake)
[2.744s] -- Found ament_cmake_cpplint: 0.10.7 (/opt/ros/galactic/share/ament_cmake_cpplint/cmake)
[2.747s] -- Found ament_cmake_uncrustify: 0.10.7 (/opt/ros/galactic/share/ament_cmake_uncrustify/cmake)
[2.753s] -- Found ament_cmake_ros: 0.9.2 (/opt/ros/galactic/share/ament_cmake_ros/cmake)
[3.125s] -- Using all available rosidl_typesupport_c: rosidl_typesupport_fastrtps_c;rosidl_typesupport_introspection_c
[3.326s] -- Using all available rosidl_typesupport_cpp: rosidl_typesupport_fastrtps_cpp;rosidl_typesupport_introspection_cpp
[3.384s] -- Found PythonInterp: /usr/bin/python3 (found suitable version "3.8.10", minimum required is "3.5") 
[3.386s] -- Found python_cmake_module: 0.8.1 (/opt/ros/galactic/share/python_cmake_module/cmake)
[3.423s] -- Found PythonLibs: /usr/lib/x86_64-linux-gnu/libpython3.8.so (found suitable version "3.8.10", minimum required is "3.5") 
[3.423s] -- Using PYTHON_EXECUTABLE: /usr/bin/python3
[3.424s] -- Using PYTHON_INCLUDE_DIRS: /usr/include/python3.8
[3.424s] -- Using PYTHON_LIBRARIES: /usr/lib/x86_64-linux-gnu/libpython3.8.so
[3.474s] -- Found PythonExtra: .so  
[3.658s] -- Found ament_cmake_flake8: 0.10.7 (/opt/ros/galactic/share/ament_cmake_flake8/cmake)
[3.664s] -- Found ament_cmake_pep257: 0.10.7 (/opt/ros/galactic/share/ament_cmake_pep257/cmake)
[3.672s] -- Found ament_lint_auto: 0.10.7 (/opt/ros/galactic/share/ament_lint_auto/cmake)
[3.709s] -- Added test 'copyright' to check source files copyright and LICENSE
[3.710s] -- Added test 'lint_cmake' to check CMake code style
[3.711s] -- Added test 'xmllint' to check XML markup files
[3.717s] -- Configuring done
[3.832s] -- Generating done
[3.854s] -- Build files have been written to: /home/martin/Desktop/Stage/Projet/ws_carla_ros/build/delphi_srr_msgs
[3.885s] Invoked command in '/home/martin/Desktop/Stage/Projet/ws_carla_ros/build/delphi_srr_msgs' returned '0': CMAKE_PREFIX_PATH=${CMAKE_PREFIX_PATH}:/home/martin/Desktop/Stage/Projet/ws_carla_ros/install/rqt_carla_control:/home/martin/Desktop/Stage/Projet/ws_carla_ros/install/carla_waypoint_publisher:/home/martin/Desktop/Stage/Projet/ws_carla_ros/install/carla_ackermann_control:/home/martin/Desktop/Stage/Projet/ws_carla_ros/install/carla_ros_bridge:/home/martin/Desktop/Stage/Projet/ws_carla_ros/install/carla_spawn_objects:/home/martin/Desktop/Stage/Projet/ws_carla_ros/install/carla_manual_control:/home/martin/Desktop/Stage/Projet/ws_carla_ros/install/carla_ad_agent:/home/martin/Desktop/Stage/Projet/ws_carla_ros/install/ros_compatibility:/home/martin/Desktop/Stage/Projet/ws_carla_ros/install/carla_walker_agent:/home/martin/Desktop/Stage/Projet/ws_carla_ros/install/carla_twist_to_control:/home/martin/Desktop/Stage/Projet/ws_carla_ros/install/carla_ros_scenario_runner:/home/martin/Desktop/Stage/Projet/ws_carla_ros/install/carla_map_visualization:/home/martin/Desktop/Stage/Projet/ws_carla_ros/install/carla_interface:/home/martin/Desktop/Stage/Projet/ws_carla_ros/install/carla_control_display:/home/martin/Desktop/Stage/Projet/ws_carla_ros/install/carla_common:/opt/ros/galactic /usr/bin/cmake /home/martin/Desktop/Stage/Projet/ws_carla_ros/carla-ros-bridge/astuff_sensor_msgs/delphi_srr_msgs -DPYTHON_EXECUTABLE=/usr/bin/python3 -DCMAKE_INSTALL_PREFIX=/home/martin/Desktop/Stage/Projet/ws_carla_ros/install/delphi_srr_msgs
[3.886s] Invoking command in '/home/martin/Desktop/Stage/Projet/ws_carla_ros/build/delphi_srr_msgs': CMAKE_PREFIX_PATH=${CMAKE_PREFIX_PATH}:/home/martin/Desktop/Stage/Projet/ws_carla_ros/install/rqt_carla_control:/home/martin/Desktop/Stage/Projet/ws_carla_ros/install/carla_waypoint_publisher:/home/martin/Desktop/Stage/Projet/ws_carla_ros/install/carla_ackermann_control:/home/martin/Desktop/Stage/Projet/ws_carla_ros/install/carla_ros_bridge:/home/martin/Desktop/Stage/Projet/ws_carla_ros/install/carla_spawn_objects:/home/martin/Desktop/Stage/Projet/ws_carla_ros/install/carla_manual_control:/home/martin/Desktop/Stage/Projet/ws_carla_ros/install/carla_ad_agent:/home/martin/Desktop/Stage/Projet/ws_carla_ros/install/ros_compatibility:/home/martin/Desktop/Stage/Projet/ws_carla_ros/install/carla_walker_agent:/home/martin/Desktop/Stage/Projet/ws_carla_ros/install/carla_twist_to_control:/home/martin/Desktop/Stage/Projet/ws_carla_ros/install/carla_ros_scenario_runner:/home/martin/Desktop/Stage/Projet/ws_carla_ros/install/carla_map_visualization:/home/martin/Desktop/Stage/Projet/ws_carla_ros/install/carla_interface:/home/martin/Desktop/Stage/Projet/ws_carla_ros/install/carla_control_display:/home/martin/Desktop/Stage/Projet/ws_carla_ros/install/carla_common:/opt/ros/galactic /usr/bin/cmake --build /home/martin/Desktop/Stage/Projet/ws_carla_ros/build/delphi_srr_msgs -- -j16 -l16
[7.156s] [  1%] [34m[1mGenerating C code for ROS interfaces[0m
[7.156s] [35m[1mScanning dependencies of target delphi_srr_msgs__cpp[0m
[7.156s] [  1%] [34m[1mGenerating C++ code for ROS interfaces[0m
[7.156s] [35m[1mScanning dependencies of target delphi_srr_msgs__rosidl_generator_c[0m
[7.156s] [  1%] Built target delphi_srr_msgs__cpp
[7.168s] [  1%] [34m[1mGenerating C++ type support for eProsima Fast-RTPS[0m
[7.209s] [  2%] [32mBuilding C object CMakeFiles/delphi_srr_msgs__rosidl_generator_c.dir/rosidl_generator_c/delphi_srr_msgs/msg/detail/srr_debug3__functions.c.o[0m
[7.221s] [  3%] [34m[1mGenerating C++ introspection for ROS interfaces[0m
[7.222s] [  4%] [32mBuilding C object CMakeFiles/delphi_srr_msgs__rosidl_generator_c.dir/rosidl_generator_c/delphi_srr_msgs/msg/detail/srr_debug4__functions.c.o[0m
[7.222s] [  5%] [32mBuilding C object CMakeFiles/delphi_srr_msgs__rosidl_generator_c.dir/rosidl_generator_c/delphi_srr_msgs/msg/detail/srr_feature_alert__functions.c.o[0m
[7.236s] [  6%] [34m[1mGenerating C++ type support dispatch for ROS interfaces[0m
[7.249s] [  6%] [32mBuilding C object CMakeFiles/delphi_srr_msgs__rosidl_generator_c.dir/rosidl_generator_c/delphi_srr_msgs/msg/detail/srr_status1__functions.c.o[0m
[7.270s] [  7%] [32mBuilding C object CMakeFiles/delphi_srr_msgs__rosidl_generator_c.dir/rosidl_generator_c/delphi_srr_msgs/msg/detail/srr_feature_sw_version__functions.c.o[0m
[7.287s] [  8%] [32mBuilding C object CMakeFiles/delphi_srr_msgs__rosidl_generator_c.dir/rosidl_generator_c/delphi_srr_msgs/msg/detail/srr_debug5__functions.c.o[0m
[7.310s] [  9%] [32mBuilding C object CMakeFiles/delphi_srr_msgs__rosidl_generator_c.dir/rosidl_generator_c/delphi_srr_msgs/msg/detail/srr_status2__functions.c.o[0m
[7.421s] [ 10%] [32mBuilding C object CMakeFiles/delphi_srr_msgs__rosidl_generator_c.dir/rosidl_generator_c/delphi_srr_msgs/msg/detail/srr_status3__functions.c.o[0m
[7.446s] [ 11%] [32mBuilding C object CMakeFiles/delphi_srr_msgs__rosidl_generator_c.dir/rosidl_generator_c/delphi_srr_msgs/msg/detail/srr_status4__functions.c.o[0m
[7.510s] [ 12%] [32mBuilding C object CMakeFiles/delphi_srr_msgs__rosidl_generator_c.dir/rosidl_generator_c/delphi_srr_msgs/msg/detail/srr_status5__functions.c.o[0m
[7.551s] [ 13%] [32mBuilding C object CMakeFiles/delphi_srr_msgs__rosidl_generator_c.dir/rosidl_generator_c/delphi_srr_msgs/msg/detail/srr_track__functions.c.o[0m
[7.740s] [ 14%] [32m[1mLinking C shared library libdelphi_srr_msgs__rosidl_generator_c.so[0m
[7.944s] [ 14%] Built target delphi_srr_msgs__rosidl_generator_c
[8.019s] [ 15%] [34m[1mGenerating C introspection for ROS interfaces[0m
[8.110s] [ 16%] [34m[1mGenerating C type support dispatch for ROS interfaces[0m
[10.215s] [35m[1mScanning dependencies of target delphi_srr_msgs__rosidl_typesupport_introspection_c[0m
[10.287s] [ 17%] [32mBuilding C object CMakeFiles/delphi_srr_msgs__rosidl_typesupport_introspection_c.dir/rosidl_typesupport_introspection_c/delphi_srr_msgs/msg/detail/srr_debug3__type_support.c.o[0m
[10.302s] [ 18%] [32mBuilding C object CMakeFiles/delphi_srr_msgs__rosidl_typesupport_introspection_c.dir/rosidl_typesupport_introspection_c/delphi_srr_msgs/msg/detail/srr_debug4__type_support.c.o[0m
[10.320s] [ 19%] [32mBuilding C object CMakeFiles/delphi_srr_msgs__rosidl_typesupport_introspection_c.dir/rosidl_typesupport_introspection_c/delphi_srr_msgs/msg/detail/srr_debug5__type_support.c.o[0m
[10.322s] [ 20%] [32mBuilding C object CMakeFiles/delphi_srr_msgs__rosidl_typesupport_introspection_c.dir/rosidl_typesupport_introspection_c/delphi_srr_msgs/msg/detail/srr_feature_alert__type_support.c.o[0m
[10.362s] [ 21%] [32mBuilding C object CMakeFiles/delphi_srr_msgs__rosidl_typesupport_introspection_c.dir/rosidl_typesupport_introspection_c/delphi_srr_msgs/msg/detail/srr_feature_sw_version__type_support.c.o[0m
[10.429s] [ 22%] [32mBuilding C object CMakeFiles/delphi_srr_msgs__rosidl_typesupport_introspection_c.dir/rosidl_typesupport_introspection_c/delphi_srr_msgs/msg/detail/srr_status4__type_support.c.o[0m
[10.447s] [ 23%] [32mBuilding C object CMakeFiles/delphi_srr_msgs__rosidl_typesupport_introspection_c.dir/rosidl_typesupport_introspection_c/delphi_srr_msgs/msg/detail/srr_status1__type_support.c.o[0m
[10.450s] [ 24%] [32mBuilding C object CMakeFiles/delphi_srr_msgs__rosidl_typesupport_introspection_c.dir/rosidl_typesupport_introspection_c/delphi_srr_msgs/msg/detail/srr_status3__type_support.c.o[0m
[10.464s] [ 25%] [32mBuilding C object CMakeFiles/delphi_srr_msgs__rosidl_typesupport_introspection_c.dir/rosidl_typesupport_introspection_c/delphi_srr_msgs/msg/detail/srr_track__type_support.c.o[0m
[10.482s] [35m[1mScanning dependencies of target delphi_srr_msgs__rosidl_typesupport_cpp[0m
[10.482s] [ 25%] [32mBuilding C object CMakeFiles/delphi_srr_msgs__rosidl_typesupport_introspection_c.dir/rosidl_typesupport_introspection_c/delphi_srr_msgs/msg/detail/srr_status2__type_support.c.o[0m
[10.482s] [ 26%] [32mBuilding C object CMakeFiles/delphi_srr_msgs__rosidl_typesupport_introspection_c.dir/rosidl_typesupport_introspection_c/delphi_srr_msgs/msg/detail/srr_status5__type_support.c.o[0m
[10.577s] [ 27%] [32mBuilding CXX object CMakeFiles/delphi_srr_msgs__rosidl_typesupport_cpp.dir/rosidl_typesupport_cpp/delphi_srr_msgs/msg/srr_debug3__type_support.cpp.o[0m
[10.609s] [ 28%] [32mBuilding CXX object CMakeFiles/delphi_srr_msgs__rosidl_typesupport_cpp.dir/rosidl_typesupport_cpp/delphi_srr_msgs/msg/srr_debug4__type_support.cpp.o[0m
[10.624s] [ 29%] [32mBuilding CXX object CMakeFiles/delphi_srr_msgs__rosidl_typesupport_cpp.dir/rosidl_typesupport_cpp/delphi_srr_msgs/msg/srr_feature_alert__type_support.cpp.o[0m
[10.634s] [ 30%] [32mBuilding CXX object CMakeFiles/delphi_srr_msgs__rosidl_typesupport_cpp.dir/rosidl_typesupport_cpp/delphi_srr_msgs/msg/srr_debug5__type_support.cpp.o[0m
[10.653s] [ 31%] [32m[1mLinking C shared library libdelphi_srr_msgs__rosidl_typesupport_introspection_c.so[0m
[10.671s] [ 32%] [32mBuilding CXX object CMakeFiles/delphi_srr_msgs__rosidl_typesupport_cpp.dir/rosidl_typesupport_cpp/delphi_srr_msgs/msg/srr_feature_sw_version__type_support.cpp.o[0m
[10.694s] [ 33%] [32mBuilding CXX object CMakeFiles/delphi_srr_msgs__rosidl_typesupport_cpp.dir/rosidl_typesupport_cpp/delphi_srr_msgs/msg/srr_status1__type_support.cpp.o[0m
[10.737s] [ 34%] [32mBuilding CXX object CMakeFiles/delphi_srr_msgs__rosidl_typesupport_cpp.dir/rosidl_typesupport_cpp/delphi_srr_msgs/msg/srr_status2__type_support.cpp.o[0m
[10.737s] [ 34%] [32mBuilding CXX object CMakeFiles/delphi_srr_msgs__rosidl_typesupport_cpp.dir/rosidl_typesupport_cpp/delphi_srr_msgs/msg/srr_status3__type_support.cpp.o[0m
[10.750s] [ 35%] [32mBuilding CXX object CMakeFiles/delphi_srr_msgs__rosidl_typesupport_cpp.dir/rosidl_typesupport_cpp/delphi_srr_msgs/msg/srr_status4__type_support.cpp.o[0m
[10.813s] [ 36%] [32mBuilding CXX object CMakeFiles/delphi_srr_msgs__rosidl_typesupport_cpp.dir/rosidl_typesupport_cpp/delphi_srr_msgs/msg/srr_status5__type_support.cpp.o[0m
[10.879s] [ 37%] [32mBuilding CXX object CMakeFiles/delphi_srr_msgs__rosidl_typesupport_cpp.dir/rosidl_typesupport_cpp/delphi_srr_msgs/msg/srr_track__type_support.cpp.o[0m
[10.930s] [ 37%] Built target delphi_srr_msgs__rosidl_typesupport_introspection_c
[11.675s] [35m[1mScanning dependencies of target delphi_srr_msgs__rosidl_typesupport_introspection_cpp[0m
[11.799s] [ 38%] [32mBuilding CXX object CMakeFiles/delphi_srr_msgs__rosidl_typesupport_introspection_cpp.dir/rosidl_typesupport_introspection_cpp/delphi_srr_msgs/msg/detail/srr_debug3__type_support.cpp.o[0m
[11.825s] [ 39%] [32mBuilding CXX object CMakeFiles/delphi_srr_msgs__rosidl_typesupport_introspection_cpp.dir/rosidl_typesupport_introspection_cpp/delphi_srr_msgs/msg/detail/srr_debug5__type_support.cpp.o[0m
[11.860s] [ 39%] [32mBuilding CXX object CMakeFiles/delphi_srr_msgs__rosidl_typesupport_introspection_cpp.dir/rosidl_typesupport_introspection_cpp/delphi_srr_msgs/msg/detail/srr_debug4__type_support.cpp.o[0m
[11.862s] [ 40%] [32mBuilding CXX object CMakeFiles/delphi_srr_msgs__rosidl_typesupport_introspection_cpp.dir/rosidl_typesupport_introspection_cpp/delphi_srr_msgs/msg/detail/srr_feature_sw_version__type_support.cpp.o[0m
[11.898s] [ 41%] [32mBuilding CXX object CMakeFiles/delphi_srr_msgs__rosidl_typesupport_introspection_cpp.dir/rosidl_typesupport_introspection_cpp/delphi_srr_msgs/msg/detail/srr_feature_alert__type_support.cpp.o[0m
[12.129s] [ 42%] [32mBuilding CXX object CMakeFiles/delphi_srr_msgs__rosidl_typesupport_introspection_cpp.dir/rosidl_typesupport_introspection_cpp/delphi_srr_msgs/msg/detail/srr_status1__type_support.cpp.o[0m
[12.169s] [ 43%] [32mBuilding CXX object CMakeFiles/delphi_srr_msgs__rosidl_typesupport_introspection_cpp.dir/rosidl_typesupport_introspection_cpp/delphi_srr_msgs/msg/detail/srr_status2__type_support.cpp.o[0m
[12.233s] [ 44%] [32mBuilding CXX object CMakeFiles/delphi_srr_msgs__rosidl_typesupport_introspection_cpp.dir/rosidl_typesupport_introspection_cpp/delphi_srr_msgs/msg/detail/srr_status3__type_support.cpp.o[0m
[12.258s] [ 45%] [32mBuilding CXX object CMakeFiles/delphi_srr_msgs__rosidl_typesupport_introspection_cpp.dir/rosidl_typesupport_introspection_cpp/delphi_srr_msgs/msg/detail/srr_status5__type_support.cpp.o[0m
[12.283s] [ 46%] [32mBuilding CXX object CMakeFiles/delphi_srr_msgs__rosidl_typesupport_introspection_cpp.dir/rosidl_typesupport_introspection_cpp/delphi_srr_msgs/msg/detail/srr_status4__type_support.cpp.o[0m
[12.328s] [ 47%] [32mBuilding CXX object CMakeFiles/delphi_srr_msgs__rosidl_typesupport_introspection_cpp.dir/rosidl_typesupport_introspection_cpp/delphi_srr_msgs/msg/detail/srr_track__type_support.cpp.o[0m
[12.757s] [35m[1mScanning dependencies of target delphi_srr_msgs__rosidl_typesupport_fastrtps_cpp[0m
[12.771s] [ 48%] [32m[1mLinking CXX shared library libdelphi_srr_msgs__rosidl_typesupport_cpp.so[0m
[12.886s] [ 49%] [32mBuilding CXX object CMakeFiles/delphi_srr_msgs__rosidl_typesupport_fastrtps_cpp.dir/rosidl_typesupport_fastrtps_cpp/delphi_srr_msgs/msg/detail/dds_fastrtps/srr_debug3__type_support.cpp.o[0m
[12.984s] [ 50%] [32mBuilding CXX object CMakeFiles/delphi_srr_msgs__rosidl_typesupport_fastrtps_cpp.dir/rosidl_typesupport_fastrtps_cpp/delphi_srr_msgs/msg/detail/dds_fastrtps/srr_debug4__type_support.cpp.o[0m
[13.006s] [ 51%] [32mBuilding CXX object CMakeFiles/delphi_srr_msgs__rosidl_typesupport_fastrtps_cpp.dir/rosidl_typesupport_fastrtps_cpp/delphi_srr_msgs/msg/detail/dds_fastrtps/srr_feature_alert__type_support.cpp.o[0m
[13.042s] [ 52%] [32mBuilding CXX object CMakeFiles/delphi_srr_msgs__rosidl_typesupport_fastrtps_cpp.dir/rosidl_typesupport_fastrtps_cpp/delphi_srr_msgs/msg/detail/dds_fastrtps/srr_debug5__type_support.cpp.o[0m
[13.081s] [ 53%] [32mBuilding CXX object CMakeFiles/delphi_srr_msgs__rosidl_typesupport_fastrtps_cpp.dir/rosidl_typesupport_fastrtps_cpp/delphi_srr_msgs/msg/detail/dds_fastrtps/srr_feature_sw_version__type_support.cpp.o[0m
[13.106s] [ 54%] [32mBuilding CXX object CMakeFiles/delphi_srr_msgs__rosidl_typesupport_fastrtps_cpp.dir/rosidl_typesupport_fastrtps_cpp/delphi_srr_msgs/msg/detail/dds_fastrtps/srr_status1__type_support.cpp.o[0m
[13.178s] [ 54%] Built target delphi_srr_msgs__rosidl_typesupport_cpp
[13.298s] [ 55%] [32mBuilding CXX object CMakeFiles/delphi_srr_msgs__rosidl_typesupport_fastrtps_cpp.dir/rosidl_typesupport_fastrtps_cpp/delphi_srr_msgs/msg/detail/dds_fastrtps/srr_status2__type_support.cpp.o[0m
[13.506s] [ 56%] [32mBuilding CXX object CMakeFiles/delphi_srr_msgs__rosidl_typesupport_fastrtps_cpp.dir/rosidl_typesupport_fastrtps_cpp/delphi_srr_msgs/msg/detail/dds_fastrtps/srr_status3__type_support.cpp.o[0m
[14.832s] [35m[1mScanning dependencies of target delphi_srr_msgs__rosidl_typesupport_c[0m
[14.835s] [ 57%] [32m[1mLinking CXX shared library libdelphi_srr_msgs__rosidl_typesupport_introspection_cpp.so[0m
[14.890s] [ 58%] [32mBuilding CXX object CMakeFiles/delphi_srr_msgs__rosidl_typesupport_c.dir/rosidl_typesupport_c/delphi_srr_msgs/msg/srr_debug3__type_support.cpp.o[0m
[14.995s] [ 59%] [32mBuilding CXX object CMakeFiles/delphi_srr_msgs__rosidl_typesupport_c.dir/rosidl_typesupport_c/delphi_srr_msgs/msg/srr_track__type_support.cpp.o[0m
[15.053s] [ 60%] [32mBuilding CXX object CMakeFiles/delphi_srr_msgs__rosidl_typesupport_fastrtps_cpp.dir/rosidl_typesupport_fastrtps_cpp/delphi_srr_msgs/msg/detail/dds_fastrtps/srr_track__type_support.cpp.o[0m
[15.057s] [ 60%] Built target delphi_srr_msgs__rosidl_typesupport_introspection_cpp
[15.071s] [ 61%] [32mBuilding CXX object CMakeFiles/delphi_srr_msgs__rosidl_typesupport_c.dir/rosidl_typesupport_c/delphi_srr_msgs/msg/srr_status5__type_support.cpp.o[0m
[15.168s] [ 62%] [32mBuilding CXX object CMakeFiles/delphi_srr_msgs__rosidl_typesupport_c.dir/rosidl_typesupport_c/delphi_srr_msgs/msg/srr_status4__type_support.cpp.o[0m
[15.293s] [ 63%] [32mBuilding CXX object CMakeFiles/delphi_srr_msgs__rosidl_typesupport_c.dir/rosidl_typesupport_c/delphi_srr_msgs/msg/srr_status3__type_support.cpp.o[0m
[15.428s] [ 64%] [32mBuilding CXX object CMakeFiles/delphi_srr_msgs__rosidl_typesupport_c.dir/rosidl_typesupport_c/delphi_srr_msgs/msg/srr_status2__type_support.cpp.o[0m
[15.557s] [ 65%] [32mBuilding CXX object CMakeFiles/delphi_srr_msgs__rosidl_typesupport_c.dir/rosidl_typesupport_c/delphi_srr_msgs/msg/srr_status1__type_support.cpp.o[0m
[15.639s] [ 66%] [32mBuilding CXX object CMakeFiles/delphi_srr_msgs__rosidl_typesupport_c.dir/rosidl_typesupport_c/delphi_srr_msgs/msg/srr_feature_sw_version__type_support.cpp.o[0m
[15.698s] [ 66%] [32mBuilding CXX object CMakeFiles/delphi_srr_msgs__rosidl_typesupport_fastrtps_cpp.dir/rosidl_typesupport_fastrtps_cpp/delphi_srr_msgs/msg/detail/dds_fastrtps/srr_status5__type_support.cpp.o[0m
[15.738s] [ 67%] [32mBuilding CXX object CMakeFiles/delphi_srr_msgs__rosidl_typesupport_c.dir/rosidl_typesupport_c/delphi_srr_msgs/msg/srr_feature_alert__type_support.cpp.o[0m
[15.865s] [ 67%] [32mBuilding CXX object CMakeFiles/delphi_srr_msgs__rosidl_typesupport_c.dir/rosidl_typesupport_c/delphi_srr_msgs/msg/srr_debug5__type_support.cpp.o[0m
[16.008s] [ 68%] [32mBuilding CXX object CMakeFiles/delphi_srr_msgs__rosidl_typesupport_c.dir/rosidl_typesupport_c/delphi_srr_msgs/msg/srr_debug4__type_support.cpp.o[0m
[16.136s] [ 69%] [32m[1mLinking CXX shared library libdelphi_srr_msgs__rosidl_typesupport_c.so[0m
[16.266s] [ 69%] Built target delphi_srr_msgs__rosidl_typesupport_c
[16.410s] [ 70%] [32mBuilding CXX object CMakeFiles/delphi_srr_msgs__rosidl_typesupport_fastrtps_cpp.dir/rosidl_typesupport_fastrtps_cpp/delphi_srr_msgs/msg/detail/dds_fastrtps/srr_status4__type_support.cpp.o[0m
[17.408s] [ 71%] [32m[1mLinking CXX shared library libdelphi_srr_msgs__rosidl_typesupport_fastrtps_cpp.so[0m
[17.604s] [ 71%] Built target delphi_srr_msgs__rosidl_typesupport_fastrtps_cpp
[17.624s] [ 72%] [34m[1mGenerating C type support for eProsima Fast-RTPS[0m
[19.270s] [35m[1mScanning dependencies of target delphi_srr_msgs__rosidl_typesupport_fastrtps_c[0m
[19.302s] [ 73%] [32mBuilding CXX object CMakeFiles/delphi_srr_msgs__rosidl_typesupport_fastrtps_c.dir/rosidl_typesupport_fastrtps_c/delphi_srr_msgs/msg/detail/srr_debug3__type_support_c.cpp.o[0m
[19.788s] [ 74%] [32mBuilding CXX object CMakeFiles/delphi_srr_msgs__rosidl_typesupport_fastrtps_c.dir/rosidl_typesupport_fastrtps_c/delphi_srr_msgs/msg/detail/srr_track__type_support_c.cpp.o[0m
[20.346s] [ 75%] [32mBuilding CXX object CMakeFiles/delphi_srr_msgs__rosidl_typesupport_fastrtps_c.dir/rosidl_typesupport_fastrtps_c/delphi_srr_msgs/msg/detail/srr_status5__type_support_c.cpp.o[0m
[20.739s] [ 76%] [32mBuilding CXX object CMakeFiles/delphi_srr_msgs__rosidl_typesupport_fastrtps_c.dir/rosidl_typesupport_fastrtps_c/delphi_srr_msgs/msg/detail/srr_status4__type_support_c.cpp.o[0m
[21.198s] [ 77%] [32mBuilding CXX object CMakeFiles/delphi_srr_msgs__rosidl_typesupport_fastrtps_c.dir/rosidl_typesupport_fastrtps_c/delphi_srr_msgs/msg/detail/srr_status3__type_support_c.cpp.o[0m
[21.669s] [ 78%] [32mBuilding CXX object CMakeFiles/delphi_srr_msgs__rosidl_typesupport_fastrtps_c.dir/rosidl_typesupport_fastrtps_c/delphi_srr_msgs/msg/detail/srr_status2__type_support_c.cpp.o[0m
[22.060s] [ 79%] [32mBuilding CXX object CMakeFiles/delphi_srr_msgs__rosidl_typesupport_fastrtps_c.dir/rosidl_typesupport_fastrtps_c/delphi_srr_msgs/msg/detail/srr_status1__type_support_c.cpp.o[0m
[22.434s] [ 79%] [32mBuilding CXX object CMakeFiles/delphi_srr_msgs__rosidl_typesupport_fastrtps_c.dir/rosidl_typesupport_fastrtps_c/delphi_srr_msgs/msg/detail/srr_feature_sw_version__type_support_c.cpp.o[0m
[22.817s] [ 80%] [32mBuilding CXX object CMakeFiles/delphi_srr_msgs__rosidl_typesupport_fastrtps_c.dir/rosidl_typesupport_fastrtps_c/delphi_srr_msgs/msg/detail/srr_feature_alert__type_support_c.cpp.o[0m
[23.195s] [ 81%] [32mBuilding CXX object CMakeFiles/delphi_srr_msgs__rosidl_typesupport_fastrtps_c.dir/rosidl_typesupport_fastrtps_c/delphi_srr_msgs/msg/detail/srr_debug5__type_support_c.cpp.o[0m
[23.572s] [ 82%] [32mBuilding CXX object CMakeFiles/delphi_srr_msgs__rosidl_typesupport_fastrtps_c.dir/rosidl_typesupport_fastrtps_c/delphi_srr_msgs/msg/detail/srr_debug4__type_support_c.cpp.o[0m
[23.826s] [ 83%] [32m[1mLinking CXX shared library libdelphi_srr_msgs__rosidl_typesupport_fastrtps_c.so[0m
[23.980s] [ 83%] Built target delphi_srr_msgs__rosidl_typesupport_fastrtps_c
[23.994s] [35m[1mScanning dependencies of target delphi_srr_msgs[0m
[24.010s] [ 83%] Built target delphi_srr_msgs
[24.024s] [35m[1mScanning dependencies of target delphi_srr_msgs__py[0m
[24.040s] [ 84%] [34m[1mGenerating Python code for ROS interfaces[0m
[26.916s] [ 84%] Built target delphi_srr_msgs__py
[26.930s] [35m[1mScanning dependencies of target delphi_srr_msgs__python[0m
[26.969s] [ 85%] [32mBuilding C object CMakeFiles/delphi_srr_msgs__python.dir/rosidl_generator_py/delphi_srr_msgs/msg/_srr_debug3_s.c.o[0m
[27.086s] [ 86%] [32mBuilding C object CMakeFiles/delphi_srr_msgs__python.dir/rosidl_generator_py/delphi_srr_msgs/msg/_srr_track_s.c.o[0m
[27.183s] [ 87%] [32mBuilding C object CMakeFiles/delphi_srr_msgs__python.dir/rosidl_generator_py/delphi_srr_msgs/msg/_srr_status5_s.c.o[0m
[27.285s] [ 87%] [32mBuilding C object CMakeFiles/delphi_srr_msgs__python.dir/rosidl_generator_py/delphi_srr_msgs/msg/_srr_status4_s.c.o[0m
[27.400s] [ 88%] [32mBuilding C object CMakeFiles/delphi_srr_msgs__python.dir/rosidl_generator_py/delphi_srr_msgs/msg/_srr_status3_s.c.o[0m
[27.506s] [ 89%] [32mBuilding C object CMakeFiles/delphi_srr_msgs__python.dir/rosidl_generator_py/delphi_srr_msgs/msg/_srr_status2_s.c.o[0m
[27.612s] [ 90%] [32mBuilding C object CMakeFiles/delphi_srr_msgs__python.dir/rosidl_generator_py/delphi_srr_msgs/msg/_srr_status1_s.c.o[0m
[27.717s] [ 91%] [32mBuilding C object CMakeFiles/delphi_srr_msgs__python.dir/rosidl_generator_py/delphi_srr_msgs/msg/_srr_feature_sw_version_s.c.o[0m
[27.815s] [ 92%] [32mBuilding C object CMakeFiles/delphi_srr_msgs__python.dir/rosidl_generator_py/delphi_srr_msgs/msg/_srr_feature_alert_s.c.o[0m
[27.923s] [ 93%] [32mBuilding C object CMakeFiles/delphi_srr_msgs__python.dir/rosidl_generator_py/delphi_srr_msgs/msg/_srr_debug5_s.c.o[0m
[28.026s] [ 94%] [32mBuilding C object CMakeFiles/delphi_srr_msgs__python.dir/rosidl_generator_py/delphi_srr_msgs/msg/_srr_debug4_s.c.o[0m
[28.162s] [ 95%] [32m[1mLinking C shared library rosidl_generator_py/delphi_srr_msgs/libdelphi_srr_msgs__python.so[0m
[28.215s] [ 95%] Built target delphi_srr_msgs__python
[28.229s] [35m[1mScanning dependencies of target delphi_srr_msgs__rosidl_typesupport_c__pyext[0m
[28.251s] [ 95%] [32mBuilding C object CMakeFiles/delphi_srr_msgs__rosidl_typesupport_c__pyext.dir/rosidl_generator_py/delphi_srr_msgs/_delphi_srr_msgs_s.ep.rosidl_typesupport_c.c.o[0m
[28.372s] [ 96%] [32m[1mLinking C shared library rosidl_generator_py/delphi_srr_msgs/delphi_srr_msgs_s__rosidl_typesupport_c.cpython-38-x86_64-linux-gnu.so[0m
[28.403s] [ 96%] Built target delphi_srr_msgs__rosidl_typesupport_c__pyext
[28.414s] [35m[1mScanning dependencies of target delphi_srr_msgs__rosidl_typesupport_introspection_c__pyext[0m
[28.435s] [ 97%] [32mBuilding C object CMakeFiles/delphi_srr_msgs__rosidl_typesupport_introspection_c__pyext.dir/rosidl_generator_py/delphi_srr_msgs/_delphi_srr_msgs_s.ep.rosidl_typesupport_introspection_c.c.o[0m
[28.517s] [ 98%] [32m[1mLinking C shared library rosidl_generator_py/delphi_srr_msgs/delphi_srr_msgs_s__rosidl_typesupport_introspection_c.cpython-38-x86_64-linux-gnu.so[0m
[28.563s] [ 98%] Built target delphi_srr_msgs__rosidl_typesupport_introspection_c__pyext
[28.576s] [35m[1mScanning dependencies of target delphi_srr_msgs__rosidl_typesupport_fastrtps_c__pyext[0m
[28.602s] [ 99%] [32mBuilding C object CMakeFiles/delphi_srr_msgs__rosidl_typesupport_fastrtps_c__pyext.dir/rosidl_generator_py/delphi_srr_msgs/_delphi_srr_msgs_s.ep.rosidl_typesupport_fastrtps_c.c.o[0m
[28.733s] [100%] [32m[1mLinking CXX shared library rosidl_generator_py/delphi_srr_msgs/delphi_srr_msgs_s__rosidl_typesupport_fastrtps_c.cpython-38-x86_64-linux-gnu.so[0m
[28.817s] [100%] Built target delphi_srr_msgs__rosidl_typesupport_fastrtps_c__pyext
[28.835s] Invoked command in '/home/martin/Desktop/Stage/Projet/ws_carla_ros/build/delphi_srr_msgs' returned '0': CMAKE_PREFIX_PATH=${CMAKE_PREFIX_PATH}:/home/martin/Desktop/Stage/Projet/ws_carla_ros/install/rqt_carla_control:/home/martin/Desktop/Stage/Projet/ws_carla_ros/install/carla_waypoint_publisher:/home/martin/Desktop/Stage/Projet/ws_carla_ros/install/carla_ackermann_control:/home/martin/Desktop/Stage/Projet/ws_carla_ros/install/carla_ros_bridge:/home/martin/Desktop/Stage/Projet/ws_carla_ros/install/carla_spawn_objects:/home/martin/Desktop/Stage/Projet/ws_carla_ros/install/carla_manual_control:/home/martin/Desktop/Stage/Projet/ws_carla_ros/install/carla_ad_agent:/home/martin/Desktop/Stage/Projet/ws_carla_ros/install/ros_compatibility:/home/martin/Desktop/Stage/Projet/ws_carla_ros/install/carla_walker_agent:/home/martin/Desktop/Stage/Projet/ws_carla_ros/install/carla_twist_to_control:/home/martin/Desktop/Stage/Projet/ws_carla_ros/install/carla_ros_scenario_runner:/home/martin/Desktop/Stage/Projet/ws_carla_ros/install/carla_map_visualization:/home/martin/Desktop/Stage/Projet/ws_carla_ros/install/carla_interface:/home/martin/Desktop/Stage/Projet/ws_carla_ros/install/carla_control_display:/home/martin/Desktop/Stage/Projet/ws_carla_ros/install/carla_common:/opt/ros/galactic /usr/bin/cmake --build /home/martin/Desktop/Stage/Projet/ws_carla_ros/build/delphi_srr_msgs -- -j16 -l16
[28.839s] Invoking command in '/home/martin/Desktop/Stage/Projet/ws_carla_ros/build/delphi_srr_msgs': CMAKE_PREFIX_PATH=${CMAKE_PREFIX_PATH}:/home/martin/Desktop/Stage/Projet/ws_carla_ros/install/rqt_carla_control:/home/martin/Desktop/Stage/Projet/ws_carla_ros/install/carla_waypoint_publisher:/home/martin/Desktop/Stage/Projet/ws_carla_ros/install/carla_ackermann_control:/home/martin/Desktop/Stage/Projet/ws_carla_ros/install/carla_ros_bridge:/home/martin/Desktop/Stage/Projet/ws_carla_ros/install/carla_spawn_objects:/home/martin/Desktop/Stage/Projet/ws_carla_ros/install/carla_manual_control:/home/martin/Desktop/Stage/Projet/ws_carla_ros/install/carla_ad_agent:/home/martin/Desktop/Stage/Projet/ws_carla_ros/install/ros_compatibility:/home/martin/Desktop/Stage/Projet/ws_carla_ros/install/carla_walker_agent:/home/martin/Desktop/Stage/Projet/ws_carla_ros/install/carla_twist_to_control:/home/martin/Desktop/Stage/Projet/ws_carla_ros/install/carla_ros_scenario_runner:/home/martin/Desktop/Stage/Projet/ws_carla_ros/install/carla_map_visualization:/home/martin/Desktop/Stage/Projet/ws_carla_ros/install/carla_interface:/home/martin/Desktop/Stage/Projet/ws_carla_ros/install/carla_control_display:/home/martin/Desktop/Stage/Projet/ws_carla_ros/install/carla_common:/opt/ros/galactic /usr/bin/cmake --install /home/martin/Desktop/Stage/Projet/ws_carla_ros/build/delphi_srr_msgs
[28.851s] -- Install configuration: ""
[28.851s] -- Installing: /home/martin/Desktop/Stage/Projet/ws_carla_ros/install/delphi_srr_msgs/share/ament_index/resource_index/rosidl_interfaces/delphi_srr_msgs
[28.851s] -- Installing: /home/martin/Desktop/Stage/Projet/ws_carla_ros/install/delphi_srr_msgs/include/delphi_srr_msgs
[28.852s] -- Installing: /home/martin/Desktop/Stage/Projet/ws_carla_ros/install/delphi_srr_msgs/include/delphi_srr_msgs/msg
[28.852s] -- Installing: /home/martin/Desktop/Stage/Projet/ws_carla_ros/install/delphi_srr_msgs/include/delphi_srr_msgs/msg/srr_status4.h
[28.852s] -- Installing: /home/martin/Desktop/Stage/Projet/ws_carla_ros/install/delphi_srr_msgs/include/delphi_srr_msgs/msg/srr_debug5.h
[28.852s] -- Installing: /home/martin/Desktop/Stage/Projet/ws_carla_ros/install/delphi_srr_msgs/include/delphi_srr_msgs/msg/rosidl_generator_c__visibility_control.h
[28.852s] -- Installing: /home/martin/Desktop/Stage/Projet/ws_carla_ros/install/delphi_srr_msgs/include/delphi_srr_msgs/msg/srr_status1.h
[28.852s] -- Installing: /home/martin/Desktop/Stage/Projet/ws_carla_ros/install/delphi_srr_msgs/include/delphi_srr_msgs/msg/srr_debug3.h
[28.852s] -- Installing: /home/martin/Desktop/Stage/Projet/ws_carla_ros/install/delphi_srr_msgs/include/delphi_srr_msgs/msg/srr_status3.h
[28.852s] -- Installing: /home/martin/Desktop/Stage/Projet/ws_carla_ros/install/delphi_srr_msgs/include/delphi_srr_msgs/msg/srr_feature_sw_version.h
[28.852s] -- Installing: /home/martin/Desktop/Stage/Projet/ws_carla_ros/install/delphi_srr_msgs/include/delphi_srr_msgs/msg/srr_status5.h
[28.852s] -- Installing: /home/martin/Desktop/Stage/Projet/ws_carla_ros/install/delphi_srr_msgs/include/delphi_srr_msgs/msg/srr_status2.h
[28.852s] -- Installing: /home/martin/Desktop/Stage/Projet/ws_carla_ros/install/delphi_srr_msgs/include/delphi_srr_msgs/msg/srr_feature_alert.h
[28.852s] -- Installing: /home/martin/Desktop/Stage/Projet/ws_carla_ros/install/delphi_srr_msgs/include/delphi_srr_msgs/msg/srr_track.h
[28.852s] -- Installing: /home/martin/Desktop/Stage/Projet/ws_carla_ros/install/delphi_srr_msgs/include/delphi_srr_msgs/msg/detail
[28.853s] -- Installing: /home/martin/Desktop/Stage/Projet/ws_carla_ros/install/delphi_srr_msgs/include/delphi_srr_msgs/msg/detail/srr_track__functions.c
[28.853s] -- Installing: /home/martin/Desktop/Stage/Projet/ws_carla_ros/install/delphi_srr_msgs/include/delphi_srr_msgs/msg/detail/srr_status3__struct.h
[28.853s] -- Installing: /home/martin/Desktop/Stage/Projet/ws_carla_ros/install/delphi_srr_msgs/include/delphi_srr_msgs/msg/detail/srr_debug4__functions.h
[28.853s] -- Installing: /home/martin/Desktop/Stage/Projet/ws_carla_ros/install/delphi_srr_msgs/include/delphi_srr_msgs/msg/detail/srr_feature_alert__functions.h
[28.853s] -- Installing: /home/martin/Desktop/Stage/Projet/ws_carla_ros/install/delphi_srr_msgs/include/delphi_srr_msgs/msg/detail/srr_status4__struct.h
[28.853s] -- Installing: /home/martin/Desktop/Stage/Projet/ws_carla_ros/install/delphi_srr_msgs/include/delphi_srr_msgs/msg/detail/srr_feature_alert__functions.c
[28.853s] -- Installing: /home/martin/Desktop/Stage/Projet/ws_carla_ros/install/delphi_srr_msgs/include/delphi_srr_msgs/msg/detail/srr_debug3__struct.h
[28.853s] -- Installing: /home/martin/Desktop/Stage/Projet/ws_carla_ros/install/delphi_srr_msgs/include/delphi_srr_msgs/msg/detail/srr_status3__functions.h
[28.853s] -- Installing: /home/martin/Desktop/Stage/Projet/ws_carla_ros/install/delphi_srr_msgs/include/delphi_srr_msgs/msg/detail/srr_status5__functions.c
[28.853s] -- Installing: /home/martin/Desktop/Stage/Projet/ws_carla_ros/install/delphi_srr_msgs/include/delphi_srr_msgs/msg/detail/srr_status2__functions.h
[28.854s] -- Installing: /home/martin/Desktop/Stage/Projet/ws_carla_ros/install/delphi_srr_msgs/include/delphi_srr_msgs/msg/detail/srr_debug4__struct.h
[28.854s] -- Installing: /home/martin/Desktop/Stage/Projet/ws_carla_ros/install/delphi_srr_msgs/include/delphi_srr_msgs/msg/detail/srr_track__functions.h
[28.854s] -- Installing: /home/martin/Desktop/Stage/Projet/ws_carla_ros/install/delphi_srr_msgs/include/delphi_srr_msgs/msg/detail/srr_debug5__struct.h
[28.854s] -- Installing: /home/martin/Desktop/Stage/Projet/ws_carla_ros/install/delphi_srr_msgs/include/delphi_srr_msgs/msg/detail/srr_status1__functions.c
[28.854s] -- Installing: /home/martin/Desktop/Stage/Projet/ws_carla_ros/install/delphi_srr_msgs/include/delphi_srr_msgs/msg/detail/srr_track__struct.h
[28.854s] -- Installing: /home/martin/Desktop/Stage/Projet/ws_carla_ros/install/delphi_srr_msgs/include/delphi_srr_msgs/msg/detail/srr_debug4__type_support.h
[28.854s] -- Installing: /home/martin/Desktop/Stage/Projet/ws_carla_ros/install/delphi_srr_msgs/include/delphi_srr_msgs/msg/detail/srr_debug5__functions.c
[28.854s] -- Installing: /home/martin/Desktop/Stage/Projet/ws_carla_ros/install/delphi_srr_msgs/include/delphi_srr_msgs/msg/detail/srr_debug3__functions.h
[28.854s] -- Installing: /home/martin/Desktop/Stage/Projet/ws_carla_ros/install/delphi_srr_msgs/include/delphi_srr_msgs/msg/detail/srr_status1__functions.h
[28.854s] -- Installing: /home/martin/Desktop/Stage/Projet/ws_carla_ros/install/delphi_srr_msgs/include/delphi_srr_msgs/msg/detail/srr_debug3__type_support.h
[28.854s] -- Installing: /home/martin/Desktop/Stage/Projet/ws_carla_ros/install/delphi_srr_msgs/include/delphi_srr_msgs/msg/detail/srr_status4__functions.h
[28.854s] -- Installing: /home/martin/Desktop/Stage/Projet/ws_carla_ros/install/delphi_srr_msgs/include/delphi_srr_msgs/msg/detail/srr_debug5__functions.h
[28.855s] -- Installing: /home/martin/Desktop/Stage/Projet/ws_carla_ros/install/delphi_srr_msgs/include/delphi_srr_msgs/msg/detail/srr_status4__functions.c
[28.855s] -- Installing: /home/martin/Desktop/Stage/Projet/ws_carla_ros/install/delphi_srr_msgs/include/delphi_srr_msgs/msg/detail/srr_status2__struct.h
[28.855s] -- Installing: /home/martin/Desktop/Stage/Projet/ws_carla_ros/install/delphi_srr_msgs/include/delphi_srr_msgs/msg/detail/srr_debug5__type_support.h
[28.855s] -- Installing: /home/martin/Desktop/Stage/Projet/ws_carla_ros/install/delphi_srr_msgs/include/delphi_srr_msgs/msg/detail/srr_feature_sw_version__functions.h
[28.855s] -- Installing: /home/martin/Desktop/Stage/Projet/ws_carla_ros/install/delphi_srr_msgs/include/delphi_srr_msgs/msg/detail/srr_feature_sw_version__functions.c
[28.855s] -- Installing: /home/martin/Desktop/Stage/Projet/ws_carla_ros/install/delphi_srr_msgs/include/delphi_srr_msgs/msg/detail/srr_status2__type_support.h
[28.855s] -- Installing: /home/martin/Desktop/Stage/Projet/ws_carla_ros/install/delphi_srr_msgs/include/delphi_srr_msgs/msg/detail/srr_feature_sw_version__type_support.h
[28.855s] -- Installing: /home/martin/Desktop/Stage/Projet/ws_carla_ros/install/delphi_srr_msgs/include/delphi_srr_msgs/msg/detail/srr_status1__struct.h
[28.855s] -- Installing: /home/martin/Desktop/Stage/Projet/ws_carla_ros/install/delphi_srr_msgs/include/delphi_srr_msgs/msg/detail/srr_feature_sw_version__struct.h
[28.855s] -- Installing: /home/martin/Desktop/Stage/Projet/ws_carla_ros/install/delphi_srr_msgs/include/delphi_srr_msgs/msg/detail/srr_debug4__functions.c
[28.855s] -- Installing: /home/martin/Desktop/Stage/Projet/ws_carla_ros/install/delphi_srr_msgs/include/delphi_srr_msgs/msg/detail/srr_track__type_support.h
[28.856s] -- Installing: /home/martin/Desktop/Stage/Projet/ws_carla_ros/install/delphi_srr_msgs/include/delphi_srr_msgs/msg/detail/srr_status2__functions.c
[28.856s] -- Installing: /home/martin/Desktop/Stage/Projet/ws_carla_ros/install/delphi_srr_msgs/include/delphi_srr_msgs/msg/detail/srr_status4__type_support.h
[28.856s] -- Installing: /home/martin/Desktop/Stage/Projet/ws_carla_ros/install/delphi_srr_msgs/include/delphi_srr_msgs/msg/detail/srr_status1__type_support.h
[28.856s] -- Installing: /home/martin/Desktop/Stage/Projet/ws_carla_ros/install/delphi_srr_msgs/include/delphi_srr_msgs/msg/detail/srr_status3__type_support.h
[28.856s] -- Installing: /home/martin/Desktop/Stage/Projet/ws_carla_ros/install/delphi_srr_msgs/include/delphi_srr_msgs/msg/detail/srr_status5__type_support.h
[28.856s] -- Installing: /home/martin/Desktop/Stage/Projet/ws_carla_ros/install/delphi_srr_msgs/include/delphi_srr_msgs/msg/detail/srr_status5__struct.h
[28.856s] -- Installing: /home/martin/Desktop/Stage/Projet/ws_carla_ros/install/delphi_srr_msgs/include/delphi_srr_msgs/msg/detail/srr_status5__functions.h
[28.856s] -- Installing: /home/martin/Desktop/Stage/Projet/ws_carla_ros/install/delphi_srr_msgs/include/delphi_srr_msgs/msg/detail/srr_feature_alert__struct.h
[28.856s] -- Installing: /home/martin/Desktop/Stage/Projet/ws_carla_ros/install/delphi_srr_msgs/include/delphi_srr_msgs/msg/detail/srr_debug3__functions.c
[28.856s] -- Installing: /home/martin/Desktop/Stage/Projet/ws_carla_ros/install/delphi_srr_msgs/include/delphi_srr_msgs/msg/detail/srr_feature_alert__type_support.h
[28.856s] -- Installing: /home/martin/Desktop/Stage/Projet/ws_carla_ros/install/delphi_srr_msgs/include/delphi_srr_msgs/msg/detail/srr_status3__functions.c
[28.857s] -- Installing: /home/martin/Desktop/Stage/Projet/ws_carla_ros/install/delphi_srr_msgs/include/delphi_srr_msgs/msg/srr_debug4.h
[28.857s] -- Installing: /home/martin/Desktop/Stage/Projet/ws_carla_ros/install/delphi_srr_msgs/share/delphi_srr_msgs/environment/library_path.sh
[28.857s] -- Installing: /home/martin/Desktop/Stage/Projet/ws_carla_ros/install/delphi_srr_msgs/share/delphi_srr_msgs/environment/library_path.dsv
[28.857s] -- Installing: /home/martin/Desktop/Stage/Projet/ws_carla_ros/install/delphi_srr_msgs/lib/libdelphi_srr_msgs__rosidl_generator_c.so
[28.858s] -- Set runtime path of "/home/martin/Desktop/Stage/Projet/ws_carla_ros/install/delphi_srr_msgs/lib/libdelphi_srr_msgs__rosidl_generator_c.so" to ""
[28.859s] -- Up-to-date: /home/martin/Desktop/Stage/Projet/ws_carla_ros/install/delphi_srr_msgs/include/delphi_srr_msgs
[28.859s] -- Up-to-date: /home/martin/Desktop/Stage/Projet/ws_carla_ros/install/delphi_srr_msgs/include/delphi_srr_msgs/msg
[28.859s] -- Installing: /home/martin/Desktop/Stage/Projet/ws_carla_ros/install/delphi_srr_msgs/include/delphi_srr_msgs/msg/rosidl_typesupport_fastrtps_c__visibility_control.h
[28.859s] -- Up-to-date: /home/martin/Desktop/Stage/Projet/ws_carla_ros/install/delphi_srr_msgs/include/delphi_srr_msgs/msg/detail
[28.859s] -- Installing: /home/martin/Desktop/Stage/Projet/ws_carla_ros/install/delphi_srr_msgs/include/delphi_srr_msgs/msg/detail/srr_status1__rosidl_typesupport_fastrtps_c.h
[28.859s] -- Installing: /home/martin/Desktop/Stage/Projet/ws_carla_ros/install/delphi_srr_msgs/include/delphi_srr_msgs/msg/detail/srr_feature_sw_version__rosidl_typesupport_fastrtps_c.h
[28.859s] -- Installing: /home/martin/Desktop/Stage/Projet/ws_carla_ros/install/delphi_srr_msgs/include/delphi_srr_msgs/msg/detail/srr_debug4__rosidl_typesupport_fastrtps_c.h
[28.859s] -- Installing: /home/martin/Desktop/Stage/Projet/ws_carla_ros/install/delphi_srr_msgs/include/delphi_srr_msgs/msg/detail/srr_feature_alert__rosidl_typesupport_fastrtps_c.h
[28.859s] -- Installing: /home/martin/Desktop/Stage/Projet/ws_carla_ros/install/delphi_srr_msgs/include/delphi_srr_msgs/msg/detail/srr_track__rosidl_typesupport_fastrtps_c.h
[28.859s] -- Installing: /home/martin/Desktop/Stage/Projet/ws_carla_ros/install/delphi_srr_msgs/include/delphi_srr_msgs/msg/detail/srr_status3__rosidl_typesupport_fastrtps_c.h
[28.859s] -- Installing: /home/martin/Desktop/Stage/Projet/ws_carla_ros/install/delphi_srr_msgs/include/delphi_srr_msgs/msg/detail/srr_status4__rosidl_typesupport_fastrtps_c.h
[28.859s] -- Installing: /home/martin/Desktop/Stage/Projet/ws_carla_ros/install/delphi_srr_msgs/include/delphi_srr_msgs/msg/detail/srr_debug3__rosidl_typesupport_fastrtps_c.h
[28.859s] -- Installing: /home/martin/Desktop/Stage/Projet/ws_carla_ros/install/delphi_srr_msgs/include/delphi_srr_msgs/msg/detail/srr_debug5__rosidl_typesupport_fastrtps_c.h
[28.859s] -- Installing: /home/martin/Desktop/Stage/Projet/ws_carla_ros/install/delphi_srr_msgs/include/delphi_srr_msgs/msg/detail/srr_status2__rosidl_typesupport_fastrtps_c.h
[28.859s] -- Installing: /home/martin/Desktop/Stage/Projet/ws_carla_ros/install/delphi_srr_msgs/include/delphi_srr_msgs/msg/detail/srr_status5__rosidl_typesupport_fastrtps_c.h
[28.860s] -- Installing: /home/martin/Desktop/Stage/Projet/ws_carla_ros/install/delphi_srr_msgs/lib/libdelphi_srr_msgs__rosidl_typesupport_fastrtps_c.so
[28.860s] -- Set runtime path of "/home/martin/Desktop/Stage/Projet/ws_carla_ros/install/delphi_srr_msgs/lib/libdelphi_srr_msgs__rosidl_typesupport_fastrtps_c.so" to ""
[28.860s] -- Up-to-date: /home/martin/Desktop/Stage/Projet/ws_carla_ros/install/delphi_srr_msgs/include/delphi_srr_msgs
[28.860s] -- Up-to-date: /home/martin/Desktop/Stage/Projet/ws_carla_ros/install/delphi_srr_msgs/include/delphi_srr_msgs/msg
[28.860s] -- Up-to-date: /home/martin/Desktop/Stage/Projet/ws_carla_ros/install/delphi_srr_msgs/include/delphi_srr_msgs/msg/detail
[28.860s] -- Installing: /home/martin/Desktop/Stage/Projet/ws_carla_ros/install/delphi_srr_msgs/include/delphi_srr_msgs/msg/detail/srr_status2__rosidl_typesupport_fastrtps_cpp.hpp
[28.860s] -- Installing: /home/martin/Desktop/Stage/Projet/ws_carla_ros/install/delphi_srr_msgs/include/delphi_srr_msgs/msg/detail/srr_status5__rosidl_typesupport_fastrtps_cpp.hpp
[28.860s] -- Installing: /home/martin/Desktop/Stage/Projet/ws_carla_ros/install/delphi_srr_msgs/include/delphi_srr_msgs/msg/detail/srr_status3__rosidl_typesupport_fastrtps_cpp.hpp
[28.860s] -- Installing: /home/martin/Desktop/Stage/Projet/ws_carla_ros/install/delphi_srr_msgs/include/delphi_srr_msgs/msg/detail/srr_status4__rosidl_typesupport_fastrtps_cpp.hpp
[28.860s] -- Installing: /home/martin/Desktop/Stage/Projet/ws_carla_ros/install/delphi_srr_msgs/include/delphi_srr_msgs/msg/detail/srr_debug5__rosidl_typesupport_fastrtps_cpp.hpp
[28.860s] -- Installing: /home/martin/Desktop/Stage/Projet/ws_carla_ros/install/delphi_srr_msgs/include/delphi_srr_msgs/msg/detail/srr_debug3__rosidl_typesupport_fastrtps_cpp.hpp
[28.860s] -- Installing: /home/martin/Desktop/Stage/Projet/ws_carla_ros/install/delphi_srr_msgs/include/delphi_srr_msgs/msg/detail/srr_debug4__rosidl_typesupport_fastrtps_cpp.hpp
[28.860s] -- Installing: /home/martin/Desktop/Stage/Projet/ws_carla_ros/install/delphi_srr_msgs/include/delphi_srr_msgs/msg/detail/srr_feature_alert__rosidl_typesupport_fastrtps_cpp.hpp
[28.860s] -- Installing: /home/martin/Desktop/Stage/Projet/ws_carla_ros/install/delphi_srr_msgs/include/delphi_srr_msgs/msg/detail/dds_fastrtps
[28.860s] -- Installing: /home/martin/Desktop/Stage/Projet/ws_carla_ros/install/delphi_srr_msgs/include/delphi_srr_msgs/msg/detail/srr_status1__rosidl_typesupport_fastrtps_cpp.hpp
[28.861s] -- Installing: /home/martin/Desktop/Stage/Projet/ws_carla_ros/install/delphi_srr_msgs/include/delphi_srr_msgs/msg/detail/srr_track__rosidl_typesupport_fastrtps_cpp.hpp
[28.861s] -- Installing: /home/martin/Desktop/Stage/Projet/ws_carla_ros/install/delphi_srr_msgs/include/delphi_srr_msgs/msg/detail/srr_feature_sw_version__rosidl_typesupport_fastrtps_cpp.hpp
[28.861s] -- Installing: /home/martin/Desktop/Stage/Projet/ws_carla_ros/install/delphi_srr_msgs/include/delphi_srr_msgs/msg/rosidl_typesupport_fastrtps_cpp__visibility_control.h
[28.861s] -- Installing: /home/martin/Desktop/Stage/Projet/ws_carla_ros/install/delphi_srr_msgs/lib/libdelphi_srr_msgs__rosidl_typesupport_fastrtps_cpp.so
[28.861s] -- Set runtime path of "/home/martin/Desktop/Stage/Projet/ws_carla_ros/install/delphi_srr_msgs/lib/libdelphi_srr_msgs__rosidl_typesupport_fastrtps_cpp.so" to ""
[28.861s] -- Up-to-date: /home/martin/Desktop/Stage/Projet/ws_carla_ros/install/delphi_srr_msgs/include/delphi_srr_msgs
[28.861s] -- Up-to-date: /home/martin/Desktop/Stage/Projet/ws_carla_ros/install/delphi_srr_msgs/include/delphi_srr_msgs/msg
[28.861s] -- Installing: /home/martin/Desktop/Stage/Projet/ws_carla_ros/install/delphi_srr_msgs/include/delphi_srr_msgs/msg/rosidl_typesupport_introspection_c__visibility_control.h
[28.862s] -- Up-to-date: /home/martin/Desktop/Stage/Projet/ws_carla_ros/install/delphi_srr_msgs/include/delphi_srr_msgs/msg/detail
[28.862s] -- Installing: /home/martin/Desktop/Stage/Projet/ws_carla_ros/install/delphi_srr_msgs/include/delphi_srr_msgs/msg/detail/srr_feature_sw_version__rosidl_typesupport_introspection_c.h
[28.862s] -- Installing: /home/martin/Desktop/Stage/Projet/ws_carla_ros/install/delphi_srr_msgs/include/delphi_srr_msgs/msg/detail/srr_status1__rosidl_typesupport_introspection_c.h
[28.862s] -- Installing: /home/martin/Desktop/Stage/Projet/ws_carla_ros/install/delphi_srr_msgs/include/delphi_srr_msgs/msg/detail/srr_status4__rosidl_typesupport_introspection_c.h
[28.862s] -- Installing: /home/martin/Desktop/Stage/Projet/ws_carla_ros/install/delphi_srr_msgs/include/delphi_srr_msgs/msg/detail/srr_debug4__rosidl_typesupport_introspection_c.h
[28.862s] -- Installing: /home/martin/Desktop/Stage/Projet/ws_carla_ros/install/delphi_srr_msgs/include/delphi_srr_msgs/msg/detail/srr_debug5__type_support.c
[28.862s] -- Installing: /home/martin/Desktop/Stage/Projet/ws_carla_ros/install/delphi_srr_msgs/include/delphi_srr_msgs/msg/detail/srr_debug3__rosidl_typesupport_introspection_c.h
[28.862s] -- Installing: /home/martin/Desktop/Stage/Projet/ws_carla_ros/install/delphi_srr_msgs/include/delphi_srr_msgs/msg/detail/srr_track__rosidl_typesupport_introspection_c.h
[28.862s] -- Installing: /home/martin/Desktop/Stage/Projet/ws_carla_ros/install/delphi_srr_msgs/include/delphi_srr_msgs/msg/detail/srr_status2__rosidl_typesupport_introspection_c.h
[28.862s] -- Installing: /home/martin/Desktop/Stage/Projet/ws_carla_ros/install/delphi_srr_msgs/include/delphi_srr_msgs/msg/detail/srr_track__type_support.c
[28.862s] -- Installing: /home/martin/Desktop/Stage/Projet/ws_carla_ros/install/delphi_srr_msgs/include/delphi_srr_msgs/msg/detail/srr_feature_sw_version__type_support.c
[28.862s] -- Installing: /home/martin/Desktop/Stage/Projet/ws_carla_ros/install/delphi_srr_msgs/include/delphi_srr_msgs/msg/detail/srr_status5__type_support.c
[28.862s] -- Installing: /home/martin/Desktop/Stage/Projet/ws_carla_ros/install/delphi_srr_msgs/include/delphi_srr_msgs/msg/detail/srr_status3__rosidl_typesupport_introspection_c.h
[28.863s] -- Installing: /home/martin/Desktop/Stage/Projet/ws_carla_ros/install/delphi_srr_msgs/include/delphi_srr_msgs/msg/detail/srr_status1__type_support.c
[28.863s] -- Installing: /home/martin/Desktop/Stage/Projet/ws_carla_ros/install/delphi_srr_msgs/include/delphi_srr_msgs/msg/detail/srr_debug3__type_support.c
[28.863s] -- Installing: /home/martin/Desktop/Stage/Projet/ws_carla_ros/install/delphi_srr_msgs/include/delphi_srr_msgs/msg/detail/srr_debug4__type_support.c
[28.863s] -- Installing: /home/martin/Desktop/Stage/Projet/ws_carla_ros/install/delphi_srr_msgs/include/delphi_srr_msgs/msg/detail/srr_status5__rosidl_typesupport_introspection_c.h
[28.863s] -- Installing: /home/martin/Desktop/Stage/Projet/ws_carla_ros/install/delphi_srr_msgs/include/delphi_srr_msgs/msg/detail/srr_feature_alert__rosidl_typesupport_introspection_c.h
[28.863s] -- Installing: /home/martin/Desktop/Stage/Projet/ws_carla_ros/install/delphi_srr_msgs/include/delphi_srr_msgs/msg/detail/srr_status4__type_support.c
[28.863s] -- Installing: /home/martin/Desktop/Stage/Projet/ws_carla_ros/install/delphi_srr_msgs/include/delphi_srr_msgs/msg/detail/srr_feature_alert__type_support.c
[28.863s] -- Installing: /home/martin/Desktop/Stage/Projet/ws_carla_ros/install/delphi_srr_msgs/include/delphi_srr_msgs/msg/detail/srr_debug5__rosidl_typesupport_introspection_c.h
[28.863s] -- Installing: /home/martin/Desktop/Stage/Projet/ws_carla_ros/install/delphi_srr_msgs/include/delphi_srr_msgs/msg/detail/srr_status3__type_support.c
[28.863s] -- Installing: /home/martin/Desktop/Stage/Projet/ws_carla_ros/install/delphi_srr_msgs/include/delphi_srr_msgs/msg/detail/srr_status2__type_support.c
[28.864s] -- Installing: /home/martin/Desktop/Stage/Projet/ws_carla_ros/install/delphi_srr_msgs/lib/libdelphi_srr_msgs__rosidl_typesupport_introspection_c.so
[28.864s] -- Set runtime path of "/home/martin/Desktop/Stage/Projet/ws_carla_ros/install/delphi_srr_msgs/lib/libdelphi_srr_msgs__rosidl_typesupport_introspection_c.so" to ""
[28.864s] -- Installing: /home/martin/Desktop/Stage/Projet/ws_carla_ros/install/delphi_srr_msgs/lib/libdelphi_srr_msgs__rosidl_typesupport_c.so
[28.864s] -- Set runtime path of "/home/martin/Desktop/Stage/Projet/ws_carla_ros/install/delphi_srr_msgs/lib/libdelphi_srr_msgs__rosidl_typesupport_c.so" to ""
[28.864s] -- Up-to-date: /home/martin/Desktop/Stage/Projet/ws_carla_ros/install/delphi_srr_msgs/include/delphi_srr_msgs
[28.865s] -- Up-to-date: /home/martin/Desktop/Stage/Projet/ws_carla_ros/install/delphi_srr_msgs/include/delphi_srr_msgs/msg
[28.865s] -- Installing: /home/martin/Desktop/Stage/Projet/ws_carla_ros/install/delphi_srr_msgs/include/delphi_srr_msgs/msg/srr_status1.hpp
[28.865s] -- Installing: /home/martin/Desktop/Stage/Projet/ws_carla_ros/install/delphi_srr_msgs/include/delphi_srr_msgs/msg/srr_track.hpp
[28.865s] -- Installing: /home/martin/Desktop/Stage/Projet/ws_carla_ros/install/delphi_srr_msgs/include/delphi_srr_msgs/msg/srr_status5.hpp
[28.865s] -- Installing: /home/martin/Desktop/Stage/Projet/ws_carla_ros/install/delphi_srr_msgs/include/delphi_srr_msgs/msg/srr_status3.hpp
[28.865s] -- Installing: /home/martin/Desktop/Stage/Projet/ws_carla_ros/install/delphi_srr_msgs/include/delphi_srr_msgs/msg/srr_status2.hpp
[28.865s] -- Installing: /home/martin/Desktop/Stage/Projet/ws_carla_ros/install/delphi_srr_msgs/include/delphi_srr_msgs/msg/srr_debug3.hpp
[28.865s] -- Installing: /home/martin/Desktop/Stage/Projet/ws_carla_ros/install/delphi_srr_msgs/include/delphi_srr_msgs/msg/srr_debug4.hpp
[28.865s] -- Installing: /home/martin/Desktop/Stage/Projet/ws_carla_ros/install/delphi_srr_msgs/include/delphi_srr_msgs/msg/srr_debug5.hpp
[28.865s] -- Up-to-date: /home/martin/Desktop/Stage/Projet/ws_carla_ros/install/delphi_srr_msgs/include/delphi_srr_msgs/msg/detail
[28.865s] -- Installing: /home/martin/Desktop/Stage/Projet/ws_carla_ros/install/delphi_srr_msgs/include/delphi_srr_msgs/msg/detail/srr_status4__builder.hpp
[28.865s] -- Installing: /home/martin/Desktop/Stage/Projet/ws_carla_ros/install/delphi_srr_msgs/include/delphi_srr_msgs/msg/detail/srr_status2__traits.hpp
[28.865s] -- Installing: /home/martin/Desktop/Stage/Projet/ws_carla_ros/install/delphi_srr_msgs/include/delphi_srr_msgs/msg/detail/srr_track__builder.hpp
[28.866s] -- Installing: /home/martin/Desktop/Stage/Projet/ws_carla_ros/install/delphi_srr_msgs/include/delphi_srr_msgs/msg/detail/srr_debug5__traits.hpp
[28.866s] -- Installing: /home/martin/Desktop/Stage/Projet/ws_carla_ros/install/delphi_srr_msgs/include/delphi_srr_msgs/msg/detail/srr_debug5__builder.hpp
[28.866s] -- Installing: /home/martin/Desktop/Stage/Projet/ws_carla_ros/install/delphi_srr_msgs/include/delphi_srr_msgs/msg/detail/srr_feature_alert__traits.hpp
[28.866s] -- Installing: /home/martin/Desktop/Stage/Projet/ws_carla_ros/install/delphi_srr_msgs/include/delphi_srr_msgs/msg/detail/srr_feature_sw_version__struct.hpp
[28.866s] -- Installing: /home/martin/Desktop/Stage/Projet/ws_carla_ros/install/delphi_srr_msgs/include/delphi_srr_msgs/msg/detail/srr_feature_alert__struct.hpp
[28.866s] -- Installing: /home/martin/Desktop/Stage/Projet/ws_carla_ros/install/delphi_srr_msgs/include/delphi_srr_msgs/msg/detail/srr_feature_sw_version__builder.hpp
[28.866s] -- Installing: /home/martin/Desktop/Stage/Projet/ws_carla_ros/install/delphi_srr_msgs/include/delphi_srr_msgs/msg/detail/srr_debug5__struct.hpp
[28.866s] -- Installing: /home/martin/Desktop/Stage/Projet/ws_carla_ros/install/delphi_srr_msgs/include/delphi_srr_msgs/msg/detail/srr_status1__builder.hpp
[28.866s] -- Installing: /home/martin/Desktop/Stage/Projet/ws_carla_ros/install/delphi_srr_msgs/include/delphi_srr_msgs/msg/detail/srr_status4__struct.hpp
[28.866s] -- Installing: /home/martin/Desktop/Stage/Projet/ws_carla_ros/install/delphi_srr_msgs/include/delphi_srr_msgs/msg/detail/srr_status5__struct.hpp
[28.867s] -- Installing: /home/martin/Desktop/Stage/Projet/ws_carla_ros/install/delphi_srr_msgs/include/delphi_srr_msgs/msg/detail/srr_status3__traits.hpp
[28.867s] -- Installing: /home/martin/Desktop/Stage/Projet/ws_carla_ros/install/delphi_srr_msgs/include/delphi_srr_msgs/msg/detail/srr_status5__traits.hpp
[28.867s] -- Installing: /home/martin/Desktop/Stage/Projet/ws_carla_ros/install/delphi_srr_msgs/include/delphi_srr_msgs/msg/detail/srr_track__struct.hpp
[28.867s] -- Installing: /home/martin/Desktop/Stage/Projet/ws_carla_ros/install/delphi_srr_msgs/include/delphi_srr_msgs/msg/detail/srr_status5__builder.hpp
[28.867s] -- Installing: /home/martin/Desktop/Stage/Projet/ws_carla_ros/install/delphi_srr_msgs/include/delphi_srr_msgs/msg/detail/srr_status2__struct.hpp
[28.867s] -- Installing: /home/martin/Desktop/Stage/Projet/ws_carla_ros/install/delphi_srr_msgs/include/delphi_srr_msgs/msg/detail/srr_debug3__builder.hpp
[28.867s] -- Installing: /home/martin/Desktop/Stage/Projet/ws_carla_ros/install/delphi_srr_msgs/include/delphi_srr_msgs/msg/detail/srr_status2__builder.hpp
[28.867s] -- Installing: /home/martin/Desktop/Stage/Projet/ws_carla_ros/install/delphi_srr_msgs/include/delphi_srr_msgs/msg/detail/srr_track__traits.hpp
[28.867s] -- Installing: /home/martin/Desktop/Stage/Projet/ws_carla_ros/install/delphi_srr_msgs/include/delphi_srr_msgs/msg/detail/srr_status3__builder.hpp
[28.867s] -- Installing: /home/martin/Desktop/Stage/Projet/ws_carla_ros/install/delphi_srr_msgs/include/delphi_srr_msgs/msg/detail/srr_status3__struct.hpp
[28.867s] -- Installing: /home/martin/Desktop/Stage/Projet/ws_carla_ros/install/delphi_srr_msgs/include/delphi_srr_msgs/msg/detail/srr_status1__struct.hpp
[28.868s] -- Installing: /home/martin/Desktop/Stage/Projet/ws_carla_ros/install/delphi_srr_msgs/include/delphi_srr_msgs/msg/detail/srr_status1__traits.hpp
[28.868s] -- Installing: /home/martin/Desktop/Stage/Projet/ws_carla_ros/install/delphi_srr_msgs/include/delphi_srr_msgs/msg/detail/srr_feature_sw_version__traits.hpp
[28.868s] -- Installing: /home/martin/Desktop/Stage/Projet/ws_carla_ros/install/delphi_srr_msgs/include/delphi_srr_msgs/msg/detail/srr_status4__traits.hpp
[28.868s] -- Installing: /home/martin/Desktop/Stage/Projet/ws_carla_ros/install/delphi_srr_msgs/include/delphi_srr_msgs/msg/detail/srr_debug4__struct.hpp
[28.868s] -- Installing: /home/martin/Desktop/Stage/Projet/ws_carla_ros/install/delphi_srr_msgs/include/delphi_srr_msgs/msg/detail/srr_debug4__builder.hpp
[28.868s] -- Installing: /home/martin/Desktop/Stage/Projet/ws_carla_ros/install/delphi_srr_msgs/include/delphi_srr_msgs/msg/detail/srr_debug3__struct.hpp
[28.868s] -- Installing: /home/martin/Desktop/Stage/Projet/ws_carla_ros/install/delphi_srr_msgs/include/delphi_srr_msgs/msg/detail/srr_debug3__traits.hpp
[28.868s] -- Installing: /home/martin/Desktop/Stage/Projet/ws_carla_ros/install/delphi_srr_msgs/include/delphi_srr_msgs/msg/detail/srr_feature_alert__builder.hpp
[28.868s] -- Installing: /home/martin/Desktop/Stage/Projet/ws_carla_ros/install/delphi_srr_msgs/include/delphi_srr_msgs/msg/detail/srr_debug4__traits.hpp
[28.868s] -- Installing: /home/martin/Desktop/Stage/Projet/ws_carla_ros/install/delphi_srr_msgs/include/delphi_srr_msgs/msg/srr_status4.hpp
[28.869s] -- Installing: /home/martin/Desktop/Stage/Projet/ws_carla_ros/install/delphi_srr_msgs/include/delphi_srr_msgs/msg/srr_feature_alert.hpp
[28.869s] -- Installing: /home/martin/Desktop/Stage/Projet/ws_carla_ros/install/delphi_srr_msgs/include/delphi_srr_msgs/msg/srr_feature_sw_version.hpp
[28.869s] -- Up-to-date: /home/martin/Desktop/Stage/Projet/ws_carla_ros/install/delphi_srr_msgs/include/delphi_srr_msgs
[28.869s] -- Up-to-date: /home/martin/Desktop/Stage/Projet/ws_carla_ros/install/delphi_srr_msgs/include/delphi_srr_msgs/msg
[28.869s] -- Up-to-date: /home/martin/Desktop/Stage/Projet/ws_carla_ros/install/delphi_srr_msgs/include/delphi_srr_msgs/msg/detail
[28.869s] -- Installing: /home/martin/Desktop/Stage/Projet/ws_carla_ros/install/delphi_srr_msgs/include/delphi_srr_msgs/msg/detail/srr_track__type_support.cpp
[28.869s] -- Installing: /home/martin/Desktop/Stage/Projet/ws_carla_ros/install/delphi_srr_msgs/include/delphi_srr_msgs/msg/detail/srr_status2__type_support.cpp
[28.869s] -- Installing: /home/martin/Desktop/Stage/Projet/ws_carla_ros/install/delphi_srr_msgs/include/delphi_srr_msgs/msg/detail/srr_status2__rosidl_typesupport_introspection_cpp.hpp
[28.869s] -- Installing: /home/martin/Desktop/Stage/Projet/ws_carla_ros/install/delphi_srr_msgs/include/delphi_srr_msgs/msg/detail/srr_status5__type_support.cpp
[28.869s] -- Installing: /home/martin/Desktop/Stage/Projet/ws_carla_ros/install/delphi_srr_msgs/include/delphi_srr_msgs/msg/detail/srr_status3__type_support.cpp
[28.869s] -- Installing: /home/martin/Desktop/Stage/Projet/ws_carla_ros/install/delphi_srr_msgs/include/delphi_srr_msgs/msg/detail/srr_feature_alert__type_support.cpp
[28.870s] -- Installing: /home/martin/Desktop/Stage/Projet/ws_carla_ros/install/delphi_srr_msgs/include/delphi_srr_msgs/msg/detail/srr_debug3__rosidl_typesupport_introspection_cpp.hpp
[28.870s] -- Installing: /home/martin/Desktop/Stage/Projet/ws_carla_ros/install/delphi_srr_msgs/include/delphi_srr_msgs/msg/detail/srr_status4__type_support.cpp
[28.870s] -- Installing: /home/martin/Desktop/Stage/Projet/ws_carla_ros/install/delphi_srr_msgs/include/delphi_srr_msgs/msg/detail/srr_debug4__type_support.cpp
[28.870s] -- Installing: /home/martin/Desktop/Stage/Projet/ws_carla_ros/install/delphi_srr_msgs/include/delphi_srr_msgs/msg/detail/srr_status4__rosidl_typesupport_introspection_cpp.hpp
[28.870s] -- Installing: /home/martin/Desktop/Stage/Projet/ws_carla_ros/install/delphi_srr_msgs/include/delphi_srr_msgs/msg/detail/srr_debug5__rosidl_typesupport_introspection_cpp.hpp
[28.870s] -- Installing: /home/martin/Desktop/Stage/Projet/ws_carla_ros/install/delphi_srr_msgs/include/delphi_srr_msgs/msg/detail/srr_feature_sw_version__rosidl_typesupport_introspection_cpp.hpp
[28.870s] -- Installing: /home/martin/Desktop/Stage/Projet/ws_carla_ros/install/delphi_srr_msgs/include/delphi_srr_msgs/msg/detail/srr_debug3__type_support.cpp
[28.870s] -- Installing: /home/martin/Desktop/Stage/Projet/ws_carla_ros/install/delphi_srr_msgs/include/delphi_srr_msgs/msg/detail/srr_status1__rosidl_typesupport_introspection_cpp.hpp
[28.870s] -- Installing: /home/martin/Desktop/Stage/Projet/ws_carla_ros/install/delphi_srr_msgs/include/delphi_srr_msgs/msg/detail/srr_feature_alert__rosidl_typesupport_introspection_cpp.hpp
[28.870s] -- Installing: /home/martin/Desktop/Stage/Projet/ws_carla_ros/install/delphi_srr_msgs/include/delphi_srr_msgs/msg/detail/srr_debug4__rosidl_typesupport_introspection_cpp.hpp
[28.871s] -- Installing: /home/martin/Desktop/Stage/Projet/ws_carla_ros/install/delphi_srr_msgs/include/delphi_srr_msgs/msg/detail/srr_debug5__type_support.cpp
[28.871s] -- Installing: /home/martin/Desktop/Stage/Projet/ws_carla_ros/install/delphi_srr_msgs/include/delphi_srr_msgs/msg/detail/srr_status1__type_support.cpp
[28.871s] -- Installing: /home/martin/Desktop/Stage/Projet/ws_carla_ros/install/delphi_srr_msgs/include/delphi_srr_msgs/msg/detail/srr_feature_sw_version__type_support.cpp
[28.871s] -- Installing: /home/martin/Desktop/Stage/Projet/ws_carla_ros/install/delphi_srr_msgs/include/delphi_srr_msgs/msg/detail/srr_status5__rosidl_typesupport_introspection_cpp.hpp
[28.871s] -- Installing: /home/martin/Desktop/Stage/Projet/ws_carla_ros/install/delphi_srr_msgs/include/delphi_srr_msgs/msg/detail/srr_track__rosidl_typesupport_introspection_cpp.hpp
[28.871s] -- Installing: /home/martin/Desktop/Stage/Projet/ws_carla_ros/install/delphi_srr_msgs/include/delphi_srr_msgs/msg/detail/srr_status3__rosidl_typesupport_introspection_cpp.hpp
[28.871s] -- Installing: /home/martin/Desktop/Stage/Projet/ws_carla_ros/install/delphi_srr_msgs/lib/libdelphi_srr_msgs__rosidl_typesupport_introspection_cpp.so
[28.872s] -- Set runtime path of "/home/martin/Desktop/Stage/Projet/ws_carla_ros/install/delphi_srr_msgs/lib/libdelphi_srr_msgs__rosidl_typesupport_introspection_cpp.so" to ""
[28.872s] -- Installing: /home/martin/Desktop/Stage/Projet/ws_carla_ros/install/delphi_srr_msgs/lib/libdelphi_srr_msgs__rosidl_typesupport_cpp.so
[28.872s] -- Set runtime path of "/home/martin/Desktop/Stage/Projet/ws_carla_ros/install/delphi_srr_msgs/lib/libdelphi_srr_msgs__rosidl_typesupport_cpp.so" to ""
[28.872s] -- Installing: /home/martin/Desktop/Stage/Projet/ws_carla_ros/install/delphi_srr_msgs/share/delphi_srr_msgs/environment/pythonpath.sh
[28.872s] -- Installing: /home/martin/Desktop/Stage/Projet/ws_carla_ros/install/delphi_srr_msgs/share/delphi_srr_msgs/environment/pythonpath.dsv
[28.873s] -- Installing: /home/martin/Desktop/Stage/Projet/ws_carla_ros/install/delphi_srr_msgs/lib/python3.8/site-packages/delphi_srr_msgs/__init__.py
[28.921s] Compiling '/home/martin/Desktop/Stage/Projet/ws_carla_ros/install/delphi_srr_msgs/lib/python3.8/site-packages/delphi_srr_msgs/__init__.py'...
[28.929s] -- Installing: /home/martin/Desktop/Stage/Projet/ws_carla_ros/install/delphi_srr_msgs/lib/python3.8/site-packages/delphi_srr_msgs/msg
[28.929s] -- Installing: /home/martin/Desktop/Stage/Projet/ws_carla_ros/install/delphi_srr_msgs/lib/python3.8/site-packages/delphi_srr_msgs/msg/_srr_feature_sw_version.py
[28.929s] -- Installing: /home/martin/Desktop/Stage/Projet/ws_carla_ros/install/delphi_srr_msgs/lib/python3.8/site-packages/delphi_srr_msgs/msg/_srr_debug5_s.c
[28.929s] -- Installing: /home/martin/Desktop/Stage/Projet/ws_carla_ros/install/delphi_srr_msgs/lib/python3.8/site-packages/delphi_srr_msgs/msg/_srr_status3.py
[28.929s] -- Installing: /home/martin/Desktop/Stage/Projet/ws_carla_ros/install/delphi_srr_msgs/lib/python3.8/site-packages/delphi_srr_msgs/msg/_srr_status4.py
[28.929s] -- Installing: /home/martin/Desktop/Stage/Projet/ws_carla_ros/install/delphi_srr_msgs/lib/python3.8/site-packages/delphi_srr_msgs/msg/_srr_status1_s.c
[28.929s] -- Installing: /home/martin/Desktop/Stage/Projet/ws_carla_ros/install/delphi_srr_msgs/lib/python3.8/site-packages/delphi_srr_msgs/msg/_srr_status5_s.c
[28.929s] -- Installing: /home/martin/Desktop/Stage/Projet/ws_carla_ros/install/delphi_srr_msgs/lib/python3.8/site-packages/delphi_srr_msgs/msg/_srr_debug4_s.c
[28.929s] -- Installing: /home/martin/Desktop/Stage/Projet/ws_carla_ros/install/delphi_srr_msgs/lib/python3.8/site-packages/delphi_srr_msgs/msg/_srr_feature_alert.py
[28.930s] -- Installing: /home/martin/Desktop/Stage/Projet/ws_carla_ros/install/delphi_srr_msgs/lib/python3.8/site-packages/delphi_srr_msgs/msg/_srr_track_s.c
[28.930s] -- Installing: /home/martin/Desktop/Stage/Projet/ws_carla_ros/install/delphi_srr_msgs/lib/python3.8/site-packages/delphi_srr_msgs/msg/_srr_debug4.py
[28.930s] -- Installing: /home/martin/Desktop/Stage/Projet/ws_carla_ros/install/delphi_srr_msgs/lib/python3.8/site-packages/delphi_srr_msgs/msg/_srr_debug5.py
[28.930s] -- Installing: /home/martin/Desktop/Stage/Projet/ws_carla_ros/install/delphi_srr_msgs/lib/python3.8/site-packages/delphi_srr_msgs/msg/_srr_debug3.py
[28.930s] -- Installing: /home/martin/Desktop/Stage/Projet/ws_carla_ros/install/delphi_srr_msgs/lib/python3.8/site-packages/delphi_srr_msgs/msg/_srr_track.py
[28.930s] -- Installing: /home/martin/Desktop/Stage/Projet/ws_carla_ros/install/delphi_srr_msgs/lib/python3.8/site-packages/delphi_srr_msgs/msg/_srr_status1.py
[28.930s] -- Installing: /home/martin/Desktop/Stage/Projet/ws_carla_ros/install/delphi_srr_msgs/lib/python3.8/site-packages/delphi_srr_msgs/msg/_srr_status3_s.c
[28.930s] -- Installing: /home/martin/Desktop/Stage/Projet/ws_carla_ros/install/delphi_srr_msgs/lib/python3.8/site-packages/delphi_srr_msgs/msg/_srr_feature_alert_s.c
[28.930s] -- Installing: /home/martin/Desktop/Stage/Projet/ws_carla_ros/install/delphi_srr_msgs/lib/python3.8/site-packages/delphi_srr_msgs/msg/_srr_status2.py
[28.930s] -- Installing: /home/martin/Desktop/Stage/Projet/ws_carla_ros/install/delphi_srr_msgs/lib/python3.8/site-packages/delphi_srr_msgs/msg/_srr_status5.py
[28.930s] -- Installing: /home/martin/Desktop/Stage/Projet/ws_carla_ros/install/delphi_srr_msgs/lib/python3.8/site-packages/delphi_srr_msgs/msg/_srr_status4_s.c
[28.930s] -- Installing: /home/martin/Desktop/Stage/Projet/ws_carla_ros/install/delphi_srr_msgs/lib/python3.8/site-packages/delphi_srr_msgs/msg/__init__.py
[28.930s] -- Installing: /home/martin/Desktop/Stage/Projet/ws_carla_ros/install/delphi_srr_msgs/lib/python3.8/site-packages/delphi_srr_msgs/msg/_srr_status2_s.c
[28.930s] -- Installing: /home/martin/Desktop/Stage/Projet/ws_carla_ros/install/delphi_srr_msgs/lib/python3.8/site-packages/delphi_srr_msgs/msg/_srr_debug3_s.c
[28.930s] -- Installing: /home/martin/Desktop/Stage/Projet/ws_carla_ros/install/delphi_srr_msgs/lib/python3.8/site-packages/delphi_srr_msgs/msg/_srr_feature_sw_version_s.c
[28.931s] -- Installing: /home/martin/Desktop/Stage/Projet/ws_carla_ros/install/delphi_srr_msgs/lib/python3.8/site-packages/delphi_srr_msgs/delphi_srr_msgs_s__rosidl_typesupport_fastrtps_c.cpython-38-x86_64-linux-gnu.so
[28.931s] -- Set runtime path of "/home/martin/Desktop/Stage/Projet/ws_carla_ros/install/delphi_srr_msgs/lib/python3.8/site-packages/delphi_srr_msgs/delphi_srr_msgs_s__rosidl_typesupport_fastrtps_c.cpython-38-x86_64-linux-gnu.so" to ""
[28.931s] -- Installing: /home/martin/Desktop/Stage/Projet/ws_carla_ros/install/delphi_srr_msgs/lib/python3.8/site-packages/delphi_srr_msgs/delphi_srr_msgs_s__rosidl_typesupport_introspection_c.cpython-38-x86_64-linux-gnu.so
[28.932s] -- Set runtime path of "/home/martin/Desktop/Stage/Projet/ws_carla_ros/install/delphi_srr_msgs/lib/python3.8/site-packages/delphi_srr_msgs/delphi_srr_msgs_s__rosidl_typesupport_introspection_c.cpython-38-x86_64-linux-gnu.so" to ""
[28.932s] -- Installing: /home/martin/Desktop/Stage/Projet/ws_carla_ros/install/delphi_srr_msgs/lib/python3.8/site-packages/delphi_srr_msgs/delphi_srr_msgs_s__rosidl_typesupport_c.cpython-38-x86_64-linux-gnu.so
[28.933s] -- Set runtime path of "/home/martin/Desktop/Stage/Projet/ws_carla_ros/install/delphi_srr_msgs/lib/python3.8/site-packages/delphi_srr_msgs/delphi_srr_msgs_s__rosidl_typesupport_c.cpython-38-x86_64-linux-gnu.so" to ""
[28.933s] -- Installing: /home/martin/Desktop/Stage/Projet/ws_carla_ros/install/delphi_srr_msgs/lib/libdelphi_srr_msgs__python.so
[28.933s] -- Set runtime path of "/home/martin/Desktop/Stage/Projet/ws_carla_ros/install/delphi_srr_msgs/lib/libdelphi_srr_msgs__python.so" to ""
[28.933s] -- Installing: /home/martin/Desktop/Stage/Projet/ws_carla_ros/install/delphi_srr_msgs/share/delphi_srr_msgs/msg/SrrDebug3.idl
[28.934s] -- Installing: /home/martin/Desktop/Stage/Projet/ws_carla_ros/install/delphi_srr_msgs/share/delphi_srr_msgs/msg/SrrDebug4.idl
[28.934s] -- Installing: /home/martin/Desktop/Stage/Projet/ws_carla_ros/install/delphi_srr_msgs/share/delphi_srr_msgs/msg/SrrDebug5.idl
[28.934s] -- Installing: /home/martin/Desktop/Stage/Projet/ws_carla_ros/install/delphi_srr_msgs/share/delphi_srr_msgs/msg/SrrFeatureAlert.idl
[28.934s] -- Installing: /home/martin/Desktop/Stage/Projet/ws_carla_ros/install/delphi_srr_msgs/share/delphi_srr_msgs/msg/SrrFeatureSwVersion.idl
[28.934s] -- Installing: /home/martin/Desktop/Stage/Projet/ws_carla_ros/install/delphi_srr_msgs/share/delphi_srr_msgs/msg/SrrStatus1.idl
[28.934s] -- Installing: /home/martin/Desktop/Stage/Projet/ws_carla_ros/install/delphi_srr_msgs/share/delphi_srr_msgs/msg/SrrStatus2.idl
[28.934s] -- Installing: /home/martin/Desktop/Stage/Projet/ws_carla_ros/install/delphi_srr_msgs/share/delphi_srr_msgs/msg/SrrStatus3.idl
[28.935s] -- Installing: /home/martin/Desktop/Stage/Projet/ws_carla_ros/install/delphi_srr_msgs/share/delphi_srr_msgs/msg/SrrStatus4.idl
[28.935s] -- Installing: /home/martin/Desktop/Stage/Projet/ws_carla_ros/install/delphi_srr_msgs/share/delphi_srr_msgs/msg/SrrStatus5.idl
[28.935s] -- Installing: /home/martin/Desktop/Stage/Projet/ws_carla_ros/install/delphi_srr_msgs/share/delphi_srr_msgs/msg/SrrTrack.idl
[28.937s] -- Installing: /home/martin/Desktop/Stage/Projet/ws_carla_ros/install/delphi_srr_msgs/share/delphi_srr_msgs/msg/SrrDebug3.msg
[28.937s] -- Installing: /home/martin/Desktop/Stage/Projet/ws_carla_ros/install/delphi_srr_msgs/share/delphi_srr_msgs/msg/SrrDebug4.msg
[28.937s] -- Installing: /home/martin/Desktop/Stage/Projet/ws_carla_ros/install/delphi_srr_msgs/share/delphi_srr_msgs/msg/SrrDebug5.msg
[28.937s] -- Installing: /home/martin/Desktop/Stage/Projet/ws_carla_ros/install/delphi_srr_msgs/share/delphi_srr_msgs/msg/SrrFeatureAlert.msg
[28.937s] -- Installing: /home/martin/Desktop/Stage/Projet/ws_carla_ros/install/delphi_srr_msgs/share/delphi_srr_msgs/msg/SrrFeatureSwVersion.msg
[28.937s] -- Installing: /home/martin/Desktop/Stage/Projet/ws_carla_ros/install/delphi_srr_msgs/share/delphi_srr_msgs/msg/SrrStatus1.msg
[28.937s] -- Installing: /home/martin/Desktop/Stage/Projet/ws_carla_ros/install/delphi_srr_msgs/share/delphi_srr_msgs/msg/SrrStatus2.msg
[28.937s] -- Installing: /home/martin/Desktop/Stage/Projet/ws_carla_ros/install/delphi_srr_msgs/share/delphi_srr_msgs/msg/SrrStatus3.msg
[28.937s] -- Installing: /home/martin/Desktop/Stage/Projet/ws_carla_ros/install/delphi_srr_msgs/share/delphi_srr_msgs/msg/SrrStatus4.msg
[28.937s] -- Installing: /home/martin/Desktop/Stage/Projet/ws_carla_ros/install/delphi_srr_msgs/share/delphi_srr_msgs/msg/SrrStatus5.msg
[28.937s] -- Installing: /home/martin/Desktop/Stage/Projet/ws_carla_ros/install/delphi_srr_msgs/share/delphi_srr_msgs/msg/SrrTrack.msg
[28.938s] -- Installing: /home/martin/Desktop/Stage/Projet/ws_carla_ros/install/delphi_srr_msgs/share/delphi_srr_msgs//migration
[28.938s] -- Installing: /home/martin/Desktop/Stage/Projet/ws_carla_ros/install/delphi_srr_msgs/share/delphi_srr_msgs//migration/0_2.3.1-3.0.1.bmr
[28.938s] -- Installing: /home/martin/Desktop/Stage/Projet/ws_carla_ros/install/delphi_srr_msgs/share/ament_index/resource_index/package_run_dependencies/delphi_srr_msgs
[28.938s] -- Installing: /home/martin/Desktop/Stage/Projet/ws_carla_ros/install/delphi_srr_msgs/share/ament_index/resource_index/parent_prefix_path/delphi_srr_msgs
[28.938s] -- Installing: /home/martin/Desktop/Stage/Projet/ws_carla_ros/install/delphi_srr_msgs/share/delphi_srr_msgs/environment/ament_prefix_path.sh
[28.938s] -- Installing: /home/martin/Desktop/Stage/Projet/ws_carla_ros/install/delphi_srr_msgs/share/delphi_srr_msgs/environment/ament_prefix_path.dsv
[28.938s] -- Installing: /home/martin/Desktop/Stage/Projet/ws_carla_ros/install/delphi_srr_msgs/share/delphi_srr_msgs/environment/path.sh
[28.938s] -- Installing: /home/martin/Desktop/Stage/Projet/ws_carla_ros/install/delphi_srr_msgs/share/delphi_srr_msgs/environment/path.dsv
[28.938s] -- Installing: /home/martin/Desktop/Stage/Projet/ws_carla_ros/install/delphi_srr_msgs/share/delphi_srr_msgs/local_setup.bash
[28.938s] -- Installing: /home/martin/Desktop/Stage/Projet/ws_carla_ros/install/delphi_srr_msgs/share/delphi_srr_msgs/local_setup.sh
[28.938s] -- Installing: /home/martin/Desktop/Stage/Projet/ws_carla_ros/install/delphi_srr_msgs/share/delphi_srr_msgs/local_setup.zsh
[28.938s] -- Installing: /home/martin/Desktop/Stage/Projet/ws_carla_ros/install/delphi_srr_msgs/share/delphi_srr_msgs/local_setup.dsv
[28.938s] -- Installing: /home/martin/Desktop/Stage/Projet/ws_carla_ros/install/delphi_srr_msgs/share/delphi_srr_msgs/package.dsv
[28.939s] -- Installing: /home/martin/Desktop/Stage/Projet/ws_carla_ros/install/delphi_srr_msgs/share/ament_index/resource_index/packages/delphi_srr_msgs
[28.939s] -- Installing: /home/martin/Desktop/Stage/Projet/ws_carla_ros/install/delphi_srr_msgs/share/delphi_srr_msgs/cmake/delphi_srr_msgs__rosidl_generator_cExport.cmake
[28.939s] -- Installing: /home/martin/Desktop/Stage/Projet/ws_carla_ros/install/delphi_srr_msgs/share/delphi_srr_msgs/cmake/delphi_srr_msgs__rosidl_generator_cExport-noconfig.cmake
[28.939s] -- Installing: /home/martin/Desktop/Stage/Projet/ws_carla_ros/install/delphi_srr_msgs/share/delphi_srr_msgs/cmake/delphi_srr_msgs__rosidl_typesupport_introspection_cExport.cmake
[28.939s] -- Installing: /home/martin/Desktop/Stage/Projet/ws_carla_ros/install/delphi_srr_msgs/share/delphi_srr_msgs/cmake/delphi_srr_msgs__rosidl_typesupport_introspection_cExport-noconfig.cmake
[28.939s] -- Installing: /home/martin/Desktop/Stage/Projet/ws_carla_ros/install/delphi_srr_msgs/share/delphi_srr_msgs/cmake/delphi_srr_msgs__rosidl_typesupport_cExport.cmake
[28.939s] -- Installing: /home/martin/Desktop/Stage/Projet/ws_carla_ros/install/delphi_srr_msgs/share/delphi_srr_msgs/cmake/delphi_srr_msgs__rosidl_typesupport_cExport-noconfig.cmake
[28.939s] -- Installing: /home/martin/Desktop/Stage/Projet/ws_carla_ros/install/delphi_srr_msgs/share/delphi_srr_msgs/cmake/delphi_srr_msgs__rosidl_generator_cppExport.cmake
[28.939s] -- Installing: /home/martin/Desktop/Stage/Projet/ws_carla_ros/install/delphi_srr_msgs/share/delphi_srr_msgs/cmake/delphi_srr_msgs__rosidl_typesupport_introspection_cppExport.cmake
[28.939s] -- Installing: /home/martin/Desktop/Stage/Projet/ws_carla_ros/install/delphi_srr_msgs/share/delphi_srr_msgs/cmake/delphi_srr_msgs__rosidl_typesupport_introspection_cppExport-noconfig.cmake
[28.940s] -- Installing: /home/martin/Desktop/Stage/Projet/ws_carla_ros/install/delphi_srr_msgs/share/delphi_srr_msgs/cmake/delphi_srr_msgs__rosidl_typesupport_cppExport.cmake
[28.951s] -- Installing: /home/martin/Desktop/Stage/Projet/ws_carla_ros/install/delphi_srr_msgs/share/delphi_srr_msgs/cmake/delphi_srr_msgs__rosidl_typesupport_cppExport-noconfig.cmake
[28.951s] -- Installing: /home/martin/Desktop/Stage/Projet/ws_carla_ros/install/delphi_srr_msgs/share/delphi_srr_msgs/cmake/rosidl_cmake-extras.cmake
[28.952s] -- Installing: /home/martin/Desktop/Stage/Projet/ws_carla_ros/install/delphi_srr_msgs/share/delphi_srr_msgs/cmake/ament_cmake_export_dependencies-extras.cmake
[28.952s] -- Installing: /home/martin/Desktop/Stage/Projet/ws_carla_ros/install/delphi_srr_msgs/share/delphi_srr_msgs/cmake/ament_cmake_export_libraries-extras.cmake
[28.952s] -- Installing: /home/martin/Desktop/Stage/Projet/ws_carla_ros/install/delphi_srr_msgs/share/delphi_srr_msgs/cmake/ament_cmake_export_targets-extras.cmake
[28.952s] -- Installing: /home/martin/Desktop/Stage/Projet/ws_carla_ros/install/delphi_srr_msgs/share/delphi_srr_msgs/cmake/ament_cmake_export_include_directories-extras.cmake
[28.952s] -- Installing: /home/martin/Desktop/Stage/Projet/ws_carla_ros/install/delphi_srr_msgs/share/delphi_srr_msgs/cmake/rosidl_cmake_export_typesupport_libraries-extras.cmake
[28.952s] -- Installing: /home/martin/Desktop/Stage/Projet/ws_carla_ros/install/delphi_srr_msgs/share/delphi_srr_msgs/cmake/rosidl_cmake_export_typesupport_targets-extras.cmake
[28.952s] -- Installing: /home/martin/Desktop/Stage/Projet/ws_carla_ros/install/delphi_srr_msgs/share/delphi_srr_msgs/cmake/delphi_srr_msgsConfig.cmake
[28.952s] -- Installing: /home/martin/Desktop/Stage/Projet/ws_carla_ros/install/delphi_srr_msgs/share/delphi_srr_msgs/cmake/delphi_srr_msgsConfig-version.cmake
[28.952s] -- Installing: /home/martin/Desktop/Stage/Projet/ws_carla_ros/install/delphi_srr_msgs/share/delphi_srr_msgs/package.xml
[28.952s] Invoked command in '/home/martin/Desktop/Stage/Projet/ws_carla_ros/build/delphi_srr_msgs' returned '0': CMAKE_PREFIX_PATH=${CMAKE_PREFIX_PATH}:/home/martin/Desktop/Stage/Projet/ws_carla_ros/install/rqt_carla_control:/home/martin/Desktop/Stage/Projet/ws_carla_ros/install/carla_waypoint_publisher:/home/martin/Desktop/Stage/Projet/ws_carla_ros/install/carla_ackermann_control:/home/martin/Desktop/Stage/Projet/ws_carla_ros/install/carla_ros_bridge:/home/martin/Desktop/Stage/Projet/ws_carla_ros/install/carla_spawn_objects:/home/martin/Desktop/Stage/Projet/ws_carla_ros/install/carla_manual_control:/home/martin/Desktop/Stage/Projet/ws_carla_ros/install/carla_ad_agent:/home/martin/Desktop/Stage/Projet/ws_carla_ros/install/ros_compatibility:/home/martin/Desktop/Stage/Projet/ws_carla_ros/install/carla_walker_agent:/home/martin/Desktop/Stage/Projet/ws_carla_ros/install/carla_twist_to_control:/home/martin/Desktop/Stage/Projet/ws_carla_ros/install/carla_ros_scenario_runner:/home/martin/Desktop/Stage/Projet/ws_carla_ros/install/carla_map_visualization:/home/martin/Desktop/Stage/Projet/ws_carla_ros/install/carla_interface:/home/martin/Desktop/Stage/Projet/ws_carla_ros/install/carla_control_display:/home/martin/Desktop/Stage/Projet/ws_carla_ros/install/carla_common:/opt/ros/galactic /usr/bin/cmake --install /home/martin/Desktop/Stage/Projet/ws_carla_ros/build/delphi_srr_msgs
