running egg_info
creating ../build/carla_prediction/carla_prediction.egg-info
writing ../build/carla_prediction/carla_prediction.egg-info/PKG-INFO
writing dependency_links to ../build/carla_prediction/carla_prediction.egg-info/dependency_links.txt
writing entry points to ../build/carla_prediction/carla_prediction.egg-info/entry_points.txt
writing requirements to ../build/carla_prediction/carla_prediction.egg-info/requires.txt
writing top-level names to ../build/carla_prediction/carla_prediction.egg-info/top_level.txt
writing manifest file '../build/carla_prediction/carla_prediction.egg-info/SOURCES.txt'
reading manifest file '../build/carla_prediction/carla_prediction.egg-info/SOURCES.txt'
writing manifest file '../build/carla_prediction/carla_prediction.egg-info/SOURCES.txt'
running build
running build_py
creating /home/martin/Desktop/Stage/Projet/ws_carla_ros/build/carla_prediction/build
creating /home/martin/Desktop/Stage/Projet/ws_carla_ros/build/carla_prediction/build/lib
creating /home/martin/Desktop/Stage/Projet/ws_carla_ros/build/carla_prediction/build/lib/carla_prediction
copying carla_prediction/prediction_node.py -> /home/martin/Desktop/Stage/Projet/ws_carla_ros/build/carla_prediction/build/lib/carla_prediction
copying carla_prediction/__init__.py -> /home/martin/Desktop/Stage/Projet/ws_carla_ros/build/carla_prediction/build/lib/carla_prediction
running install
running install_lib
creating /home/martin/Desktop/Stage/Projet/ws_carla_ros/install/carla_prediction/lib/python3.8/site-packages/carla_prediction
copying /home/martin/Desktop/Stage/Projet/ws_carla_ros/build/carla_prediction/build/lib/carla_prediction/prediction_node.py -> /home/martin/Desktop/Stage/Projet/ws_carla_ros/install/carla_prediction/lib/python3.8/site-packages/carla_prediction
copying /home/martin/Desktop/Stage/Projet/ws_carla_ros/build/carla_prediction/build/lib/carla_prediction/__init__.py -> /home/martin/Desktop/Stage/Projet/ws_carla_ros/install/carla_prediction/lib/python3.8/site-packages/carla_prediction
byte-compiling /home/martin/Desktop/Stage/Projet/ws_carla_ros/install/carla_prediction/lib/python3.8/site-packages/carla_prediction/prediction_node.py to prediction_node.cpython-38.pyc
byte-compiling /home/martin/Desktop/Stage/Projet/ws_carla_ros/install/carla_prediction/lib/python3.8/site-packages/carla_prediction/__init__.py to __init__.cpython-38.pyc
running install_data
creating /home/martin/Desktop/Stage/Projet/ws_carla_ros/install/carla_prediction/share/ament_index
creating /home/martin/Desktop/Stage/Projet/ws_carla_ros/install/carla_prediction/share/ament_index/resource_index
creating /home/martin/Desktop/Stage/Projet/ws_carla_ros/install/carla_prediction/share/ament_index/resource_index/packages
copying resource/carla_prediction -> /home/martin/Desktop/Stage/Projet/ws_carla_ros/install/carla_prediction/share/ament_index/resource_index/packages
copying package.xml -> /home/martin/Desktop/Stage/Projet/ws_carla_ros/install/carla_prediction/share/carla_prediction
creating /home/martin/Desktop/Stage/Projet/ws_carla_ros/install/carla_prediction/share/carla_prediction/launch
copying launch/prediction_visualization.launch.py -> /home/martin/Desktop/Stage/Projet/ws_carla_ros/install/carla_prediction/share/carla_prediction/launch
creating /home/martin/Desktop/Stage/Projet/ws_carla_ros/install/carla_prediction/share/carla_prediction/config
copying config/prediction_params.yaml -> /home/martin/Desktop/Stage/Projet/ws_carla_ros/install/carla_prediction/share/carla_prediction/config
running install_egg_info
Copying ../build/carla_prediction/carla_prediction.egg-info to /home/martin/Desktop/Stage/Projet/ws_carla_ros/install/carla_prediction/lib/python3.8/site-packages/carla_prediction-0.1.0-py3.8.egg-info
running install_scripts
Installing prediction_node script to /home/martin/Desktop/Stage/Projet/ws_carla_ros/install/carla_prediction/lib/carla_prediction
writing list of installed files to '/home/martin/Desktop/Stage/Projet/ws_carla_ros/build/carla_prediction/install.log'
