running egg_info
writing ../build/carla_interface/carla_interface.egg-info/PKG-INFO
writing dependency_links to ../build/carla_interface/carla_interface.egg-info/dependency_links.txt
writing entry points to ../build/carla_interface/carla_interface.egg-info/entry_points.txt
writing requirements to ../build/carla_interface/carla_interface.egg-info/requires.txt
writing top-level names to ../build/carla_interface/carla_interface.egg-info/top_level.txt
reading manifest file '../build/carla_interface/carla_interface.egg-info/SOURCES.txt'
writing manifest file '../build/carla_interface/carla_interface.egg-info/SOURCES.txt'
running build
running build_py
running install
running install_lib
running install_data
running install_egg_info
removing '/home/martin/Desktop/Stage/Projet/ws_carla_ros/install/carla_interface/lib/python3.8/site-packages/carla_interface-0.0.0-py3.8.egg-info' (and everything under it)
Copying ../build/carla_interface/carla_interface.egg-info to /home/martin/Desktop/Stage/Projet/ws_carla_ros/install/carla_interface/lib/python3.8/site-packages/carla_interface-0.0.0-py3.8.egg-info
running install_scripts
Installing my_node script to /home/martin/Desktop/Stage/Projet/ws_carla_ros/install/carla_interface/lib/carla_interface
Installing trajectory_node script to /home/martin/Desktop/Stage/Projet/ws_carla_ros/install/carla_interface/lib/carla_interface
writing list of installed files to '/home/martin/Desktop/Stage/Projet/ws_carla_ros/build/carla_interface/install.log'
