-- The C compiler identification is GNU 9.4.0
-- The CXX compiler identification is GNU 9.4.0
-- Check for working C compiler: /usr/bin/cc
-- Check for working C compiler: /usr/bin/cc -- works
-- Detecting C compiler ABI info
-- Detecting C compiler ABI info - done
-- Detecting C compile features
-- Detecting C compile features - done
-- Check for working CXX compiler: /usr/bin/c++
-- Check for working CXX compiler: /usr/bin/c++ -- works
-- Detecting CXX compiler ABI info
-- Detecting CXX compiler ABI info - done
-- Detecting CXX compile features
-- Detecting CXX compile features - done
-- Found ament_cmake: 1.1.6 (/opt/ros/galactic/share/ament_cmake/cmake)
-- Found PythonInterp: /usr/bin/python3 (found suitable version "3.8.10", minimum required is "3") 
-- Using PYTHON_EXECUTABLE: /usr/bin/python3
-- Found rviz_2d_overlay_msgs: 1.3.1 (/home/martin/Desktop/Stage/Projet/ws_carla_ros/install/rviz_2d_overlay_msgs/share/rviz_2d_overlay_msgs/cmake)
-- Using all available rosidl_typesupport_c: rosidl_typesupport_fastrtps_c;rosidl_typesupport_introspection_c
-- Found rosidl_adapter: 2.2.3 (/opt/ros/galactic/share/rosidl_adapter/cmake)
-- Found OpenSSL: /usr/lib/x86_64-linux-gnu/libcrypto.so (found version "1.1.1f")  
-- Found FastRTPS: /opt/ros/galactic/include  
-- Using all available rosidl_typesupport_cpp: rosidl_typesupport_fastrtps_cpp;rosidl_typesupport_introspection_cpp
-- Found rviz_common: 8.5.2 (/opt/ros/galactic/share/rviz_common/cmake)
-- Setting OGRE_DIR to: '/opt/ros/galactic/share/rviz_ogre_vendor/cmake/../../../opt/rviz_ogre_vendor/lib/OGRE/cmake'
-- Found OGRE
--   static     : OFF
--   components : HLMS;MeshLodGenerator;Overlay;Paging;Property;RTShaderSystem;Terrain;Volume
--   plugins    : Plugin_BSPSceneManager;Plugin_OctreeSceneManager;Plugin_PCZSceneManager;Plugin_ParticleFX;RenderSystem_GL;RenderSystem_GL3Plus;Codec_STBI
--   media      : /opt/ros/galactic/opt/rviz_ogre_vendor/share/OGRE/Media
-- OGRE_LIBRARIES: OgreHLMS;OgreMeshLodGenerator;OgreOverlay;OgrePaging;OgreProperty;OgreRTShaderSystem;OgreTerrain;OgreVolume;OgreMain
-- OGRE_LIBRARY_DIRS: /opt/ros/galactic/opt/rviz_ogre_vendor/lib
-- OGRE_PLUGINS: Plugin_BSPSceneManager;Plugin_OctreeSceneManager;Plugin_PCZSceneManager;Plugin_ParticleFX;RenderSystem_GL;RenderSystem_GL3Plus;Codec_STBI
-- OGRE_PLUGIN_DIR: /opt/ros/galactic/opt/rviz_ogre_vendor/lib/OGRE
-- rviz_ogre_vendor::OgreOverlay for IMPORTED_LOCATION_RELEASE: /opt/ros/galactic/opt/rviz_ogre_vendor/lib/libOgreOverlay.so
-- rviz_ogre_vendor::OgreOverlay for IMPORTED_LOCATION_DEBUG: /opt/ros/galactic/opt/rviz_ogre_vendor/lib/libOgreOverlay.so
-- rviz_ogre_vendor::OgreMain for IMPORTED_LOCATION_RELEASE: /opt/ros/galactic/opt/rviz_ogre_vendor/lib/libOgreMain.so
-- rviz_ogre_vendor::OgreMain for IMPORTED_LOCATION_DEBUG: /opt/ros/galactic/opt/rviz_ogre_vendor/lib/libOgreMain.so
-- Could not find freeimage library
-- Found ZLIB: /usr/lib/x86_64-linux-gnu/libz.so (found version "1.2.11") 
-- Found OpenGL: /usr/lib/x86_64-linux-gnu/libOpenGL.so   
-- Found X11: /usr/include   
-- Looking for XOpenDisplay in /usr/lib/x86_64-linux-gnu/libX11.so;/usr/lib/x86_64-linux-gnu/libXext.so
-- Looking for XOpenDisplay in /usr/lib/x86_64-linux-gnu/libX11.so;/usr/lib/x86_64-linux-gnu/libXext.so - found
-- Looking for gethostbyname
-- Looking for gethostbyname - found
-- Looking for connect
-- Looking for connect - found
-- Looking for remove
-- Looking for remove - found
-- Looking for shmat
-- Looking for shmat - found
-- Looking for IceConnectionNumber in ICE
-- Looking for IceConnectionNumber in ICE - found
-- rviz_ogre_vendor::RenderSystem_GL for IMPORTED_LOCATION_RELEASE: _render_system_gl_static_library_abs-NOTFOUND
-- rviz_ogre_vendor::RenderSystem_GL for IMPORTED_LOCATION_DEBUG: _render_system_gl_static_library_abs-NOTFOUND
-- library: libassimp.so.5
-- library: /usr/lib/x86_64-linux-gnu/libcurl.so
-- Found rmw_implementation_cmake: 3.3.1 (/opt/ros/galactic/share/rmw_implementation_cmake/cmake)
-- Found rmw_cyclonedds_cpp: 0.22.6 (/opt/ros/galactic/share/rmw_cyclonedds_cpp/cmake)
-- Using RMW implementation 'rmw_cyclonedds_cpp' as default
-- Looking for pthread.h
-- Looking for pthread.h - found
-- Performing Test CMAKE_HAVE_LIBC_PTHREAD
-- Performing Test CMAKE_HAVE_LIBC_PTHREAD - Failed
-- Looking for pthread_create in pthreads
-- Looking for pthread_create in pthreads - not found
-- Looking for pthread_create in pthread
-- Looking for pthread_create in pthread - found
-- Found Threads: TRUE  
-- Found Eigen3: TRUE (found version "3.3.7") 
-- Setting yaml-cpp_DIR to: '/opt/ros/galactic/share/yaml_cpp_vendor/cmake/../../../opt/yaml_cpp_vendor/lib/cmake/yaml-cpp'
-- Configuring done
-- Generating done
-- Build files have been written to: /home/martin/Desktop/Stage/Projet/ws_carla_ros/build/rviz_2d_overlay_plugins
[ 10%] [34m[1mGenerating include/moc_pie_chart_display.cpp[0m
[ 20%] [34m[1mGenerating include/moc_overlay_text_display.cpp[0m
[35m[1mScanning dependencies of target rviz_2d_overlay_plugins[0m
[ 30%] [32mBuilding CXX object CMakeFiles/rviz_2d_overlay_plugins.dir/include/moc_overlay_text_display.cpp.o[0m
[ 40%] [32mBuilding CXX object CMakeFiles/rviz_2d_overlay_plugins.dir/src/pie_chart_display.cpp.o[0m
[ 50%] [32mBuilding CXX object CMakeFiles/rviz_2d_overlay_plugins.dir/src/overlay_utils.cpp.o[0m
[ 60%] [32mBuilding CXX object CMakeFiles/rviz_2d_overlay_plugins.dir/src/overlay_text_display.cpp.o[0m
[ 70%] [32mBuilding CXX object CMakeFiles/rviz_2d_overlay_plugins.dir/include/moc_pie_chart_display.cpp.o[0m
[ 80%] [32m[1mLinking CXX shared library librviz_2d_overlay_plugins.so[0m
[ 80%] Built target rviz_2d_overlay_plugins
[35m[1mScanning dependencies of target string_to_overlay_text[0m
[ 90%] [32mBuilding CXX object CMakeFiles/string_to_overlay_text.dir/src/string_to_overlay_text.cpp.o[0m
[100%] [32m[1mLinking CXX executable string_to_overlay_text[0m
[100%] Built target string_to_overlay_text
-- Install configuration: ""
-- Installing: /home/martin/Desktop/Stage/Projet/ws_carla_ros/install/rviz_2d_overlay_plugins/share/rviz_2d_overlay_plugins/plugins_description.xml
-- Installing: /home/martin/Desktop/Stage/Projet/ws_carla_ros/install/rviz_2d_overlay_plugins/share/rviz_2d_overlay_plugins/environment/library_path.sh
-- Installing: /home/martin/Desktop/Stage/Projet/ws_carla_ros/install/rviz_2d_overlay_plugins/share/rviz_2d_overlay_plugins/environment/library_path.dsv
-- Installing: /home/martin/Desktop/Stage/Projet/ws_carla_ros/install/rviz_2d_overlay_plugins/lib/librviz_2d_overlay_plugins.so
-- Set runtime path of "/home/martin/Desktop/Stage/Projet/ws_carla_ros/install/rviz_2d_overlay_plugins/lib/librviz_2d_overlay_plugins.so" to ""
-- Installing: /home/martin/Desktop/Stage/Projet/ws_carla_ros/install/rviz_2d_overlay_plugins/include
-- Installing: /home/martin/Desktop/Stage/Projet/ws_carla_ros/install/rviz_2d_overlay_plugins/include/overlay_text_display.hpp
-- Installing: /home/martin/Desktop/Stage/Projet/ws_carla_ros/install/rviz_2d_overlay_plugins/include/overlay_utils.hpp
-- Installing: /home/martin/Desktop/Stage/Projet/ws_carla_ros/install/rviz_2d_overlay_plugins/include/pie_chart_display.h
-- Installing: /home/martin/Desktop/Stage/Projet/ws_carla_ros/install/rviz_2d_overlay_plugins/lib/rviz_2d_overlay_plugins/string_to_overlay_text
-- Set runtime path of "/home/martin/Desktop/Stage/Projet/ws_carla_ros/install/rviz_2d_overlay_plugins/lib/rviz_2d_overlay_plugins/string_to_overlay_text" to ""
-- Installing: /home/martin/Desktop/Stage/Projet/ws_carla_ros/install/rviz_2d_overlay_plugins/share/ament_index/resource_index/package_run_dependencies/rviz_2d_overlay_plugins
-- Installing: /home/martin/Desktop/Stage/Projet/ws_carla_ros/install/rviz_2d_overlay_plugins/share/ament_index/resource_index/parent_prefix_path/rviz_2d_overlay_plugins
-- Installing: /home/martin/Desktop/Stage/Projet/ws_carla_ros/install/rviz_2d_overlay_plugins/share/rviz_2d_overlay_plugins/environment/ament_prefix_path.sh
-- Installing: /home/martin/Desktop/Stage/Projet/ws_carla_ros/install/rviz_2d_overlay_plugins/share/rviz_2d_overlay_plugins/environment/ament_prefix_path.dsv
-- Installing: /home/martin/Desktop/Stage/Projet/ws_carla_ros/install/rviz_2d_overlay_plugins/share/rviz_2d_overlay_plugins/environment/path.sh
-- Installing: /home/martin/Desktop/Stage/Projet/ws_carla_ros/install/rviz_2d_overlay_plugins/share/rviz_2d_overlay_plugins/environment/path.dsv
-- Installing: /home/martin/Desktop/Stage/Projet/ws_carla_ros/install/rviz_2d_overlay_plugins/share/rviz_2d_overlay_plugins/local_setup.bash
-- Installing: /home/martin/Desktop/Stage/Projet/ws_carla_ros/install/rviz_2d_overlay_plugins/share/rviz_2d_overlay_plugins/local_setup.sh
-- Installing: /home/martin/Desktop/Stage/Projet/ws_carla_ros/install/rviz_2d_overlay_plugins/share/rviz_2d_overlay_plugins/local_setup.zsh
-- Installing: /home/martin/Desktop/Stage/Projet/ws_carla_ros/install/rviz_2d_overlay_plugins/share/rviz_2d_overlay_plugins/local_setup.dsv
-- Installing: /home/martin/Desktop/Stage/Projet/ws_carla_ros/install/rviz_2d_overlay_plugins/share/rviz_2d_overlay_plugins/package.dsv
-- Installing: /home/martin/Desktop/Stage/Projet/ws_carla_ros/install/rviz_2d_overlay_plugins/share/ament_index/resource_index/packages/rviz_2d_overlay_plugins
-- Installing: /home/martin/Desktop/Stage/Projet/ws_carla_ros/install/rviz_2d_overlay_plugins/share/ament_index/resource_index/rviz_common__pluginlib__plugin/rviz_2d_overlay_plugins
-- Installing: /home/martin/Desktop/Stage/Projet/ws_carla_ros/install/rviz_2d_overlay_plugins/share/rviz_2d_overlay_plugins/cmake/rviz_2d_overlay_pluginsExport.cmake
-- Installing: /home/martin/Desktop/Stage/Projet/ws_carla_ros/install/rviz_2d_overlay_plugins/share/rviz_2d_overlay_plugins/cmake/rviz_2d_overlay_pluginsExport-noconfig.cmake
-- Installing: /home/martin/Desktop/Stage/Projet/ws_carla_ros/install/rviz_2d_overlay_plugins/share/rviz_2d_overlay_plugins/cmake/rviz_2d_overlay_plugins-extras.cmake
-- Installing: /home/martin/Desktop/Stage/Projet/ws_carla_ros/install/rviz_2d_overlay_plugins/share/rviz_2d_overlay_plugins/cmake/ament_cmake_export_include_directories-extras.cmake
-- Installing: /home/martin/Desktop/Stage/Projet/ws_carla_ros/install/rviz_2d_overlay_plugins/share/rviz_2d_overlay_plugins/cmake/ament_cmake_export_targets-extras.cmake
-- Installing: /home/martin/Desktop/Stage/Projet/ws_carla_ros/install/rviz_2d_overlay_plugins/share/rviz_2d_overlay_plugins/cmake/ament_cmake_export_dependencies-extras.cmake
-- Installing: /home/martin/Desktop/Stage/Projet/ws_carla_ros/install/rviz_2d_overlay_plugins/share/rviz_2d_overlay_plugins/cmake/rviz_2d_overlay_pluginsConfig.cmake
-- Installing: /home/martin/Desktop/Stage/Projet/ws_carla_ros/install/rviz_2d_overlay_plugins/share/rviz_2d_overlay_plugins/cmake/rviz_2d_overlay_pluginsConfig-version.cmake
-- Installing: /home/martin/Desktop/Stage/Projet/ws_carla_ros/install/rviz_2d_overlay_plugins/share/rviz_2d_overlay_plugins/package.xml
