[1.716s] Invoking command in '/home/martin/Desktop/Stage/Projet/ws_carla_ros/carla_interface': PYTHONPATH=/home/martin/Desktop/Stage/Projet/ws_carla_ros/build/carla_interface/prefix_override:/usr/lib/python3/dist-packages/colcon_core/task/python/colcon_distutils_commands:/home/martin/Desktop/Stage/Projet/ws_carla_ros/install/carla_interface/lib/python3.8/site-packages:${PYTHONPATH} /usr/bin/python3 -W ignore:setup.py install is deprecated -W ignore:easy_install command is deprecated setup.py egg_info --egg-base ../build/carla_interface build --build-base /home/martin/Desktop/Stage/Projet/ws_carla_ros/build/carla_interface/build install --record /home/martin/Desktop/Stage/Projet/ws_carla_ros/build/carla_interface/install.log --single-version-externally-managed install_data
[2.294s] running egg_info
[2.294s] creating ../build/carla_interface/carla_interface.egg-info
[2.294s] writing ../build/carla_interface/carla_interface.egg-info/PKG-INFO
[2.294s] writing dependency_links to ../build/carla_interface/carla_interface.egg-info/dependency_links.txt
[2.294s] writing entry points to ../build/carla_interface/carla_interface.egg-info/entry_points.txt
[2.295s] writing requirements to ../build/carla_interface/carla_interface.egg-info/requires.txt
[2.295s] writing top-level names to ../build/carla_interface/carla_interface.egg-info/top_level.txt
[2.295s] writing manifest file '../build/carla_interface/carla_interface.egg-info/SOURCES.txt'
[2.295s] reading manifest file '../build/carla_interface/carla_interface.egg-info/SOURCES.txt'
[2.295s] writing manifest file '../build/carla_interface/carla_interface.egg-info/SOURCES.txt'
[2.295s] running build
[2.295s] running build_py
[2.295s] creating /home/martin/Desktop/Stage/Projet/ws_carla_ros/build/carla_interface/build
[2.295s] creating /home/martin/Desktop/Stage/Projet/ws_carla_ros/build/carla_interface/build/lib
[2.295s] creating /home/martin/Desktop/Stage/Projet/ws_carla_ros/build/carla_interface/build/lib/carla_interface
[2.295s] copying carla_interface/my_first_node.py -> /home/martin/Desktop/Stage/Projet/ws_carla_ros/build/carla_interface/build/lib/carla_interface
[2.295s] copying carla_interface/inference_trajectoire_node_save.py -> /home/martin/Desktop/Stage/Projet/ws_carla_ros/build/carla_interface/build/lib/carla_interface
[2.295s] copying carla_interface/classes.py -> /home/martin/Desktop/Stage/Projet/ws_carla_ros/build/carla_interface/build/lib/carla_interface
[2.295s] copying carla_interface/inference_trajectoire_node.py -> /home/martin/Desktop/Stage/Projet/ws_carla_ros/build/carla_interface/build/lib/carla_interface
[2.295s] copying carla_interface/__init__.py -> /home/martin/Desktop/Stage/Projet/ws_carla_ros/build/carla_interface/build/lib/carla_interface
[2.295s] copying carla_interface/control_node.py -> /home/martin/Desktop/Stage/Projet/ws_carla_ros/build/carla_interface/build/lib/carla_interface
[2.295s] running install
[2.295s] running install_lib
[2.295s] creating /home/martin/Desktop/Stage/Projet/ws_carla_ros/install/carla_interface/lib/python3.8/site-packages/carla_interface
[2.296s] copying /home/martin/Desktop/Stage/Projet/ws_carla_ros/build/carla_interface/build/lib/carla_interface/my_first_node.py -> /home/martin/Desktop/Stage/Projet/ws_carla_ros/install/carla_interface/lib/python3.8/site-packages/carla_interface
[2.296s] copying /home/martin/Desktop/Stage/Projet/ws_carla_ros/build/carla_interface/build/lib/carla_interface/inference_trajectoire_node_save.py -> /home/martin/Desktop/Stage/Projet/ws_carla_ros/install/carla_interface/lib/python3.8/site-packages/carla_interface
[2.296s] copying /home/martin/Desktop/Stage/Projet/ws_carla_ros/build/carla_interface/build/lib/carla_interface/classes.py -> /home/martin/Desktop/Stage/Projet/ws_carla_ros/install/carla_interface/lib/python3.8/site-packages/carla_interface
[2.296s] copying /home/martin/Desktop/Stage/Projet/ws_carla_ros/build/carla_interface/build/lib/carla_interface/inference_trajectoire_node.py -> /home/martin/Desktop/Stage/Projet/ws_carla_ros/install/carla_interface/lib/python3.8/site-packages/carla_interface
[2.296s] copying /home/martin/Desktop/Stage/Projet/ws_carla_ros/build/carla_interface/build/lib/carla_interface/__init__.py -> /home/martin/Desktop/Stage/Projet/ws_carla_ros/install/carla_interface/lib/python3.8/site-packages/carla_interface
[2.296s] copying /home/martin/Desktop/Stage/Projet/ws_carla_ros/build/carla_interface/build/lib/carla_interface/control_node.py -> /home/martin/Desktop/Stage/Projet/ws_carla_ros/install/carla_interface/lib/python3.8/site-packages/carla_interface
[2.296s] byte-compiling /home/martin/Desktop/Stage/Projet/ws_carla_ros/install/carla_interface/lib/python3.8/site-packages/carla_interface/my_first_node.py to my_first_node.cpython-38.pyc
[2.296s] byte-compiling /home/martin/Desktop/Stage/Projet/ws_carla_ros/install/carla_interface/lib/python3.8/site-packages/carla_interface/inference_trajectoire_node_save.py to inference_trajectoire_node_save.cpython-38.pyc
[2.296s] byte-compiling /home/martin/Desktop/Stage/Projet/ws_carla_ros/install/carla_interface/lib/python3.8/site-packages/carla_interface/classes.py to classes.cpython-38.pyc
[2.296s] byte-compiling /home/martin/Desktop/Stage/Projet/ws_carla_ros/install/carla_interface/lib/python3.8/site-packages/carla_interface/inference_trajectoire_node.py to inference_trajectoire_node.cpython-38.pyc
[2.297s] byte-compiling /home/martin/Desktop/Stage/Projet/ws_carla_ros/install/carla_interface/lib/python3.8/site-packages/carla_interface/__init__.py to __init__.cpython-38.pyc
[2.297s] byte-compiling /home/martin/Desktop/Stage/Projet/ws_carla_ros/install/carla_interface/lib/python3.8/site-packages/carla_interface/control_node.py to control_node.cpython-38.pyc
[2.297s] running install_data
[2.297s] creating /home/martin/Desktop/Stage/Projet/ws_carla_ros/install/carla_interface/share/ament_index
[2.297s] creating /home/martin/Desktop/Stage/Projet/ws_carla_ros/install/carla_interface/share/ament_index/resource_index
[2.297s] creating /home/martin/Desktop/Stage/Projet/ws_carla_ros/install/carla_interface/share/ament_index/resource_index/packages
[2.297s] copying resource/carla_interface -> /home/martin/Desktop/Stage/Projet/ws_carla_ros/install/carla_interface/share/ament_index/resource_index/packages
[2.297s] copying package.xml -> /home/martin/Desktop/Stage/Projet/ws_carla_ros/install/carla_interface/share/carla_interface
[2.297s] running install_egg_info
[2.297s] Copying ../build/carla_interface/carla_interface.egg-info to /home/martin/Desktop/Stage/Projet/ws_carla_ros/install/carla_interface/lib/python3.8/site-packages/carla_interface-0.0.0-py3.8.egg-info
[2.297s] running install_scripts
[2.298s] Installing my_node script to /home/martin/Desktop/Stage/Projet/ws_carla_ros/install/carla_interface/lib/carla_interface
[2.298s] Installing trajectory_node script to /home/martin/Desktop/Stage/Projet/ws_carla_ros/install/carla_interface/lib/carla_interface
[2.298s] writing list of installed files to '/home/martin/Desktop/Stage/Projet/ws_carla_ros/build/carla_interface/install.log'
[2.331s] Invoked command in '/home/martin/Desktop/Stage/Projet/ws_carla_ros/carla_interface' returned '0': PYTHONPATH=/home/martin/Desktop/Stage/Projet/ws_carla_ros/build/carla_interface/prefix_override:/usr/lib/python3/dist-packages/colcon_core/task/python/colcon_distutils_commands:/home/martin/Desktop/Stage/Projet/ws_carla_ros/install/carla_interface/lib/python3.8/site-packages:${PYTHONPATH} /usr/bin/python3 -W ignore:setup.py install is deprecated -W ignore:easy_install command is deprecated setup.py egg_info --egg-base ../build/carla_interface build --build-base /home/martin/Desktop/Stage/Projet/ws_carla_ros/build/carla_interface/build install --record /home/martin/Desktop/Stage/Projet/ws_carla_ros/build/carla_interface/install.log --single-version-externally-managed install_data
