running egg_info
creating ../../build/rqt_carla_control/rqt_carla_control.egg-info
writing ../../build/rqt_carla_control/rqt_carla_control.egg-info/PKG-INFO
writing dependency_links to ../../build/rqt_carla_control/rqt_carla_control.egg-info/dependency_links.txt
writing requirements to ../../build/rqt_carla_control/rqt_carla_control.egg-info/requires.txt
writing top-level names to ../../build/rqt_carla_control/rqt_carla_control.egg-info/top_level.txt
writing manifest file '../../build/rqt_carla_control/rqt_carla_control.egg-info/SOURCES.txt'
reading manifest file '../../build/rqt_carla_control/rqt_carla_control.egg-info/SOURCES.txt'
writing manifest file '../../build/rqt_carla_control/rqt_carla_control.egg-info/SOURCES.txt'
running build
running build_py
creating /home/martin/Desktop/Stage/Projet/ws_carla_ros/build/rqt_carla_control/build
creating /home/martin/Desktop/Stage/Projet/ws_carla_ros/build/rqt_carla_control/build/lib
creating /home/martin/Desktop/Stage/Projet/ws_carla_ros/build/rqt_carla_control/build/lib/rqt_carla_control
copying src/rqt_carla_control/rqt_carla_control.py -> /home/martin/Desktop/Stage/Projet/ws_carla_ros/build/rqt_carla_control/build/lib/rqt_carla_control
copying src/rqt_carla_control/__init__.py -> /home/martin/Desktop/Stage/Projet/ws_carla_ros/build/rqt_carla_control/build/lib/rqt_carla_control
running build_scripts
creating /home/martin/Desktop/Stage/Projet/ws_carla_ros/build/rqt_carla_control/build/scripts-3.8
copying scripts/rqt_carla_control -> /home/martin/Desktop/Stage/Projet/ws_carla_ros/build/rqt_carla_control/build/scripts-3.8
running install
running install_lib
creating /home/martin/Desktop/Stage/Projet/ws_carla_ros/install/rqt_carla_control/lib/python3.8/site-packages/rqt_carla_control
copying /home/martin/Desktop/Stage/Projet/ws_carla_ros/build/rqt_carla_control/build/lib/rqt_carla_control/rqt_carla_control.py -> /home/martin/Desktop/Stage/Projet/ws_carla_ros/install/rqt_carla_control/lib/python3.8/site-packages/rqt_carla_control
copying /home/martin/Desktop/Stage/Projet/ws_carla_ros/build/rqt_carla_control/build/lib/rqt_carla_control/__init__.py -> /home/martin/Desktop/Stage/Projet/ws_carla_ros/install/rqt_carla_control/lib/python3.8/site-packages/rqt_carla_control
byte-compiling /home/martin/Desktop/Stage/Projet/ws_carla_ros/install/rqt_carla_control/lib/python3.8/site-packages/rqt_carla_control/rqt_carla_control.py to rqt_carla_control.cpython-38.pyc
byte-compiling /home/martin/Desktop/Stage/Projet/ws_carla_ros/install/rqt_carla_control/lib/python3.8/site-packages/rqt_carla_control/__init__.py to __init__.cpython-38.pyc
running install_data
creating /home/martin/Desktop/Stage/Projet/ws_carla_ros/install/rqt_carla_control/share/ament_index
creating /home/martin/Desktop/Stage/Projet/ws_carla_ros/install/rqt_carla_control/share/ament_index/resource_index
creating /home/martin/Desktop/Stage/Projet/ws_carla_ros/install/rqt_carla_control/share/ament_index/resource_index/packages
copying resource/rqt_carla_control -> /home/martin/Desktop/Stage/Projet/ws_carla_ros/install/rqt_carla_control/share/ament_index/resource_index/packages
copying package.xml -> /home/martin/Desktop/Stage/Projet/ws_carla_ros/install/rqt_carla_control/share/rqt_carla_control
copying plugin.xml -> /home/martin/Desktop/Stage/Projet/ws_carla_ros/install/rqt_carla_control/share/rqt_carla_control
creating /home/martin/Desktop/Stage/Projet/ws_carla_ros/install/rqt_carla_control/share/rqt_carla_control/resource
copying resource/CarlaControl.ui -> /home/martin/Desktop/Stage/Projet/ws_carla_ros/install/rqt_carla_control/share/rqt_carla_control/resource
copying resource/pause.png -> /home/martin/Desktop/Stage/Projet/ws_carla_ros/install/rqt_carla_control/share/rqt_carla_control/resource
copying resource/play.png -> /home/martin/Desktop/Stage/Projet/ws_carla_ros/install/rqt_carla_control/share/rqt_carla_control/resource
copying resource/step_once.png -> /home/martin/Desktop/Stage/Projet/ws_carla_ros/install/rqt_carla_control/share/rqt_carla_control/resource
creating /home/martin/Desktop/Stage/Projet/ws_carla_ros/install/rqt_carla_control/lib/rqt_carla_control
copying scripts/rqt_carla_control -> /home/martin/Desktop/Stage/Projet/ws_carla_ros/install/rqt_carla_control/lib/rqt_carla_control
running install_egg_info
Copying ../../build/rqt_carla_control/rqt_carla_control.egg-info to /home/martin/Desktop/Stage/Projet/ws_carla_ros/install/rqt_carla_control/lib/python3.8/site-packages/rqt_carla_control-0.0.0-py3.8.egg-info
running install_scripts
changing mode of /home/martin/Desktop/Stage/Projet/ws_carla_ros/install/rqt_carla_control/lib/rqt_carla_control/rqt_carla_control to 755
writing list of installed files to '/home/martin/Desktop/Stage/Projet/ws_carla_ros/build/rqt_carla_control/install.log'
