[1.200s] Invoking command in '/home/martin/Desktop/Stage/Projet/ws_carla_ros/carla-ros-bridge/rqt_carla_control': PYTHONPATH=/home/martin/Desktop/Stage/Projet/ws_carla_ros/build/rqt_carla_control/prefix_override:/usr/lib/python3/dist-packages/colcon_core/task/python/colcon_distutils_commands:/home/martin/Desktop/Stage/Projet/ws_carla_ros/install/rqt_carla_control/lib/python3.8/site-packages:${PYTHONPATH} /usr/bin/python3 -W ignore:setup.py install is deprecated -W ignore:easy_install command is deprecated setup.py egg_info --egg-base ../../build/rqt_carla_control build --build-base /home/martin/Desktop/Stage/Projet/ws_carla_ros/build/rqt_carla_control/build install --record /home/martin/Desktop/Stage/Projet/ws_carla_ros/build/rqt_carla_control/install.log --single-version-externally-managed install_data
[4.786s] running egg_info
[4.786s] creating ../../build/rqt_carla_control/rqt_carla_control.egg-info
[4.786s] writing ../../build/rqt_carla_control/rqt_carla_control.egg-info/PKG-INFO
[4.786s] writing dependency_links to ../../build/rqt_carla_control/rqt_carla_control.egg-info/dependency_links.txt
[4.786s] writing requirements to ../../build/rqt_carla_control/rqt_carla_control.egg-info/requires.txt
[4.786s] writing top-level names to ../../build/rqt_carla_control/rqt_carla_control.egg-info/top_level.txt
[4.786s] writing manifest file '../../build/rqt_carla_control/rqt_carla_control.egg-info/SOURCES.txt'
[4.787s] reading manifest file '../../build/rqt_carla_control/rqt_carla_control.egg-info/SOURCES.txt'
[4.787s] writing manifest file '../../build/rqt_carla_control/rqt_carla_control.egg-info/SOURCES.txt'
[4.787s] running build
[4.787s] running build_py
[4.787s] creating /home/martin/Desktop/Stage/Projet/ws_carla_ros/build/rqt_carla_control/build
[4.787s] creating /home/martin/Desktop/Stage/Projet/ws_carla_ros/build/rqt_carla_control/build/lib
[4.787s] creating /home/martin/Desktop/Stage/Projet/ws_carla_ros/build/rqt_carla_control/build/lib/rqt_carla_control
[4.787s] copying src/rqt_carla_control/rqt_carla_control.py -> /home/martin/Desktop/Stage/Projet/ws_carla_ros/build/rqt_carla_control/build/lib/rqt_carla_control
[4.787s] copying src/rqt_carla_control/__init__.py -> /home/martin/Desktop/Stage/Projet/ws_carla_ros/build/rqt_carla_control/build/lib/rqt_carla_control
[4.787s] running build_scripts
[4.787s] creating /home/martin/Desktop/Stage/Projet/ws_carla_ros/build/rqt_carla_control/build/scripts-3.8
[4.787s] copying scripts/rqt_carla_control -> /home/martin/Desktop/Stage/Projet/ws_carla_ros/build/rqt_carla_control/build/scripts-3.8
[4.787s] running install
[4.787s] running install_lib
[4.787s] creating /home/martin/Desktop/Stage/Projet/ws_carla_ros/install/rqt_carla_control/lib/python3.8/site-packages/rqt_carla_control
[4.787s] copying /home/martin/Desktop/Stage/Projet/ws_carla_ros/build/rqt_carla_control/build/lib/rqt_carla_control/rqt_carla_control.py -> /home/martin/Desktop/Stage/Projet/ws_carla_ros/install/rqt_carla_control/lib/python3.8/site-packages/rqt_carla_control
[4.787s] copying /home/martin/Desktop/Stage/Projet/ws_carla_ros/build/rqt_carla_control/build/lib/rqt_carla_control/__init__.py -> /home/martin/Desktop/Stage/Projet/ws_carla_ros/install/rqt_carla_control/lib/python3.8/site-packages/rqt_carla_control
[4.787s] byte-compiling /home/martin/Desktop/Stage/Projet/ws_carla_ros/install/rqt_carla_control/lib/python3.8/site-packages/rqt_carla_control/rqt_carla_control.py to rqt_carla_control.cpython-38.pyc
[4.787s] byte-compiling /home/martin/Desktop/Stage/Projet/ws_carla_ros/install/rqt_carla_control/lib/python3.8/site-packages/rqt_carla_control/__init__.py to __init__.cpython-38.pyc
[4.787s] running install_data
[4.788s] creating /home/martin/Desktop/Stage/Projet/ws_carla_ros/install/rqt_carla_control/share/ament_index
[4.788s] creating /home/martin/Desktop/Stage/Projet/ws_carla_ros/install/rqt_carla_control/share/ament_index/resource_index
[4.788s] creating /home/martin/Desktop/Stage/Projet/ws_carla_ros/install/rqt_carla_control/share/ament_index/resource_index/packages
[4.788s] copying resource/rqt_carla_control -> /home/martin/Desktop/Stage/Projet/ws_carla_ros/install/rqt_carla_control/share/ament_index/resource_index/packages
[4.789s] copying package.xml -> /home/martin/Desktop/Stage/Projet/ws_carla_ros/install/rqt_carla_control/share/rqt_carla_control
[4.789s] copying plugin.xml -> /home/martin/Desktop/Stage/Projet/ws_carla_ros/install/rqt_carla_control/share/rqt_carla_control
[4.789s] creating /home/martin/Desktop/Stage/Projet/ws_carla_ros/install/rqt_carla_control/share/rqt_carla_control/resource
[4.789s] copying resource/CarlaControl.ui -> /home/martin/Desktop/Stage/Projet/ws_carla_ros/install/rqt_carla_control/share/rqt_carla_control/resource
[4.789s] copying resource/pause.png -> /home/martin/Desktop/Stage/Projet/ws_carla_ros/install/rqt_carla_control/share/rqt_carla_control/resource
[4.789s] copying resource/play.png -> /home/martin/Desktop/Stage/Projet/ws_carla_ros/install/rqt_carla_control/share/rqt_carla_control/resource
[4.789s] copying resource/step_once.png -> /home/martin/Desktop/Stage/Projet/ws_carla_ros/install/rqt_carla_control/share/rqt_carla_control/resource
[4.789s] creating /home/martin/Desktop/Stage/Projet/ws_carla_ros/install/rqt_carla_control/lib/rqt_carla_control
[4.789s] copying scripts/rqt_carla_control -> /home/martin/Desktop/Stage/Projet/ws_carla_ros/install/rqt_carla_control/lib/rqt_carla_control
[4.789s] running install_egg_info
[4.789s] Copying ../../build/rqt_carla_control/rqt_carla_control.egg-info to /home/martin/Desktop/Stage/Projet/ws_carla_ros/install/rqt_carla_control/lib/python3.8/site-packages/rqt_carla_control-0.0.0-py3.8.egg-info
[4.789s] running install_scripts
[4.790s] changing mode of /home/martin/Desktop/Stage/Projet/ws_carla_ros/install/rqt_carla_control/lib/rqt_carla_control/rqt_carla_control to 755
[4.790s] writing list of installed files to '/home/martin/Desktop/Stage/Projet/ws_carla_ros/build/rqt_carla_control/install.log'
[4.845s] Invoked command in '/home/martin/Desktop/Stage/Projet/ws_carla_ros/carla-ros-bridge/rqt_carla_control' returned '0': PYTHONPATH=/home/martin/Desktop/Stage/Projet/ws_carla_ros/build/rqt_carla_control/prefix_override:/usr/lib/python3/dist-packages/colcon_core/task/python/colcon_distutils_commands:/home/martin/Desktop/Stage/Projet/ws_carla_ros/install/rqt_carla_control/lib/python3.8/site-packages:${PYTHONPATH} /usr/bin/python3 -W ignore:setup.py install is deprecated -W ignore:easy_install command is deprecated setup.py egg_info --egg-base ../../build/rqt_carla_control build --build-base /home/martin/Desktop/Stage/Projet/ws_carla_ros/build/rqt_carla_control/build install --record /home/martin/Desktop/Stage/Projet/ws_carla_ros/build/rqt_carla_control/install.log --single-version-externally-managed install_data
