[0.530s] Invoking command in '/home/martin/Desktop/Stage/Projet/ws_carla_ros/carla_interface': CONDA_PROMPT_MODIFIER=(carla_env) PYTHONPATH=/home/martin/Desktop/Stage/Projet/ws_carla_ros/build/carla_interface/prefix_override:/usr/lib/python3/dist-packages/colcon_core/task/python/colcon_distutils_commands:/home/martin/Desktop/Stage/Projet/ws_carla_ros/install/carla_interface/lib/python3.8/site-packages:${PYTHONPATH} /usr/bin/python3 -W ignore:setup.py install is deprecated -W ignore:easy_install command is deprecated setup.py egg_info --egg-base ../build/carla_interface build --build-base /home/martin/Desktop/Stage/Projet/ws_carla_ros/build/carla_interface/build install --record /home/martin/Desktop/Stage/Projet/ws_carla_ros/build/carla_interface/install.log --single-version-externally-managed install_data
[0.727s] running egg_info
[0.727s] writing ../build/carla_interface/carla_interface.egg-info/PKG-INFO
[0.727s] writing dependency_links to ../build/carla_interface/carla_interface.egg-info/dependency_links.txt
[0.727s] writing entry points to ../build/carla_interface/carla_interface.egg-info/entry_points.txt
[0.727s] writing requirements to ../build/carla_interface/carla_interface.egg-info/requires.txt
[0.727s] writing top-level names to ../build/carla_interface/carla_interface.egg-info/top_level.txt
[0.754s] reading manifest file '../build/carla_interface/carla_interface.egg-info/SOURCES.txt'
[0.755s] writing manifest file '../build/carla_interface/carla_interface.egg-info/SOURCES.txt'
[0.755s] running build
[0.755s] running build_py
[0.755s] copying carla_interface/inference_trajectoire_node.py -> /home/martin/Desktop/Stage/Projet/ws_carla_ros/build/carla_interface/build/lib/carla_interface
[0.755s] running install
[0.756s] running install_lib
[0.757s] copying /home/martin/Desktop/Stage/Projet/ws_carla_ros/build/carla_interface/build/lib/carla_interface/inference_trajectoire_node.py -> /home/martin/Desktop/Stage/Projet/ws_carla_ros/install/carla_interface/lib/python3.8/site-packages/carla_interface
[0.758s] byte-compiling /home/martin/Desktop/Stage/Projet/ws_carla_ros/install/carla_interface/lib/python3.8/site-packages/carla_interface/inference_trajectoire_node.py to inference_trajectoire_node.cpython-38.pyc
[0.764s] running install_data
[0.764s] running install_egg_info
[0.767s] removing '/home/martin/Desktop/Stage/Projet/ws_carla_ros/install/carla_interface/lib/python3.8/site-packages/carla_interface-0.0.0-py3.8.egg-info' (and everything under it)
[0.768s] Copying ../build/carla_interface/carla_interface.egg-info to /home/martin/Desktop/Stage/Projet/ws_carla_ros/install/carla_interface/lib/python3.8/site-packages/carla_interface-0.0.0-py3.8.egg-info
[0.768s] running install_scripts
[0.784s] Installing my_node script to /home/martin/Desktop/Stage/Projet/ws_carla_ros/install/carla_interface/lib/carla_interface
[0.784s] Installing trajectory_node script to /home/martin/Desktop/Stage/Projet/ws_carla_ros/install/carla_interface/lib/carla_interface
[0.784s] writing list of installed files to '/home/martin/Desktop/Stage/Projet/ws_carla_ros/build/carla_interface/install.log'
[0.812s] Invoked command in '/home/martin/Desktop/Stage/Projet/ws_carla_ros/carla_interface' returned '0': CONDA_PROMPT_MODIFIER=(carla_env) PYTHONPATH=/home/martin/Desktop/Stage/Projet/ws_carla_ros/build/carla_interface/prefix_override:/usr/lib/python3/dist-packages/colcon_core/task/python/colcon_distutils_commands:/home/martin/Desktop/Stage/Projet/ws_carla_ros/install/carla_interface/lib/python3.8/site-packages:${PYTHONPATH} /usr/bin/python3 -W ignore:setup.py install is deprecated -W ignore:easy_install command is deprecated setup.py egg_info --egg-base ../build/carla_interface build --build-base /home/martin/Desktop/Stage/Projet/ws_carla_ros/build/carla_interface/build install --record /home/martin/Desktop/Stage/Projet/ws_carla_ros/build/carla_interface/install.log --single-version-externally-managed install_data
