[0.350s] Invoking command in '/home/martin/Desktop/Stage/Projet/ws_carla_ros/build/derived_object_msgs': CMAKE_PREFIX_PATH=${CMAKE_PREFIX_PATH}:/home/martin/Desktop/Stage/Projet/ws_carla_ros/install/rqt_carla_control:/home/martin/Desktop/Stage/Projet/ws_carla_ros/install/carla_waypoint_publisher:/home/martin/Desktop/Stage/Projet/ws_carla_ros/install/carla_ackermann_control:/home/martin/Desktop/Stage/Projet/ws_carla_ros/install/carla_ros_bridge:/home/martin/Desktop/Stage/Projet/ws_carla_ros/install/carla_spawn_objects:/home/martin/Desktop/Stage/Projet/ws_carla_ros/install/carla_manual_control:/home/martin/Desktop/Stage/Projet/ws_carla_ros/install/carla_ad_agent:/home/martin/Desktop/Stage/Projet/ws_carla_ros/install/ros_compatibility:/home/martin/Desktop/Stage/Projet/ws_carla_ros/install/carla_walker_agent:/home/martin/Desktop/Stage/Projet/ws_carla_ros/install/carla_twist_to_control:/home/martin/Desktop/Stage/Projet/ws_carla_ros/install/carla_ros_scenario_runner:/home/martin/Desktop/Stage/Projet/ws_carla_ros/install/carla_map_visualization:/home/martin/Desktop/Stage/Projet/ws_carla_ros/install/carla_interface:/home/martin/Desktop/Stage/Projet/ws_carla_ros/install/carla_control_display:/home/martin/Desktop/Stage/Projet/ws_carla_ros/install/carla_common:/opt/ros/galactic /usr/bin/cmake /home/martin/Desktop/Stage/Projet/ws_carla_ros/carla-ros-bridge/astuff_sensor_msgs/derived_object_msgs -DPYTHON_EXECUTABLE=/usr/bin/python3 -DCMAKE_INSTALL_PREFIX=/home/martin/Desktop/Stage/Projet/ws_carla_ros/install/derived_object_msgs
[1.059s] -- The C compiler identification is GNU 9.4.0
[1.059s] -- The CXX compiler identification is GNU 9.4.0
[1.059s] -- Check for working C compiler: /usr/bin/cc
[1.060s] -- Check for working C compiler: /usr/bin/cc -- works
[1.060s] -- Detecting C compiler ABI info
[1.060s] -- Detecting C compiler ABI info - done
[1.060s] -- Detecting C compile features
[1.060s] -- Detecting C compile features - done
[1.060s] -- Check for working CXX compiler: /usr/bin/c++
[1.061s] -- Check for working CXX compiler: /usr/bin/c++ -- works
[1.061s] -- Detecting CXX compiler ABI info
[1.061s] -- Detecting CXX compiler ABI info - done
[1.061s] -- Detecting CXX compile features
[1.062s] -- Detecting CXX compile features - done
[1.062s] -- Found ros_environment: 3.1.1 (/opt/ros/galactic/share/ros_environment/cmake)
[1.062s] -- Found ament_cmake: 1.1.6 (/opt/ros/galactic/share/ament_cmake/cmake)
[1.062s] -- Found PythonInterp: /usr/bin/python3 (found suitable version "3.8.10", minimum required is "3") 
[1.062s] -- Using PYTHON_EXECUTABLE: /usr/bin/python3
[1.062s] -- Found builtin_interfaces: 1.0.3 (/opt/ros/galactic/share/builtin_interfaces/cmake)
[1.063s] -- Using all available rosidl_typesupport_c: rosidl_typesupport_fastrtps_c;rosidl_typesupport_introspection_c
[1.063s] -- Found rosidl_adapter: 2.2.3 (/opt/ros/galactic/share/rosidl_adapter/cmake)
[1.063s] -- Found OpenSSL: /usr/lib/x86_64-linux-gnu/libcrypto.so (found version "1.1.1f")  
[1.063s] -- Found FastRTPS: /opt/ros/galactic/include  
[1.066s] -- Using all available rosidl_typesupport_cpp: rosidl_typesupport_fastrtps_cpp;rosidl_typesupport_introspection_cpp
[1.066s] -- Found geometry_msgs: 2.2.4 (/opt/ros/galactic/share/geometry_msgs/cmake)
[1.066s] -- Found rosidl_default_generators: 1.1.1 (/opt/ros/galactic/share/rosidl_default_generators/cmake)
[1.066s] -- Found shape_msgs: 2.2.4 (/opt/ros/galactic/share/shape_msgs/cmake)
[1.160s] -- Found PythonInterp: /usr/bin/python3 (found version "3.8.10") 
[1.488s] -- Found ament_cmake_cppcheck: 0.10.7 (/opt/ros/galactic/share/ament_cmake_cppcheck/cmake)
[1.491s] -- Found ament_cmake_cpplint: 0.10.7 (/opt/ros/galactic/share/ament_cmake_cpplint/cmake)
[1.495s] -- Found ament_cmake_uncrustify: 0.10.7 (/opt/ros/galactic/share/ament_cmake_uncrustify/cmake)
[1.498s] -- Found ament_cmake_ros: 0.9.2 (/opt/ros/galactic/share/ament_cmake_ros/cmake)
[1.807s] -- Using all available rosidl_typesupport_c: rosidl_typesupport_fastrtps_c;rosidl_typesupport_introspection_c
[1.953s] -- Using all available rosidl_typesupport_cpp: rosidl_typesupport_fastrtps_cpp;rosidl_typesupport_introspection_cpp
[2.005s] -- Found PythonInterp: /usr/bin/python3 (found suitable version "3.8.10", minimum required is "3.5") 
[2.010s] -- Found python_cmake_module: 0.8.1 (/opt/ros/galactic/share/python_cmake_module/cmake)
[2.080s] -- Found PythonLibs: /usr/lib/x86_64-linux-gnu/libpython3.8.so (found suitable version "3.8.10", minimum required is "3.5") 
[2.080s] -- Using PYTHON_EXECUTABLE: /usr/bin/python3
[2.080s] -- Using PYTHON_INCLUDE_DIRS: /usr/include/python3.8
[2.080s] -- Using PYTHON_LIBRARIES: /usr/lib/x86_64-linux-gnu/libpython3.8.so
[2.133s] -- Found PythonExtra: .so  
[2.257s] -- Found ament_cmake_flake8: 0.10.7 (/opt/ros/galactic/share/ament_cmake_flake8/cmake)
[2.260s] -- Found ament_cmake_pep257: 0.10.7 (/opt/ros/galactic/share/ament_cmake_pep257/cmake)
[2.263s] -- Found ament_lint_auto: 0.10.7 (/opt/ros/galactic/share/ament_lint_auto/cmake)
[2.277s] -- Added test 'copyright' to check source files copyright and LICENSE
[2.277s] -- Added test 'lint_cmake' to check CMake code style
[2.278s] -- Added test 'xmllint' to check XML markup files
[2.281s] -- Configuring done
[2.343s] -- Generating done
[2.365s] -- Build files have been written to: /home/martin/Desktop/Stage/Projet/ws_carla_ros/build/derived_object_msgs
[2.441s] Invoked command in '/home/martin/Desktop/Stage/Projet/ws_carla_ros/build/derived_object_msgs' returned '0': CMAKE_PREFIX_PATH=${CMAKE_PREFIX_PATH}:/home/martin/Desktop/Stage/Projet/ws_carla_ros/install/rqt_carla_control:/home/martin/Desktop/Stage/Projet/ws_carla_ros/install/carla_waypoint_publisher:/home/martin/Desktop/Stage/Projet/ws_carla_ros/install/carla_ackermann_control:/home/martin/Desktop/Stage/Projet/ws_carla_ros/install/carla_ros_bridge:/home/martin/Desktop/Stage/Projet/ws_carla_ros/install/carla_spawn_objects:/home/martin/Desktop/Stage/Projet/ws_carla_ros/install/carla_manual_control:/home/martin/Desktop/Stage/Projet/ws_carla_ros/install/carla_ad_agent:/home/martin/Desktop/Stage/Projet/ws_carla_ros/install/ros_compatibility:/home/martin/Desktop/Stage/Projet/ws_carla_ros/install/carla_walker_agent:/home/martin/Desktop/Stage/Projet/ws_carla_ros/install/carla_twist_to_control:/home/martin/Desktop/Stage/Projet/ws_carla_ros/install/carla_ros_scenario_runner:/home/martin/Desktop/Stage/Projet/ws_carla_ros/install/carla_map_visualization:/home/martin/Desktop/Stage/Projet/ws_carla_ros/install/carla_interface:/home/martin/Desktop/Stage/Projet/ws_carla_ros/install/carla_control_display:/home/martin/Desktop/Stage/Projet/ws_carla_ros/install/carla_common:/opt/ros/galactic /usr/bin/cmake /home/martin/Desktop/Stage/Projet/ws_carla_ros/carla-ros-bridge/astuff_sensor_msgs/derived_object_msgs -DPYTHON_EXECUTABLE=/usr/bin/python3 -DCMAKE_INSTALL_PREFIX=/home/martin/Desktop/Stage/Projet/ws_carla_ros/install/derived_object_msgs
[2.445s] Invoking command in '/home/martin/Desktop/Stage/Projet/ws_carla_ros/build/derived_object_msgs': CMAKE_PREFIX_PATH=${CMAKE_PREFIX_PATH}:/home/martin/Desktop/Stage/Projet/ws_carla_ros/install/rqt_carla_control:/home/martin/Desktop/Stage/Projet/ws_carla_ros/install/carla_waypoint_publisher:/home/martin/Desktop/Stage/Projet/ws_carla_ros/install/carla_ackermann_control:/home/martin/Desktop/Stage/Projet/ws_carla_ros/install/carla_ros_bridge:/home/martin/Desktop/Stage/Projet/ws_carla_ros/install/carla_spawn_objects:/home/martin/Desktop/Stage/Projet/ws_carla_ros/install/carla_manual_control:/home/martin/Desktop/Stage/Projet/ws_carla_ros/install/carla_ad_agent:/home/martin/Desktop/Stage/Projet/ws_carla_ros/install/ros_compatibility:/home/martin/Desktop/Stage/Projet/ws_carla_ros/install/carla_walker_agent:/home/martin/Desktop/Stage/Projet/ws_carla_ros/install/carla_twist_to_control:/home/martin/Desktop/Stage/Projet/ws_carla_ros/install/carla_ros_scenario_runner:/home/martin/Desktop/Stage/Projet/ws_carla_ros/install/carla_map_visualization:/home/martin/Desktop/Stage/Projet/ws_carla_ros/install/carla_interface:/home/martin/Desktop/Stage/Projet/ws_carla_ros/install/carla_control_display:/home/martin/Desktop/Stage/Projet/ws_carla_ros/install/carla_common:/opt/ros/galactic /usr/bin/cmake --build /home/martin/Desktop/Stage/Projet/ws_carla_ros/build/derived_object_msgs -- -j16 -l16
[2.520s] [35m[1mScanning dependencies of target derived_object_msgs__cpp[0m
[2.537s] [  1%] [34m[1mGenerating C++ code for ROS interfaces[0m
[2.540s] [  2%] [34m[1mGenerating C code for ROS interfaces[0m
[4.770s] [  2%] Built target derived_object_msgs__cpp
[4.859s] [  3%] [34m[1mGenerating C++ type support for eProsima Fast-RTPS[0m
[4.892s] [  5%] [34m[1mGenerating C++ type support dispatch for ROS interfaces[0m
[4.896s] [  6%] [34m[1mGenerating C++ introspection for ROS interfaces[0m
[5.978s] [35m[1mScanning dependencies of target derived_object_msgs__rosidl_generator_c[0m
[6.040s] [  7%] [32mBuilding C object CMakeFiles/derived_object_msgs__rosidl_generator_c.dir/rosidl_generator_c/derived_object_msgs/msg/detail/lane__functions.c.o[0m
[6.044s] [  8%] [32mBuilding C object CMakeFiles/derived_object_msgs__rosidl_generator_c.dir/rosidl_generator_c/derived_object_msgs/msg/detail/lane_models__functions.c.o[0m
[6.060s] [ 10%] [32mBuilding C object CMakeFiles/derived_object_msgs__rosidl_generator_c.dir/rosidl_generator_c/derived_object_msgs/msg/detail/object__functions.c.o[0m
[6.063s] [ 11%] [32mBuilding C object CMakeFiles/derived_object_msgs__rosidl_generator_c.dir/rosidl_generator_c/derived_object_msgs/msg/detail/object_with_covariance__functions.c.o[0m
[6.068s] [ 12%] [32mBuilding C object CMakeFiles/derived_object_msgs__rosidl_generator_c.dir/rosidl_generator_c/derived_object_msgs/msg/detail/object_array__functions.c.o[0m
[6.092s] [ 13%] [32mBuilding C object CMakeFiles/derived_object_msgs__rosidl_generator_c.dir/rosidl_generator_c/derived_object_msgs/msg/detail/solid_primitive_with_covariance__functions.c.o[0m
[6.092s] [ 15%] [32mBuilding C object CMakeFiles/derived_object_msgs__rosidl_generator_c.dir/rosidl_generator_c/derived_object_msgs/msg/detail/object_with_covariance_array__functions.c.o[0m
[6.252s] [ 16%] [32m[1mLinking C shared library libderived_object_msgs__rosidl_generator_c.so[0m
[6.400s] [ 16%] Built target derived_object_msgs__rosidl_generator_c
[6.423s] [ 17%] [34m[1mGenerating C type support dispatch for ROS interfaces[0m
[6.438s] [ 18%] [34m[1mGenerating C introspection for ROS interfaces[0m
[6.679s] [35m[1mScanning dependencies of target derived_object_msgs__rosidl_typesupport_fastrtps_cpp[0m
[6.742s] [ 20%] [32mBuilding CXX object CMakeFiles/derived_object_msgs__rosidl_typesupport_fastrtps_cpp.dir/rosidl_typesupport_fastrtps_cpp/derived_object_msgs/msg/detail/dds_fastrtps/lane_models__type_support.cpp.o[0m
[6.743s] [ 21%] [32mBuilding CXX object CMakeFiles/derived_object_msgs__rosidl_typesupport_fastrtps_cpp.dir/rosidl_typesupport_fastrtps_cpp/derived_object_msgs/msg/detail/dds_fastrtps/lane__type_support.cpp.o[0m
[6.754s] [ 22%] [32mBuilding CXX object CMakeFiles/derived_object_msgs__rosidl_typesupport_fastrtps_cpp.dir/rosidl_typesupport_fastrtps_cpp/derived_object_msgs/msg/detail/dds_fastrtps/object__type_support.cpp.o[0m
[6.800s] [ 24%] [32mBuilding CXX object CMakeFiles/derived_object_msgs__rosidl_typesupport_fastrtps_cpp.dir/rosidl_typesupport_fastrtps_cpp/derived_object_msgs/msg/detail/dds_fastrtps/object_array__type_support.cpp.o[0m
[6.866s] [ 25%] [32mBuilding CXX object CMakeFiles/derived_object_msgs__rosidl_typesupport_fastrtps_cpp.dir/rosidl_typesupport_fastrtps_cpp/derived_object_msgs/msg/detail/dds_fastrtps/object_with_covariance__type_support.cpp.o[0m
[6.903s] [ 26%] [32mBuilding CXX object CMakeFiles/derived_object_msgs__rosidl_typesupport_fastrtps_cpp.dir/rosidl_typesupport_fastrtps_cpp/derived_object_msgs/msg/detail/dds_fastrtps/object_with_covariance_array__type_support.cpp.o[0m
[6.930s] [ 27%] [32mBuilding CXX object CMakeFiles/derived_object_msgs__rosidl_typesupport_fastrtps_cpp.dir/rosidl_typesupport_fastrtps_cpp/derived_object_msgs/msg/detail/dds_fastrtps/solid_primitive_with_covariance__type_support.cpp.o[0m
[6.952s] [35m[1mScanning dependencies of target derived_object_msgs__rosidl_typesupport_introspection_cpp[0m
[7.024s] [ 29%] [32mBuilding CXX object CMakeFiles/derived_object_msgs__rosidl_typesupport_introspection_cpp.dir/rosidl_typesupport_introspection_cpp/derived_object_msgs/msg/detail/lane__type_support.cpp.o[0m
[7.036s] [ 30%] [32mBuilding CXX object CMakeFiles/derived_object_msgs__rosidl_typesupport_introspection_cpp.dir/rosidl_typesupport_introspection_cpp/derived_object_msgs/msg/detail/lane_models__type_support.cpp.o[0m
[7.058s] [ 31%] [32mBuilding CXX object CMakeFiles/derived_object_msgs__rosidl_typesupport_introspection_cpp.dir/rosidl_typesupport_introspection_cpp/derived_object_msgs/msg/detail/object__type_support.cpp.o[0m
[7.071s] [ 32%] [32mBuilding CXX object CMakeFiles/derived_object_msgs__rosidl_typesupport_introspection_cpp.dir/rosidl_typesupport_introspection_cpp/derived_object_msgs/msg/detail/object_array__type_support.cpp.o[0m
[7.152s] [ 34%] [32mBuilding CXX object CMakeFiles/derived_object_msgs__rosidl_typesupport_introspection_cpp.dir/rosidl_typesupport_introspection_cpp/derived_object_msgs/msg/detail/object_with_covariance__type_support.cpp.o[0m
[7.230s] [ 35%] [32mBuilding CXX object CMakeFiles/derived_object_msgs__rosidl_typesupport_introspection_cpp.dir/rosidl_typesupport_introspection_cpp/derived_object_msgs/msg/detail/object_with_covariance_array__type_support.cpp.o[0m
[7.317s] [35m[1mScanning dependencies of target derived_object_msgs__rosidl_typesupport_cpp[0m
[7.419s] [ 36%] [32mBuilding CXX object CMakeFiles/derived_object_msgs__rosidl_typesupport_cpp.dir/rosidl_typesupport_cpp/derived_object_msgs/msg/lane__type_support.cpp.o[0m
[7.996s] [ 37%] [32mBuilding CXX object CMakeFiles/derived_object_msgs__rosidl_typesupport_cpp.dir/rosidl_typesupport_cpp/derived_object_msgs/msg/lane_models__type_support.cpp.o[0m
[8.005s] [ 39%] [32mBuilding CXX object CMakeFiles/derived_object_msgs__rosidl_typesupport_cpp.dir/rosidl_typesupport_cpp/derived_object_msgs/msg/object__type_support.cpp.o[0m
[8.191s] [ 40%] [32mBuilding CXX object CMakeFiles/derived_object_msgs__rosidl_typesupport_cpp.dir/rosidl_typesupport_cpp/derived_object_msgs/msg/object_array__type_support.cpp.o[0m
[8.220s] [ 41%] [32mBuilding CXX object CMakeFiles/derived_object_msgs__rosidl_typesupport_introspection_cpp.dir/rosidl_typesupport_introspection_cpp/derived_object_msgs/msg/detail/solid_primitive_with_covariance__type_support.cpp.o[0m
[8.327s] [ 43%] [32mBuilding CXX object CMakeFiles/derived_object_msgs__rosidl_typesupport_cpp.dir/rosidl_typesupport_cpp/derived_object_msgs/msg/object_with_covariance__type_support.cpp.o[0m
[8.614s] [ 44%] [32mBuilding CXX object CMakeFiles/derived_object_msgs__rosidl_typesupport_cpp.dir/rosidl_typesupport_cpp/derived_object_msgs/msg/object_with_covariance_array__type_support.cpp.o[0m
[8.654s] [35m[1mScanning dependencies of target derived_object_msgs__rosidl_typesupport_c[0m
[8.701s] [ 45%] [32mBuilding CXX object CMakeFiles/derived_object_msgs__rosidl_typesupport_c.dir/rosidl_typesupport_c/derived_object_msgs/msg/lane__type_support.cpp.o[0m
[8.743s] [ 46%] [32mBuilding CXX object CMakeFiles/derived_object_msgs__rosidl_typesupport_cpp.dir/rosidl_typesupport_cpp/derived_object_msgs/msg/solid_primitive_with_covariance__type_support.cpp.o[0m
[8.792s] [ 49%] [32mBuilding CXX object CMakeFiles/derived_object_msgs__rosidl_typesupport_c.dir/rosidl_typesupport_c/derived_object_msgs/msg/object__type_support.cpp.o[0m
[8.800s] [ 49%] [32mBuilding CXX object CMakeFiles/derived_object_msgs__rosidl_typesupport_c.dir/rosidl_typesupport_c/derived_object_msgs/msg/lane_models__type_support.cpp.o[0m
[8.988s] [ 50%] [32mBuilding CXX object CMakeFiles/derived_object_msgs__rosidl_typesupport_c.dir/rosidl_typesupport_c/derived_object_msgs/msg/object_array__type_support.cpp.o[0m
[9.048s] [ 51%] [32mBuilding CXX object CMakeFiles/derived_object_msgs__rosidl_typesupport_c.dir/rosidl_typesupport_c/derived_object_msgs/msg/object_with_covariance_array__type_support.cpp.o[0m
[9.061s] [ 53%] [32mBuilding CXX object CMakeFiles/derived_object_msgs__rosidl_typesupport_c.dir/rosidl_typesupport_c/derived_object_msgs/msg/object_with_covariance__type_support.cpp.o[0m
[9.151s] [ 54%] [32mBuilding CXX object CMakeFiles/derived_object_msgs__rosidl_typesupport_c.dir/rosidl_typesupport_c/derived_object_msgs/msg/solid_primitive_with_covariance__type_support.cpp.o[0m
[9.378s] [ 55%] [32m[1mLinking CXX shared library libderived_object_msgs__rosidl_typesupport_c.so[0m
[9.434s] [ 56%] [32m[1mLinking CXX shared library libderived_object_msgs__rosidl_typesupport_introspection_cpp.so[0m
[9.545s] [ 56%] Built target derived_object_msgs__rosidl_typesupport_c
[9.612s] [ 58%] [32m[1mLinking CXX shared library libderived_object_msgs__rosidl_typesupport_fastrtps_cpp.so[0m
[9.718s] [ 58%] Built target derived_object_msgs__rosidl_typesupport_introspection_cpp
[9.949s] [ 58%] Built target derived_object_msgs__rosidl_typesupport_fastrtps_cpp
[10.016s] [ 59%] [32m[1mLinking CXX shared library libderived_object_msgs__rosidl_typesupport_cpp.so[0m
[10.036s] [ 60%] [34m[1mGenerating C type support for eProsima Fast-RTPS[0m
[10.337s] [ 60%] Built target derived_object_msgs__rosidl_typesupport_cpp
[12.204s] [35m[1mScanning dependencies of target derived_object_msgs__rosidl_typesupport_introspection_c[0m
[12.353s] [ 62%] [32mBuilding C object CMakeFiles/derived_object_msgs__rosidl_typesupport_introspection_c.dir/rosidl_typesupport_introspection_c/derived_object_msgs/msg/detail/lane__type_support.c.o[0m
[12.393s] [ 63%] [32mBuilding C object CMakeFiles/derived_object_msgs__rosidl_typesupport_introspection_c.dir/rosidl_typesupport_introspection_c/derived_object_msgs/msg/detail/lane_models__type_support.c.o[0m
[12.433s] [ 64%] [32mBuilding C object CMakeFiles/derived_object_msgs__rosidl_typesupport_introspection_c.dir/rosidl_typesupport_introspection_c/derived_object_msgs/msg/detail/object__type_support.c.o[0m
[12.505s] [ 65%] [32mBuilding C object CMakeFiles/derived_object_msgs__rosidl_typesupport_introspection_c.dir/rosidl_typesupport_introspection_c/derived_object_msgs/msg/detail/object_array__type_support.c.o[0m
[12.629s] [ 67%] [32mBuilding C object CMakeFiles/derived_object_msgs__rosidl_typesupport_introspection_c.dir/rosidl_typesupport_introspection_c/derived_object_msgs/msg/detail/object_with_covariance__type_support.c.o[0m
[12.632s] [ 68%] [32mBuilding C object CMakeFiles/derived_object_msgs__rosidl_typesupport_introspection_c.dir/rosidl_typesupport_introspection_c/derived_object_msgs/msg/detail/object_with_covariance_array__type_support.c.o[0m
[12.651s] [ 69%] [32mBuilding C object CMakeFiles/derived_object_msgs__rosidl_typesupport_introspection_c.dir/rosidl_typesupport_introspection_c/derived_object_msgs/msg/detail/solid_primitive_with_covariance__type_support.c.o[0m
[12.978s] [ 70%] [32m[1mLinking C shared library libderived_object_msgs__rosidl_typesupport_introspection_c.so[0m
[13.426s] [ 70%] Built target derived_object_msgs__rosidl_typesupport_introspection_c
[16.464s] [35m[1mScanning dependencies of target derived_object_msgs__rosidl_typesupport_fastrtps_c[0m
[16.556s] [ 72%] [32mBuilding CXX object CMakeFiles/derived_object_msgs__rosidl_typesupport_fastrtps_c.dir/rosidl_typesupport_fastrtps_c/derived_object_msgs/msg/detail/lane__type_support_c.cpp.o[0m
[17.154s] [ 73%] [32mBuilding CXX object CMakeFiles/derived_object_msgs__rosidl_typesupport_fastrtps_c.dir/rosidl_typesupport_fastrtps_c/derived_object_msgs/msg/detail/solid_primitive_with_covariance__type_support_c.cpp.o[0m
[17.650s] [ 74%] [32mBuilding CXX object CMakeFiles/derived_object_msgs__rosidl_typesupport_fastrtps_c.dir/rosidl_typesupport_fastrtps_c/derived_object_msgs/msg/detail/object_with_covariance_array__type_support_c.cpp.o[0m
[18.238s] [ 75%] [32mBuilding CXX object CMakeFiles/derived_object_msgs__rosidl_typesupport_fastrtps_c.dir/rosidl_typesupport_fastrtps_c/derived_object_msgs/msg/detail/object_with_covariance__type_support_c.cpp.o[0m
[19.001s] [ 77%] [32mBuilding CXX object CMakeFiles/derived_object_msgs__rosidl_typesupport_fastrtps_c.dir/rosidl_typesupport_fastrtps_c/derived_object_msgs/msg/detail/object_array__type_support_c.cpp.o[0m
[19.459s] [ 78%] [32mBuilding CXX object CMakeFiles/derived_object_msgs__rosidl_typesupport_fastrtps_c.dir/rosidl_typesupport_fastrtps_c/derived_object_msgs/msg/detail/object__type_support_c.cpp.o[0m
[19.886s] [ 79%] [32mBuilding CXX object CMakeFiles/derived_object_msgs__rosidl_typesupport_fastrtps_c.dir/rosidl_typesupport_fastrtps_c/derived_object_msgs/msg/detail/lane_models__type_support_c.cpp.o[0m
[20.383s] [ 81%] [32m[1mLinking CXX shared library libderived_object_msgs__rosidl_typesupport_fastrtps_c.so[0m
[20.525s] [ 81%] Built target derived_object_msgs__rosidl_typesupport_fastrtps_c
[20.556s] [35m[1mScanning dependencies of target derived_object_msgs[0m
[20.571s] [ 81%] Built target derived_object_msgs
[20.589s] [35m[1mScanning dependencies of target derived_object_msgs__py[0m
[20.606s] [ 82%] [34m[1mGenerating Python code for ROS interfaces[0m
[23.368s] [ 82%] Built target derived_object_msgs__py
[23.388s] [35m[1mScanning dependencies of target derived_object_msgs__python[0m
[23.412s] [ 83%] [32mBuilding C object CMakeFiles/derived_object_msgs__python.dir/rosidl_generator_py/derived_object_msgs/msg/_lane_s.c.o[0m
[23.487s] [ 84%] [32mBuilding C object CMakeFiles/derived_object_msgs__python.dir/rosidl_generator_py/derived_object_msgs/msg/_solid_primitive_with_covariance_s.c.o[0m
[23.561s] [ 86%] [32mBuilding C object CMakeFiles/derived_object_msgs__python.dir/rosidl_generator_py/derived_object_msgs/msg/_object_with_covariance_array_s.c.o[0m
[23.669s] [ 87%] [32mBuilding C object CMakeFiles/derived_object_msgs__python.dir/rosidl_generator_py/derived_object_msgs/msg/_object_with_covariance_s.c.o[0m
[23.784s] [ 88%] [32mBuilding C object CMakeFiles/derived_object_msgs__python.dir/rosidl_generator_py/derived_object_msgs/msg/_object_array_s.c.o[0m
[23.894s] [ 89%] [32mBuilding C object CMakeFiles/derived_object_msgs__python.dir/rosidl_generator_py/derived_object_msgs/msg/_object_s.c.o[0m
[23.978s] [ 91%] [32mBuilding C object CMakeFiles/derived_object_msgs__python.dir/rosidl_generator_py/derived_object_msgs/msg/_lane_models_s.c.o[0m
[24.097s] [ 92%] [32m[1mLinking C shared library rosidl_generator_py/derived_object_msgs/libderived_object_msgs__python.so[0m
[24.161s] [ 92%] Built target derived_object_msgs__python
[24.174s] [35m[1mScanning dependencies of target derived_object_msgs__rosidl_typesupport_c__pyext[0m
[24.202s] [ 93%] [32mBuilding C object CMakeFiles/derived_object_msgs__rosidl_typesupport_c__pyext.dir/rosidl_generator_py/derived_object_msgs/_derived_object_msgs_s.ep.rosidl_typesupport_c.c.o[0m
[24.325s] [ 94%] [32m[1mLinking C shared library rosidl_generator_py/derived_object_msgs/derived_object_msgs_s__rosidl_typesupport_c.cpython-38-x86_64-linux-gnu.so[0m
[24.392s] [ 94%] Built target derived_object_msgs__rosidl_typesupport_c__pyext
[24.404s] [35m[1mScanning dependencies of target derived_object_msgs__rosidl_typesupport_fastrtps_c__pyext[0m
[24.429s] [ 96%] [32mBuilding C object CMakeFiles/derived_object_msgs__rosidl_typesupport_fastrtps_c__pyext.dir/rosidl_generator_py/derived_object_msgs/_derived_object_msgs_s.ep.rosidl_typesupport_fastrtps_c.c.o[0m
[24.638s] [ 97%] [32m[1mLinking CXX shared library rosidl_generator_py/derived_object_msgs/derived_object_msgs_s__rosidl_typesupport_fastrtps_c.cpython-38-x86_64-linux-gnu.so[0m
[24.758s] [ 97%] Built target derived_object_msgs__rosidl_typesupport_fastrtps_c__pyext
[24.773s] [35m[1mScanning dependencies of target derived_object_msgs__rosidl_typesupport_introspection_c__pyext[0m
[24.797s] [ 98%] [32mBuilding C object CMakeFiles/derived_object_msgs__rosidl_typesupport_introspection_c__pyext.dir/rosidl_generator_py/derived_object_msgs/_derived_object_msgs_s.ep.rosidl_typesupport_introspection_c.c.o[0m
[24.883s] [100%] [32m[1mLinking C shared library rosidl_generator_py/derived_object_msgs/derived_object_msgs_s__rosidl_typesupport_introspection_c.cpython-38-x86_64-linux-gnu.so[0m
[24.939s] [100%] Built target derived_object_msgs__rosidl_typesupport_introspection_c__pyext
[25.004s] Invoked command in '/home/martin/Desktop/Stage/Projet/ws_carla_ros/build/derived_object_msgs' returned '0': CMAKE_PREFIX_PATH=${CMAKE_PREFIX_PATH}:/home/martin/Desktop/Stage/Projet/ws_carla_ros/install/rqt_carla_control:/home/martin/Desktop/Stage/Projet/ws_carla_ros/install/carla_waypoint_publisher:/home/martin/Desktop/Stage/Projet/ws_carla_ros/install/carla_ackermann_control:/home/martin/Desktop/Stage/Projet/ws_carla_ros/install/carla_ros_bridge:/home/martin/Desktop/Stage/Projet/ws_carla_ros/install/carla_spawn_objects:/home/martin/Desktop/Stage/Projet/ws_carla_ros/install/carla_manual_control:/home/martin/Desktop/Stage/Projet/ws_carla_ros/install/carla_ad_agent:/home/martin/Desktop/Stage/Projet/ws_carla_ros/install/ros_compatibility:/home/martin/Desktop/Stage/Projet/ws_carla_ros/install/carla_walker_agent:/home/martin/Desktop/Stage/Projet/ws_carla_ros/install/carla_twist_to_control:/home/martin/Desktop/Stage/Projet/ws_carla_ros/install/carla_ros_scenario_runner:/home/martin/Desktop/Stage/Projet/ws_carla_ros/install/carla_map_visualization:/home/martin/Desktop/Stage/Projet/ws_carla_ros/install/carla_interface:/home/martin/Desktop/Stage/Projet/ws_carla_ros/install/carla_control_display:/home/martin/Desktop/Stage/Projet/ws_carla_ros/install/carla_common:/opt/ros/galactic /usr/bin/cmake --build /home/martin/Desktop/Stage/Projet/ws_carla_ros/build/derived_object_msgs -- -j16 -l16
[25.021s] Invoking command in '/home/martin/Desktop/Stage/Projet/ws_carla_ros/build/derived_object_msgs': CMAKE_PREFIX_PATH=${CMAKE_PREFIX_PATH}:/home/martin/Desktop/Stage/Projet/ws_carla_ros/install/rqt_carla_control:/home/martin/Desktop/Stage/Projet/ws_carla_ros/install/carla_waypoint_publisher:/home/martin/Desktop/Stage/Projet/ws_carla_ros/install/carla_ackermann_control:/home/martin/Desktop/Stage/Projet/ws_carla_ros/install/carla_ros_bridge:/home/martin/Desktop/Stage/Projet/ws_carla_ros/install/carla_spawn_objects:/home/martin/Desktop/Stage/Projet/ws_carla_ros/install/carla_manual_control:/home/martin/Desktop/Stage/Projet/ws_carla_ros/install/carla_ad_agent:/home/martin/Desktop/Stage/Projet/ws_carla_ros/install/ros_compatibility:/home/martin/Desktop/Stage/Projet/ws_carla_ros/install/carla_walker_agent:/home/martin/Desktop/Stage/Projet/ws_carla_ros/install/carla_twist_to_control:/home/martin/Desktop/Stage/Projet/ws_carla_ros/install/carla_ros_scenario_runner:/home/martin/Desktop/Stage/Projet/ws_carla_ros/install/carla_map_visualization:/home/martin/Desktop/Stage/Projet/ws_carla_ros/install/carla_interface:/home/martin/Desktop/Stage/Projet/ws_carla_ros/install/carla_control_display:/home/martin/Desktop/Stage/Projet/ws_carla_ros/install/carla_common:/opt/ros/galactic /usr/bin/cmake --install /home/martin/Desktop/Stage/Projet/ws_carla_ros/build/derived_object_msgs
[25.087s] -- Install configuration: ""
[25.087s] -- Installing: /home/martin/Desktop/Stage/Projet/ws_carla_ros/install/derived_object_msgs/share/ament_index/resource_index/rosidl_interfaces/derived_object_msgs
[25.087s] -- Installing: /home/martin/Desktop/Stage/Projet/ws_carla_ros/install/derived_object_msgs/include/derived_object_msgs
[25.088s] -- Installing: /home/martin/Desktop/Stage/Projet/ws_carla_ros/install/derived_object_msgs/include/derived_object_msgs/msg
[25.088s] -- Installing: /home/martin/Desktop/Stage/Projet/ws_carla_ros/install/derived_object_msgs/include/derived_object_msgs/msg/lane_models.h
[25.088s] -- Installing: /home/martin/Desktop/Stage/Projet/ws_carla_ros/install/derived_object_msgs/include/derived_object_msgs/msg/rosidl_generator_c__visibility_control.h
[25.089s] -- Installing: /home/martin/Desktop/Stage/Projet/ws_carla_ros/install/derived_object_msgs/include/derived_object_msgs/msg/object.h
[25.089s] -- Installing: /home/martin/Desktop/Stage/Projet/ws_carla_ros/install/derived_object_msgs/include/derived_object_msgs/msg/lane.h
[25.089s] -- Installing: /home/martin/Desktop/Stage/Projet/ws_carla_ros/install/derived_object_msgs/include/derived_object_msgs/msg/object_with_covariance.h
[25.089s] -- Installing: /home/martin/Desktop/Stage/Projet/ws_carla_ros/install/derived_object_msgs/include/derived_object_msgs/msg/object_array.h
[25.089s] -- Installing: /home/martin/Desktop/Stage/Projet/ws_carla_ros/install/derived_object_msgs/include/derived_object_msgs/msg/detail
[25.089s] -- Installing: /home/martin/Desktop/Stage/Projet/ws_carla_ros/install/derived_object_msgs/include/derived_object_msgs/msg/detail/object__functions.h
[25.089s] -- Installing: /home/martin/Desktop/Stage/Projet/ws_carla_ros/install/derived_object_msgs/include/derived_object_msgs/msg/detail/lane__functions.h
[25.090s] -- Installing: /home/martin/Desktop/Stage/Projet/ws_carla_ros/install/derived_object_msgs/include/derived_object_msgs/msg/detail/object_with_covariance_array__type_support.h
[25.090s] -- Installing: /home/martin/Desktop/Stage/Projet/ws_carla_ros/install/derived_object_msgs/include/derived_object_msgs/msg/detail/lane__struct.h
[25.090s] -- Installing: /home/martin/Desktop/Stage/Projet/ws_carla_ros/install/derived_object_msgs/include/derived_object_msgs/msg/detail/solid_primitive_with_covariance__struct.h
[25.090s] -- Installing: /home/martin/Desktop/Stage/Projet/ws_carla_ros/install/derived_object_msgs/include/derived_object_msgs/msg/detail/lane_models__type_support.h
[25.090s] -- Installing: /home/martin/Desktop/Stage/Projet/ws_carla_ros/install/derived_object_msgs/include/derived_object_msgs/msg/detail/object__type_support.h
[25.090s] -- Installing: /home/martin/Desktop/Stage/Projet/ws_carla_ros/install/derived_object_msgs/include/derived_object_msgs/msg/detail/solid_primitive_with_covariance__functions.c
[25.090s] -- Installing: /home/martin/Desktop/Stage/Projet/ws_carla_ros/install/derived_object_msgs/include/derived_object_msgs/msg/detail/lane_models__struct.h
[25.090s] -- Installing: /home/martin/Desktop/Stage/Projet/ws_carla_ros/install/derived_object_msgs/include/derived_object_msgs/msg/detail/object__functions.c
[25.090s] -- Installing: /home/martin/Desktop/Stage/Projet/ws_carla_ros/install/derived_object_msgs/include/derived_object_msgs/msg/detail/object_with_covariance__functions.c
[25.091s] -- Installing: /home/martin/Desktop/Stage/Projet/ws_carla_ros/install/derived_object_msgs/include/derived_object_msgs/msg/detail/lane__type_support.h
[25.091s] -- Installing: /home/martin/Desktop/Stage/Projet/ws_carla_ros/install/derived_object_msgs/include/derived_object_msgs/msg/detail/object__struct.h
[25.091s] -- Installing: /home/martin/Desktop/Stage/Projet/ws_carla_ros/install/derived_object_msgs/include/derived_object_msgs/msg/detail/object_with_covariance__struct.h
[25.091s] -- Installing: /home/martin/Desktop/Stage/Projet/ws_carla_ros/install/derived_object_msgs/include/derived_object_msgs/msg/detail/solid_primitive_with_covariance__type_support.h
[25.091s] -- Installing: /home/martin/Desktop/Stage/Projet/ws_carla_ros/install/derived_object_msgs/include/derived_object_msgs/msg/detail/object_array__functions.h
[25.091s] -- Installing: /home/martin/Desktop/Stage/Projet/ws_carla_ros/install/derived_object_msgs/include/derived_object_msgs/msg/detail/object_with_covariance_array__functions.c
[25.091s] -- Installing: /home/martin/Desktop/Stage/Projet/ws_carla_ros/install/derived_object_msgs/include/derived_object_msgs/msg/detail/object_with_covariance__type_support.h
[25.091s] -- Installing: /home/martin/Desktop/Stage/Projet/ws_carla_ros/install/derived_object_msgs/include/derived_object_msgs/msg/detail/object_array__struct.h
[25.092s] -- Installing: /home/martin/Desktop/Stage/Projet/ws_carla_ros/install/derived_object_msgs/include/derived_object_msgs/msg/detail/lane__functions.c
[25.092s] -- Installing: /home/martin/Desktop/Stage/Projet/ws_carla_ros/install/derived_object_msgs/include/derived_object_msgs/msg/detail/solid_primitive_with_covariance__functions.h
[25.092s] -- Installing: /home/martin/Desktop/Stage/Projet/ws_carla_ros/install/derived_object_msgs/include/derived_object_msgs/msg/detail/lane_models__functions.c
[25.092s] -- Installing: /home/martin/Desktop/Stage/Projet/ws_carla_ros/install/derived_object_msgs/include/derived_object_msgs/msg/detail/object_array__functions.c
[25.092s] -- Installing: /home/martin/Desktop/Stage/Projet/ws_carla_ros/install/derived_object_msgs/include/derived_object_msgs/msg/detail/object_with_covariance__functions.h
[25.092s] -- Installing: /home/martin/Desktop/Stage/Projet/ws_carla_ros/install/derived_object_msgs/include/derived_object_msgs/msg/detail/object_array__type_support.h
[25.092s] -- Installing: /home/martin/Desktop/Stage/Projet/ws_carla_ros/install/derived_object_msgs/include/derived_object_msgs/msg/detail/object_with_covariance_array__struct.h
[25.092s] -- Installing: /home/martin/Desktop/Stage/Projet/ws_carla_ros/install/derived_object_msgs/include/derived_object_msgs/msg/detail/lane_models__functions.h
[25.093s] -- Installing: /home/martin/Desktop/Stage/Projet/ws_carla_ros/install/derived_object_msgs/include/derived_object_msgs/msg/detail/object_with_covariance_array__functions.h
[25.093s] -- Installing: /home/martin/Desktop/Stage/Projet/ws_carla_ros/install/derived_object_msgs/include/derived_object_msgs/msg/solid_primitive_with_covariance.h
[25.093s] -- Installing: /home/martin/Desktop/Stage/Projet/ws_carla_ros/install/derived_object_msgs/include/derived_object_msgs/msg/object_with_covariance_array.h
[25.093s] -- Installing: /home/martin/Desktop/Stage/Projet/ws_carla_ros/install/derived_object_msgs/share/derived_object_msgs/environment/library_path.sh
[25.094s] -- Installing: /home/martin/Desktop/Stage/Projet/ws_carla_ros/install/derived_object_msgs/share/derived_object_msgs/environment/library_path.dsv
[25.094s] -- Installing: /home/martin/Desktop/Stage/Projet/ws_carla_ros/install/derived_object_msgs/lib/libderived_object_msgs__rosidl_generator_c.so
[25.094s] -- Set runtime path of "/home/martin/Desktop/Stage/Projet/ws_carla_ros/install/derived_object_msgs/lib/libderived_object_msgs__rosidl_generator_c.so" to ""
[25.094s] -- Up-to-date: /home/martin/Desktop/Stage/Projet/ws_carla_ros/install/derived_object_msgs/include/derived_object_msgs
[25.094s] -- Up-to-date: /home/martin/Desktop/Stage/Projet/ws_carla_ros/install/derived_object_msgs/include/derived_object_msgs/msg
[25.094s] -- Installing: /home/martin/Desktop/Stage/Projet/ws_carla_ros/install/derived_object_msgs/include/derived_object_msgs/msg/rosidl_typesupport_fastrtps_c__visibility_control.h
[25.094s] -- Up-to-date: /home/martin/Desktop/Stage/Projet/ws_carla_ros/install/derived_object_msgs/include/derived_object_msgs/msg/detail
[25.094s] -- Installing: /home/martin/Desktop/Stage/Projet/ws_carla_ros/install/derived_object_msgs/include/derived_object_msgs/msg/detail/object_with_covariance__rosidl_typesupport_fastrtps_c.h
[25.094s] -- Installing: /home/martin/Desktop/Stage/Projet/ws_carla_ros/install/derived_object_msgs/include/derived_object_msgs/msg/detail/object_with_covariance_array__rosidl_typesupport_fastrtps_c.h
[25.094s] -- Installing: /home/martin/Desktop/Stage/Projet/ws_carla_ros/install/derived_object_msgs/include/derived_object_msgs/msg/detail/object_array__rosidl_typesupport_fastrtps_c.h
[25.095s] -- Installing: /home/martin/Desktop/Stage/Projet/ws_carla_ros/install/derived_object_msgs/include/derived_object_msgs/msg/detail/lane__rosidl_typesupport_fastrtps_c.h
[25.095s] -- Installing: /home/martin/Desktop/Stage/Projet/ws_carla_ros/install/derived_object_msgs/include/derived_object_msgs/msg/detail/lane_models__rosidl_typesupport_fastrtps_c.h
[25.095s] -- Installing: /home/martin/Desktop/Stage/Projet/ws_carla_ros/install/derived_object_msgs/include/derived_object_msgs/msg/detail/solid_primitive_with_covariance__rosidl_typesupport_fastrtps_c.h
[25.095s] -- Installing: /home/martin/Desktop/Stage/Projet/ws_carla_ros/install/derived_object_msgs/include/derived_object_msgs/msg/detail/object__rosidl_typesupport_fastrtps_c.h
[25.095s] -- Installing: /home/martin/Desktop/Stage/Projet/ws_carla_ros/install/derived_object_msgs/lib/libderived_object_msgs__rosidl_typesupport_fastrtps_c.so
[25.096s] -- Set runtime path of "/home/martin/Desktop/Stage/Projet/ws_carla_ros/install/derived_object_msgs/lib/libderived_object_msgs__rosidl_typesupport_fastrtps_c.so" to ""
[25.096s] -- Up-to-date: /home/martin/Desktop/Stage/Projet/ws_carla_ros/install/derived_object_msgs/include/derived_object_msgs
[25.096s] -- Up-to-date: /home/martin/Desktop/Stage/Projet/ws_carla_ros/install/derived_object_msgs/include/derived_object_msgs/msg
[25.096s] -- Up-to-date: /home/martin/Desktop/Stage/Projet/ws_carla_ros/install/derived_object_msgs/include/derived_object_msgs/msg/detail
[25.096s] -- Installing: /home/martin/Desktop/Stage/Projet/ws_carla_ros/install/derived_object_msgs/include/derived_object_msgs/msg/detail/object_with_covariance__rosidl_typesupport_fastrtps_cpp.hpp
[25.096s] -- Installing: /home/martin/Desktop/Stage/Projet/ws_carla_ros/install/derived_object_msgs/include/derived_object_msgs/msg/detail/lane_models__rosidl_typesupport_fastrtps_cpp.hpp
[25.096s] -- Installing: /home/martin/Desktop/Stage/Projet/ws_carla_ros/install/derived_object_msgs/include/derived_object_msgs/msg/detail/object_array__rosidl_typesupport_fastrtps_cpp.hpp
[25.096s] -- Installing: /home/martin/Desktop/Stage/Projet/ws_carla_ros/install/derived_object_msgs/include/derived_object_msgs/msg/detail/object__rosidl_typesupport_fastrtps_cpp.hpp
[25.096s] -- Installing: /home/martin/Desktop/Stage/Projet/ws_carla_ros/install/derived_object_msgs/include/derived_object_msgs/msg/detail/lane__rosidl_typesupport_fastrtps_cpp.hpp
[25.096s] -- Installing: /home/martin/Desktop/Stage/Projet/ws_carla_ros/install/derived_object_msgs/include/derived_object_msgs/msg/detail/object_with_covariance_array__rosidl_typesupport_fastrtps_cpp.hpp
[25.096s] -- Installing: /home/martin/Desktop/Stage/Projet/ws_carla_ros/install/derived_object_msgs/include/derived_object_msgs/msg/detail/dds_fastrtps
[25.097s] -- Installing: /home/martin/Desktop/Stage/Projet/ws_carla_ros/install/derived_object_msgs/include/derived_object_msgs/msg/detail/solid_primitive_with_covariance__rosidl_typesupport_fastrtps_cpp.hpp
[25.097s] -- Installing: /home/martin/Desktop/Stage/Projet/ws_carla_ros/install/derived_object_msgs/include/derived_object_msgs/msg/rosidl_typesupport_fastrtps_cpp__visibility_control.h
[25.097s] -- Installing: /home/martin/Desktop/Stage/Projet/ws_carla_ros/install/derived_object_msgs/lib/libderived_object_msgs__rosidl_typesupport_fastrtps_cpp.so
[25.097s] -- Set runtime path of "/home/martin/Desktop/Stage/Projet/ws_carla_ros/install/derived_object_msgs/lib/libderived_object_msgs__rosidl_typesupport_fastrtps_cpp.so" to ""
[25.097s] -- Up-to-date: /home/martin/Desktop/Stage/Projet/ws_carla_ros/install/derived_object_msgs/include/derived_object_msgs
[25.097s] -- Up-to-date: /home/martin/Desktop/Stage/Projet/ws_carla_ros/install/derived_object_msgs/include/derived_object_msgs/msg
[25.097s] -- Installing: /home/martin/Desktop/Stage/Projet/ws_carla_ros/install/derived_object_msgs/include/derived_object_msgs/msg/rosidl_typesupport_introspection_c__visibility_control.h
[25.097s] -- Up-to-date: /home/martin/Desktop/Stage/Projet/ws_carla_ros/install/derived_object_msgs/include/derived_object_msgs/msg/detail
[25.097s] -- Installing: /home/martin/Desktop/Stage/Projet/ws_carla_ros/install/derived_object_msgs/include/derived_object_msgs/msg/detail/solid_primitive_with_covariance__type_support.c
[25.097s] -- Installing: /home/martin/Desktop/Stage/Projet/ws_carla_ros/install/derived_object_msgs/include/derived_object_msgs/msg/detail/lane_models__type_support.c
[25.097s] -- Installing: /home/martin/Desktop/Stage/Projet/ws_carla_ros/install/derived_object_msgs/include/derived_object_msgs/msg/detail/lane__rosidl_typesupport_introspection_c.h
[25.097s] -- Installing: /home/martin/Desktop/Stage/Projet/ws_carla_ros/install/derived_object_msgs/include/derived_object_msgs/msg/detail/lane__type_support.c
[25.097s] -- Installing: /home/martin/Desktop/Stage/Projet/ws_carla_ros/install/derived_object_msgs/include/derived_object_msgs/msg/detail/object_with_covariance_array__rosidl_typesupport_introspection_c.h
[25.097s] -- Installing: /home/martin/Desktop/Stage/Projet/ws_carla_ros/install/derived_object_msgs/include/derived_object_msgs/msg/detail/object_with_covariance__rosidl_typesupport_introspection_c.h
[25.098s] -- Installing: /home/martin/Desktop/Stage/Projet/ws_carla_ros/install/derived_object_msgs/include/derived_object_msgs/msg/detail/object__type_support.c
[25.098s] -- Installing: /home/martin/Desktop/Stage/Projet/ws_carla_ros/install/derived_object_msgs/include/derived_object_msgs/msg/detail/object_array__rosidl_typesupport_introspection_c.h
[25.098s] -- Installing: /home/martin/Desktop/Stage/Projet/ws_carla_ros/install/derived_object_msgs/include/derived_object_msgs/msg/detail/lane_models__rosidl_typesupport_introspection_c.h
[25.098s] -- Installing: /home/martin/Desktop/Stage/Projet/ws_carla_ros/install/derived_object_msgs/include/derived_object_msgs/msg/detail/object_with_covariance_array__type_support.c
[25.098s] -- Installing: /home/martin/Desktop/Stage/Projet/ws_carla_ros/install/derived_object_msgs/include/derived_object_msgs/msg/detail/object__rosidl_typesupport_introspection_c.h
[25.098s] -- Installing: /home/martin/Desktop/Stage/Projet/ws_carla_ros/install/derived_object_msgs/include/derived_object_msgs/msg/detail/object_with_covariance__type_support.c
[25.098s] -- Installing: /home/martin/Desktop/Stage/Projet/ws_carla_ros/install/derived_object_msgs/include/derived_object_msgs/msg/detail/object_array__type_support.c
[25.098s] -- Installing: /home/martin/Desktop/Stage/Projet/ws_carla_ros/install/derived_object_msgs/include/derived_object_msgs/msg/detail/solid_primitive_with_covariance__rosidl_typesupport_introspection_c.h
[25.098s] -- Installing: /home/martin/Desktop/Stage/Projet/ws_carla_ros/install/derived_object_msgs/lib/libderived_object_msgs__rosidl_typesupport_introspection_c.so
[25.098s] -- Set runtime path of "/home/martin/Desktop/Stage/Projet/ws_carla_ros/install/derived_object_msgs/lib/libderived_object_msgs__rosidl_typesupport_introspection_c.so" to ""
[25.098s] -- Installing: /home/martin/Desktop/Stage/Projet/ws_carla_ros/install/derived_object_msgs/lib/libderived_object_msgs__rosidl_typesupport_c.so
[25.099s] -- Set runtime path of "/home/martin/Desktop/Stage/Projet/ws_carla_ros/install/derived_object_msgs/lib/libderived_object_msgs__rosidl_typesupport_c.so" to ""
[25.100s] -- Up-to-date: /home/martin/Desktop/Stage/Projet/ws_carla_ros/install/derived_object_msgs/include/derived_object_msgs
[25.102s] -- Up-to-date: /home/martin/Desktop/Stage/Projet/ws_carla_ros/install/derived_object_msgs/include/derived_object_msgs/msg
[25.103s] -- Installing: /home/martin/Desktop/Stage/Projet/ws_carla_ros/install/derived_object_msgs/include/derived_object_msgs/msg/lane.hpp
[25.103s] -- Installing: /home/martin/Desktop/Stage/Projet/ws_carla_ros/install/derived_object_msgs/include/derived_object_msgs/msg/object_with_covariance_array.hpp
[25.103s] -- Installing: /home/martin/Desktop/Stage/Projet/ws_carla_ros/install/derived_object_msgs/include/derived_object_msgs/msg/solid_primitive_with_covariance.hpp
[25.103s] -- Installing: /home/martin/Desktop/Stage/Projet/ws_carla_ros/install/derived_object_msgs/include/derived_object_msgs/msg/object_array.hpp
[25.103s] -- Installing: /home/martin/Desktop/Stage/Projet/ws_carla_ros/install/derived_object_msgs/include/derived_object_msgs/msg/lane_models.hpp
[25.103s] -- Installing: /home/martin/Desktop/Stage/Projet/ws_carla_ros/install/derived_object_msgs/include/derived_object_msgs/msg/object_with_covariance.hpp
[25.103s] -- Up-to-date: /home/martin/Desktop/Stage/Projet/ws_carla_ros/install/derived_object_msgs/include/derived_object_msgs/msg/detail
[25.103s] -- Installing: /home/martin/Desktop/Stage/Projet/ws_carla_ros/install/derived_object_msgs/include/derived_object_msgs/msg/detail/object_array__builder.hpp
[25.103s] -- Installing: /home/martin/Desktop/Stage/Projet/ws_carla_ros/install/derived_object_msgs/include/derived_object_msgs/msg/detail/lane_models__traits.hpp
[25.103s] -- Installing: /home/martin/Desktop/Stage/Projet/ws_carla_ros/install/derived_object_msgs/include/derived_object_msgs/msg/detail/lane__builder.hpp
[25.103s] -- Installing: /home/martin/Desktop/Stage/Projet/ws_carla_ros/install/derived_object_msgs/include/derived_object_msgs/msg/detail/object_with_covariance_array__struct.hpp
[25.103s] -- Installing: /home/martin/Desktop/Stage/Projet/ws_carla_ros/install/derived_object_msgs/include/derived_object_msgs/msg/detail/object__traits.hpp
[25.104s] -- Installing: /home/martin/Desktop/Stage/Projet/ws_carla_ros/install/derived_object_msgs/include/derived_object_msgs/msg/detail/solid_primitive_with_covariance__traits.hpp
[25.104s] -- Installing: /home/martin/Desktop/Stage/Projet/ws_carla_ros/install/derived_object_msgs/include/derived_object_msgs/msg/detail/object__struct.hpp
[25.104s] -- Installing: /home/martin/Desktop/Stage/Projet/ws_carla_ros/install/derived_object_msgs/include/derived_object_msgs/msg/detail/lane__struct.hpp
[25.104s] -- Installing: /home/martin/Desktop/Stage/Projet/ws_carla_ros/install/derived_object_msgs/include/derived_object_msgs/msg/detail/object__builder.hpp
[25.104s] -- Installing: /home/martin/Desktop/Stage/Projet/ws_carla_ros/install/derived_object_msgs/include/derived_object_msgs/msg/detail/solid_primitive_with_covariance__struct.hpp
[25.104s] -- Installing: /home/martin/Desktop/Stage/Projet/ws_carla_ros/install/derived_object_msgs/include/derived_object_msgs/msg/detail/object_with_covariance__builder.hpp
[25.104s] -- Installing: /home/martin/Desktop/Stage/Projet/ws_carla_ros/install/derived_object_msgs/include/derived_object_msgs/msg/detail/object_array__struct.hpp
[25.104s] -- Installing: /home/martin/Desktop/Stage/Projet/ws_carla_ros/install/derived_object_msgs/include/derived_object_msgs/msg/detail/object_with_covariance_array__traits.hpp
[25.104s] -- Installing: /home/martin/Desktop/Stage/Projet/ws_carla_ros/install/derived_object_msgs/include/derived_object_msgs/msg/detail/solid_primitive_with_covariance__builder.hpp
[25.104s] -- Installing: /home/martin/Desktop/Stage/Projet/ws_carla_ros/install/derived_object_msgs/include/derived_object_msgs/msg/detail/lane_models__builder.hpp
[25.105s] -- Installing: /home/martin/Desktop/Stage/Projet/ws_carla_ros/install/derived_object_msgs/include/derived_object_msgs/msg/detail/lane__traits.hpp
[25.106s] -- Installing: /home/martin/Desktop/Stage/Projet/ws_carla_ros/install/derived_object_msgs/include/derived_object_msgs/msg/detail/object_with_covariance__traits.hpp
[25.107s] -- Installing: /home/martin/Desktop/Stage/Projet/ws_carla_ros/install/derived_object_msgs/include/derived_object_msgs/msg/detail/object_array__traits.hpp
[25.107s] -- Installing: /home/martin/Desktop/Stage/Projet/ws_carla_ros/install/derived_object_msgs/include/derived_object_msgs/msg/detail/object_with_covariance__struct.hpp
[25.107s] -- Installing: /home/martin/Desktop/Stage/Projet/ws_carla_ros/install/derived_object_msgs/include/derived_object_msgs/msg/detail/object_with_covariance_array__builder.hpp
[25.107s] -- Installing: /home/martin/Desktop/Stage/Projet/ws_carla_ros/install/derived_object_msgs/include/derived_object_msgs/msg/detail/lane_models__struct.hpp
[25.107s] -- Installing: /home/martin/Desktop/Stage/Projet/ws_carla_ros/install/derived_object_msgs/include/derived_object_msgs/msg/object.hpp
[25.107s] -- Up-to-date: /home/martin/Desktop/Stage/Projet/ws_carla_ros/install/derived_object_msgs/include/derived_object_msgs
[25.107s] -- Up-to-date: /home/martin/Desktop/Stage/Projet/ws_carla_ros/install/derived_object_msgs/include/derived_object_msgs/msg
[25.107s] -- Up-to-date: /home/martin/Desktop/Stage/Projet/ws_carla_ros/install/derived_object_msgs/include/derived_object_msgs/msg/detail
[25.107s] -- Installing: /home/martin/Desktop/Stage/Projet/ws_carla_ros/install/derived_object_msgs/include/derived_object_msgs/msg/detail/object_array__type_support.cpp
[25.107s] -- Installing: /home/martin/Desktop/Stage/Projet/ws_carla_ros/install/derived_object_msgs/include/derived_object_msgs/msg/detail/object__type_support.cpp
[25.107s] -- Installing: /home/martin/Desktop/Stage/Projet/ws_carla_ros/install/derived_object_msgs/include/derived_object_msgs/msg/detail/object_with_covariance__type_support.cpp
[25.107s] -- Installing: /home/martin/Desktop/Stage/Projet/ws_carla_ros/install/derived_object_msgs/include/derived_object_msgs/msg/detail/object_with_covariance_array__rosidl_typesupport_introspection_cpp.hpp
[25.107s] -- Installing: /home/martin/Desktop/Stage/Projet/ws_carla_ros/install/derived_object_msgs/include/derived_object_msgs/msg/detail/solid_primitive_with_covariance__type_support.cpp
[25.108s] -- Installing: /home/martin/Desktop/Stage/Projet/ws_carla_ros/install/derived_object_msgs/include/derived_object_msgs/msg/detail/lane_models__rosidl_typesupport_introspection_cpp.hpp
[25.108s] -- Installing: /home/martin/Desktop/Stage/Projet/ws_carla_ros/install/derived_object_msgs/include/derived_object_msgs/msg/detail/lane__rosidl_typesupport_introspection_cpp.hpp
[25.108s] -- Installing: /home/martin/Desktop/Stage/Projet/ws_carla_ros/install/derived_object_msgs/include/derived_object_msgs/msg/detail/lane_models__type_support.cpp
[25.108s] -- Installing: /home/martin/Desktop/Stage/Projet/ws_carla_ros/install/derived_object_msgs/include/derived_object_msgs/msg/detail/solid_primitive_with_covariance__rosidl_typesupport_introspection_cpp.hpp
[25.108s] -- Installing: /home/martin/Desktop/Stage/Projet/ws_carla_ros/install/derived_object_msgs/include/derived_object_msgs/msg/detail/object_with_covariance_array__type_support.cpp
[25.108s] -- Installing: /home/martin/Desktop/Stage/Projet/ws_carla_ros/install/derived_object_msgs/include/derived_object_msgs/msg/detail/object_with_covariance__rosidl_typesupport_introspection_cpp.hpp
[25.108s] -- Installing: /home/martin/Desktop/Stage/Projet/ws_carla_ros/install/derived_object_msgs/include/derived_object_msgs/msg/detail/object_array__rosidl_typesupport_introspection_cpp.hpp
[25.108s] -- Installing: /home/martin/Desktop/Stage/Projet/ws_carla_ros/install/derived_object_msgs/include/derived_object_msgs/msg/detail/object__rosidl_typesupport_introspection_cpp.hpp
[25.109s] -- Installing: /home/martin/Desktop/Stage/Projet/ws_carla_ros/install/derived_object_msgs/include/derived_object_msgs/msg/detail/lane__type_support.cpp
[25.109s] -- Installing: /home/martin/Desktop/Stage/Projet/ws_carla_ros/install/derived_object_msgs/lib/libderived_object_msgs__rosidl_typesupport_introspection_cpp.so
[25.109s] -- Set runtime path of "/home/martin/Desktop/Stage/Projet/ws_carla_ros/install/derived_object_msgs/lib/libderived_object_msgs__rosidl_typesupport_introspection_cpp.so" to ""
[25.109s] -- Installing: /home/martin/Desktop/Stage/Projet/ws_carla_ros/install/derived_object_msgs/lib/libderived_object_msgs__rosidl_typesupport_cpp.so
[25.109s] -- Set runtime path of "/home/martin/Desktop/Stage/Projet/ws_carla_ros/install/derived_object_msgs/lib/libderived_object_msgs__rosidl_typesupport_cpp.so" to ""
[25.109s] -- Installing: /home/martin/Desktop/Stage/Projet/ws_carla_ros/install/derived_object_msgs/share/derived_object_msgs/environment/pythonpath.sh
[25.109s] -- Installing: /home/martin/Desktop/Stage/Projet/ws_carla_ros/install/derived_object_msgs/share/derived_object_msgs/environment/pythonpath.dsv
[25.109s] -- Installing: /home/martin/Desktop/Stage/Projet/ws_carla_ros/install/derived_object_msgs/lib/python3.8/site-packages/derived_object_msgs/__init__.py
[25.138s] Compiling '/home/martin/Desktop/Stage/Projet/ws_carla_ros/install/derived_object_msgs/lib/python3.8/site-packages/derived_object_msgs/__init__.py'...
[25.145s] -- Installing: /home/martin/Desktop/Stage/Projet/ws_carla_ros/install/derived_object_msgs/lib/python3.8/site-packages/derived_object_msgs/msg
[25.145s] -- Installing: /home/martin/Desktop/Stage/Projet/ws_carla_ros/install/derived_object_msgs/lib/python3.8/site-packages/derived_object_msgs/msg/_object.py
[25.145s] -- Installing: /home/martin/Desktop/Stage/Projet/ws_carla_ros/install/derived_object_msgs/lib/python3.8/site-packages/derived_object_msgs/msg/_solid_primitive_with_covariance.py
[25.145s] -- Installing: /home/martin/Desktop/Stage/Projet/ws_carla_ros/install/derived_object_msgs/lib/python3.8/site-packages/derived_object_msgs/msg/_solid_primitive_with_covariance_s.c
[25.145s] -- Installing: /home/martin/Desktop/Stage/Projet/ws_carla_ros/install/derived_object_msgs/lib/python3.8/site-packages/derived_object_msgs/msg/_object_with_covariance_array.py
[25.145s] -- Installing: /home/martin/Desktop/Stage/Projet/ws_carla_ros/install/derived_object_msgs/lib/python3.8/site-packages/derived_object_msgs/msg/_lane_s.c
[25.145s] -- Installing: /home/martin/Desktop/Stage/Projet/ws_carla_ros/install/derived_object_msgs/lib/python3.8/site-packages/derived_object_msgs/msg/_object_with_covariance_array_s.c
[25.146s] -- Installing: /home/martin/Desktop/Stage/Projet/ws_carla_ros/install/derived_object_msgs/lib/python3.8/site-packages/derived_object_msgs/msg/_object_with_covariance.py
[25.146s] -- Installing: /home/martin/Desktop/Stage/Projet/ws_carla_ros/install/derived_object_msgs/lib/python3.8/site-packages/derived_object_msgs/msg/_object_array_s.c
[25.146s] -- Installing: /home/martin/Desktop/Stage/Projet/ws_carla_ros/install/derived_object_msgs/lib/python3.8/site-packages/derived_object_msgs/msg/_object_with_covariance_s.c
[25.146s] -- Installing: /home/martin/Desktop/Stage/Projet/ws_carla_ros/install/derived_object_msgs/lib/python3.8/site-packages/derived_object_msgs/msg/__init__.py
[25.146s] -- Installing: /home/martin/Desktop/Stage/Projet/ws_carla_ros/install/derived_object_msgs/lib/python3.8/site-packages/derived_object_msgs/msg/_object_s.c
[25.146s] -- Installing: /home/martin/Desktop/Stage/Projet/ws_carla_ros/install/derived_object_msgs/lib/python3.8/site-packages/derived_object_msgs/msg/_lane.py
[25.146s] -- Installing: /home/martin/Desktop/Stage/Projet/ws_carla_ros/install/derived_object_msgs/lib/python3.8/site-packages/derived_object_msgs/msg/_lane_models.py
[25.146s] -- Installing: /home/martin/Desktop/Stage/Projet/ws_carla_ros/install/derived_object_msgs/lib/python3.8/site-packages/derived_object_msgs/msg/_object_array.py
[25.146s] -- Installing: /home/martin/Desktop/Stage/Projet/ws_carla_ros/install/derived_object_msgs/lib/python3.8/site-packages/derived_object_msgs/msg/_lane_models_s.c
[25.147s] -- Installing: /home/martin/Desktop/Stage/Projet/ws_carla_ros/install/derived_object_msgs/lib/python3.8/site-packages/derived_object_msgs/derived_object_msgs_s__rosidl_typesupport_fastrtps_c.cpython-38-x86_64-linux-gnu.so
[25.147s] -- Set runtime path of "/home/martin/Desktop/Stage/Projet/ws_carla_ros/install/derived_object_msgs/lib/python3.8/site-packages/derived_object_msgs/derived_object_msgs_s__rosidl_typesupport_fastrtps_c.cpython-38-x86_64-linux-gnu.so" to ""
[25.148s] -- Installing: /home/martin/Desktop/Stage/Projet/ws_carla_ros/install/derived_object_msgs/lib/python3.8/site-packages/derived_object_msgs/derived_object_msgs_s__rosidl_typesupport_introspection_c.cpython-38-x86_64-linux-gnu.so
[25.148s] -- Set runtime path of "/home/martin/Desktop/Stage/Projet/ws_carla_ros/install/derived_object_msgs/lib/python3.8/site-packages/derived_object_msgs/derived_object_msgs_s__rosidl_typesupport_introspection_c.cpython-38-x86_64-linux-gnu.so" to ""
[25.151s] -- Installing: /home/martin/Desktop/Stage/Projet/ws_carla_ros/install/derived_object_msgs/lib/python3.8/site-packages/derived_object_msgs/derived_object_msgs_s__rosidl_typesupport_c.cpython-38-x86_64-linux-gnu.so
[25.151s] -- Set runtime path of "/home/martin/Desktop/Stage/Projet/ws_carla_ros/install/derived_object_msgs/lib/python3.8/site-packages/derived_object_msgs/derived_object_msgs_s__rosidl_typesupport_c.cpython-38-x86_64-linux-gnu.so" to ""
[25.151s] -- Installing: /home/martin/Desktop/Stage/Projet/ws_carla_ros/install/derived_object_msgs/lib/libderived_object_msgs__python.so
[25.151s] -- Set runtime path of "/home/martin/Desktop/Stage/Projet/ws_carla_ros/install/derived_object_msgs/lib/libderived_object_msgs__python.so" to ""
[25.151s] -- Installing: /home/martin/Desktop/Stage/Projet/ws_carla_ros/install/derived_object_msgs/share/derived_object_msgs/msg/Lane.idl
[25.151s] -- Installing: /home/martin/Desktop/Stage/Projet/ws_carla_ros/install/derived_object_msgs/share/derived_object_msgs/msg/LaneModels.idl
[25.151s] -- Installing: /home/martin/Desktop/Stage/Projet/ws_carla_ros/install/derived_object_msgs/share/derived_object_msgs/msg/Object.idl
[25.151s] -- Installing: /home/martin/Desktop/Stage/Projet/ws_carla_ros/install/derived_object_msgs/share/derived_object_msgs/msg/ObjectArray.idl
[25.151s] -- Installing: /home/martin/Desktop/Stage/Projet/ws_carla_ros/install/derived_object_msgs/share/derived_object_msgs/msg/ObjectWithCovariance.idl
[25.152s] -- Installing: /home/martin/Desktop/Stage/Projet/ws_carla_ros/install/derived_object_msgs/share/derived_object_msgs/msg/ObjectWithCovarianceArray.idl
[25.152s] -- Installing: /home/martin/Desktop/Stage/Projet/ws_carla_ros/install/derived_object_msgs/share/derived_object_msgs/msg/SolidPrimitiveWithCovariance.idl
[25.152s] -- Installing: /home/martin/Desktop/Stage/Projet/ws_carla_ros/install/derived_object_msgs/share/derived_object_msgs/msg/Lane.msg
[25.152s] -- Installing: /home/martin/Desktop/Stage/Projet/ws_carla_ros/install/derived_object_msgs/share/derived_object_msgs/msg/LaneModels.msg
[25.152s] -- Installing: /home/martin/Desktop/Stage/Projet/ws_carla_ros/install/derived_object_msgs/share/derived_object_msgs/msg/Object.msg
[25.152s] -- Installing: /home/martin/Desktop/Stage/Projet/ws_carla_ros/install/derived_object_msgs/share/derived_object_msgs/msg/ObjectArray.msg
[25.152s] -- Installing: /home/martin/Desktop/Stage/Projet/ws_carla_ros/install/derived_object_msgs/share/derived_object_msgs/msg/ObjectWithCovariance.msg
[25.152s] -- Installing: /home/martin/Desktop/Stage/Projet/ws_carla_ros/install/derived_object_msgs/share/derived_object_msgs/msg/ObjectWithCovarianceArray.msg
[25.152s] -- Installing: /home/martin/Desktop/Stage/Projet/ws_carla_ros/install/derived_object_msgs/share/derived_object_msgs/msg/SolidPrimitiveWithCovariance.msg
[25.152s] -- Installing: /home/martin/Desktop/Stage/Projet/ws_carla_ros/install/derived_object_msgs/share/ament_index/resource_index/package_run_dependencies/derived_object_msgs
[25.153s] -- Installing: /home/martin/Desktop/Stage/Projet/ws_carla_ros/install/derived_object_msgs/share/ament_index/resource_index/parent_prefix_path/derived_object_msgs
[25.153s] -- Installing: /home/martin/Desktop/Stage/Projet/ws_carla_ros/install/derived_object_msgs/share/derived_object_msgs/environment/ament_prefix_path.sh
[25.153s] -- Installing: /home/martin/Desktop/Stage/Projet/ws_carla_ros/install/derived_object_msgs/share/derived_object_msgs/environment/ament_prefix_path.dsv
[25.153s] -- Installing: /home/martin/Desktop/Stage/Projet/ws_carla_ros/install/derived_object_msgs/share/derived_object_msgs/environment/path.sh
[25.153s] -- Installing: /home/martin/Desktop/Stage/Projet/ws_carla_ros/install/derived_object_msgs/share/derived_object_msgs/environment/path.dsv
[25.153s] -- Installing: /home/martin/Desktop/Stage/Projet/ws_carla_ros/install/derived_object_msgs/share/derived_object_msgs/local_setup.bash
[25.153s] -- Installing: /home/martin/Desktop/Stage/Projet/ws_carla_ros/install/derived_object_msgs/share/derived_object_msgs/local_setup.sh
[25.153s] -- Installing: /home/martin/Desktop/Stage/Projet/ws_carla_ros/install/derived_object_msgs/share/derived_object_msgs/local_setup.zsh
[25.153s] -- Installing: /home/martin/Desktop/Stage/Projet/ws_carla_ros/install/derived_object_msgs/share/derived_object_msgs/local_setup.dsv
[25.153s] -- Installing: /home/martin/Desktop/Stage/Projet/ws_carla_ros/install/derived_object_msgs/share/derived_object_msgs/package.dsv
[25.153s] -- Installing: /home/martin/Desktop/Stage/Projet/ws_carla_ros/install/derived_object_msgs/share/ament_index/resource_index/packages/derived_object_msgs
[25.153s] -- Installing: /home/martin/Desktop/Stage/Projet/ws_carla_ros/install/derived_object_msgs/share/derived_object_msgs/cmake/derived_object_msgs__rosidl_generator_cExport.cmake
[25.154s] -- Installing: /home/martin/Desktop/Stage/Projet/ws_carla_ros/install/derived_object_msgs/share/derived_object_msgs/cmake/derived_object_msgs__rosidl_generator_cExport-noconfig.cmake
[25.154s] -- Installing: /home/martin/Desktop/Stage/Projet/ws_carla_ros/install/derived_object_msgs/share/derived_object_msgs/cmake/derived_object_msgs__rosidl_typesupport_introspection_cExport.cmake
[25.154s] -- Installing: /home/martin/Desktop/Stage/Projet/ws_carla_ros/install/derived_object_msgs/share/derived_object_msgs/cmake/derived_object_msgs__rosidl_typesupport_introspection_cExport-noconfig.cmake
[25.154s] -- Installing: /home/martin/Desktop/Stage/Projet/ws_carla_ros/install/derived_object_msgs/share/derived_object_msgs/cmake/derived_object_msgs__rosidl_typesupport_cExport.cmake
[25.154s] -- Installing: /home/martin/Desktop/Stage/Projet/ws_carla_ros/install/derived_object_msgs/share/derived_object_msgs/cmake/derived_object_msgs__rosidl_typesupport_cExport-noconfig.cmake
[25.155s] -- Installing: /home/martin/Desktop/Stage/Projet/ws_carla_ros/install/derived_object_msgs/share/derived_object_msgs/cmake/derived_object_msgs__rosidl_generator_cppExport.cmake
[25.155s] -- Installing: /home/martin/Desktop/Stage/Projet/ws_carla_ros/install/derived_object_msgs/share/derived_object_msgs/cmake/derived_object_msgs__rosidl_typesupport_introspection_cppExport.cmake
[25.155s] -- Installing: /home/martin/Desktop/Stage/Projet/ws_carla_ros/install/derived_object_msgs/share/derived_object_msgs/cmake/derived_object_msgs__rosidl_typesupport_introspection_cppExport-noconfig.cmake
[25.155s] -- Installing: /home/martin/Desktop/Stage/Projet/ws_carla_ros/install/derived_object_msgs/share/derived_object_msgs/cmake/derived_object_msgs__rosidl_typesupport_cppExport.cmake
[25.155s] -- Installing: /home/martin/Desktop/Stage/Projet/ws_carla_ros/install/derived_object_msgs/share/derived_object_msgs/cmake/derived_object_msgs__rosidl_typesupport_cppExport-noconfig.cmake
[25.155s] -- Installing: /home/martin/Desktop/Stage/Projet/ws_carla_ros/install/derived_object_msgs/share/derived_object_msgs/cmake/rosidl_cmake-extras.cmake
[25.156s] -- Installing: /home/martin/Desktop/Stage/Projet/ws_carla_ros/install/derived_object_msgs/share/derived_object_msgs/cmake/ament_cmake_export_dependencies-extras.cmake
[25.156s] -- Installing: /home/martin/Desktop/Stage/Projet/ws_carla_ros/install/derived_object_msgs/share/derived_object_msgs/cmake/ament_cmake_export_libraries-extras.cmake
[25.156s] -- Installing: /home/martin/Desktop/Stage/Projet/ws_carla_ros/install/derived_object_msgs/share/derived_object_msgs/cmake/ament_cmake_export_targets-extras.cmake
[25.156s] -- Installing: /home/martin/Desktop/Stage/Projet/ws_carla_ros/install/derived_object_msgs/share/derived_object_msgs/cmake/ament_cmake_export_include_directories-extras.cmake
[25.156s] -- Installing: /home/martin/Desktop/Stage/Projet/ws_carla_ros/install/derived_object_msgs/share/derived_object_msgs/cmake/rosidl_cmake_export_typesupport_libraries-extras.cmake
[25.156s] -- Installing: /home/martin/Desktop/Stage/Projet/ws_carla_ros/install/derived_object_msgs/share/derived_object_msgs/cmake/rosidl_cmake_export_typesupport_targets-extras.cmake
[25.156s] -- Installing: /home/martin/Desktop/Stage/Projet/ws_carla_ros/install/derived_object_msgs/share/derived_object_msgs/cmake/derived_object_msgsConfig.cmake
[25.156s] -- Installing: /home/martin/Desktop/Stage/Projet/ws_carla_ros/install/derived_object_msgs/share/derived_object_msgs/cmake/derived_object_msgsConfig-version.cmake
[25.157s] -- Installing: /home/martin/Desktop/Stage/Projet/ws_carla_ros/install/derived_object_msgs/share/derived_object_msgs/package.xml
[25.377s] Invoked command in '/home/martin/Desktop/Stage/Projet/ws_carla_ros/build/derived_object_msgs' returned '0': CMAKE_PREFIX_PATH=${CMAKE_PREFIX_PATH}:/home/martin/Desktop/Stage/Projet/ws_carla_ros/install/rqt_carla_control:/home/martin/Desktop/Stage/Projet/ws_carla_ros/install/carla_waypoint_publisher:/home/martin/Desktop/Stage/Projet/ws_carla_ros/install/carla_ackermann_control:/home/martin/Desktop/Stage/Projet/ws_carla_ros/install/carla_ros_bridge:/home/martin/Desktop/Stage/Projet/ws_carla_ros/install/carla_spawn_objects:/home/martin/Desktop/Stage/Projet/ws_carla_ros/install/carla_manual_control:/home/martin/Desktop/Stage/Projet/ws_carla_ros/install/carla_ad_agent:/home/martin/Desktop/Stage/Projet/ws_carla_ros/install/ros_compatibility:/home/martin/Desktop/Stage/Projet/ws_carla_ros/install/carla_walker_agent:/home/martin/Desktop/Stage/Projet/ws_carla_ros/install/carla_twist_to_control:/home/martin/Desktop/Stage/Projet/ws_carla_ros/install/carla_ros_scenario_runner:/home/martin/Desktop/Stage/Projet/ws_carla_ros/install/carla_map_visualization:/home/martin/Desktop/Stage/Projet/ws_carla_ros/install/carla_interface:/home/martin/Desktop/Stage/Projet/ws_carla_ros/install/carla_control_display:/home/martin/Desktop/Stage/Projet/ws_carla_ros/install/carla_common:/opt/ros/galactic /usr/bin/cmake --install /home/martin/Desktop/Stage/Projet/ws_carla_ros/build/derived_object_msgs
