running egg_info
creating ../build/carla_map_visualization/carla_map_visualization.egg-info
writing ../build/carla_map_visualization/carla_map_visualization.egg-info/PKG-INFO
writing dependency_links to ../build/carla_map_visualization/carla_map_visualization.egg-info/dependency_links.txt
writing entry points to ../build/carla_map_visualization/carla_map_visualization.egg-info/entry_points.txt
writing requirements to ../build/carla_map_visualization/carla_map_visualization.egg-info/requires.txt
writing top-level names to ../build/carla_map_visualization/carla_map_visualization.egg-info/top_level.txt
writing manifest file '../build/carla_map_visualization/carla_map_visualization.egg-info/SOURCES.txt'
reading manifest file '../build/carla_map_visualization/carla_map_visualization.egg-info/SOURCES.txt'
writing manifest file '../build/carla_map_visualization/carla_map_visualization.egg-info/SOURCES.txt'
running build
running build_py
creating /home/martin/Desktop/Stage/Projet/ws_carla_ros/build/carla_map_visualization/build
creating /home/martin/Desktop/Stage/Projet/ws_carla_ros/build/carla_map_visualization/build/lib
creating /home/martin/Desktop/Stage/Projet/ws_carla_ros/build/carla_map_visualization/build/lib/carla_map_visualization
copying carla_map_visualization/carla_map_visualization.py -> /home/martin/Desktop/Stage/Projet/ws_carla_ros/build/carla_map_visualization/build/lib/carla_map_visualization
copying carla_map_visualization/__init__.py -> /home/martin/Desktop/Stage/Projet/ws_carla_ros/build/carla_map_visualization/build/lib/carla_map_visualization
running install
running install_lib
creating /home/martin/Desktop/Stage/Projet/ws_carla_ros/install/carla_map_visualization/lib/python3.8/site-packages/carla_map_visualization
copying /home/martin/Desktop/Stage/Projet/ws_carla_ros/build/carla_map_visualization/build/lib/carla_map_visualization/carla_map_visualization.py -> /home/martin/Desktop/Stage/Projet/ws_carla_ros/install/carla_map_visualization/lib/python3.8/site-packages/carla_map_visualization
copying /home/martin/Desktop/Stage/Projet/ws_carla_ros/build/carla_map_visualization/build/lib/carla_map_visualization/__init__.py -> /home/martin/Desktop/Stage/Projet/ws_carla_ros/install/carla_map_visualization/lib/python3.8/site-packages/carla_map_visualization
byte-compiling /home/martin/Desktop/Stage/Projet/ws_carla_ros/install/carla_map_visualization/lib/python3.8/site-packages/carla_map_visualization/carla_map_visualization.py to carla_map_visualization.cpython-38.pyc
byte-compiling /home/martin/Desktop/Stage/Projet/ws_carla_ros/install/carla_map_visualization/lib/python3.8/site-packages/carla_map_visualization/__init__.py to __init__.cpython-38.pyc
running install_data
creating /home/martin/Desktop/Stage/Projet/ws_carla_ros/install/carla_map_visualization/share/ament_index
creating /home/martin/Desktop/Stage/Projet/ws_carla_ros/install/carla_map_visualization/share/ament_index/resource_index
creating /home/martin/Desktop/Stage/Projet/ws_carla_ros/install/carla_map_visualization/share/ament_index/resource_index/packages
copying resource/carla_map_visualization -> /home/martin/Desktop/Stage/Projet/ws_carla_ros/install/carla_map_visualization/share/ament_index/resource_index/packages
copying package.xml -> /home/martin/Desktop/Stage/Projet/ws_carla_ros/install/carla_map_visualization/share/carla_map_visualization
creating /home/martin/Desktop/Stage/Projet/ws_carla_ros/install/carla_map_visualization/share/carla_map_visualization/launch
copying launch/map_visualization.launch.py -> /home/martin/Desktop/Stage/Projet/ws_carla_ros/install/carla_map_visualization/share/carla_map_visualization/launch
creating /home/martin/Desktop/Stage/Projet/ws_carla_ros/install/carla_map_visualization/share/carla_map_visualization/rviz
copying rviz/carla_map_vis.rviz -> /home/martin/Desktop/Stage/Projet/ws_carla_ros/install/carla_map_visualization/share/carla_map_visualization/rviz
running install_egg_info
Copying ../build/carla_map_visualization/carla_map_visualization.egg-info to /home/martin/Desktop/Stage/Projet/ws_carla_ros/install/carla_map_visualization/lib/python3.8/site-packages/carla_map_visualization-0.0.0-py3.8.egg-info
running install_scripts
Installing carla_map_visualization script to /home/martin/Desktop/Stage/Projet/ws_carla_ros/install/carla_map_visualization/lib/carla_map_visualization
writing list of installed files to '/home/martin/Desktop/Stage/Projet/ws_carla_ros/build/carla_map_visualization/install.log'
