[1.008s] Invoking command in '/home/martin/Desktop/Stage/Projet/ws_carla_ros/build/carla_mpc_control': CMAKE_PREFIX_PATH=${CMAKE_PREFIX_PATH}:/home/martin/Desktop/Stage/Projet/ws_carla_ros/install/rqt_carla_control:/home/martin/Desktop/Stage/Projet/ws_carla_ros/install/carla_waypoint_publisher:/home/martin/Desktop/Stage/Projet/ws_carla_ros/install/carla_ackermann_control:/home/martin/Desktop/Stage/Projet/ws_carla_ros/install/carla_ros_bridge:/home/martin/Desktop/Stage/Projet/ws_carla_ros/install/carla_spawn_objects:/home/martin/Desktop/Stage/Projet/ws_carla_ros/install/carla_manual_control:/home/martin/Desktop/Stage/Projet/ws_carla_ros/install/carla_ad_agent:/home/martin/Desktop/Stage/Projet/ws_carla_ros/install/ros_compatibility:/home/martin/Desktop/Stage/Projet/ws_carla_ros/install/carla_walker_agent:/home/martin/Desktop/Stage/Projet/ws_carla_ros/install/carla_twist_to_control:/home/martin/Desktop/Stage/Projet/ws_carla_ros/install/carla_ros_scenario_runner:/home/martin/Desktop/Stage/Projet/ws_carla_ros/install/carla_map_visualization:/home/martin/Desktop/Stage/Projet/ws_carla_ros/install/carla_interface:/home/martin/Desktop/Stage/Projet/ws_carla_ros/install/carla_control_display:/home/martin/Desktop/Stage/Projet/ws_carla_ros/install/carla_common:/opt/ros/galactic /usr/bin/cmake /home/martin/Desktop/Stage/Projet/ws_carla_ros/carla-control-algorithm/carla_mpc_control -DPYTHON_EXECUTABLE=/usr/bin/python3 -DCMAKE_INSTALL_PREFIX=/home/martin/Desktop/Stage/Projet/ws_carla_ros/install/carla_mpc_control
[1.062s] -- The C compiler identification is GNU 9.4.0
[1.177s] -- The CXX compiler identification is GNU 9.4.0
[1.184s] -- Check for working C compiler: /usr/bin/cc
[1.347s] -- Check for working C compiler: /usr/bin/cc -- works
[1.348s] -- Detecting C compiler ABI info
[1.472s] -- Detecting C compiler ABI info - done
[1.484s] -- Detecting C compile features
[1.511s] -- Detecting C compile features - done
[1.512s] -- Check for working CXX compiler: /usr/bin/c++
[1.683s] -- Check for working CXX compiler: /usr/bin/c++ -- works
[1.684s] -- Detecting CXX compiler ABI info
[1.844s] -- Detecting CXX compiler ABI info - done
[1.855s] -- Detecting CXX compile features
[1.856s] -- Detecting CXX compile features - done
[1.858s] -- Found ament_cmake: 1.1.6 (/opt/ros/galactic/share/ament_cmake/cmake)
[1.897s] -- Found PythonInterp: /usr/bin/python3 (found suitable version "3.8.10", minimum required is "3") 
[1.897s] -- Using PYTHON_EXECUTABLE: /usr/bin/python3
[1.982s] -- Found rclcpp: 9.2.2 (/opt/ros/galactic/share/rclcpp/cmake)
[2.035s] -- Using all available rosidl_typesupport_c: rosidl_typesupport_fastrtps_c;rosidl_typesupport_introspection_c
[2.042s] -- Found rosidl_adapter: 2.2.3 (/opt/ros/galactic/share/rosidl_adapter/cmake)
[2.161s] -- Found OpenSSL: /usr/lib/x86_64-linux-gnu/libcrypto.so (found version "1.1.1f")  
[2.192s] -- Found FastRTPS: /opt/ros/galactic/include  
[2.264s] -- Using all available rosidl_typesupport_cpp: rosidl_typesupport_fastrtps_cpp;rosidl_typesupport_introspection_cpp
[2.314s] -- Found rmw_implementation_cmake: 3.3.1 (/opt/ros/galactic/share/rmw_implementation_cmake/cmake)
[2.324s] -- Found rmw_cyclonedds_cpp: 0.22.6 (/opt/ros/galactic/share/rmw_cyclonedds_cpp/cmake)
[2.339s] -- Using RMW implementation 'rmw_cyclonedds_cpp' as default
[2.339s] -- Looking for pthread.h
[2.417s] -- Looking for pthread.h - found
[2.417s] -- Performing Test CMAKE_HAVE_LIBC_PTHREAD
[2.562s] -- Performing Test CMAKE_HAVE_LIBC_PTHREAD - Failed
[2.563s] -- Looking for pthread_create in pthreads
[2.744s] -- Looking for pthread_create in pthreads - not found
[2.748s] -- Looking for pthread_create in pthread
[2.894s] -- Looking for pthread_create in pthread - found
[2.895s] -- Found Threads: TRUE  
[3.196s] -- Found sensor_msgs: 2.2.4 (/opt/ros/galactic/share/sensor_msgs/cmake)
[3.360s] -- Found visualization_msgs: 2.2.4 (/opt/ros/galactic/share/visualization_msgs/cmake)
[3.556s] -- Found ament_lint_auto: 0.10.7 (/opt/ros/galactic/share/ament_lint_auto/cmake)
[3.935s] -- Added test 'lint_cmake' to check CMake code style
[3.937s] -- Added test 'xmllint' to check XML markup files
[3.962s] -- Configuring done
[3.966s] -- Generating done
[3.968s] -- Build files have been written to: /home/martin/Desktop/Stage/Projet/ws_carla_ros/build/carla_mpc_control
[4.095s] Invoked command in '/home/martin/Desktop/Stage/Projet/ws_carla_ros/build/carla_mpc_control' returned '0': CMAKE_PREFIX_PATH=${CMAKE_PREFIX_PATH}:/home/martin/Desktop/Stage/Projet/ws_carla_ros/install/rqt_carla_control:/home/martin/Desktop/Stage/Projet/ws_carla_ros/install/carla_waypoint_publisher:/home/martin/Desktop/Stage/Projet/ws_carla_ros/install/carla_ackermann_control:/home/martin/Desktop/Stage/Projet/ws_carla_ros/install/carla_ros_bridge:/home/martin/Desktop/Stage/Projet/ws_carla_ros/install/carla_spawn_objects:/home/martin/Desktop/Stage/Projet/ws_carla_ros/install/carla_manual_control:/home/martin/Desktop/Stage/Projet/ws_carla_ros/install/carla_ad_agent:/home/martin/Desktop/Stage/Projet/ws_carla_ros/install/ros_compatibility:/home/martin/Desktop/Stage/Projet/ws_carla_ros/install/carla_walker_agent:/home/martin/Desktop/Stage/Projet/ws_carla_ros/install/carla_twist_to_control:/home/martin/Desktop/Stage/Projet/ws_carla_ros/install/carla_ros_scenario_runner:/home/martin/Desktop/Stage/Projet/ws_carla_ros/install/carla_map_visualization:/home/martin/Desktop/Stage/Projet/ws_carla_ros/install/carla_interface:/home/martin/Desktop/Stage/Projet/ws_carla_ros/install/carla_control_display:/home/martin/Desktop/Stage/Projet/ws_carla_ros/install/carla_common:/opt/ros/galactic /usr/bin/cmake /home/martin/Desktop/Stage/Projet/ws_carla_ros/carla-control-algorithm/carla_mpc_control -DPYTHON_EXECUTABLE=/usr/bin/python3 -DCMAKE_INSTALL_PREFIX=/home/martin/Desktop/Stage/Projet/ws_carla_ros/install/carla_mpc_control
[4.096s] Invoking command in '/home/martin/Desktop/Stage/Projet/ws_carla_ros/build/carla_mpc_control': CMAKE_PREFIX_PATH=${CMAKE_PREFIX_PATH}:/home/martin/Desktop/Stage/Projet/ws_carla_ros/install/rqt_carla_control:/home/martin/Desktop/Stage/Projet/ws_carla_ros/install/carla_waypoint_publisher:/home/martin/Desktop/Stage/Projet/ws_carla_ros/install/carla_ackermann_control:/home/martin/Desktop/Stage/Projet/ws_carla_ros/install/carla_ros_bridge:/home/martin/Desktop/Stage/Projet/ws_carla_ros/install/carla_spawn_objects:/home/martin/Desktop/Stage/Projet/ws_carla_ros/install/carla_manual_control:/home/martin/Desktop/Stage/Projet/ws_carla_ros/install/carla_ad_agent:/home/martin/Desktop/Stage/Projet/ws_carla_ros/install/ros_compatibility:/home/martin/Desktop/Stage/Projet/ws_carla_ros/install/carla_walker_agent:/home/martin/Desktop/Stage/Projet/ws_carla_ros/install/carla_twist_to_control:/home/martin/Desktop/Stage/Projet/ws_carla_ros/install/carla_ros_scenario_runner:/home/martin/Desktop/Stage/Projet/ws_carla_ros/install/carla_map_visualization:/home/martin/Desktop/Stage/Projet/ws_carla_ros/install/carla_interface:/home/martin/Desktop/Stage/Projet/ws_carla_ros/install/carla_control_display:/home/martin/Desktop/Stage/Projet/ws_carla_ros/install/carla_common:/opt/ros/galactic /usr/bin/cmake --build /home/martin/Desktop/Stage/Projet/ws_carla_ros/build/carla_mpc_control -- -j16 -l16
[7.930s] Invoked command in '/home/martin/Desktop/Stage/Projet/ws_carla_ros/build/carla_mpc_control' returned '0': CMAKE_PREFIX_PATH=${CMAKE_PREFIX_PATH}:/home/martin/Desktop/Stage/Projet/ws_carla_ros/install/rqt_carla_control:/home/martin/Desktop/Stage/Projet/ws_carla_ros/install/carla_waypoint_publisher:/home/martin/Desktop/Stage/Projet/ws_carla_ros/install/carla_ackermann_control:/home/martin/Desktop/Stage/Projet/ws_carla_ros/install/carla_ros_bridge:/home/martin/Desktop/Stage/Projet/ws_carla_ros/install/carla_spawn_objects:/home/martin/Desktop/Stage/Projet/ws_carla_ros/install/carla_manual_control:/home/martin/Desktop/Stage/Projet/ws_carla_ros/install/carla_ad_agent:/home/martin/Desktop/Stage/Projet/ws_carla_ros/install/ros_compatibility:/home/martin/Desktop/Stage/Projet/ws_carla_ros/install/carla_walker_agent:/home/martin/Desktop/Stage/Projet/ws_carla_ros/install/carla_twist_to_control:/home/martin/Desktop/Stage/Projet/ws_carla_ros/install/carla_ros_scenario_runner:/home/martin/Desktop/Stage/Projet/ws_carla_ros/install/carla_map_visualization:/home/martin/Desktop/Stage/Projet/ws_carla_ros/install/carla_interface:/home/martin/Desktop/Stage/Projet/ws_carla_ros/install/carla_control_display:/home/martin/Desktop/Stage/Projet/ws_carla_ros/install/carla_common:/opt/ros/galactic /usr/bin/cmake --build /home/martin/Desktop/Stage/Projet/ws_carla_ros/build/carla_mpc_control -- -j16 -l16
[7.983s] Invoking command in '/home/martin/Desktop/Stage/Projet/ws_carla_ros/build/carla_mpc_control': CMAKE_PREFIX_PATH=${CMAKE_PREFIX_PATH}:/home/martin/Desktop/Stage/Projet/ws_carla_ros/install/rqt_carla_control:/home/martin/Desktop/Stage/Projet/ws_carla_ros/install/carla_waypoint_publisher:/home/martin/Desktop/Stage/Projet/ws_carla_ros/install/carla_ackermann_control:/home/martin/Desktop/Stage/Projet/ws_carla_ros/install/carla_ros_bridge:/home/martin/Desktop/Stage/Projet/ws_carla_ros/install/carla_spawn_objects:/home/martin/Desktop/Stage/Projet/ws_carla_ros/install/carla_manual_control:/home/martin/Desktop/Stage/Projet/ws_carla_ros/install/carla_ad_agent:/home/martin/Desktop/Stage/Projet/ws_carla_ros/install/ros_compatibility:/home/martin/Desktop/Stage/Projet/ws_carla_ros/install/carla_walker_agent:/home/martin/Desktop/Stage/Projet/ws_carla_ros/install/carla_twist_to_control:/home/martin/Desktop/Stage/Projet/ws_carla_ros/install/carla_ros_scenario_runner:/home/martin/Desktop/Stage/Projet/ws_carla_ros/install/carla_map_visualization:/home/martin/Desktop/Stage/Projet/ws_carla_ros/install/carla_interface:/home/martin/Desktop/Stage/Projet/ws_carla_ros/install/carla_control_display:/home/martin/Desktop/Stage/Projet/ws_carla_ros/install/carla_common:/opt/ros/galactic /usr/bin/cmake --install /home/martin/Desktop/Stage/Projet/ws_carla_ros/build/carla_mpc_control
[14.061s] -- Install configuration: ""
[14.061s] -- Installing: /home/martin/Desktop/Stage/Projet/ws_carla_ros/install/carla_mpc_control/share/ament_index/resource_index/package_run_dependencies/carla_mpc_control
[14.061s] -- Installing: /home/martin/Desktop/Stage/Projet/ws_carla_ros/install/carla_mpc_control/share/ament_index/resource_index/parent_prefix_path/carla_mpc_control
[14.061s] -- Installing: /home/martin/Desktop/Stage/Projet/ws_carla_ros/install/carla_mpc_control/share/carla_mpc_control/environment/ament_prefix_path.sh
[14.061s] -- Installing: /home/martin/Desktop/Stage/Projet/ws_carla_ros/install/carla_mpc_control/share/carla_mpc_control/environment/ament_prefix_path.dsv
[14.061s] -- Installing: /home/martin/Desktop/Stage/Projet/ws_carla_ros/install/carla_mpc_control/share/carla_mpc_control/environment/path.sh
[14.061s] -- Installing: /home/martin/Desktop/Stage/Projet/ws_carla_ros/install/carla_mpc_control/share/carla_mpc_control/environment/path.dsv
[14.061s] -- Installing: /home/martin/Desktop/Stage/Projet/ws_carla_ros/install/carla_mpc_control/share/carla_mpc_control/local_setup.bash
[14.061s] -- Installing: /home/martin/Desktop/Stage/Projet/ws_carla_ros/install/carla_mpc_control/share/carla_mpc_control/local_setup.sh
[14.061s] -- Installing: /home/martin/Desktop/Stage/Projet/ws_carla_ros/install/carla_mpc_control/share/carla_mpc_control/local_setup.zsh
[14.061s] -- Installing: /home/martin/Desktop/Stage/Projet/ws_carla_ros/install/carla_mpc_control/share/carla_mpc_control/local_setup.dsv
[14.061s] -- Installing: /home/martin/Desktop/Stage/Projet/ws_carla_ros/install/carla_mpc_control/share/carla_mpc_control/package.dsv
[14.061s] -- Installing: /home/martin/Desktop/Stage/Projet/ws_carla_ros/install/carla_mpc_control/share/ament_index/resource_index/packages/carla_mpc_control
[14.061s] -- Installing: /home/martin/Desktop/Stage/Projet/ws_carla_ros/install/carla_mpc_control/share/carla_mpc_control/cmake/carla_mpc_controlConfig.cmake
[14.061s] -- Installing: /home/martin/Desktop/Stage/Projet/ws_carla_ros/install/carla_mpc_control/share/carla_mpc_control/cmake/carla_mpc_controlConfig-version.cmake
[14.062s] -- Installing: /home/martin/Desktop/Stage/Projet/ws_carla_ros/install/carla_mpc_control/share/carla_mpc_control/package.xml
[14.094s] Invoked command in '/home/martin/Desktop/Stage/Projet/ws_carla_ros/build/carla_mpc_control' returned '0': CMAKE_PREFIX_PATH=${CMAKE_PREFIX_PATH}:/home/martin/Desktop/Stage/Projet/ws_carla_ros/install/rqt_carla_control:/home/martin/Desktop/Stage/Projet/ws_carla_ros/install/carla_waypoint_publisher:/home/martin/Desktop/Stage/Projet/ws_carla_ros/install/carla_ackermann_control:/home/martin/Desktop/Stage/Projet/ws_carla_ros/install/carla_ros_bridge:/home/martin/Desktop/Stage/Projet/ws_carla_ros/install/carla_spawn_objects:/home/martin/Desktop/Stage/Projet/ws_carla_ros/install/carla_manual_control:/home/martin/Desktop/Stage/Projet/ws_carla_ros/install/carla_ad_agent:/home/martin/Desktop/Stage/Projet/ws_carla_ros/install/ros_compatibility:/home/martin/Desktop/Stage/Projet/ws_carla_ros/install/carla_walker_agent:/home/martin/Desktop/Stage/Projet/ws_carla_ros/install/carla_twist_to_control:/home/martin/Desktop/Stage/Projet/ws_carla_ros/install/carla_ros_scenario_runner:/home/martin/Desktop/Stage/Projet/ws_carla_ros/install/carla_map_visualization:/home/martin/Desktop/Stage/Projet/ws_carla_ros/install/carla_interface:/home/martin/Desktop/Stage/Projet/ws_carla_ros/install/carla_control_display:/home/martin/Desktop/Stage/Projet/ws_carla_ros/install/carla_common:/opt/ros/galactic /usr/bin/cmake --install /home/martin/Desktop/Stage/Projet/ws_carla_ros/build/carla_mpc_control
