[0.165s] DEBUG:colcon:Command line arguments: ['/usr/bin/colcon', 'build', '--packages-select', 'carla_interface']
[0.165s] DEBUG:colcon:Parsed command line arguments: Namespace(allow_overriding=[], ament_cmake_args=None, base_paths=['.'], build_base='build', catkin_cmake_args=None, catkin_skip_building_tests=False, cmake_args=None, cmake_clean_cache=False, cmake_clean_first=False, cmake_force_configure=False, cmake_target=None, cmake_target_skip_unavailable=False, continue_on_error=False, event_handlers=None, executor='parallel', ignore_user_meta=False, install_base='install', log_base=None, log_level=None, main=<bound method BuildVerb.main of <colcon_core.verb.build.BuildVerb object at 0x7f5edfefc460>>, merge_install=False, metas=['./colcon.meta'], mixin=None, mixin_files=None, mixin_verb=('build',), packages_above=None, packages_above_and_dependencies=None, packages_above_depth=None, packages_end=None, packages_ignore=None, packages_ignore_regex=None, packages_select=['carla_interface'], packages_select_build_failed=False, packages_select_by_dep=None, packages_select_regex=None, packages_select_test_failures=False, packages_skip=None, packages_skip_build_finished=False, packages_skip_by_dep=None, packages_skip_regex=None, packages_skip_test_passed=False, packages_skip_up_to=None, packages_start=None, packages_up_to=None, packages_up_to_regex=None, parallel_workers=16, paths=None, symlink_install=False, test_result_base=None, verb_extension=<colcon_core.verb.build.BuildVerb object at 0x7f5edfefc460>, verb_name='build', verb_parser=<colcon_mixin.mixin.mixin_argument.MixinArgumentDecorator object at 0x7f5edff0b250>)
[0.283s] Level 1:colcon.colcon_core.package_discovery:discover_packages(colcon_meta) check parameters
[0.284s] Level 1:colcon.colcon_core.package_discovery:discover_packages(recursive) check parameters
[0.284s] Level 1:colcon.colcon_core.package_discovery:discover_packages(ignore) check parameters
[0.284s] Level 1:colcon.colcon_core.package_discovery:discover_packages(path) check parameters
[0.284s] Level 1:colcon.colcon_core.package_discovery:discover_packages(colcon_meta) discover
[0.284s] Level 1:colcon.colcon_core.package_discovery:discover_packages(recursive) discover
[0.284s] INFO:colcon.colcon_core.package_discovery:Crawling recursively for packages in '/home/martin/Desktop/Stage/Projet/ws_carla_ros'
[0.284s] Level 1:colcon.colcon_core.package_identification:_identify(.) by extensions ['ignore', 'ignore_ament_install']
[0.284s] Level 1:colcon.colcon_core.package_identification:_identify(.) by extension 'ignore'
[0.284s] Level 1:colcon.colcon_core.package_identification:_identify(.) by extension 'ignore_ament_install'
[0.284s] Level 1:colcon.colcon_core.package_identification:_identify(.) by extensions ['colcon_pkg']
[0.284s] Level 1:colcon.colcon_core.package_identification:_identify(.) by extension 'colcon_pkg'
[0.284s] Level 1:colcon.colcon_core.package_identification:_identify(.) by extensions ['colcon_meta']
[0.284s] Level 1:colcon.colcon_core.package_identification:_identify(.) by extension 'colcon_meta'
[0.284s] Level 1:colcon.colcon_core.package_identification:_identify(.) by extensions ['ros']
[0.284s] Level 1:colcon.colcon_core.package_identification:_identify(.) by extension 'ros'
[0.313s] Level 1:colcon.colcon_core.package_identification:_identify(.) by extensions ['cmake', 'python']
[0.313s] Level 1:colcon.colcon_core.package_identification:_identify(.) by extension 'cmake'
[0.313s] Level 1:colcon.colcon_core.package_identification:_identify(.) by extension 'python'
[0.313s] Level 1:colcon.colcon_core.package_identification:_identify(.) by extensions ['python_setup_py']
[0.313s] Level 1:colcon.colcon_core.package_identification:_identify(.) by extension 'python_setup_py'
[0.314s] Level 1:colcon.colcon_core.package_identification:_identify(build) by extensions ['ignore', 'ignore_ament_install']
[0.314s] Level 1:colcon.colcon_core.package_identification:_identify(build) by extension 'ignore'
[0.314s] Level 1:colcon.colcon_core.package_identification:_identify(build) ignored
[0.314s] Level 1:colcon.colcon_core.package_identification:_identify(carla-control-algorithm) by extensions ['ignore', 'ignore_ament_install']
[0.314s] Level 1:colcon.colcon_core.package_identification:_identify(carla-control-algorithm) by extension 'ignore'
[0.314s] Level 1:colcon.colcon_core.package_identification:_identify(carla-control-algorithm) by extension 'ignore_ament_install'
[0.314s] Level 1:colcon.colcon_core.package_identification:_identify(carla-control-algorithm) by extensions ['colcon_pkg']
[0.314s] Level 1:colcon.colcon_core.package_identification:_identify(carla-control-algorithm) by extension 'colcon_pkg'
[0.314s] Level 1:colcon.colcon_core.package_identification:_identify(carla-control-algorithm) by extensions ['colcon_meta']
[0.314s] Level 1:colcon.colcon_core.package_identification:_identify(carla-control-algorithm) by extension 'colcon_meta'
[0.314s] Level 1:colcon.colcon_core.package_identification:_identify(carla-control-algorithm) by extensions ['ros']
[0.314s] Level 1:colcon.colcon_core.package_identification:_identify(carla-control-algorithm) by extension 'ros'
[0.314s] Level 1:colcon.colcon_core.package_identification:_identify(carla-control-algorithm) by extensions ['cmake', 'python']
[0.314s] Level 1:colcon.colcon_core.package_identification:_identify(carla-control-algorithm) by extension 'cmake'
[0.314s] Level 1:colcon.colcon_core.package_identification:_identify(carla-control-algorithm) by extension 'python'
[0.314s] Level 1:colcon.colcon_core.package_identification:_identify(carla-control-algorithm) by extensions ['python_setup_py']
[0.314s] Level 1:colcon.colcon_core.package_identification:_identify(carla-control-algorithm) by extension 'python_setup_py'
[0.314s] Level 1:colcon.colcon_core.package_identification:_identify(carla-control-algorithm/carla_control_display) by extensions ['ignore', 'ignore_ament_install']
[0.314s] Level 1:colcon.colcon_core.package_identification:_identify(carla-control-algorithm/carla_control_display) by extension 'ignore'
[0.314s] Level 1:colcon.colcon_core.package_identification:_identify(carla-control-algorithm/carla_control_display) by extension 'ignore_ament_install'
[0.314s] Level 1:colcon.colcon_core.package_identification:_identify(carla-control-algorithm/carla_control_display) by extensions ['colcon_pkg']
[0.314s] Level 1:colcon.colcon_core.package_identification:_identify(carla-control-algorithm/carla_control_display) by extension 'colcon_pkg'
[0.314s] Level 1:colcon.colcon_core.package_identification:_identify(carla-control-algorithm/carla_control_display) by extensions ['colcon_meta']
[0.314s] Level 1:colcon.colcon_core.package_identification:_identify(carla-control-algorithm/carla_control_display) by extension 'colcon_meta'
[0.314s] Level 1:colcon.colcon_core.package_identification:_identify(carla-control-algorithm/carla_control_display) by extensions ['ros']
[0.314s] Level 1:colcon.colcon_core.package_identification:_identify(carla-control-algorithm/carla_control_display) by extension 'ros'
[0.316s] DEBUG:colcon.colcon_core.package_identification:Package 'carla-control-algorithm/carla_control_display' with type 'ros.ament_python' and name 'carla_control_display'
[0.316s] Level 1:colcon.colcon_core.package_identification:_identify(carla-control-algorithm/carla_lqr_control) by extensions ['ignore', 'ignore_ament_install']
[0.316s] Level 1:colcon.colcon_core.package_identification:_identify(carla-control-algorithm/carla_lqr_control) by extension 'ignore'
[0.316s] Level 1:colcon.colcon_core.package_identification:_identify(carla-control-algorithm/carla_lqr_control) by extension 'ignore_ament_install'
[0.316s] Level 1:colcon.colcon_core.package_identification:_identify(carla-control-algorithm/carla_lqr_control) by extensions ['colcon_pkg']
[0.316s] Level 1:colcon.colcon_core.package_identification:_identify(carla-control-algorithm/carla_lqr_control) by extension 'colcon_pkg'
[0.316s] Level 1:colcon.colcon_core.package_identification:_identify(carla-control-algorithm/carla_lqr_control) by extensions ['colcon_meta']
[0.317s] Level 1:colcon.colcon_core.package_identification:_identify(carla-control-algorithm/carla_lqr_control) by extension 'colcon_meta'
[0.317s] Level 1:colcon.colcon_core.package_identification:_identify(carla-control-algorithm/carla_lqr_control) by extensions ['ros']
[0.317s] Level 1:colcon.colcon_core.package_identification:_identify(carla-control-algorithm/carla_lqr_control) by extension 'ros'
[0.317s] DEBUG:colcon.colcon_core.package_identification:Package 'carla-control-algorithm/carla_lqr_control' with type 'ros.ament_cmake' and name 'carla_lqr_control'
[0.317s] Level 1:colcon.colcon_core.package_identification:_identify(carla-control-algorithm/carla_mpc_control) by extensions ['ignore', 'ignore_ament_install']
[0.317s] Level 1:colcon.colcon_core.package_identification:_identify(carla-control-algorithm/carla_mpc_control) by extension 'ignore'
[0.317s] Level 1:colcon.colcon_core.package_identification:_identify(carla-control-algorithm/carla_mpc_control) by extension 'ignore_ament_install'
[0.317s] Level 1:colcon.colcon_core.package_identification:_identify(carla-control-algorithm/carla_mpc_control) by extensions ['colcon_pkg']
[0.317s] Level 1:colcon.colcon_core.package_identification:_identify(carla-control-algorithm/carla_mpc_control) by extension 'colcon_pkg'
[0.318s] Level 1:colcon.colcon_core.package_identification:_identify(carla-control-algorithm/carla_mpc_control) by extensions ['colcon_meta']
[0.318s] Level 1:colcon.colcon_core.package_identification:_identify(carla-control-algorithm/carla_mpc_control) by extension 'colcon_meta'
[0.318s] Level 1:colcon.colcon_core.package_identification:_identify(carla-control-algorithm/carla_mpc_control) by extensions ['ros']
[0.318s] Level 1:colcon.colcon_core.package_identification:_identify(carla-control-algorithm/carla_mpc_control) by extension 'ros'
[0.318s] DEBUG:colcon.colcon_core.package_identification:Package 'carla-control-algorithm/carla_mpc_control' with type 'ros.ament_cmake' and name 'carla_mpc_control'
[0.318s] Level 1:colcon.colcon_core.package_identification:_identify(carla-control-algorithm/carla_pid_control) by extensions ['ignore', 'ignore_ament_install']
[0.318s] Level 1:colcon.colcon_core.package_identification:_identify(carla-control-algorithm/carla_pid_control) by extension 'ignore'
[0.319s] Level 1:colcon.colcon_core.package_identification:_identify(carla-control-algorithm/carla_pid_control) by extension 'ignore_ament_install'
[0.319s] Level 1:colcon.colcon_core.package_identification:_identify(carla-control-algorithm/carla_pid_control) by extensions ['colcon_pkg']
[0.319s] Level 1:colcon.colcon_core.package_identification:_identify(carla-control-algorithm/carla_pid_control) by extension 'colcon_pkg'
[0.319s] Level 1:colcon.colcon_core.package_identification:_identify(carla-control-algorithm/carla_pid_control) by extensions ['colcon_meta']
[0.319s] Level 1:colcon.colcon_core.package_identification:_identify(carla-control-algorithm/carla_pid_control) by extension 'colcon_meta'
[0.319s] Level 1:colcon.colcon_core.package_identification:_identify(carla-control-algorithm/carla_pid_control) by extensions ['ros']
[0.319s] Level 1:colcon.colcon_core.package_identification:_identify(carla-control-algorithm/carla_pid_control) by extension 'ros'
[0.320s] DEBUG:colcon.colcon_core.package_identification:Package 'carla-control-algorithm/carla_pid_control' with type 'ros.ament_cmake' and name 'carla_pid_control'
[0.320s] Level 1:colcon.colcon_core.package_identification:_identify(carla-ros-bridge) by extensions ['ignore', 'ignore_ament_install']
[0.320s] Level 1:colcon.colcon_core.package_identification:_identify(carla-ros-bridge) by extension 'ignore'
[0.320s] Level 1:colcon.colcon_core.package_identification:_identify(carla-ros-bridge) by extension 'ignore_ament_install'
[0.320s] Level 1:colcon.colcon_core.package_identification:_identify(carla-ros-bridge) by extensions ['colcon_pkg']
[0.320s] Level 1:colcon.colcon_core.package_identification:_identify(carla-ros-bridge) by extension 'colcon_pkg'
[0.320s] Level 1:colcon.colcon_core.package_identification:_identify(carla-ros-bridge) by extensions ['colcon_meta']
[0.320s] Level 1:colcon.colcon_core.package_identification:_identify(carla-ros-bridge) by extension 'colcon_meta'
[0.320s] Level 1:colcon.colcon_core.package_identification:_identify(carla-ros-bridge) by extensions ['ros']
[0.320s] Level 1:colcon.colcon_core.package_identification:_identify(carla-ros-bridge) by extension 'ros'
[0.320s] Level 1:colcon.colcon_core.package_identification:_identify(carla-ros-bridge) by extensions ['cmake', 'python']
[0.320s] Level 1:colcon.colcon_core.package_identification:_identify(carla-ros-bridge) by extension 'cmake'
[0.320s] Level 1:colcon.colcon_core.package_identification:_identify(carla-ros-bridge) by extension 'python'
[0.320s] Level 1:colcon.colcon_core.package_identification:_identify(carla-ros-bridge) by extensions ['python_setup_py']
[0.320s] Level 1:colcon.colcon_core.package_identification:_identify(carla-ros-bridge) by extension 'python_setup_py'
[0.320s] Level 1:colcon.colcon_core.package_identification:_identify(carla-ros-bridge/astuff_sensor_msgs) by extensions ['ignore', 'ignore_ament_install']
[0.320s] Level 1:colcon.colcon_core.package_identification:_identify(carla-ros-bridge/astuff_sensor_msgs) by extension 'ignore'
[0.320s] Level 1:colcon.colcon_core.package_identification:_identify(carla-ros-bridge/astuff_sensor_msgs) by extension 'ignore_ament_install'
[0.320s] Level 1:colcon.colcon_core.package_identification:_identify(carla-ros-bridge/astuff_sensor_msgs) by extensions ['colcon_pkg']
[0.321s] Level 1:colcon.colcon_core.package_identification:_identify(carla-ros-bridge/astuff_sensor_msgs) by extension 'colcon_pkg'
[0.321s] Level 1:colcon.colcon_core.package_identification:_identify(carla-ros-bridge/astuff_sensor_msgs) by extensions ['colcon_meta']
[0.321s] Level 1:colcon.colcon_core.package_identification:_identify(carla-ros-bridge/astuff_sensor_msgs) by extension 'colcon_meta'
[0.321s] Level 1:colcon.colcon_core.package_identification:_identify(carla-ros-bridge/astuff_sensor_msgs) by extensions ['ros']
[0.321s] Level 1:colcon.colcon_core.package_identification:_identify(carla-ros-bridge/astuff_sensor_msgs) by extension 'ros'
[0.321s] Level 1:colcon.colcon_core.package_identification:_identify(carla-ros-bridge/astuff_sensor_msgs) by extensions ['cmake', 'python']
[0.321s] Level 1:colcon.colcon_core.package_identification:_identify(carla-ros-bridge/astuff_sensor_msgs) by extension 'cmake'
[0.321s] Level 1:colcon.colcon_core.package_identification:_identify(carla-ros-bridge/astuff_sensor_msgs) by extension 'python'
[0.321s] Level 1:colcon.colcon_core.package_identification:_identify(carla-ros-bridge/astuff_sensor_msgs) by extensions ['python_setup_py']
[0.321s] Level 1:colcon.colcon_core.package_identification:_identify(carla-ros-bridge/astuff_sensor_msgs) by extension 'python_setup_py'
[0.321s] Level 1:colcon.colcon_core.package_identification:_identify(carla-ros-bridge/astuff_sensor_msgs/delphi_esr_msgs) by extensions ['ignore', 'ignore_ament_install']
[0.321s] Level 1:colcon.colcon_core.package_identification:_identify(carla-ros-bridge/astuff_sensor_msgs/delphi_esr_msgs) by extension 'ignore'
[0.321s] Level 1:colcon.colcon_core.package_identification:_identify(carla-ros-bridge/astuff_sensor_msgs/delphi_esr_msgs) by extension 'ignore_ament_install'
[0.321s] Level 1:colcon.colcon_core.package_identification:_identify(carla-ros-bridge/astuff_sensor_msgs/delphi_esr_msgs) by extensions ['colcon_pkg']
[0.321s] Level 1:colcon.colcon_core.package_identification:_identify(carla-ros-bridge/astuff_sensor_msgs/delphi_esr_msgs) by extension 'colcon_pkg'
[0.321s] Level 1:colcon.colcon_core.package_identification:_identify(carla-ros-bridge/astuff_sensor_msgs/delphi_esr_msgs) by extensions ['colcon_meta']
[0.321s] Level 1:colcon.colcon_core.package_identification:_identify(carla-ros-bridge/astuff_sensor_msgs/delphi_esr_msgs) by extension 'colcon_meta'
[0.321s] Level 1:colcon.colcon_core.package_identification:_identify(carla-ros-bridge/astuff_sensor_msgs/delphi_esr_msgs) by extensions ['ros']
[0.321s] Level 1:colcon.colcon_core.package_identification:_identify(carla-ros-bridge/astuff_sensor_msgs/delphi_esr_msgs) by extension 'ros'
[0.326s] DEBUG:colcon.colcon_core.package_identification:Package 'carla-ros-bridge/astuff_sensor_msgs/delphi_esr_msgs' with type 'ros.ament_cmake' and name 'delphi_esr_msgs'
[0.326s] Level 1:colcon.colcon_core.package_identification:_identify(carla-ros-bridge/astuff_sensor_msgs/delphi_mrr_msgs) by extensions ['ignore', 'ignore_ament_install']
[0.326s] Level 1:colcon.colcon_core.package_identification:_identify(carla-ros-bridge/astuff_sensor_msgs/delphi_mrr_msgs) by extension 'ignore'
[0.326s] Level 1:colcon.colcon_core.package_identification:_identify(carla-ros-bridge/astuff_sensor_msgs/delphi_mrr_msgs) by extension 'ignore_ament_install'
[0.326s] Level 1:colcon.colcon_core.package_identification:_identify(carla-ros-bridge/astuff_sensor_msgs/delphi_mrr_msgs) by extensions ['colcon_pkg']
[0.326s] Level 1:colcon.colcon_core.package_identification:_identify(carla-ros-bridge/astuff_sensor_msgs/delphi_mrr_msgs) by extension 'colcon_pkg'
[0.326s] Level 1:colcon.colcon_core.package_identification:_identify(carla-ros-bridge/astuff_sensor_msgs/delphi_mrr_msgs) by extensions ['colcon_meta']
[0.326s] Level 1:colcon.colcon_core.package_identification:_identify(carla-ros-bridge/astuff_sensor_msgs/delphi_mrr_msgs) by extension 'colcon_meta'
[0.326s] Level 1:colcon.colcon_core.package_identification:_identify(carla-ros-bridge/astuff_sensor_msgs/delphi_mrr_msgs) by extensions ['ros']
[0.326s] Level 1:colcon.colcon_core.package_identification:_identify(carla-ros-bridge/astuff_sensor_msgs/delphi_mrr_msgs) by extension 'ros'
[0.329s] DEBUG:colcon.colcon_core.package_identification:Package 'carla-ros-bridge/astuff_sensor_msgs/delphi_mrr_msgs' with type 'ros.ament_cmake' and name 'delphi_mrr_msgs'
[0.329s] Level 1:colcon.colcon_core.package_identification:_identify(carla-ros-bridge/astuff_sensor_msgs/delphi_srr_msgs) by extensions ['ignore', 'ignore_ament_install']
[0.329s] Level 1:colcon.colcon_core.package_identification:_identify(carla-ros-bridge/astuff_sensor_msgs/delphi_srr_msgs) by extension 'ignore'
[0.329s] Level 1:colcon.colcon_core.package_identification:_identify(carla-ros-bridge/astuff_sensor_msgs/delphi_srr_msgs) by extension 'ignore_ament_install'
[0.329s] Level 1:colcon.colcon_core.package_identification:_identify(carla-ros-bridge/astuff_sensor_msgs/delphi_srr_msgs) by extensions ['colcon_pkg']
[0.329s] Level 1:colcon.colcon_core.package_identification:_identify(carla-ros-bridge/astuff_sensor_msgs/delphi_srr_msgs) by extension 'colcon_pkg'
[0.329s] Level 1:colcon.colcon_core.package_identification:_identify(carla-ros-bridge/astuff_sensor_msgs/delphi_srr_msgs) by extensions ['colcon_meta']
[0.329s] Level 1:colcon.colcon_core.package_identification:_identify(carla-ros-bridge/astuff_sensor_msgs/delphi_srr_msgs) by extension 'colcon_meta'
[0.329s] Level 1:colcon.colcon_core.package_identification:_identify(carla-ros-bridge/astuff_sensor_msgs/delphi_srr_msgs) by extensions ['ros']
[0.329s] Level 1:colcon.colcon_core.package_identification:_identify(carla-ros-bridge/astuff_sensor_msgs/delphi_srr_msgs) by extension 'ros'
[0.332s] DEBUG:colcon.colcon_core.package_identification:Package 'carla-ros-bridge/astuff_sensor_msgs/delphi_srr_msgs' with type 'ros.ament_cmake' and name 'delphi_srr_msgs'
[0.332s] Level 1:colcon.colcon_core.package_identification:_identify(carla-ros-bridge/astuff_sensor_msgs/derived_object_msgs) by extensions ['ignore', 'ignore_ament_install']
[0.332s] Level 1:colcon.colcon_core.package_identification:_identify(carla-ros-bridge/astuff_sensor_msgs/derived_object_msgs) by extension 'ignore'
[0.332s] Level 1:colcon.colcon_core.package_identification:_identify(carla-ros-bridge/astuff_sensor_msgs/derived_object_msgs) by extension 'ignore_ament_install'
[0.332s] Level 1:colcon.colcon_core.package_identification:_identify(carla-ros-bridge/astuff_sensor_msgs/derived_object_msgs) by extensions ['colcon_pkg']
[0.332s] Level 1:colcon.colcon_core.package_identification:_identify(carla-ros-bridge/astuff_sensor_msgs/derived_object_msgs) by extension 'colcon_pkg'
[0.332s] Level 1:colcon.colcon_core.package_identification:_identify(carla-ros-bridge/astuff_sensor_msgs/derived_object_msgs) by extensions ['colcon_meta']
[0.332s] Level 1:colcon.colcon_core.package_identification:_identify(carla-ros-bridge/astuff_sensor_msgs/derived_object_msgs) by extension 'colcon_meta'
[0.332s] Level 1:colcon.colcon_core.package_identification:_identify(carla-ros-bridge/astuff_sensor_msgs/derived_object_msgs) by extensions ['ros']
[0.332s] Level 1:colcon.colcon_core.package_identification:_identify(carla-ros-bridge/astuff_sensor_msgs/derived_object_msgs) by extension 'ros'
[0.335s] DEBUG:colcon.colcon_core.package_identification:Package 'carla-ros-bridge/astuff_sensor_msgs/derived_object_msgs' with type 'ros.ament_cmake' and name 'derived_object_msgs'
[0.335s] Level 1:colcon.colcon_core.package_identification:_identify(carla-ros-bridge/astuff_sensor_msgs/ibeo_msgs) by extensions ['ignore', 'ignore_ament_install']
[0.335s] Level 1:colcon.colcon_core.package_identification:_identify(carla-ros-bridge/astuff_sensor_msgs/ibeo_msgs) by extension 'ignore'
[0.335s] Level 1:colcon.colcon_core.package_identification:_identify(carla-ros-bridge/astuff_sensor_msgs/ibeo_msgs) by extension 'ignore_ament_install'
[0.335s] Level 1:colcon.colcon_core.package_identification:_identify(carla-ros-bridge/astuff_sensor_msgs/ibeo_msgs) by extensions ['colcon_pkg']
[0.335s] Level 1:colcon.colcon_core.package_identification:_identify(carla-ros-bridge/astuff_sensor_msgs/ibeo_msgs) by extension 'colcon_pkg'
[0.335s] Level 1:colcon.colcon_core.package_identification:_identify(carla-ros-bridge/astuff_sensor_msgs/ibeo_msgs) by extensions ['colcon_meta']
[0.335s] Level 1:colcon.colcon_core.package_identification:_identify(carla-ros-bridge/astuff_sensor_msgs/ibeo_msgs) by extension 'colcon_meta'
[0.335s] Level 1:colcon.colcon_core.package_identification:_identify(carla-ros-bridge/astuff_sensor_msgs/ibeo_msgs) by extensions ['ros']
[0.335s] Level 1:colcon.colcon_core.package_identification:_identify(carla-ros-bridge/astuff_sensor_msgs/ibeo_msgs) by extension 'ros'
[0.339s] DEBUG:colcon.colcon_core.package_identification:Package 'carla-ros-bridge/astuff_sensor_msgs/ibeo_msgs' with type 'ros.ament_cmake' and name 'ibeo_msgs'
[0.339s] Level 1:colcon.colcon_core.package_identification:_identify(carla-ros-bridge/astuff_sensor_msgs/kartech_linear_actuator_msgs) by extensions ['ignore', 'ignore_ament_install']
[0.339s] Level 1:colcon.colcon_core.package_identification:_identify(carla-ros-bridge/astuff_sensor_msgs/kartech_linear_actuator_msgs) by extension 'ignore'
[0.339s] Level 1:colcon.colcon_core.package_identification:_identify(carla-ros-bridge/astuff_sensor_msgs/kartech_linear_actuator_msgs) by extension 'ignore_ament_install'
[0.339s] Level 1:colcon.colcon_core.package_identification:_identify(carla-ros-bridge/astuff_sensor_msgs/kartech_linear_actuator_msgs) by extensions ['colcon_pkg']
[0.339s] Level 1:colcon.colcon_core.package_identification:_identify(carla-ros-bridge/astuff_sensor_msgs/kartech_linear_actuator_msgs) by extension 'colcon_pkg'
[0.339s] Level 1:colcon.colcon_core.package_identification:_identify(carla-ros-bridge/astuff_sensor_msgs/kartech_linear_actuator_msgs) by extensions ['colcon_meta']
[0.339s] Level 1:colcon.colcon_core.package_identification:_identify(carla-ros-bridge/astuff_sensor_msgs/kartech_linear_actuator_msgs) by extension 'colcon_meta'
[0.339s] Level 1:colcon.colcon_core.package_identification:_identify(carla-ros-bridge/astuff_sensor_msgs/kartech_linear_actuator_msgs) by extensions ['ros']
[0.339s] Level 1:colcon.colcon_core.package_identification:_identify(carla-ros-bridge/astuff_sensor_msgs/kartech_linear_actuator_msgs) by extension 'ros'
[0.341s] DEBUG:colcon.colcon_core.package_identification:Package 'carla-ros-bridge/astuff_sensor_msgs/kartech_linear_actuator_msgs' with type 'ros.ament_cmake' and name 'kartech_linear_actuator_msgs'
[0.342s] Level 1:colcon.colcon_core.package_identification:_identify(carla-ros-bridge/astuff_sensor_msgs/mobileye_560_660_msgs) by extensions ['ignore', 'ignore_ament_install']
[0.342s] Level 1:colcon.colcon_core.package_identification:_identify(carla-ros-bridge/astuff_sensor_msgs/mobileye_560_660_msgs) by extension 'ignore'
[0.342s] Level 1:colcon.colcon_core.package_identification:_identify(carla-ros-bridge/astuff_sensor_msgs/mobileye_560_660_msgs) by extension 'ignore_ament_install'
[0.342s] Level 1:colcon.colcon_core.package_identification:_identify(carla-ros-bridge/astuff_sensor_msgs/mobileye_560_660_msgs) by extensions ['colcon_pkg']
[0.342s] Level 1:colcon.colcon_core.package_identification:_identify(carla-ros-bridge/astuff_sensor_msgs/mobileye_560_660_msgs) by extension 'colcon_pkg'
[0.342s] Level 1:colcon.colcon_core.package_identification:_identify(carla-ros-bridge/astuff_sensor_msgs/mobileye_560_660_msgs) by extensions ['colcon_meta']
[0.342s] Level 1:colcon.colcon_core.package_identification:_identify(carla-ros-bridge/astuff_sensor_msgs/mobileye_560_660_msgs) by extension 'colcon_meta'
[0.342s] Level 1:colcon.colcon_core.package_identification:_identify(carla-ros-bridge/astuff_sensor_msgs/mobileye_560_660_msgs) by extensions ['ros']
[0.342s] Level 1:colcon.colcon_core.package_identification:_identify(carla-ros-bridge/astuff_sensor_msgs/mobileye_560_660_msgs) by extension 'ros'
[0.344s] DEBUG:colcon.colcon_core.package_identification:Package 'carla-ros-bridge/astuff_sensor_msgs/mobileye_560_660_msgs' with type 'ros.ament_cmake' and name 'mobileye_560_660_msgs'
[0.344s] Level 1:colcon.colcon_core.package_identification:_identify(carla-ros-bridge/astuff_sensor_msgs/neobotix_usboard_msgs) by extensions ['ignore', 'ignore_ament_install']
[0.345s] Level 1:colcon.colcon_core.package_identification:_identify(carla-ros-bridge/astuff_sensor_msgs/neobotix_usboard_msgs) by extension 'ignore'
[0.345s] Level 1:colcon.colcon_core.package_identification:_identify(carla-ros-bridge/astuff_sensor_msgs/neobotix_usboard_msgs) by extension 'ignore_ament_install'
[0.345s] Level 1:colcon.colcon_core.package_identification:_identify(carla-ros-bridge/astuff_sensor_msgs/neobotix_usboard_msgs) by extensions ['colcon_pkg']
[0.345s] Level 1:colcon.colcon_core.package_identification:_identify(carla-ros-bridge/astuff_sensor_msgs/neobotix_usboard_msgs) by extension 'colcon_pkg'
[0.345s] Level 1:colcon.colcon_core.package_identification:_identify(carla-ros-bridge/astuff_sensor_msgs/neobotix_usboard_msgs) by extensions ['colcon_meta']
[0.345s] Level 1:colcon.colcon_core.package_identification:_identify(carla-ros-bridge/astuff_sensor_msgs/neobotix_usboard_msgs) by extension 'colcon_meta'
[0.345s] Level 1:colcon.colcon_core.package_identification:_identify(carla-ros-bridge/astuff_sensor_msgs/neobotix_usboard_msgs) by extensions ['ros']
[0.345s] Level 1:colcon.colcon_core.package_identification:_identify(carla-ros-bridge/astuff_sensor_msgs/neobotix_usboard_msgs) by extension 'ros'
[0.347s] DEBUG:colcon.colcon_core.package_identification:Package 'carla-ros-bridge/astuff_sensor_msgs/neobotix_usboard_msgs' with type 'ros.ament_cmake' and name 'neobotix_usboard_msgs'
[0.347s] Level 1:colcon.colcon_core.package_identification:_identify(carla-ros-bridge/carla_ackermann_control) by extensions ['ignore', 'ignore_ament_install']
[0.347s] Level 1:colcon.colcon_core.package_identification:_identify(carla-ros-bridge/carla_ackermann_control) by extension 'ignore'
[0.347s] Level 1:colcon.colcon_core.package_identification:_identify(carla-ros-bridge/carla_ackermann_control) by extension 'ignore_ament_install'
[0.347s] Level 1:colcon.colcon_core.package_identification:_identify(carla-ros-bridge/carla_ackermann_control) by extensions ['colcon_pkg']
[0.347s] Level 1:colcon.colcon_core.package_identification:_identify(carla-ros-bridge/carla_ackermann_control) by extension 'colcon_pkg'
[0.347s] Level 1:colcon.colcon_core.package_identification:_identify(carla-ros-bridge/carla_ackermann_control) by extensions ['colcon_meta']
[0.347s] Level 1:colcon.colcon_core.package_identification:_identify(carla-ros-bridge/carla_ackermann_control) by extension 'colcon_meta'
[0.347s] Level 1:colcon.colcon_core.package_identification:_identify(carla-ros-bridge/carla_ackermann_control) by extensions ['ros']
[0.348s] Level 1:colcon.colcon_core.package_identification:_identify(carla-ros-bridge/carla_ackermann_control) by extension 'ros'
[0.351s] DEBUG:colcon.colcon_core.package_identification:Package 'carla-ros-bridge/carla_ackermann_control' with type 'ros.ament_python' and name 'carla_ackermann_control'
[0.351s] Level 1:colcon.colcon_core.package_identification:_identify(carla-ros-bridge/carla_ackermann_msgs) by extensions ['ignore', 'ignore_ament_install']
[0.351s] Level 1:colcon.colcon_core.package_identification:_identify(carla-ros-bridge/carla_ackermann_msgs) by extension 'ignore'
[0.351s] Level 1:colcon.colcon_core.package_identification:_identify(carla-ros-bridge/carla_ackermann_msgs) by extension 'ignore_ament_install'
[0.351s] Level 1:colcon.colcon_core.package_identification:_identify(carla-ros-bridge/carla_ackermann_msgs) by extensions ['colcon_pkg']
[0.351s] Level 1:colcon.colcon_core.package_identification:_identify(carla-ros-bridge/carla_ackermann_msgs) by extension 'colcon_pkg'
[0.351s] Level 1:colcon.colcon_core.package_identification:_identify(carla-ros-bridge/carla_ackermann_msgs) by extensions ['colcon_meta']
[0.351s] Level 1:colcon.colcon_core.package_identification:_identify(carla-ros-bridge/carla_ackermann_msgs) by extension 'colcon_meta'
[0.351s] Level 1:colcon.colcon_core.package_identification:_identify(carla-ros-bridge/carla_ackermann_msgs) by extensions ['ros']
[0.351s] Level 1:colcon.colcon_core.package_identification:_identify(carla-ros-bridge/carla_ackermann_msgs) by extension 'ros'
[0.354s] DEBUG:colcon.colcon_core.package_identification:Package 'carla-ros-bridge/carla_ackermann_msgs' with type 'ros.ament_cmake' and name 'carla_ackermann_msgs'
[0.354s] Level 1:colcon.colcon_core.package_identification:_identify(carla-ros-bridge/carla_ad_agent) by extensions ['ignore', 'ignore_ament_install']
[0.354s] Level 1:colcon.colcon_core.package_identification:_identify(carla-ros-bridge/carla_ad_agent) by extension 'ignore'
[0.354s] Level 1:colcon.colcon_core.package_identification:_identify(carla-ros-bridge/carla_ad_agent) by extension 'ignore_ament_install'
[0.354s] Level 1:colcon.colcon_core.package_identification:_identify(carla-ros-bridge/carla_ad_agent) by extensions ['colcon_pkg']
[0.354s] Level 1:colcon.colcon_core.package_identification:_identify(carla-ros-bridge/carla_ad_agent) by extension 'colcon_pkg'
[0.354s] Level 1:colcon.colcon_core.package_identification:_identify(carla-ros-bridge/carla_ad_agent) by extensions ['colcon_meta']
[0.354s] Level 1:colcon.colcon_core.package_identification:_identify(carla-ros-bridge/carla_ad_agent) by extension 'colcon_meta'
[0.354s] Level 1:colcon.colcon_core.package_identification:_identify(carla-ros-bridge/carla_ad_agent) by extensions ['ros']
[0.354s] Level 1:colcon.colcon_core.package_identification:_identify(carla-ros-bridge/carla_ad_agent) by extension 'ros'
[0.356s] DEBUG:colcon.colcon_core.package_identification:Package 'carla-ros-bridge/carla_ad_agent' with type 'ros.ament_python' and name 'carla_ad_agent'
[0.356s] Level 1:colcon.colcon_core.package_identification:_identify(carla-ros-bridge/carla_ad_demo) by extensions ['ignore', 'ignore_ament_install']
[0.356s] Level 1:colcon.colcon_core.package_identification:_identify(carla-ros-bridge/carla_ad_demo) by extension 'ignore'
[0.356s] Level 1:colcon.colcon_core.package_identification:_identify(carla-ros-bridge/carla_ad_demo) by extension 'ignore_ament_install'
[0.356s] Level 1:colcon.colcon_core.package_identification:_identify(carla-ros-bridge/carla_ad_demo) by extensions ['colcon_pkg']
[0.356s] Level 1:colcon.colcon_core.package_identification:_identify(carla-ros-bridge/carla_ad_demo) by extension 'colcon_pkg'
[0.356s] Level 1:colcon.colcon_core.package_identification:_identify(carla-ros-bridge/carla_ad_demo) by extensions ['colcon_meta']
[0.356s] Level 1:colcon.colcon_core.package_identification:_identify(carla-ros-bridge/carla_ad_demo) by extension 'colcon_meta'
[0.356s] Level 1:colcon.colcon_core.package_identification:_identify(carla-ros-bridge/carla_ad_demo) by extensions ['ros']
[0.356s] Level 1:colcon.colcon_core.package_identification:_identify(carla-ros-bridge/carla_ad_demo) by extension 'ros'
[0.358s] DEBUG:colcon.colcon_core.package_identification:Package 'carla-ros-bridge/carla_ad_demo' with type 'ros.ament_cmake' and name 'carla_ad_demo'
[0.358s] Level 1:colcon.colcon_core.package_identification:_identify(carla-ros-bridge/carla_common) by extensions ['ignore', 'ignore_ament_install']
[0.358s] Level 1:colcon.colcon_core.package_identification:_identify(carla-ros-bridge/carla_common) by extension 'ignore'
[0.358s] Level 1:colcon.colcon_core.package_identification:_identify(carla-ros-bridge/carla_common) by extension 'ignore_ament_install'
[0.358s] Level 1:colcon.colcon_core.package_identification:_identify(carla-ros-bridge/carla_common) by extensions ['colcon_pkg']
[0.358s] Level 1:colcon.colcon_core.package_identification:_identify(carla-ros-bridge/carla_common) by extension 'colcon_pkg'
[0.358s] Level 1:colcon.colcon_core.package_identification:_identify(carla-ros-bridge/carla_common) by extensions ['colcon_meta']
[0.358s] Level 1:colcon.colcon_core.package_identification:_identify(carla-ros-bridge/carla_common) by extension 'colcon_meta'
[0.358s] Level 1:colcon.colcon_core.package_identification:_identify(carla-ros-bridge/carla_common) by extensions ['ros']
[0.358s] Level 1:colcon.colcon_core.package_identification:_identify(carla-ros-bridge/carla_common) by extension 'ros'
[0.359s] DEBUG:colcon.colcon_core.package_identification:Package 'carla-ros-bridge/carla_common' with type 'ros.ament_python' and name 'carla_common'
[0.359s] Level 1:colcon.colcon_core.package_identification:_identify(carla-ros-bridge/carla_manual_control) by extensions ['ignore', 'ignore_ament_install']
[0.359s] Level 1:colcon.colcon_core.package_identification:_identify(carla-ros-bridge/carla_manual_control) by extension 'ignore'
[0.359s] Level 1:colcon.colcon_core.package_identification:_identify(carla-ros-bridge/carla_manual_control) by extension 'ignore_ament_install'
[0.359s] Level 1:colcon.colcon_core.package_identification:_identify(carla-ros-bridge/carla_manual_control) by extensions ['colcon_pkg']
[0.359s] Level 1:colcon.colcon_core.package_identification:_identify(carla-ros-bridge/carla_manual_control) by extension 'colcon_pkg'
[0.359s] Level 1:colcon.colcon_core.package_identification:_identify(carla-ros-bridge/carla_manual_control) by extensions ['colcon_meta']
[0.359s] Level 1:colcon.colcon_core.package_identification:_identify(carla-ros-bridge/carla_manual_control) by extension 'colcon_meta'
[0.359s] Level 1:colcon.colcon_core.package_identification:_identify(carla-ros-bridge/carla_manual_control) by extensions ['ros']
[0.359s] Level 1:colcon.colcon_core.package_identification:_identify(carla-ros-bridge/carla_manual_control) by extension 'ros'
[0.362s] DEBUG:colcon.colcon_core.package_identification:Package 'carla-ros-bridge/carla_manual_control' with type 'ros.ament_python' and name 'carla_manual_control'
[0.362s] Level 1:colcon.colcon_core.package_identification:_identify(carla-ros-bridge/carla_msgs) by extensions ['ignore', 'ignore_ament_install']
[0.362s] Level 1:colcon.colcon_core.package_identification:_identify(carla-ros-bridge/carla_msgs) by extension 'ignore'
[0.362s] Level 1:colcon.colcon_core.package_identification:_identify(carla-ros-bridge/carla_msgs) by extension 'ignore_ament_install'
[0.362s] Level 1:colcon.colcon_core.package_identification:_identify(carla-ros-bridge/carla_msgs) by extensions ['colcon_pkg']
[0.362s] Level 1:colcon.colcon_core.package_identification:_identify(carla-ros-bridge/carla_msgs) by extension 'colcon_pkg'
[0.362s] Level 1:colcon.colcon_core.package_identification:_identify(carla-ros-bridge/carla_msgs) by extensions ['colcon_meta']
[0.362s] Level 1:colcon.colcon_core.package_identification:_identify(carla-ros-bridge/carla_msgs) by extension 'colcon_meta'
[0.362s] Level 1:colcon.colcon_core.package_identification:_identify(carla-ros-bridge/carla_msgs) by extensions ['ros']
[0.362s] Level 1:colcon.colcon_core.package_identification:_identify(carla-ros-bridge/carla_msgs) by extension 'ros'
[0.365s] DEBUG:colcon.colcon_core.package_identification:Package 'carla-ros-bridge/carla_msgs' with type 'ros.ament_cmake' and name 'carla_msgs'
[0.365s] Level 1:colcon.colcon_core.package_identification:_identify(carla-ros-bridge/carla_ros_bridge) by extensions ['ignore', 'ignore_ament_install']
[0.366s] Level 1:colcon.colcon_core.package_identification:_identify(carla-ros-bridge/carla_ros_bridge) by extension 'ignore'
[0.366s] Level 1:colcon.colcon_core.package_identification:_identify(carla-ros-bridge/carla_ros_bridge) by extension 'ignore_ament_install'
[0.366s] Level 1:colcon.colcon_core.package_identification:_identify(carla-ros-bridge/carla_ros_bridge) by extensions ['colcon_pkg']
[0.366s] Level 1:colcon.colcon_core.package_identification:_identify(carla-ros-bridge/carla_ros_bridge) by extension 'colcon_pkg'
[0.366s] Level 1:colcon.colcon_core.package_identification:_identify(carla-ros-bridge/carla_ros_bridge) by extensions ['colcon_meta']
[0.366s] Level 1:colcon.colcon_core.package_identification:_identify(carla-ros-bridge/carla_ros_bridge) by extension 'colcon_meta'
[0.366s] Level 1:colcon.colcon_core.package_identification:_identify(carla-ros-bridge/carla_ros_bridge) by extensions ['ros']
[0.366s] Level 1:colcon.colcon_core.package_identification:_identify(carla-ros-bridge/carla_ros_bridge) by extension 'ros'
[0.369s] DEBUG:colcon.colcon_core.package_identification:Package 'carla-ros-bridge/carla_ros_bridge' with type 'ros.ament_python' and name 'carla_ros_bridge'
[0.369s] Level 1:colcon.colcon_core.package_identification:_identify(carla-ros-bridge/carla_ros_scenario_runner) by extensions ['ignore', 'ignore_ament_install']
[0.369s] Level 1:colcon.colcon_core.package_identification:_identify(carla-ros-bridge/carla_ros_scenario_runner) by extension 'ignore'
[0.369s] Level 1:colcon.colcon_core.package_identification:_identify(carla-ros-bridge/carla_ros_scenario_runner) by extension 'ignore_ament_install'
[0.369s] Level 1:colcon.colcon_core.package_identification:_identify(carla-ros-bridge/carla_ros_scenario_runner) by extensions ['colcon_pkg']
[0.369s] Level 1:colcon.colcon_core.package_identification:_identify(carla-ros-bridge/carla_ros_scenario_runner) by extension 'colcon_pkg'
[0.369s] Level 1:colcon.colcon_core.package_identification:_identify(carla-ros-bridge/carla_ros_scenario_runner) by extensions ['colcon_meta']
[0.369s] Level 1:colcon.colcon_core.package_identification:_identify(carla-ros-bridge/carla_ros_scenario_runner) by extension 'colcon_meta'
[0.369s] Level 1:colcon.colcon_core.package_identification:_identify(carla-ros-bridge/carla_ros_scenario_runner) by extensions ['ros']
[0.369s] Level 1:colcon.colcon_core.package_identification:_identify(carla-ros-bridge/carla_ros_scenario_runner) by extension 'ros'
[0.371s] DEBUG:colcon.colcon_core.package_identification:Package 'carla-ros-bridge/carla_ros_scenario_runner' with type 'ros.ament_python' and name 'carla_ros_scenario_runner'
[0.371s] Level 1:colcon.colcon_core.package_identification:_identify(carla-ros-bridge/carla_ros_scenario_runner_types) by extensions ['ignore', 'ignore_ament_install']
[0.371s] Level 1:colcon.colcon_core.package_identification:_identify(carla-ros-bridge/carla_ros_scenario_runner_types) by extension 'ignore'
[0.371s] Level 1:colcon.colcon_core.package_identification:_identify(carla-ros-bridge/carla_ros_scenario_runner_types) by extension 'ignore_ament_install'
[0.371s] Level 1:colcon.colcon_core.package_identification:_identify(carla-ros-bridge/carla_ros_scenario_runner_types) by extensions ['colcon_pkg']
[0.371s] Level 1:colcon.colcon_core.package_identification:_identify(carla-ros-bridge/carla_ros_scenario_runner_types) by extension 'colcon_pkg'
[0.371s] Level 1:colcon.colcon_core.package_identification:_identify(carla-ros-bridge/carla_ros_scenario_runner_types) by extensions ['colcon_meta']
[0.371s] Level 1:colcon.colcon_core.package_identification:_identify(carla-ros-bridge/carla_ros_scenario_runner_types) by extension 'colcon_meta'
[0.372s] Level 1:colcon.colcon_core.package_identification:_identify(carla-ros-bridge/carla_ros_scenario_runner_types) by extensions ['ros']
[0.372s] Level 1:colcon.colcon_core.package_identification:_identify(carla-ros-bridge/carla_ros_scenario_runner_types) by extension 'ros'
[0.374s] DEBUG:colcon.colcon_core.package_identification:Package 'carla-ros-bridge/carla_ros_scenario_runner_types' with type 'ros.ament_cmake' and name 'carla_ros_scenario_runner_types'
[0.374s] Level 1:colcon.colcon_core.package_identification:_identify(carla-ros-bridge/carla_spawn_objects) by extensions ['ignore', 'ignore_ament_install']
[0.374s] Level 1:colcon.colcon_core.package_identification:_identify(carla-ros-bridge/carla_spawn_objects) by extension 'ignore'
[0.374s] Level 1:colcon.colcon_core.package_identification:_identify(carla-ros-bridge/carla_spawn_objects) by extension 'ignore_ament_install'
[0.374s] Level 1:colcon.colcon_core.package_identification:_identify(carla-ros-bridge/carla_spawn_objects) by extensions ['colcon_pkg']
[0.374s] Level 1:colcon.colcon_core.package_identification:_identify(carla-ros-bridge/carla_spawn_objects) by extension 'colcon_pkg'
[0.374s] Level 1:colcon.colcon_core.package_identification:_identify(carla-ros-bridge/carla_spawn_objects) by extensions ['colcon_meta']
[0.374s] Level 1:colcon.colcon_core.package_identification:_identify(carla-ros-bridge/carla_spawn_objects) by extension 'colcon_meta'
[0.374s] Level 1:colcon.colcon_core.package_identification:_identify(carla-ros-bridge/carla_spawn_objects) by extensions ['ros']
[0.374s] Level 1:colcon.colcon_core.package_identification:_identify(carla-ros-bridge/carla_spawn_objects) by extension 'ros'
[0.377s] DEBUG:colcon.colcon_core.package_identification:Package 'carla-ros-bridge/carla_spawn_objects' with type 'ros.ament_python' and name 'carla_spawn_objects'
[0.377s] Level 1:colcon.colcon_core.package_identification:_identify(carla-ros-bridge/carla_twist_to_control) by extensions ['ignore', 'ignore_ament_install']
[0.377s] Level 1:colcon.colcon_core.package_identification:_identify(carla-ros-bridge/carla_twist_to_control) by extension 'ignore'
[0.377s] Level 1:colcon.colcon_core.package_identification:_identify(carla-ros-bridge/carla_twist_to_control) by extension 'ignore_ament_install'
[0.377s] Level 1:colcon.colcon_core.package_identification:_identify(carla-ros-bridge/carla_twist_to_control) by extensions ['colcon_pkg']
[0.377s] Level 1:colcon.colcon_core.package_identification:_identify(carla-ros-bridge/carla_twist_to_control) by extension 'colcon_pkg'
[0.377s] Level 1:colcon.colcon_core.package_identification:_identify(carla-ros-bridge/carla_twist_to_control) by extensions ['colcon_meta']
[0.377s] Level 1:colcon.colcon_core.package_identification:_identify(carla-ros-bridge/carla_twist_to_control) by extension 'colcon_meta'
[0.377s] Level 1:colcon.colcon_core.package_identification:_identify(carla-ros-bridge/carla_twist_to_control) by extensions ['ros']
[0.377s] Level 1:colcon.colcon_core.package_identification:_identify(carla-ros-bridge/carla_twist_to_control) by extension 'ros'
[0.379s] DEBUG:colcon.colcon_core.package_identification:Package 'carla-ros-bridge/carla_twist_to_control' with type 'ros.ament_python' and name 'carla_twist_to_control'
[0.380s] Level 1:colcon.colcon_core.package_identification:_identify(carla-ros-bridge/carla_walker_agent) by extensions ['ignore', 'ignore_ament_install']
[0.380s] Level 1:colcon.colcon_core.package_identification:_identify(carla-ros-bridge/carla_walker_agent) by extension 'ignore'
[0.380s] Level 1:colcon.colcon_core.package_identification:_identify(carla-ros-bridge/carla_walker_agent) by extension 'ignore_ament_install'
[0.380s] Level 1:colcon.colcon_core.package_identification:_identify(carla-ros-bridge/carla_walker_agent) by extensions ['colcon_pkg']
[0.380s] Level 1:colcon.colcon_core.package_identification:_identify(carla-ros-bridge/carla_walker_agent) by extension 'colcon_pkg'
[0.380s] Level 1:colcon.colcon_core.package_identification:_identify(carla-ros-bridge/carla_walker_agent) by extensions ['colcon_meta']
[0.380s] Level 1:colcon.colcon_core.package_identification:_identify(carla-ros-bridge/carla_walker_agent) by extension 'colcon_meta'
[0.380s] Level 1:colcon.colcon_core.package_identification:_identify(carla-ros-bridge/carla_walker_agent) by extensions ['ros']
[0.380s] Level 1:colcon.colcon_core.package_identification:_identify(carla-ros-bridge/carla_walker_agent) by extension 'ros'
[0.382s] DEBUG:colcon.colcon_core.package_identification:Package 'carla-ros-bridge/carla_walker_agent' with type 'ros.ament_python' and name 'carla_walker_agent'
[0.382s] Level 1:colcon.colcon_core.package_identification:_identify(carla-ros-bridge/carla_waypoint_publisher) by extensions ['ignore', 'ignore_ament_install']
[0.383s] Level 1:colcon.colcon_core.package_identification:_identify(carla-ros-bridge/carla_waypoint_publisher) by extension 'ignore'
[0.383s] Level 1:colcon.colcon_core.package_identification:_identify(carla-ros-bridge/carla_waypoint_publisher) by extension 'ignore_ament_install'
[0.383s] Level 1:colcon.colcon_core.package_identification:_identify(carla-ros-bridge/carla_waypoint_publisher) by extensions ['colcon_pkg']
[0.383s] Level 1:colcon.colcon_core.package_identification:_identify(carla-ros-bridge/carla_waypoint_publisher) by extension 'colcon_pkg'
[0.383s] Level 1:colcon.colcon_core.package_identification:_identify(carla-ros-bridge/carla_waypoint_publisher) by extensions ['colcon_meta']
[0.383s] Level 1:colcon.colcon_core.package_identification:_identify(carla-ros-bridge/carla_waypoint_publisher) by extension 'colcon_meta'
[0.383s] Level 1:colcon.colcon_core.package_identification:_identify(carla-ros-bridge/carla_waypoint_publisher) by extensions ['ros']
[0.383s] Level 1:colcon.colcon_core.package_identification:_identify(carla-ros-bridge/carla_waypoint_publisher) by extension 'ros'
[0.385s] DEBUG:colcon.colcon_core.package_identification:Package 'carla-ros-bridge/carla_waypoint_publisher' with type 'ros.ament_python' and name 'carla_waypoint_publisher'
[0.385s] Level 1:colcon.colcon_core.package_identification:_identify(carla-ros-bridge/carla_waypoint_types) by extensions ['ignore', 'ignore_ament_install']
[0.385s] Level 1:colcon.colcon_core.package_identification:_identify(carla-ros-bridge/carla_waypoint_types) by extension 'ignore'
[0.385s] Level 1:colcon.colcon_core.package_identification:_identify(carla-ros-bridge/carla_waypoint_types) by extension 'ignore_ament_install'
[0.385s] Level 1:colcon.colcon_core.package_identification:_identify(carla-ros-bridge/carla_waypoint_types) by extensions ['colcon_pkg']
[0.385s] Level 1:colcon.colcon_core.package_identification:_identify(carla-ros-bridge/carla_waypoint_types) by extension 'colcon_pkg'
[0.385s] Level 1:colcon.colcon_core.package_identification:_identify(carla-ros-bridge/carla_waypoint_types) by extensions ['colcon_meta']
[0.385s] Level 1:colcon.colcon_core.package_identification:_identify(carla-ros-bridge/carla_waypoint_types) by extension 'colcon_meta'
[0.385s] Level 1:colcon.colcon_core.package_identification:_identify(carla-ros-bridge/carla_waypoint_types) by extensions ['ros']
[0.385s] Level 1:colcon.colcon_core.package_identification:_identify(carla-ros-bridge/carla_waypoint_types) by extension 'ros'
[0.387s] DEBUG:colcon.colcon_core.package_identification:Package 'carla-ros-bridge/carla_waypoint_types' with type 'ros.ament_cmake' and name 'carla_waypoint_types'
[0.387s] Level 1:colcon.colcon_core.package_identification:_identify(carla-ros-bridge/docker) by extensions ['ignore', 'ignore_ament_install']
[0.387s] Level 1:colcon.colcon_core.package_identification:_identify(carla-ros-bridge/docker) by extension 'ignore'
[0.387s] Level 1:colcon.colcon_core.package_identification:_identify(carla-ros-bridge/docker) by extension 'ignore_ament_install'
[0.387s] Level 1:colcon.colcon_core.package_identification:_identify(carla-ros-bridge/docker) by extensions ['colcon_pkg']
[0.387s] Level 1:colcon.colcon_core.package_identification:_identify(carla-ros-bridge/docker) by extension 'colcon_pkg'
[0.387s] Level 1:colcon.colcon_core.package_identification:_identify(carla-ros-bridge/docker) by extensions ['colcon_meta']
[0.387s] Level 1:colcon.colcon_core.package_identification:_identify(carla-ros-bridge/docker) by extension 'colcon_meta'
[0.387s] Level 1:colcon.colcon_core.package_identification:_identify(carla-ros-bridge/docker) by extensions ['ros']
[0.387s] Level 1:colcon.colcon_core.package_identification:_identify(carla-ros-bridge/docker) by extension 'ros'
[0.387s] Level 1:colcon.colcon_core.package_identification:_identify(carla-ros-bridge/docker) by extensions ['cmake', 'python']
[0.387s] Level 1:colcon.colcon_core.package_identification:_identify(carla-ros-bridge/docker) by extension 'cmake'
[0.387s] Level 1:colcon.colcon_core.package_identification:_identify(carla-ros-bridge/docker) by extension 'python'
[0.387s] Level 1:colcon.colcon_core.package_identification:_identify(carla-ros-bridge/docker) by extensions ['python_setup_py']
[0.387s] Level 1:colcon.colcon_core.package_identification:_identify(carla-ros-bridge/docker) by extension 'python_setup_py'
[0.387s] Level 1:colcon.colcon_core.package_identification:_identify(carla-ros-bridge/docker/content) by extensions ['ignore', 'ignore_ament_install']
[0.387s] Level 1:colcon.colcon_core.package_identification:_identify(carla-ros-bridge/docker/content) by extension 'ignore'
[0.388s] Level 1:colcon.colcon_core.package_identification:_identify(carla-ros-bridge/docker/content) by extension 'ignore_ament_install'
[0.388s] Level 1:colcon.colcon_core.package_identification:_identify(carla-ros-bridge/docker/content) by extensions ['colcon_pkg']
[0.388s] Level 1:colcon.colcon_core.package_identification:_identify(carla-ros-bridge/docker/content) by extension 'colcon_pkg'
[0.388s] Level 1:colcon.colcon_core.package_identification:_identify(carla-ros-bridge/docker/content) by extensions ['colcon_meta']
[0.388s] Level 1:colcon.colcon_core.package_identification:_identify(carla-ros-bridge/docker/content) by extension 'colcon_meta'
[0.388s] Level 1:colcon.colcon_core.package_identification:_identify(carla-ros-bridge/docker/content) by extensions ['ros']
[0.388s] Level 1:colcon.colcon_core.package_identification:_identify(carla-ros-bridge/docker/content) by extension 'ros'
[0.388s] Level 1:colcon.colcon_core.package_identification:_identify(carla-ros-bridge/docker/content) by extensions ['cmake', 'python']
[0.388s] Level 1:colcon.colcon_core.package_identification:_identify(carla-ros-bridge/docker/content) by extension 'cmake'
[0.388s] Level 1:colcon.colcon_core.package_identification:_identify(carla-ros-bridge/docker/content) by extension 'python'
[0.388s] Level 1:colcon.colcon_core.package_identification:_identify(carla-ros-bridge/docker/content) by extensions ['python_setup_py']
[0.388s] Level 1:colcon.colcon_core.package_identification:_identify(carla-ros-bridge/docker/content) by extension 'python_setup_py'
[0.388s] Level 1:colcon.colcon_core.package_identification:_identify(carla-ros-bridge/docs) by extensions ['ignore', 'ignore_ament_install']
[0.388s] Level 1:colcon.colcon_core.package_identification:_identify(carla-ros-bridge/docs) by extension 'ignore'
[0.388s] Level 1:colcon.colcon_core.package_identification:_identify(carla-ros-bridge/docs) by extension 'ignore_ament_install'
[0.388s] Level 1:colcon.colcon_core.package_identification:_identify(carla-ros-bridge/docs) by extensions ['colcon_pkg']
[0.388s] Level 1:colcon.colcon_core.package_identification:_identify(carla-ros-bridge/docs) by extension 'colcon_pkg'
[0.388s] Level 1:colcon.colcon_core.package_identification:_identify(carla-ros-bridge/docs) by extensions ['colcon_meta']
[0.388s] Level 1:colcon.colcon_core.package_identification:_identify(carla-ros-bridge/docs) by extension 'colcon_meta'
[0.388s] Level 1:colcon.colcon_core.package_identification:_identify(carla-ros-bridge/docs) by extensions ['ros']
[0.388s] Level 1:colcon.colcon_core.package_identification:_identify(carla-ros-bridge/docs) by extension 'ros'
[0.388s] Level 1:colcon.colcon_core.package_identification:_identify(carla-ros-bridge/docs) by extensions ['cmake', 'python']
[0.388s] Level 1:colcon.colcon_core.package_identification:_identify(carla-ros-bridge/docs) by extension 'cmake'
[0.388s] Level 1:colcon.colcon_core.package_identification:_identify(carla-ros-bridge/docs) by extension 'python'
[0.388s] Level 1:colcon.colcon_core.package_identification:_identify(carla-ros-bridge/docs) by extensions ['python_setup_py']
[0.388s] Level 1:colcon.colcon_core.package_identification:_identify(carla-ros-bridge/docs) by extension 'python_setup_py'
[0.388s] Level 1:colcon.colcon_core.package_identification:_identify(carla-ros-bridge/docs/images) by extensions ['ignore', 'ignore_ament_install']
[0.388s] Level 1:colcon.colcon_core.package_identification:_identify(carla-ros-bridge/docs/images) by extension 'ignore'
[0.388s] Level 1:colcon.colcon_core.package_identification:_identify(carla-ros-bridge/docs/images) by extension 'ignore_ament_install'
[0.388s] Level 1:colcon.colcon_core.package_identification:_identify(carla-ros-bridge/docs/images) by extensions ['colcon_pkg']
[0.388s] Level 1:colcon.colcon_core.package_identification:_identify(carla-ros-bridge/docs/images) by extension 'colcon_pkg'
[0.388s] Level 1:colcon.colcon_core.package_identification:_identify(carla-ros-bridge/docs/images) by extensions ['colcon_meta']
[0.388s] Level 1:colcon.colcon_core.package_identification:_identify(carla-ros-bridge/docs/images) by extension 'colcon_meta'
[0.388s] Level 1:colcon.colcon_core.package_identification:_identify(carla-ros-bridge/docs/images) by extensions ['ros']
[0.388s] Level 1:colcon.colcon_core.package_identification:_identify(carla-ros-bridge/docs/images) by extension 'ros'
[0.388s] Level 1:colcon.colcon_core.package_identification:_identify(carla-ros-bridge/docs/images) by extensions ['cmake', 'python']
[0.388s] Level 1:colcon.colcon_core.package_identification:_identify(carla-ros-bridge/docs/images) by extension 'cmake'
[0.388s] Level 1:colcon.colcon_core.package_identification:_identify(carla-ros-bridge/docs/images) by extension 'python'
[0.388s] Level 1:colcon.colcon_core.package_identification:_identify(carla-ros-bridge/docs/images) by extensions ['python_setup_py']
[0.388s] Level 1:colcon.colcon_core.package_identification:_identify(carla-ros-bridge/docs/images) by extension 'python_setup_py'
[0.388s] Level 1:colcon.colcon_core.package_identification:_identify(carla-ros-bridge/packaging) by extensions ['ignore', 'ignore_ament_install']
[0.389s] Level 1:colcon.colcon_core.package_identification:_identify(carla-ros-bridge/packaging) by extension 'ignore'
[0.389s] Level 1:colcon.colcon_core.package_identification:_identify(carla-ros-bridge/packaging) by extension 'ignore_ament_install'
[0.389s] Level 1:colcon.colcon_core.package_identification:_identify(carla-ros-bridge/packaging) by extensions ['colcon_pkg']
[0.389s] Level 1:colcon.colcon_core.package_identification:_identify(carla-ros-bridge/packaging) by extension 'colcon_pkg'
[0.389s] Level 1:colcon.colcon_core.package_identification:_identify(carla-ros-bridge/packaging) by extensions ['colcon_meta']
[0.389s] Level 1:colcon.colcon_core.package_identification:_identify(carla-ros-bridge/packaging) by extension 'colcon_meta'
[0.389s] Level 1:colcon.colcon_core.package_identification:_identify(carla-ros-bridge/packaging) by extensions ['ros']
[0.389s] Level 1:colcon.colcon_core.package_identification:_identify(carla-ros-bridge/packaging) by extension 'ros'
[0.389s] Level 1:colcon.colcon_core.package_identification:_identify(carla-ros-bridge/packaging) by extensions ['cmake', 'python']
[0.389s] Level 1:colcon.colcon_core.package_identification:_identify(carla-ros-bridge/packaging) by extension 'cmake'
[0.389s] Level 1:colcon.colcon_core.package_identification:_identify(carla-ros-bridge/packaging) by extension 'python'
[0.389s] Level 1:colcon.colcon_core.package_identification:_identify(carla-ros-bridge/packaging) by extensions ['python_setup_py']
[0.389s] Level 1:colcon.colcon_core.package_identification:_identify(carla-ros-bridge/packaging) by extension 'python_setup_py'
[0.389s] Level 1:colcon.colcon_core.package_identification:_identify(carla-ros-bridge/packaging/debian) by extensions ['ignore', 'ignore_ament_install']
[0.389s] Level 1:colcon.colcon_core.package_identification:_identify(carla-ros-bridge/packaging/debian) by extension 'ignore'
[0.389s] Level 1:colcon.colcon_core.package_identification:_identify(carla-ros-bridge/packaging/debian) by extension 'ignore_ament_install'
[0.389s] Level 1:colcon.colcon_core.package_identification:_identify(carla-ros-bridge/packaging/debian) by extensions ['colcon_pkg']
[0.389s] Level 1:colcon.colcon_core.package_identification:_identify(carla-ros-bridge/packaging/debian) by extension 'colcon_pkg'
[0.389s] Level 1:colcon.colcon_core.package_identification:_identify(carla-ros-bridge/packaging/debian) by extensions ['colcon_meta']
[0.389s] Level 1:colcon.colcon_core.package_identification:_identify(carla-ros-bridge/packaging/debian) by extension 'colcon_meta'
[0.389s] Level 1:colcon.colcon_core.package_identification:_identify(carla-ros-bridge/packaging/debian) by extensions ['ros']
[0.389s] Level 1:colcon.colcon_core.package_identification:_identify(carla-ros-bridge/packaging/debian) by extension 'ros'
[0.389s] Level 1:colcon.colcon_core.package_identification:_identify(carla-ros-bridge/packaging/debian) by extensions ['cmake', 'python']
[0.389s] Level 1:colcon.colcon_core.package_identification:_identify(carla-ros-bridge/packaging/debian) by extension 'cmake'
[0.389s] Level 1:colcon.colcon_core.package_identification:_identify(carla-ros-bridge/packaging/debian) by extension 'python'
[0.389s] Level 1:colcon.colcon_core.package_identification:_identify(carla-ros-bridge/packaging/debian) by extensions ['python_setup_py']
[0.389s] Level 1:colcon.colcon_core.package_identification:_identify(carla-ros-bridge/packaging/debian) by extension 'python_setup_py'
[0.389s] Level 1:colcon.colcon_core.package_identification:_identify(carla-ros-bridge/packaging/debian/source) by extensions ['ignore', 'ignore_ament_install']
[0.389s] Level 1:colcon.colcon_core.package_identification:_identify(carla-ros-bridge/packaging/debian/source) by extension 'ignore'
[0.389s] Level 1:colcon.colcon_core.package_identification:_identify(carla-ros-bridge/packaging/debian/source) by extension 'ignore_ament_install'
[0.389s] Level 1:colcon.colcon_core.package_identification:_identify(carla-ros-bridge/packaging/debian/source) by extensions ['colcon_pkg']
[0.389s] Level 1:colcon.colcon_core.package_identification:_identify(carla-ros-bridge/packaging/debian/source) by extension 'colcon_pkg'
[0.389s] Level 1:colcon.colcon_core.package_identification:_identify(carla-ros-bridge/packaging/debian/source) by extensions ['colcon_meta']
[0.389s] Level 1:colcon.colcon_core.package_identification:_identify(carla-ros-bridge/packaging/debian/source) by extension 'colcon_meta'
[0.389s] Level 1:colcon.colcon_core.package_identification:_identify(carla-ros-bridge/packaging/debian/source) by extensions ['ros']
[0.389s] Level 1:colcon.colcon_core.package_identification:_identify(carla-ros-bridge/packaging/debian/source) by extension 'ros'
[0.389s] Level 1:colcon.colcon_core.package_identification:_identify(carla-ros-bridge/packaging/debian/source) by extensions ['cmake', 'python']
[0.389s] Level 1:colcon.colcon_core.package_identification:_identify(carla-ros-bridge/packaging/debian/source) by extension 'cmake'
[0.389s] Level 1:colcon.colcon_core.package_identification:_identify(carla-ros-bridge/packaging/debian/source) by extension 'python'
[0.389s] Level 1:colcon.colcon_core.package_identification:_identify(carla-ros-bridge/packaging/debian/source) by extensions ['python_setup_py']
[0.389s] Level 1:colcon.colcon_core.package_identification:_identify(carla-ros-bridge/packaging/debian/source) by extension 'python_setup_py'
[0.389s] Level 1:colcon.colcon_core.package_identification:_identify(carla-ros-bridge/pcl_recorder) by extensions ['ignore', 'ignore_ament_install']
[0.390s] Level 1:colcon.colcon_core.package_identification:_identify(carla-ros-bridge/pcl_recorder) by extension 'ignore'
[0.390s] Level 1:colcon.colcon_core.package_identification:_identify(carla-ros-bridge/pcl_recorder) by extension 'ignore_ament_install'
[0.390s] Level 1:colcon.colcon_core.package_identification:_identify(carla-ros-bridge/pcl_recorder) by extensions ['colcon_pkg']
[0.390s] Level 1:colcon.colcon_core.package_identification:_identify(carla-ros-bridge/pcl_recorder) by extension 'colcon_pkg'
[0.390s] Level 1:colcon.colcon_core.package_identification:_identify(carla-ros-bridge/pcl_recorder) by extensions ['colcon_meta']
[0.390s] Level 1:colcon.colcon_core.package_identification:_identify(carla-ros-bridge/pcl_recorder) by extension 'colcon_meta'
[0.390s] Level 1:colcon.colcon_core.package_identification:_identify(carla-ros-bridge/pcl_recorder) by extensions ['ros']
[0.390s] Level 1:colcon.colcon_core.package_identification:_identify(carla-ros-bridge/pcl_recorder) by extension 'ros'
[0.392s] DEBUG:colcon.colcon_core.package_identification:Package 'carla-ros-bridge/pcl_recorder' with type 'ros.ament_cmake' and name 'pcl_recorder'
[0.393s] Level 1:colcon.colcon_core.package_identification:_identify(carla-ros-bridge/ros_compatibility) by extensions ['ignore', 'ignore_ament_install']
[0.393s] Level 1:colcon.colcon_core.package_identification:_identify(carla-ros-bridge/ros_compatibility) by extension 'ignore'
[0.393s] Level 1:colcon.colcon_core.package_identification:_identify(carla-ros-bridge/ros_compatibility) by extension 'ignore_ament_install'
[0.393s] Level 1:colcon.colcon_core.package_identification:_identify(carla-ros-bridge/ros_compatibility) by extensions ['colcon_pkg']
[0.393s] Level 1:colcon.colcon_core.package_identification:_identify(carla-ros-bridge/ros_compatibility) by extension 'colcon_pkg'
[0.393s] Level 1:colcon.colcon_core.package_identification:_identify(carla-ros-bridge/ros_compatibility) by extensions ['colcon_meta']
[0.393s] Level 1:colcon.colcon_core.package_identification:_identify(carla-ros-bridge/ros_compatibility) by extension 'colcon_meta'
[0.393s] Level 1:colcon.colcon_core.package_identification:_identify(carla-ros-bridge/ros_compatibility) by extensions ['ros']
[0.393s] Level 1:colcon.colcon_core.package_identification:_identify(carla-ros-bridge/ros_compatibility) by extension 'ros'
[0.396s] DEBUG:colcon.colcon_core.package_identification:Package 'carla-ros-bridge/ros_compatibility' with type 'ros.ament_python' and name 'ros_compatibility'
[0.396s] Level 1:colcon.colcon_core.package_identification:_identify(carla-ros-bridge/rqt_carla_control) by extensions ['ignore', 'ignore_ament_install']
[0.396s] Level 1:colcon.colcon_core.package_identification:_identify(carla-ros-bridge/rqt_carla_control) by extension 'ignore'
[0.396s] Level 1:colcon.colcon_core.package_identification:_identify(carla-ros-bridge/rqt_carla_control) by extension 'ignore_ament_install'
[0.396s] Level 1:colcon.colcon_core.package_identification:_identify(carla-ros-bridge/rqt_carla_control) by extensions ['colcon_pkg']
[0.396s] Level 1:colcon.colcon_core.package_identification:_identify(carla-ros-bridge/rqt_carla_control) by extension 'colcon_pkg'
[0.396s] Level 1:colcon.colcon_core.package_identification:_identify(carla-ros-bridge/rqt_carla_control) by extensions ['colcon_meta']
[0.396s] Level 1:colcon.colcon_core.package_identification:_identify(carla-ros-bridge/rqt_carla_control) by extension 'colcon_meta'
[0.396s] Level 1:colcon.colcon_core.package_identification:_identify(carla-ros-bridge/rqt_carla_control) by extensions ['ros']
[0.396s] Level 1:colcon.colcon_core.package_identification:_identify(carla-ros-bridge/rqt_carla_control) by extension 'ros'
[0.398s] DEBUG:colcon.colcon_core.package_identification:Package 'carla-ros-bridge/rqt_carla_control' with type 'ros.ament_python' and name 'rqt_carla_control'
[0.398s] Level 1:colcon.colcon_core.package_identification:_identify(carla-ros-bridge/rviz_carla_plugin) by extensions ['ignore', 'ignore_ament_install']
[0.398s] Level 1:colcon.colcon_core.package_identification:_identify(carla-ros-bridge/rviz_carla_plugin) by extension 'ignore'
[0.398s] Level 1:colcon.colcon_core.package_identification:_identify(carla-ros-bridge/rviz_carla_plugin) by extension 'ignore_ament_install'
[0.398s] Level 1:colcon.colcon_core.package_identification:_identify(carla-ros-bridge/rviz_carla_plugin) by extensions ['colcon_pkg']
[0.398s] Level 1:colcon.colcon_core.package_identification:_identify(carla-ros-bridge/rviz_carla_plugin) by extension 'colcon_pkg'
[0.398s] Level 1:colcon.colcon_core.package_identification:_identify(carla-ros-bridge/rviz_carla_plugin) by extensions ['colcon_meta']
[0.398s] Level 1:colcon.colcon_core.package_identification:_identify(carla-ros-bridge/rviz_carla_plugin) by extension 'colcon_meta'
[0.398s] Level 1:colcon.colcon_core.package_identification:_identify(carla-ros-bridge/rviz_carla_plugin) by extensions ['ros']
[0.398s] Level 1:colcon.colcon_core.package_identification:_identify(carla-ros-bridge/rviz_carla_plugin) by extension 'ros'
[0.402s] DEBUG:colcon.colcon_core.package_identification:Package 'carla-ros-bridge/rviz_carla_plugin' with type 'ros.ament_cmake' and name 'rviz_carla_plugin'
[0.402s] Level 1:colcon.colcon_core.package_identification:_identify(carla_interface) by extensions ['ignore', 'ignore_ament_install']
[0.402s] Level 1:colcon.colcon_core.package_identification:_identify(carla_interface) by extension 'ignore'
[0.402s] Level 1:colcon.colcon_core.package_identification:_identify(carla_interface) by extension 'ignore_ament_install'
[0.402s] Level 1:colcon.colcon_core.package_identification:_identify(carla_interface) by extensions ['colcon_pkg']
[0.402s] Level 1:colcon.colcon_core.package_identification:_identify(carla_interface) by extension 'colcon_pkg'
[0.402s] Level 1:colcon.colcon_core.package_identification:_identify(carla_interface) by extensions ['colcon_meta']
[0.402s] Level 1:colcon.colcon_core.package_identification:_identify(carla_interface) by extension 'colcon_meta'
[0.402s] Level 1:colcon.colcon_core.package_identification:_identify(carla_interface) by extensions ['ros']
[0.402s] Level 1:colcon.colcon_core.package_identification:_identify(carla_interface) by extension 'ros'
[0.402s] DEBUG:colcon.colcon_core.package_identification:Package 'carla_interface' with type 'ros.ament_python' and name 'carla_interface'
[0.403s] Level 1:colcon.colcon_core.package_identification:_identify(carla_lidar_mapping) by extensions ['ignore', 'ignore_ament_install']
[0.403s] Level 1:colcon.colcon_core.package_identification:_identify(carla_lidar_mapping) by extension 'ignore'
[0.403s] Level 1:colcon.colcon_core.package_identification:_identify(carla_lidar_mapping) by extension 'ignore_ament_install'
[0.403s] Level 1:colcon.colcon_core.package_identification:_identify(carla_lidar_mapping) by extensions ['colcon_pkg']
[0.403s] Level 1:colcon.colcon_core.package_identification:_identify(carla_lidar_mapping) by extension 'colcon_pkg'
[0.403s] Level 1:colcon.colcon_core.package_identification:_identify(carla_lidar_mapping) by extensions ['colcon_meta']
[0.403s] Level 1:colcon.colcon_core.package_identification:_identify(carla_lidar_mapping) by extension 'colcon_meta'
[0.403s] Level 1:colcon.colcon_core.package_identification:_identify(carla_lidar_mapping) by extensions ['ros']
[0.403s] Level 1:colcon.colcon_core.package_identification:_identify(carla_lidar_mapping) by extension 'ros'
[0.404s] DEBUG:colcon.colcon_core.package_identification:Package 'carla_lidar_mapping' with type 'ros.ament_cmake' and name 'carla_lidar_mapping'
[0.404s] Level 1:colcon.colcon_core.package_identification:_identify(carla_map_visualization) by extensions ['ignore', 'ignore_ament_install']
[0.404s] Level 1:colcon.colcon_core.package_identification:_identify(carla_map_visualization) by extension 'ignore'
[0.404s] Level 1:colcon.colcon_core.package_identification:_identify(carla_map_visualization) by extension 'ignore_ament_install'
[0.404s] Level 1:colcon.colcon_core.package_identification:_identify(carla_map_visualization) by extensions ['colcon_pkg']
[0.404s] Level 1:colcon.colcon_core.package_identification:_identify(carla_map_visualization) by extension 'colcon_pkg'
[0.404s] Level 1:colcon.colcon_core.package_identification:_identify(carla_map_visualization) by extensions ['colcon_meta']
[0.404s] Level 1:colcon.colcon_core.package_identification:_identify(carla_map_visualization) by extension 'colcon_meta'
[0.404s] Level 1:colcon.colcon_core.package_identification:_identify(carla_map_visualization) by extensions ['ros']
[0.404s] Level 1:colcon.colcon_core.package_identification:_identify(carla_map_visualization) by extension 'ros'
[0.405s] DEBUG:colcon.colcon_core.package_identification:Package 'carla_map_visualization' with type 'ros.ament_python' and name 'carla_map_visualization'
[0.405s] Level 1:colcon.colcon_core.package_identification:_identify(install) by extensions ['ignore', 'ignore_ament_install']
[0.405s] Level 1:colcon.colcon_core.package_identification:_identify(install) by extension 'ignore'
[0.405s] Level 1:colcon.colcon_core.package_identification:_identify(install) ignored
[0.405s] Level 1:colcon.colcon_core.package_identification:_identify(log) by extensions ['ignore', 'ignore_ament_install']
[0.405s] Level 1:colcon.colcon_core.package_identification:_identify(log) by extension 'ignore'
[0.405s] Level 1:colcon.colcon_core.package_identification:_identify(log) ignored
[0.405s] Level 1:colcon.colcon_core.package_identification:_identify(rviz_2d_overlay_msgs) by extensions ['ignore', 'ignore_ament_install']
[0.405s] Level 1:colcon.colcon_core.package_identification:_identify(rviz_2d_overlay_msgs) by extension 'ignore'
[0.405s] Level 1:colcon.colcon_core.package_identification:_identify(rviz_2d_overlay_msgs) by extension 'ignore_ament_install'
[0.405s] Level 1:colcon.colcon_core.package_identification:_identify(rviz_2d_overlay_msgs) by extensions ['colcon_pkg']
[0.405s] Level 1:colcon.colcon_core.package_identification:_identify(rviz_2d_overlay_msgs) by extension 'colcon_pkg'
[0.405s] Level 1:colcon.colcon_core.package_identification:_identify(rviz_2d_overlay_msgs) by extensions ['colcon_meta']
[0.405s] Level 1:colcon.colcon_core.package_identification:_identify(rviz_2d_overlay_msgs) by extension 'colcon_meta'
[0.405s] Level 1:colcon.colcon_core.package_identification:_identify(rviz_2d_overlay_msgs) by extensions ['ros']
[0.405s] Level 1:colcon.colcon_core.package_identification:_identify(rviz_2d_overlay_msgs) by extension 'ros'
[0.406s] DEBUG:colcon.colcon_core.package_identification:Package 'rviz_2d_overlay_msgs' with type 'ros.ament_cmake' and name 'rviz_2d_overlay_msgs'
[0.406s] Level 1:colcon.colcon_core.package_identification:_identify(rviz_2d_overlay_plugins) by extensions ['ignore', 'ignore_ament_install']
[0.406s] Level 1:colcon.colcon_core.package_identification:_identify(rviz_2d_overlay_plugins) by extension 'ignore'
[0.406s] Level 1:colcon.colcon_core.package_identification:_identify(rviz_2d_overlay_plugins) by extension 'ignore_ament_install'
[0.406s] Level 1:colcon.colcon_core.package_identification:_identify(rviz_2d_overlay_plugins) by extensions ['colcon_pkg']
[0.406s] Level 1:colcon.colcon_core.package_identification:_identify(rviz_2d_overlay_plugins) by extension 'colcon_pkg'
[0.406s] Level 1:colcon.colcon_core.package_identification:_identify(rviz_2d_overlay_plugins) by extensions ['colcon_meta']
[0.406s] Level 1:colcon.colcon_core.package_identification:_identify(rviz_2d_overlay_plugins) by extension 'colcon_meta'
[0.406s] Level 1:colcon.colcon_core.package_identification:_identify(rviz_2d_overlay_plugins) by extensions ['ros']
[0.406s] Level 1:colcon.colcon_core.package_identification:_identify(rviz_2d_overlay_plugins) by extension 'ros'
[0.406s] DEBUG:colcon.colcon_core.package_identification:Package 'rviz_2d_overlay_plugins' with type 'ros.ament_cmake' and name 'rviz_2d_overlay_plugins'
[0.407s] Level 1:colcon.colcon_core.package_discovery:discover_packages(recursive) using defaults
[0.407s] Level 1:colcon.colcon_core.package_discovery:discover_packages(ignore) discover
[0.407s] Level 1:colcon.colcon_core.package_discovery:discover_packages(ignore) using defaults
[0.407s] Level 1:colcon.colcon_core.package_discovery:discover_packages(path) discover
[0.407s] Level 1:colcon.colcon_core.package_discovery:discover_packages(path) using defaults
[0.425s] INFO:colcon.colcon_core.package_selection:Skipping not selected package 'carla_common' in 'carla-ros-bridge/carla_common'
[0.425s] INFO:colcon.colcon_core.package_selection:Skipping not selected package 'carla_control_display' in 'carla-control-algorithm/carla_control_display'
[0.425s] INFO:colcon.colcon_core.package_selection:Skipping not selected package 'carla_lidar_mapping' in 'carla_lidar_mapping'
[0.425s] INFO:colcon.colcon_core.package_selection:Skipping not selected package 'carla_map_visualization' in 'carla_map_visualization'
[0.425s] INFO:colcon.colcon_core.package_selection:Skipping not selected package 'carla_mpc_control' in 'carla-control-algorithm/carla_mpc_control'
[0.425s] INFO:colcon.colcon_core.package_selection:Skipping not selected package 'carla_msgs' in 'carla-ros-bridge/carla_msgs'
[0.425s] INFO:colcon.colcon_core.package_selection:Skipping not selected package 'carla_ros_scenario_runner_types' in 'carla-ros-bridge/carla_ros_scenario_runner_types'
[0.425s] INFO:colcon.colcon_core.package_selection:Skipping not selected package 'carla_twist_to_control' in 'carla-ros-bridge/carla_twist_to_control'
[0.425s] INFO:colcon.colcon_core.package_selection:Skipping not selected package 'carla_waypoint_types' in 'carla-ros-bridge/carla_waypoint_types'
[0.425s] INFO:colcon.colcon_core.package_selection:Skipping not selected package 'delphi_esr_msgs' in 'carla-ros-bridge/astuff_sensor_msgs/delphi_esr_msgs'
[0.425s] INFO:colcon.colcon_core.package_selection:Skipping not selected package 'delphi_mrr_msgs' in 'carla-ros-bridge/astuff_sensor_msgs/delphi_mrr_msgs'
[0.425s] INFO:colcon.colcon_core.package_selection:Skipping not selected package 'delphi_srr_msgs' in 'carla-ros-bridge/astuff_sensor_msgs/delphi_srr_msgs'
[0.425s] INFO:colcon.colcon_core.package_selection:Skipping not selected package 'derived_object_msgs' in 'carla-ros-bridge/astuff_sensor_msgs/derived_object_msgs'
[0.425s] INFO:colcon.colcon_core.package_selection:Skipping not selected package 'ibeo_msgs' in 'carla-ros-bridge/astuff_sensor_msgs/ibeo_msgs'
[0.425s] INFO:colcon.colcon_core.package_selection:Skipping not selected package 'kartech_linear_actuator_msgs' in 'carla-ros-bridge/astuff_sensor_msgs/kartech_linear_actuator_msgs'
[0.425s] INFO:colcon.colcon_core.package_selection:Skipping not selected package 'mobileye_560_660_msgs' in 'carla-ros-bridge/astuff_sensor_msgs/mobileye_560_660_msgs'
[0.425s] INFO:colcon.colcon_core.package_selection:Skipping not selected package 'neobotix_usboard_msgs' in 'carla-ros-bridge/astuff_sensor_msgs/neobotix_usboard_msgs'
[0.425s] INFO:colcon.colcon_core.package_selection:Skipping not selected package 'ros_compatibility' in 'carla-ros-bridge/ros_compatibility'
[0.425s] INFO:colcon.colcon_core.package_selection:Skipping not selected package 'rqt_carla_control' in 'carla-ros-bridge/rqt_carla_control'
[0.425s] INFO:colcon.colcon_core.package_selection:Skipping not selected package 'rviz_2d_overlay_msgs' in 'rviz_2d_overlay_msgs'
[0.425s] INFO:colcon.colcon_core.package_selection:Skipping not selected package 'carla_ackermann_msgs' in 'carla-ros-bridge/carla_ackermann_msgs'
[0.425s] INFO:colcon.colcon_core.package_selection:Skipping not selected package 'carla_ad_agent' in 'carla-ros-bridge/carla_ad_agent'
[0.425s] INFO:colcon.colcon_core.package_selection:Skipping not selected package 'carla_lqr_control' in 'carla-control-algorithm/carla_lqr_control'
[0.425s] INFO:colcon.colcon_core.package_selection:Skipping not selected package 'carla_manual_control' in 'carla-ros-bridge/carla_manual_control'
[0.425s] INFO:colcon.colcon_core.package_selection:Skipping not selected package 'carla_pid_control' in 'carla-control-algorithm/carla_pid_control'
[0.425s] INFO:colcon.colcon_core.package_selection:Skipping not selected package 'carla_ros_scenario_runner' in 'carla-ros-bridge/carla_ros_scenario_runner'
[0.425s] INFO:colcon.colcon_core.package_selection:Skipping not selected package 'carla_spawn_objects' in 'carla-ros-bridge/carla_spawn_objects'
[0.425s] INFO:colcon.colcon_core.package_selection:Skipping not selected package 'carla_walker_agent' in 'carla-ros-bridge/carla_walker_agent'
[0.425s] INFO:colcon.colcon_core.package_selection:Skipping not selected package 'carla_waypoint_publisher' in 'carla-ros-bridge/carla_waypoint_publisher'
[0.425s] INFO:colcon.colcon_core.package_selection:Skipping not selected package 'rviz_2d_overlay_plugins' in 'rviz_2d_overlay_plugins'
[0.425s] INFO:colcon.colcon_core.package_selection:Skipping not selected package 'rviz_carla_plugin' in 'carla-ros-bridge/rviz_carla_plugin'
[0.425s] INFO:colcon.colcon_core.package_selection:Skipping not selected package 'carla_ros_bridge' in 'carla-ros-bridge/carla_ros_bridge'
[0.425s] INFO:colcon.colcon_core.package_selection:Skipping not selected package 'carla_ackermann_control' in 'carla-ros-bridge/carla_ackermann_control'
[0.425s] INFO:colcon.colcon_core.package_selection:Skipping not selected package 'carla_ad_demo' in 'carla-ros-bridge/carla_ad_demo'
[0.425s] INFO:colcon.colcon_core.package_selection:Skipping not selected package 'pcl_recorder' in 'carla-ros-bridge/pcl_recorder'
[0.425s] Level 1:colcon.colcon_core.package_discovery:discover_packages(prefix_path) check parameters
[0.425s] Level 1:colcon.colcon_core.package_discovery:discover_packages(prefix_path) discover
[0.428s] DEBUG:colcon.colcon_installed_package_information.package_discovery:Found 36 installed packages in /home/martin/Desktop/Stage/Projet/ws_carla_ros/install
[0.429s] DEBUG:colcon.colcon_installed_package_information.package_discovery:Found 268 installed packages in /opt/ros/galactic
[0.430s] Level 1:colcon.colcon_core.package_discovery:discover_packages(prefix_path) using defaults
[0.468s] Level 5:colcon.colcon_core.verb:set package 'carla_interface' build argument 'cmake_args' from command line to 'None'
[0.468s] Level 5:colcon.colcon_core.verb:set package 'carla_interface' build argument 'cmake_target' from command line to 'None'
[0.468s] Level 5:colcon.colcon_core.verb:set package 'carla_interface' build argument 'cmake_target_skip_unavailable' from command line to 'False'
[0.468s] Level 5:colcon.colcon_core.verb:set package 'carla_interface' build argument 'cmake_clean_cache' from command line to 'False'
[0.468s] Level 5:colcon.colcon_core.verb:set package 'carla_interface' build argument 'cmake_clean_first' from command line to 'False'
[0.468s] Level 5:colcon.colcon_core.verb:set package 'carla_interface' build argument 'cmake_force_configure' from command line to 'False'
[0.468s] Level 5:colcon.colcon_core.verb:set package 'carla_interface' build argument 'ament_cmake_args' from command line to 'None'
[0.468s] Level 5:colcon.colcon_core.verb:set package 'carla_interface' build argument 'catkin_cmake_args' from command line to 'None'
[0.468s] Level 5:colcon.colcon_core.verb:set package 'carla_interface' build argument 'catkin_skip_building_tests' from command line to 'False'
[0.468s] DEBUG:colcon.colcon_core.verb:Building package 'carla_interface' with the following arguments: {'ament_cmake_args': None, 'build_base': '/home/martin/Desktop/Stage/Projet/ws_carla_ros/build/carla_interface', 'catkin_cmake_args': None, 'catkin_skip_building_tests': False, 'cmake_args': None, 'cmake_clean_cache': False, 'cmake_clean_first': False, 'cmake_force_configure': False, 'cmake_target': None, 'cmake_target_skip_unavailable': False, 'install_base': '/home/martin/Desktop/Stage/Projet/ws_carla_ros/install/carla_interface', 'merge_install': False, 'path': '/home/martin/Desktop/Stage/Projet/ws_carla_ros/carla_interface', 'symlink_install': False, 'test_result_base': None}
[0.468s] INFO:colcon.colcon_core.executor:Executing jobs using 'parallel' executor
[0.469s] DEBUG:colcon.colcon_parallel_executor.executor.parallel:run_until_complete
[0.470s] INFO:colcon.colcon_ros.task.ament_python.build:Building ROS package in '/home/martin/Desktop/Stage/Projet/ws_carla_ros/carla_interface' with build type 'ament_python'
[0.470s] Level 1:colcon.colcon_core.shell:create_environment_hook('carla_interface', 'ament_prefix_path')
[0.472s] INFO:colcon.colcon_core.plugin_system:Skipping extension 'colcon_core.shell.bat': Not used on non-Windows systems
[0.473s] INFO:colcon.colcon_core.shell:Creating environment hook '/home/martin/Desktop/Stage/Projet/ws_carla_ros/install/carla_interface/share/carla_interface/hook/ament_prefix_path.ps1'
[0.473s] INFO:colcon.colcon_core.shell:Creating environment descriptor '/home/martin/Desktop/Stage/Projet/ws_carla_ros/install/carla_interface/share/carla_interface/hook/ament_prefix_path.dsv'
[0.474s] INFO:colcon.colcon_core.shell:Creating environment hook '/home/martin/Desktop/Stage/Projet/ws_carla_ros/install/carla_interface/share/carla_interface/hook/ament_prefix_path.sh'
[0.475s] INFO:colcon.colcon_core.shell:Skip shell extension 'powershell' for command environment: Not usable outside of PowerShell
[0.475s] DEBUG:colcon.colcon_core.shell:Skip shell extension 'dsv' for command environment
[0.674s] INFO:colcon.colcon_core.task.python.build:Building Python package in '/home/martin/Desktop/Stage/Projet/ws_carla_ros/carla_interface'
[0.675s] INFO:colcon.colcon_core.shell:Skip shell extension 'powershell' for command environment: Not usable outside of PowerShell
[0.675s] DEBUG:colcon.colcon_core.shell:Skip shell extension 'dsv' for command environment
[1.001s] DEBUG:colcon.colcon_core.event_handler.log_command:Invoking command in '/home/martin/Desktop/Stage/Projet/ws_carla_ros/carla_interface': CONDA_PROMPT_MODIFIER=(carla_env) PYTHONPATH=/home/martin/Desktop/Stage/Projet/ws_carla_ros/build/carla_interface/prefix_override:/usr/lib/python3/dist-packages/colcon_core/task/python/colcon_distutils_commands:/home/martin/Desktop/Stage/Projet/ws_carla_ros/install/carla_interface/lib/python3.8/site-packages:${PYTHONPATH} /usr/bin/python3 -W ignore:setup.py install is deprecated -W ignore:easy_install command is deprecated setup.py egg_info --egg-base ../build/carla_interface build --build-base /home/martin/Desktop/Stage/Projet/ws_carla_ros/build/carla_interface/build install --record /home/martin/Desktop/Stage/Projet/ws_carla_ros/build/carla_interface/install.log --single-version-externally-managed install_data
[1.274s] DEBUG:colcon.colcon_core.event_handler.log_command:Invoked command in '/home/martin/Desktop/Stage/Projet/ws_carla_ros/carla_interface' returned '0': CONDA_PROMPT_MODIFIER=(carla_env) PYTHONPATH=/home/martin/Desktop/Stage/Projet/ws_carla_ros/build/carla_interface/prefix_override:/usr/lib/python3/dist-packages/colcon_core/task/python/colcon_distutils_commands:/home/martin/Desktop/Stage/Projet/ws_carla_ros/install/carla_interface/lib/python3.8/site-packages:${PYTHONPATH} /usr/bin/python3 -W ignore:setup.py install is deprecated -W ignore:easy_install command is deprecated setup.py egg_info --egg-base ../build/carla_interface build --build-base /home/martin/Desktop/Stage/Projet/ws_carla_ros/build/carla_interface/build install --record /home/martin/Desktop/Stage/Projet/ws_carla_ros/build/carla_interface/install.log --single-version-externally-managed install_data
[1.275s] Level 1:colcon.colcon_core.environment:checking '/home/martin/Desktop/Stage/Projet/ws_carla_ros/install/carla_interface' for CMake module files
[1.276s] Level 1:colcon.colcon_core.environment:checking '/home/martin/Desktop/Stage/Projet/ws_carla_ros/install/carla_interface' for CMake config files
[1.277s] Level 1:colcon.colcon_core.environment:checking '/home/martin/Desktop/Stage/Projet/ws_carla_ros/install/carla_interface/lib'
[1.277s] Level 1:colcon.colcon_core.environment:checking '/home/martin/Desktop/Stage/Projet/ws_carla_ros/install/carla_interface/bin'
[1.277s] Level 1:colcon.colcon_core.environment:checking '/home/martin/Desktop/Stage/Projet/ws_carla_ros/install/carla_interface/lib/pkgconfig/carla_interface.pc'
[1.277s] Level 1:colcon.colcon_core.environment:checking '/home/martin/Desktop/Stage/Projet/ws_carla_ros/install/carla_interface/lib/python3.8/site-packages'
[1.277s] Level 1:colcon.colcon_core.shell:create_environment_hook('carla_interface', 'pythonpath')
[1.278s] INFO:colcon.colcon_core.shell:Creating environment hook '/home/martin/Desktop/Stage/Projet/ws_carla_ros/install/carla_interface/share/carla_interface/hook/pythonpath.ps1'
[1.279s] INFO:colcon.colcon_core.shell:Creating environment descriptor '/home/martin/Desktop/Stage/Projet/ws_carla_ros/install/carla_interface/share/carla_interface/hook/pythonpath.dsv'
[1.279s] INFO:colcon.colcon_core.shell:Creating environment hook '/home/martin/Desktop/Stage/Projet/ws_carla_ros/install/carla_interface/share/carla_interface/hook/pythonpath.sh'
[1.279s] Level 1:colcon.colcon_core.environment:checking '/home/martin/Desktop/Stage/Projet/ws_carla_ros/install/carla_interface/bin'
[1.280s] Level 1:colcon.colcon_core.environment:create_environment_scripts_only(carla_interface)
[1.280s] INFO:colcon.colcon_core.shell:Creating package script '/home/martin/Desktop/Stage/Projet/ws_carla_ros/install/carla_interface/share/carla_interface/package.ps1'
[1.280s] INFO:colcon.colcon_core.shell:Creating package descriptor '/home/martin/Desktop/Stage/Projet/ws_carla_ros/install/carla_interface/share/carla_interface/package.dsv'
[1.281s] INFO:colcon.colcon_core.shell:Creating package script '/home/martin/Desktop/Stage/Projet/ws_carla_ros/install/carla_interface/share/carla_interface/package.sh'
[1.281s] INFO:colcon.colcon_core.shell:Creating package script '/home/martin/Desktop/Stage/Projet/ws_carla_ros/install/carla_interface/share/carla_interface/package.bash'
[1.282s] INFO:colcon.colcon_core.shell:Creating package script '/home/martin/Desktop/Stage/Projet/ws_carla_ros/install/carla_interface/share/carla_interface/package.zsh'
[1.282s] Level 1:colcon.colcon_core.environment:create_file_with_runtime_dependencies(/home/martin/Desktop/Stage/Projet/ws_carla_ros/install/carla_interface/share/colcon-core/packages/carla_interface)
[1.283s] DEBUG:colcon.colcon_parallel_executor.executor.parallel:closing loop
[1.283s] DEBUG:colcon.colcon_parallel_executor.executor.parallel:loop closed
[1.283s] DEBUG:colcon.colcon_parallel_executor.executor.parallel:run_until_complete finished with '0'
[1.283s] DEBUG:colcon.colcon_core.event_reactor:joining thread
[1.287s] INFO:colcon.colcon_core.plugin_system:Skipping extension 'colcon_notification.desktop_notification.terminal_notifier': Not used on non-Darwin systems
[1.287s] INFO:colcon.colcon_core.plugin_system:Skipping extension 'colcon_notification.desktop_notification.win32': Not used on non-Windows systems
[1.287s] INFO:colcon.colcon_notification.desktop_notification:Sending desktop notification using 'notify2'
[1.300s] DEBUG:colcon.colcon_core.event_reactor:joined thread
[1.300s] INFO:colcon.colcon_core.shell:Creating prefix script '/home/martin/Desktop/Stage/Projet/ws_carla_ros/install/local_setup.ps1'
[1.301s] INFO:colcon.colcon_core.shell:Creating prefix util module '/home/martin/Desktop/Stage/Projet/ws_carla_ros/install/_local_setup_util_ps1.py'
[1.302s] INFO:colcon.colcon_core.shell:Creating prefix chain script '/home/martin/Desktop/Stage/Projet/ws_carla_ros/install/setup.ps1'
[1.303s] INFO:colcon.colcon_core.shell:Creating prefix script '/home/martin/Desktop/Stage/Projet/ws_carla_ros/install/local_setup.sh'
[1.304s] INFO:colcon.colcon_core.shell:Creating prefix util module '/home/martin/Desktop/Stage/Projet/ws_carla_ros/install/_local_setup_util_sh.py'
[1.304s] INFO:colcon.colcon_core.shell:Creating prefix chain script '/home/martin/Desktop/Stage/Projet/ws_carla_ros/install/setup.sh'
[1.306s] INFO:colcon.colcon_core.shell:Creating prefix script '/home/martin/Desktop/Stage/Projet/ws_carla_ros/install/local_setup.bash'
[1.306s] INFO:colcon.colcon_core.shell:Creating prefix chain script '/home/martin/Desktop/Stage/Projet/ws_carla_ros/install/setup.bash'
[1.308s] INFO:colcon.colcon_core.shell:Creating prefix script '/home/martin/Desktop/Stage/Projet/ws_carla_ros/install/local_setup.zsh'
[1.308s] INFO:colcon.colcon_core.shell:Creating prefix chain script '/home/martin/Desktop/Stage/Projet/ws_carla_ros/install/setup.zsh'
