[0.205s] DEBUG:colcon:Command line arguments: ['/usr/bin/colcon', 'build', '--packages-select', 'carla_ros_bridge']
[0.205s] DEBUG:colcon:Parsed command line arguments: Namespace(allow_overriding=[], ament_cmake_args=None, base_paths=['.'], build_base='build', catkin_cmake_args=None, catkin_skip_building_tests=False, cmake_args=None, cmake_clean_cache=False, cmake_clean_first=False, cmake_force_configure=False, cmake_target=None, cmake_target_skip_unavailable=False, continue_on_error=False, event_handlers=None, executor='parallel', ignore_user_meta=False, install_base='install', log_base=None, log_level=None, main=<bound method BuildVerb.main of <colcon_core.verb.build.BuildVerb object at 0x7fef4acdc4c0>>, merge_install=False, metas=['./colcon.meta'], mixin=None, mixin_files=None, mixin_verb=('build',), packages_above=None, packages_above_and_dependencies=None, packages_above_depth=None, packages_end=None, packages_ignore=None, packages_ignore_regex=None, packages_select=['carla_ros_bridge'], packages_select_build_failed=False, packages_select_by_dep=None, packages_select_regex=None, packages_select_test_failures=False, packages_skip=None, packages_skip_build_finished=False, packages_skip_by_dep=None, packages_skip_regex=None, packages_skip_test_passed=False, packages_skip_up_to=None, packages_start=None, packages_up_to=None, packages_up_to_regex=None, parallel_workers=16, paths=None, symlink_install=False, test_result_base=None, verb_extension=<colcon_core.verb.build.BuildVerb object at 0x7fef4acdc4c0>, verb_name='build', verb_parser=<colcon_mixin.mixin.mixin_argument.MixinArgumentDecorator object at 0x7fef4ace92b0>)
[0.330s] Level 1:colcon.colcon_core.package_discovery:discover_packages(colcon_meta) check parameters
[0.330s] Level 1:colcon.colcon_core.package_discovery:discover_packages(recursive) check parameters
[0.330s] Level 1:colcon.colcon_core.package_discovery:discover_packages(ignore) check parameters
[0.330s] Level 1:colcon.colcon_core.package_discovery:discover_packages(path) check parameters
[0.330s] Level 1:colcon.colcon_core.package_discovery:discover_packages(colcon_meta) discover
[0.330s] Level 1:colcon.colcon_core.package_discovery:discover_packages(recursive) discover
[0.331s] INFO:colcon.colcon_core.package_discovery:Crawling recursively for packages in '/home/martin/Desktop/Stage/Projet/ws_carla_ros'
[0.331s] Level 1:colcon.colcon_core.package_identification:_identify(.) by extensions ['ignore', 'ignore_ament_install']
[0.331s] Level 1:colcon.colcon_core.package_identification:_identify(.) by extension 'ignore'
[0.331s] Level 1:colcon.colcon_core.package_identification:_identify(.) by extension 'ignore_ament_install'
[0.331s] Level 1:colcon.colcon_core.package_identification:_identify(.) by extensions ['colcon_pkg']
[0.331s] Level 1:colcon.colcon_core.package_identification:_identify(.) by extension 'colcon_pkg'
[0.331s] Level 1:colcon.colcon_core.package_identification:_identify(.) by extensions ['colcon_meta']
[0.331s] Level 1:colcon.colcon_core.package_identification:_identify(.) by extension 'colcon_meta'
[0.331s] Level 1:colcon.colcon_core.package_identification:_identify(.) by extensions ['ros']
[0.331s] Level 1:colcon.colcon_core.package_identification:_identify(.) by extension 'ros'
[0.370s] Level 1:colcon.colcon_core.package_identification:_identify(.) by extensions ['cmake', 'python']
[0.370s] Level 1:colcon.colcon_core.package_identification:_identify(.) by extension 'cmake'
[0.370s] Level 1:colcon.colcon_core.package_identification:_identify(.) by extension 'python'
[0.370s] Level 1:colcon.colcon_core.package_identification:_identify(.) by extensions ['python_setup_py']
[0.371s] Level 1:colcon.colcon_core.package_identification:_identify(.) by extension 'python_setup_py'
[0.371s] Level 1:colcon.colcon_core.package_identification:_identify(build) by extensions ['ignore', 'ignore_ament_install']
[0.371s] Level 1:colcon.colcon_core.package_identification:_identify(build) by extension 'ignore'
[0.371s] Level 1:colcon.colcon_core.package_identification:_identify(build) ignored
[0.371s] Level 1:colcon.colcon_core.package_identification:_identify(carla-control-algorithm) by extensions ['ignore', 'ignore_ament_install']
[0.371s] Level 1:colcon.colcon_core.package_identification:_identify(carla-control-algorithm) by extension 'ignore'
[0.371s] Level 1:colcon.colcon_core.package_identification:_identify(carla-control-algorithm) by extension 'ignore_ament_install'
[0.371s] Level 1:colcon.colcon_core.package_identification:_identify(carla-control-algorithm) by extensions ['colcon_pkg']
[0.371s] Level 1:colcon.colcon_core.package_identification:_identify(carla-control-algorithm) by extension 'colcon_pkg'
[0.371s] Level 1:colcon.colcon_core.package_identification:_identify(carla-control-algorithm) by extensions ['colcon_meta']
[0.371s] Level 1:colcon.colcon_core.package_identification:_identify(carla-control-algorithm) by extension 'colcon_meta'
[0.371s] Level 1:colcon.colcon_core.package_identification:_identify(carla-control-algorithm) by extensions ['ros']
[0.371s] Level 1:colcon.colcon_core.package_identification:_identify(carla-control-algorithm) by extension 'ros'
[0.371s] Level 1:colcon.colcon_core.package_identification:_identify(carla-control-algorithm) by extensions ['cmake', 'python']
[0.371s] Level 1:colcon.colcon_core.package_identification:_identify(carla-control-algorithm) by extension 'cmake'
[0.371s] Level 1:colcon.colcon_core.package_identification:_identify(carla-control-algorithm) by extension 'python'
[0.371s] Level 1:colcon.colcon_core.package_identification:_identify(carla-control-algorithm) by extensions ['python_setup_py']
[0.371s] Level 1:colcon.colcon_core.package_identification:_identify(carla-control-algorithm) by extension 'python_setup_py'
[0.371s] Level 1:colcon.colcon_core.package_identification:_identify(carla-control-algorithm/carla_control_display) by extensions ['ignore', 'ignore_ament_install']
[0.371s] Level 1:colcon.colcon_core.package_identification:_identify(carla-control-algorithm/carla_control_display) by extension 'ignore'
[0.371s] Level 1:colcon.colcon_core.package_identification:_identify(carla-control-algorithm/carla_control_display) by extension 'ignore_ament_install'
[0.371s] Level 1:colcon.colcon_core.package_identification:_identify(carla-control-algorithm/carla_control_display) by extensions ['colcon_pkg']
[0.371s] Level 1:colcon.colcon_core.package_identification:_identify(carla-control-algorithm/carla_control_display) by extension 'colcon_pkg'
[0.371s] Level 1:colcon.colcon_core.package_identification:_identify(carla-control-algorithm/carla_control_display) by extensions ['colcon_meta']
[0.371s] Level 1:colcon.colcon_core.package_identification:_identify(carla-control-algorithm/carla_control_display) by extension 'colcon_meta'
[0.371s] Level 1:colcon.colcon_core.package_identification:_identify(carla-control-algorithm/carla_control_display) by extensions ['ros']
[0.371s] Level 1:colcon.colcon_core.package_identification:_identify(carla-control-algorithm/carla_control_display) by extension 'ros'
[0.374s] DEBUG:colcon.colcon_core.package_identification:Package 'carla-control-algorithm/carla_control_display' with type 'ros.ament_python' and name 'carla_control_display'
[0.374s] Level 1:colcon.colcon_core.package_identification:_identify(carla-control-algorithm/carla_lqr_control) by extensions ['ignore', 'ignore_ament_install']
[0.374s] Level 1:colcon.colcon_core.package_identification:_identify(carla-control-algorithm/carla_lqr_control) by extension 'ignore'
[0.374s] Level 1:colcon.colcon_core.package_identification:_identify(carla-control-algorithm/carla_lqr_control) by extension 'ignore_ament_install'
[0.374s] Level 1:colcon.colcon_core.package_identification:_identify(carla-control-algorithm/carla_lqr_control) by extensions ['colcon_pkg']
[0.374s] Level 1:colcon.colcon_core.package_identification:_identify(carla-control-algorithm/carla_lqr_control) by extension 'colcon_pkg'
[0.374s] Level 1:colcon.colcon_core.package_identification:_identify(carla-control-algorithm/carla_lqr_control) by extensions ['colcon_meta']
[0.374s] Level 1:colcon.colcon_core.package_identification:_identify(carla-control-algorithm/carla_lqr_control) by extension 'colcon_meta'
[0.375s] Level 1:colcon.colcon_core.package_identification:_identify(carla-control-algorithm/carla_lqr_control) by extensions ['ros']
[0.375s] Level 1:colcon.colcon_core.package_identification:_identify(carla-control-algorithm/carla_lqr_control) by extension 'ros'
[0.375s] DEBUG:colcon.colcon_core.package_identification:Package 'carla-control-algorithm/carla_lqr_control' with type 'ros.ament_cmake' and name 'carla_lqr_control'
[0.376s] Level 1:colcon.colcon_core.package_identification:_identify(carla-control-algorithm/carla_mpc_control) by extensions ['ignore', 'ignore_ament_install']
[0.376s] Level 1:colcon.colcon_core.package_identification:_identify(carla-control-algorithm/carla_mpc_control) by extension 'ignore'
[0.376s] Level 1:colcon.colcon_core.package_identification:_identify(carla-control-algorithm/carla_mpc_control) by extension 'ignore_ament_install'
[0.376s] Level 1:colcon.colcon_core.package_identification:_identify(carla-control-algorithm/carla_mpc_control) by extensions ['colcon_pkg']
[0.376s] Level 1:colcon.colcon_core.package_identification:_identify(carla-control-algorithm/carla_mpc_control) by extension 'colcon_pkg'
[0.376s] Level 1:colcon.colcon_core.package_identification:_identify(carla-control-algorithm/carla_mpc_control) by extensions ['colcon_meta']
[0.376s] Level 1:colcon.colcon_core.package_identification:_identify(carla-control-algorithm/carla_mpc_control) by extension 'colcon_meta'
[0.376s] Level 1:colcon.colcon_core.package_identification:_identify(carla-control-algorithm/carla_mpc_control) by extensions ['ros']
[0.376s] Level 1:colcon.colcon_core.package_identification:_identify(carla-control-algorithm/carla_mpc_control) by extension 'ros'
[0.376s] DEBUG:colcon.colcon_core.package_identification:Package 'carla-control-algorithm/carla_mpc_control' with type 'ros.ament_cmake' and name 'carla_mpc_control'
[0.377s] Level 1:colcon.colcon_core.package_identification:_identify(carla-control-algorithm/carla_pid_control) by extensions ['ignore', 'ignore_ament_install']
[0.377s] Level 1:colcon.colcon_core.package_identification:_identify(carla-control-algorithm/carla_pid_control) by extension 'ignore'
[0.377s] Level 1:colcon.colcon_core.package_identification:_identify(carla-control-algorithm/carla_pid_control) by extension 'ignore_ament_install'
[0.377s] Level 1:colcon.colcon_core.package_identification:_identify(carla-control-algorithm/carla_pid_control) by extensions ['colcon_pkg']
[0.377s] Level 1:colcon.colcon_core.package_identification:_identify(carla-control-algorithm/carla_pid_control) by extension 'colcon_pkg'
[0.377s] Level 1:colcon.colcon_core.package_identification:_identify(carla-control-algorithm/carla_pid_control) by extensions ['colcon_meta']
[0.377s] Level 1:colcon.colcon_core.package_identification:_identify(carla-control-algorithm/carla_pid_control) by extension 'colcon_meta'
[0.377s] Level 1:colcon.colcon_core.package_identification:_identify(carla-control-algorithm/carla_pid_control) by extensions ['ros']
[0.377s] Level 1:colcon.colcon_core.package_identification:_identify(carla-control-algorithm/carla_pid_control) by extension 'ros'
[0.378s] DEBUG:colcon.colcon_core.package_identification:Package 'carla-control-algorithm/carla_pid_control' with type 'ros.ament_cmake' and name 'carla_pid_control'
[0.378s] Level 1:colcon.colcon_core.package_identification:_identify(carla-ros-bridge) by extensions ['ignore', 'ignore_ament_install']
[0.378s] Level 1:colcon.colcon_core.package_identification:_identify(carla-ros-bridge) by extension 'ignore'
[0.378s] Level 1:colcon.colcon_core.package_identification:_identify(carla-ros-bridge) by extension 'ignore_ament_install'
[0.378s] Level 1:colcon.colcon_core.package_identification:_identify(carla-ros-bridge) by extensions ['colcon_pkg']
[0.378s] Level 1:colcon.colcon_core.package_identification:_identify(carla-ros-bridge) by extension 'colcon_pkg'
[0.378s] Level 1:colcon.colcon_core.package_identification:_identify(carla-ros-bridge) by extensions ['colcon_meta']
[0.378s] Level 1:colcon.colcon_core.package_identification:_identify(carla-ros-bridge) by extension 'colcon_meta'
[0.378s] Level 1:colcon.colcon_core.package_identification:_identify(carla-ros-bridge) by extensions ['ros']
[0.378s] Level 1:colcon.colcon_core.package_identification:_identify(carla-ros-bridge) by extension 'ros'
[0.378s] Level 1:colcon.colcon_core.package_identification:_identify(carla-ros-bridge) by extensions ['cmake', 'python']
[0.378s] Level 1:colcon.colcon_core.package_identification:_identify(carla-ros-bridge) by extension 'cmake'
[0.378s] Level 1:colcon.colcon_core.package_identification:_identify(carla-ros-bridge) by extension 'python'
[0.378s] Level 1:colcon.colcon_core.package_identification:_identify(carla-ros-bridge) by extensions ['python_setup_py']
[0.378s] Level 1:colcon.colcon_core.package_identification:_identify(carla-ros-bridge) by extension 'python_setup_py'
[0.378s] Level 1:colcon.colcon_core.package_identification:_identify(carla-ros-bridge/astuff_sensor_msgs) by extensions ['ignore', 'ignore_ament_install']
[0.378s] Level 1:colcon.colcon_core.package_identification:_identify(carla-ros-bridge/astuff_sensor_msgs) by extension 'ignore'
[0.378s] Level 1:colcon.colcon_core.package_identification:_identify(carla-ros-bridge/astuff_sensor_msgs) by extension 'ignore_ament_install'
[0.378s] Level 1:colcon.colcon_core.package_identification:_identify(carla-ros-bridge/astuff_sensor_msgs) by extensions ['colcon_pkg']
[0.378s] Level 1:colcon.colcon_core.package_identification:_identify(carla-ros-bridge/astuff_sensor_msgs) by extension 'colcon_pkg'
[0.378s] Level 1:colcon.colcon_core.package_identification:_identify(carla-ros-bridge/astuff_sensor_msgs) by extensions ['colcon_meta']
[0.378s] Level 1:colcon.colcon_core.package_identification:_identify(carla-ros-bridge/astuff_sensor_msgs) by extension 'colcon_meta'
[0.378s] Level 1:colcon.colcon_core.package_identification:_identify(carla-ros-bridge/astuff_sensor_msgs) by extensions ['ros']
[0.378s] Level 1:colcon.colcon_core.package_identification:_identify(carla-ros-bridge/astuff_sensor_msgs) by extension 'ros'
[0.378s] Level 1:colcon.colcon_core.package_identification:_identify(carla-ros-bridge/astuff_sensor_msgs) by extensions ['cmake', 'python']
[0.378s] Level 1:colcon.colcon_core.package_identification:_identify(carla-ros-bridge/astuff_sensor_msgs) by extension 'cmake'
[0.378s] Level 1:colcon.colcon_core.package_identification:_identify(carla-ros-bridge/astuff_sensor_msgs) by extension 'python'
[0.378s] Level 1:colcon.colcon_core.package_identification:_identify(carla-ros-bridge/astuff_sensor_msgs) by extensions ['python_setup_py']
[0.378s] Level 1:colcon.colcon_core.package_identification:_identify(carla-ros-bridge/astuff_sensor_msgs) by extension 'python_setup_py'
[0.378s] Level 1:colcon.colcon_core.package_identification:_identify(carla-ros-bridge/astuff_sensor_msgs/delphi_esr_msgs) by extensions ['ignore', 'ignore_ament_install']
[0.379s] Level 1:colcon.colcon_core.package_identification:_identify(carla-ros-bridge/astuff_sensor_msgs/delphi_esr_msgs) by extension 'ignore'
[0.379s] Level 1:colcon.colcon_core.package_identification:_identify(carla-ros-bridge/astuff_sensor_msgs/delphi_esr_msgs) by extension 'ignore_ament_install'
[0.379s] Level 1:colcon.colcon_core.package_identification:_identify(carla-ros-bridge/astuff_sensor_msgs/delphi_esr_msgs) by extensions ['colcon_pkg']
[0.379s] Level 1:colcon.colcon_core.package_identification:_identify(carla-ros-bridge/astuff_sensor_msgs/delphi_esr_msgs) by extension 'colcon_pkg'
[0.379s] Level 1:colcon.colcon_core.package_identification:_identify(carla-ros-bridge/astuff_sensor_msgs/delphi_esr_msgs) by extensions ['colcon_meta']
[0.379s] Level 1:colcon.colcon_core.package_identification:_identify(carla-ros-bridge/astuff_sensor_msgs/delphi_esr_msgs) by extension 'colcon_meta'
[0.379s] Level 1:colcon.colcon_core.package_identification:_identify(carla-ros-bridge/astuff_sensor_msgs/delphi_esr_msgs) by extensions ['ros']
[0.379s] Level 1:colcon.colcon_core.package_identification:_identify(carla-ros-bridge/astuff_sensor_msgs/delphi_esr_msgs) by extension 'ros'
[0.383s] DEBUG:colcon.colcon_core.package_identification:Package 'carla-ros-bridge/astuff_sensor_msgs/delphi_esr_msgs' with type 'ros.ament_cmake' and name 'delphi_esr_msgs'
[0.384s] Level 1:colcon.colcon_core.package_identification:_identify(carla-ros-bridge/astuff_sensor_msgs/delphi_mrr_msgs) by extensions ['ignore', 'ignore_ament_install']
[0.384s] Level 1:colcon.colcon_core.package_identification:_identify(carla-ros-bridge/astuff_sensor_msgs/delphi_mrr_msgs) by extension 'ignore'
[0.384s] Level 1:colcon.colcon_core.package_identification:_identify(carla-ros-bridge/astuff_sensor_msgs/delphi_mrr_msgs) by extension 'ignore_ament_install'
[0.384s] Level 1:colcon.colcon_core.package_identification:_identify(carla-ros-bridge/astuff_sensor_msgs/delphi_mrr_msgs) by extensions ['colcon_pkg']
[0.384s] Level 1:colcon.colcon_core.package_identification:_identify(carla-ros-bridge/astuff_sensor_msgs/delphi_mrr_msgs) by extension 'colcon_pkg'
[0.384s] Level 1:colcon.colcon_core.package_identification:_identify(carla-ros-bridge/astuff_sensor_msgs/delphi_mrr_msgs) by extensions ['colcon_meta']
[0.384s] Level 1:colcon.colcon_core.package_identification:_identify(carla-ros-bridge/astuff_sensor_msgs/delphi_mrr_msgs) by extension 'colcon_meta'
[0.384s] Level 1:colcon.colcon_core.package_identification:_identify(carla-ros-bridge/astuff_sensor_msgs/delphi_mrr_msgs) by extensions ['ros']
[0.384s] Level 1:colcon.colcon_core.package_identification:_identify(carla-ros-bridge/astuff_sensor_msgs/delphi_mrr_msgs) by extension 'ros'
[0.387s] DEBUG:colcon.colcon_core.package_identification:Package 'carla-ros-bridge/astuff_sensor_msgs/delphi_mrr_msgs' with type 'ros.ament_cmake' and name 'delphi_mrr_msgs'
[0.387s] Level 1:colcon.colcon_core.package_identification:_identify(carla-ros-bridge/astuff_sensor_msgs/delphi_srr_msgs) by extensions ['ignore', 'ignore_ament_install']
[0.387s] Level 1:colcon.colcon_core.package_identification:_identify(carla-ros-bridge/astuff_sensor_msgs/delphi_srr_msgs) by extension 'ignore'
[0.387s] Level 1:colcon.colcon_core.package_identification:_identify(carla-ros-bridge/astuff_sensor_msgs/delphi_srr_msgs) by extension 'ignore_ament_install'
[0.387s] Level 1:colcon.colcon_core.package_identification:_identify(carla-ros-bridge/astuff_sensor_msgs/delphi_srr_msgs) by extensions ['colcon_pkg']
[0.387s] Level 1:colcon.colcon_core.package_identification:_identify(carla-ros-bridge/astuff_sensor_msgs/delphi_srr_msgs) by extension 'colcon_pkg'
[0.387s] Level 1:colcon.colcon_core.package_identification:_identify(carla-ros-bridge/astuff_sensor_msgs/delphi_srr_msgs) by extensions ['colcon_meta']
[0.387s] Level 1:colcon.colcon_core.package_identification:_identify(carla-ros-bridge/astuff_sensor_msgs/delphi_srr_msgs) by extension 'colcon_meta'
[0.387s] Level 1:colcon.colcon_core.package_identification:_identify(carla-ros-bridge/astuff_sensor_msgs/delphi_srr_msgs) by extensions ['ros']
[0.387s] Level 1:colcon.colcon_core.package_identification:_identify(carla-ros-bridge/astuff_sensor_msgs/delphi_srr_msgs) by extension 'ros'
[0.391s] DEBUG:colcon.colcon_core.package_identification:Package 'carla-ros-bridge/astuff_sensor_msgs/delphi_srr_msgs' with type 'ros.ament_cmake' and name 'delphi_srr_msgs'
[0.391s] Level 1:colcon.colcon_core.package_identification:_identify(carla-ros-bridge/astuff_sensor_msgs/derived_object_msgs) by extensions ['ignore', 'ignore_ament_install']
[0.391s] Level 1:colcon.colcon_core.package_identification:_identify(carla-ros-bridge/astuff_sensor_msgs/derived_object_msgs) by extension 'ignore'
[0.391s] Level 1:colcon.colcon_core.package_identification:_identify(carla-ros-bridge/astuff_sensor_msgs/derived_object_msgs) by extension 'ignore_ament_install'
[0.391s] Level 1:colcon.colcon_core.package_identification:_identify(carla-ros-bridge/astuff_sensor_msgs/derived_object_msgs) by extensions ['colcon_pkg']
[0.391s] Level 1:colcon.colcon_core.package_identification:_identify(carla-ros-bridge/astuff_sensor_msgs/derived_object_msgs) by extension 'colcon_pkg'
[0.391s] Level 1:colcon.colcon_core.package_identification:_identify(carla-ros-bridge/astuff_sensor_msgs/derived_object_msgs) by extensions ['colcon_meta']
[0.391s] Level 1:colcon.colcon_core.package_identification:_identify(carla-ros-bridge/astuff_sensor_msgs/derived_object_msgs) by extension 'colcon_meta'
[0.391s] Level 1:colcon.colcon_core.package_identification:_identify(carla-ros-bridge/astuff_sensor_msgs/derived_object_msgs) by extensions ['ros']
[0.391s] Level 1:colcon.colcon_core.package_identification:_identify(carla-ros-bridge/astuff_sensor_msgs/derived_object_msgs) by extension 'ros'
[0.394s] DEBUG:colcon.colcon_core.package_identification:Package 'carla-ros-bridge/astuff_sensor_msgs/derived_object_msgs' with type 'ros.ament_cmake' and name 'derived_object_msgs'
[0.395s] Level 1:colcon.colcon_core.package_identification:_identify(carla-ros-bridge/astuff_sensor_msgs/ibeo_msgs) by extensions ['ignore', 'ignore_ament_install']
[0.395s] Level 1:colcon.colcon_core.package_identification:_identify(carla-ros-bridge/astuff_sensor_msgs/ibeo_msgs) by extension 'ignore'
[0.395s] Level 1:colcon.colcon_core.package_identification:_identify(carla-ros-bridge/astuff_sensor_msgs/ibeo_msgs) by extension 'ignore_ament_install'
[0.395s] Level 1:colcon.colcon_core.package_identification:_identify(carla-ros-bridge/astuff_sensor_msgs/ibeo_msgs) by extensions ['colcon_pkg']
[0.395s] Level 1:colcon.colcon_core.package_identification:_identify(carla-ros-bridge/astuff_sensor_msgs/ibeo_msgs) by extension 'colcon_pkg'
[0.395s] Level 1:colcon.colcon_core.package_identification:_identify(carla-ros-bridge/astuff_sensor_msgs/ibeo_msgs) by extensions ['colcon_meta']
[0.395s] Level 1:colcon.colcon_core.package_identification:_identify(carla-ros-bridge/astuff_sensor_msgs/ibeo_msgs) by extension 'colcon_meta'
[0.395s] Level 1:colcon.colcon_core.package_identification:_identify(carla-ros-bridge/astuff_sensor_msgs/ibeo_msgs) by extensions ['ros']
[0.395s] Level 1:colcon.colcon_core.package_identification:_identify(carla-ros-bridge/astuff_sensor_msgs/ibeo_msgs) by extension 'ros'
[0.398s] DEBUG:colcon.colcon_core.package_identification:Package 'carla-ros-bridge/astuff_sensor_msgs/ibeo_msgs' with type 'ros.ament_cmake' and name 'ibeo_msgs'
[0.398s] Level 1:colcon.colcon_core.package_identification:_identify(carla-ros-bridge/astuff_sensor_msgs/kartech_linear_actuator_msgs) by extensions ['ignore', 'ignore_ament_install']
[0.399s] Level 1:colcon.colcon_core.package_identification:_identify(carla-ros-bridge/astuff_sensor_msgs/kartech_linear_actuator_msgs) by extension 'ignore'
[0.399s] Level 1:colcon.colcon_core.package_identification:_identify(carla-ros-bridge/astuff_sensor_msgs/kartech_linear_actuator_msgs) by extension 'ignore_ament_install'
[0.399s] Level 1:colcon.colcon_core.package_identification:_identify(carla-ros-bridge/astuff_sensor_msgs/kartech_linear_actuator_msgs) by extensions ['colcon_pkg']
[0.399s] Level 1:colcon.colcon_core.package_identification:_identify(carla-ros-bridge/astuff_sensor_msgs/kartech_linear_actuator_msgs) by extension 'colcon_pkg'
[0.399s] Level 1:colcon.colcon_core.package_identification:_identify(carla-ros-bridge/astuff_sensor_msgs/kartech_linear_actuator_msgs) by extensions ['colcon_meta']
[0.399s] Level 1:colcon.colcon_core.package_identification:_identify(carla-ros-bridge/astuff_sensor_msgs/kartech_linear_actuator_msgs) by extension 'colcon_meta'
[0.399s] Level 1:colcon.colcon_core.package_identification:_identify(carla-ros-bridge/astuff_sensor_msgs/kartech_linear_actuator_msgs) by extensions ['ros']
[0.399s] Level 1:colcon.colcon_core.package_identification:_identify(carla-ros-bridge/astuff_sensor_msgs/kartech_linear_actuator_msgs) by extension 'ros'
[0.401s] DEBUG:colcon.colcon_core.package_identification:Package 'carla-ros-bridge/astuff_sensor_msgs/kartech_linear_actuator_msgs' with type 'ros.ament_cmake' and name 'kartech_linear_actuator_msgs'
[0.402s] Level 1:colcon.colcon_core.package_identification:_identify(carla-ros-bridge/astuff_sensor_msgs/mobileye_560_660_msgs) by extensions ['ignore', 'ignore_ament_install']
[0.402s] Level 1:colcon.colcon_core.package_identification:_identify(carla-ros-bridge/astuff_sensor_msgs/mobileye_560_660_msgs) by extension 'ignore'
[0.402s] Level 1:colcon.colcon_core.package_identification:_identify(carla-ros-bridge/astuff_sensor_msgs/mobileye_560_660_msgs) by extension 'ignore_ament_install'
[0.402s] Level 1:colcon.colcon_core.package_identification:_identify(carla-ros-bridge/astuff_sensor_msgs/mobileye_560_660_msgs) by extensions ['colcon_pkg']
[0.402s] Level 1:colcon.colcon_core.package_identification:_identify(carla-ros-bridge/astuff_sensor_msgs/mobileye_560_660_msgs) by extension 'colcon_pkg'
[0.402s] Level 1:colcon.colcon_core.package_identification:_identify(carla-ros-bridge/astuff_sensor_msgs/mobileye_560_660_msgs) by extensions ['colcon_meta']
[0.402s] Level 1:colcon.colcon_core.package_identification:_identify(carla-ros-bridge/astuff_sensor_msgs/mobileye_560_660_msgs) by extension 'colcon_meta'
[0.402s] Level 1:colcon.colcon_core.package_identification:_identify(carla-ros-bridge/astuff_sensor_msgs/mobileye_560_660_msgs) by extensions ['ros']
[0.402s] Level 1:colcon.colcon_core.package_identification:_identify(carla-ros-bridge/astuff_sensor_msgs/mobileye_560_660_msgs) by extension 'ros'
[0.404s] DEBUG:colcon.colcon_core.package_identification:Package 'carla-ros-bridge/astuff_sensor_msgs/mobileye_560_660_msgs' with type 'ros.ament_cmake' and name 'mobileye_560_660_msgs'
[0.404s] Level 1:colcon.colcon_core.package_identification:_identify(carla-ros-bridge/astuff_sensor_msgs/neobotix_usboard_msgs) by extensions ['ignore', 'ignore_ament_install']
[0.404s] Level 1:colcon.colcon_core.package_identification:_identify(carla-ros-bridge/astuff_sensor_msgs/neobotix_usboard_msgs) by extension 'ignore'
[0.404s] Level 1:colcon.colcon_core.package_identification:_identify(carla-ros-bridge/astuff_sensor_msgs/neobotix_usboard_msgs) by extension 'ignore_ament_install'
[0.404s] Level 1:colcon.colcon_core.package_identification:_identify(carla-ros-bridge/astuff_sensor_msgs/neobotix_usboard_msgs) by extensions ['colcon_pkg']
[0.404s] Level 1:colcon.colcon_core.package_identification:_identify(carla-ros-bridge/astuff_sensor_msgs/neobotix_usboard_msgs) by extension 'colcon_pkg'
[0.404s] Level 1:colcon.colcon_core.package_identification:_identify(carla-ros-bridge/astuff_sensor_msgs/neobotix_usboard_msgs) by extensions ['colcon_meta']
[0.404s] Level 1:colcon.colcon_core.package_identification:_identify(carla-ros-bridge/astuff_sensor_msgs/neobotix_usboard_msgs) by extension 'colcon_meta'
[0.404s] Level 1:colcon.colcon_core.package_identification:_identify(carla-ros-bridge/astuff_sensor_msgs/neobotix_usboard_msgs) by extensions ['ros']
[0.404s] Level 1:colcon.colcon_core.package_identification:_identify(carla-ros-bridge/astuff_sensor_msgs/neobotix_usboard_msgs) by extension 'ros'
[0.407s] DEBUG:colcon.colcon_core.package_identification:Package 'carla-ros-bridge/astuff_sensor_msgs/neobotix_usboard_msgs' with type 'ros.ament_cmake' and name 'neobotix_usboard_msgs'
[0.407s] Level 1:colcon.colcon_core.package_identification:_identify(carla-ros-bridge/carla_ackermann_control) by extensions ['ignore', 'ignore_ament_install']
[0.407s] Level 1:colcon.colcon_core.package_identification:_identify(carla-ros-bridge/carla_ackermann_control) by extension 'ignore'
[0.407s] Level 1:colcon.colcon_core.package_identification:_identify(carla-ros-bridge/carla_ackermann_control) by extension 'ignore_ament_install'
[0.407s] Level 1:colcon.colcon_core.package_identification:_identify(carla-ros-bridge/carla_ackermann_control) by extensions ['colcon_pkg']
[0.407s] Level 1:colcon.colcon_core.package_identification:_identify(carla-ros-bridge/carla_ackermann_control) by extension 'colcon_pkg'
[0.407s] Level 1:colcon.colcon_core.package_identification:_identify(carla-ros-bridge/carla_ackermann_control) by extensions ['colcon_meta']
[0.407s] Level 1:colcon.colcon_core.package_identification:_identify(carla-ros-bridge/carla_ackermann_control) by extension 'colcon_meta'
[0.407s] Level 1:colcon.colcon_core.package_identification:_identify(carla-ros-bridge/carla_ackermann_control) by extensions ['ros']
[0.407s] Level 1:colcon.colcon_core.package_identification:_identify(carla-ros-bridge/carla_ackermann_control) by extension 'ros'
[0.409s] DEBUG:colcon.colcon_core.package_identification:Package 'carla-ros-bridge/carla_ackermann_control' with type 'ros.ament_python' and name 'carla_ackermann_control'
[0.410s] Level 1:colcon.colcon_core.package_identification:_identify(carla-ros-bridge/carla_ackermann_msgs) by extensions ['ignore', 'ignore_ament_install']
[0.410s] Level 1:colcon.colcon_core.package_identification:_identify(carla-ros-bridge/carla_ackermann_msgs) by extension 'ignore'
[0.410s] Level 1:colcon.colcon_core.package_identification:_identify(carla-ros-bridge/carla_ackermann_msgs) by extension 'ignore_ament_install'
[0.410s] Level 1:colcon.colcon_core.package_identification:_identify(carla-ros-bridge/carla_ackermann_msgs) by extensions ['colcon_pkg']
[0.410s] Level 1:colcon.colcon_core.package_identification:_identify(carla-ros-bridge/carla_ackermann_msgs) by extension 'colcon_pkg'
[0.410s] Level 1:colcon.colcon_core.package_identification:_identify(carla-ros-bridge/carla_ackermann_msgs) by extensions ['colcon_meta']
[0.410s] Level 1:colcon.colcon_core.package_identification:_identify(carla-ros-bridge/carla_ackermann_msgs) by extension 'colcon_meta'
[0.410s] Level 1:colcon.colcon_core.package_identification:_identify(carla-ros-bridge/carla_ackermann_msgs) by extensions ['ros']
[0.410s] Level 1:colcon.colcon_core.package_identification:_identify(carla-ros-bridge/carla_ackermann_msgs) by extension 'ros'
[0.413s] DEBUG:colcon.colcon_core.package_identification:Package 'carla-ros-bridge/carla_ackermann_msgs' with type 'ros.ament_cmake' and name 'carla_ackermann_msgs'
[0.413s] Level 1:colcon.colcon_core.package_identification:_identify(carla-ros-bridge/carla_ad_agent) by extensions ['ignore', 'ignore_ament_install']
[0.413s] Level 1:colcon.colcon_core.package_identification:_identify(carla-ros-bridge/carla_ad_agent) by extension 'ignore'
[0.413s] Level 1:colcon.colcon_core.package_identification:_identify(carla-ros-bridge/carla_ad_agent) by extension 'ignore_ament_install'
[0.413s] Level 1:colcon.colcon_core.package_identification:_identify(carla-ros-bridge/carla_ad_agent) by extensions ['colcon_pkg']
[0.413s] Level 1:colcon.colcon_core.package_identification:_identify(carla-ros-bridge/carla_ad_agent) by extension 'colcon_pkg'
[0.413s] Level 1:colcon.colcon_core.package_identification:_identify(carla-ros-bridge/carla_ad_agent) by extensions ['colcon_meta']
[0.413s] Level 1:colcon.colcon_core.package_identification:_identify(carla-ros-bridge/carla_ad_agent) by extension 'colcon_meta'
[0.413s] Level 1:colcon.colcon_core.package_identification:_identify(carla-ros-bridge/carla_ad_agent) by extensions ['ros']
[0.414s] Level 1:colcon.colcon_core.package_identification:_identify(carla-ros-bridge/carla_ad_agent) by extension 'ros'
[0.417s] DEBUG:colcon.colcon_core.package_identification:Package 'carla-ros-bridge/carla_ad_agent' with type 'ros.ament_python' and name 'carla_ad_agent'
[0.418s] Level 1:colcon.colcon_core.package_identification:_identify(carla-ros-bridge/carla_ad_demo) by extensions ['ignore', 'ignore_ament_install']
[0.418s] Level 1:colcon.colcon_core.package_identification:_identify(carla-ros-bridge/carla_ad_demo) by extension 'ignore'
[0.418s] Level 1:colcon.colcon_core.package_identification:_identify(carla-ros-bridge/carla_ad_demo) by extension 'ignore_ament_install'
[0.418s] Level 1:colcon.colcon_core.package_identification:_identify(carla-ros-bridge/carla_ad_demo) by extensions ['colcon_pkg']
[0.418s] Level 1:colcon.colcon_core.package_identification:_identify(carla-ros-bridge/carla_ad_demo) by extension 'colcon_pkg'
[0.418s] Level 1:colcon.colcon_core.package_identification:_identify(carla-ros-bridge/carla_ad_demo) by extensions ['colcon_meta']
[0.418s] Level 1:colcon.colcon_core.package_identification:_identify(carla-ros-bridge/carla_ad_demo) by extension 'colcon_meta'
[0.419s] Level 1:colcon.colcon_core.package_identification:_identify(carla-ros-bridge/carla_ad_demo) by extensions ['ros']
[0.419s] Level 1:colcon.colcon_core.package_identification:_identify(carla-ros-bridge/carla_ad_demo) by extension 'ros'
[0.421s] DEBUG:colcon.colcon_core.package_identification:Package 'carla-ros-bridge/carla_ad_demo' with type 'ros.ament_cmake' and name 'carla_ad_demo'
[0.421s] Level 1:colcon.colcon_core.package_identification:_identify(carla-ros-bridge/carla_common) by extensions ['ignore', 'ignore_ament_install']
[0.421s] Level 1:colcon.colcon_core.package_identification:_identify(carla-ros-bridge/carla_common) by extension 'ignore'
[0.421s] Level 1:colcon.colcon_core.package_identification:_identify(carla-ros-bridge/carla_common) by extension 'ignore_ament_install'
[0.421s] Level 1:colcon.colcon_core.package_identification:_identify(carla-ros-bridge/carla_common) by extensions ['colcon_pkg']
[0.421s] Level 1:colcon.colcon_core.package_identification:_identify(carla-ros-bridge/carla_common) by extension 'colcon_pkg'
[0.421s] Level 1:colcon.colcon_core.package_identification:_identify(carla-ros-bridge/carla_common) by extensions ['colcon_meta']
[0.421s] Level 1:colcon.colcon_core.package_identification:_identify(carla-ros-bridge/carla_common) by extension 'colcon_meta'
[0.421s] Level 1:colcon.colcon_core.package_identification:_identify(carla-ros-bridge/carla_common) by extensions ['ros']
[0.421s] Level 1:colcon.colcon_core.package_identification:_identify(carla-ros-bridge/carla_common) by extension 'ros'
[0.422s] DEBUG:colcon.colcon_core.package_identification:Package 'carla-ros-bridge/carla_common' with type 'ros.ament_python' and name 'carla_common'
[0.423s] Level 1:colcon.colcon_core.package_identification:_identify(carla-ros-bridge/carla_manual_control) by extensions ['ignore', 'ignore_ament_install']
[0.423s] Level 1:colcon.colcon_core.package_identification:_identify(carla-ros-bridge/carla_manual_control) by extension 'ignore'
[0.423s] Level 1:colcon.colcon_core.package_identification:_identify(carla-ros-bridge/carla_manual_control) by extension 'ignore_ament_install'
[0.423s] Level 1:colcon.colcon_core.package_identification:_identify(carla-ros-bridge/carla_manual_control) by extensions ['colcon_pkg']
[0.423s] Level 1:colcon.colcon_core.package_identification:_identify(carla-ros-bridge/carla_manual_control) by extension 'colcon_pkg'
[0.423s] Level 1:colcon.colcon_core.package_identification:_identify(carla-ros-bridge/carla_manual_control) by extensions ['colcon_meta']
[0.423s] Level 1:colcon.colcon_core.package_identification:_identify(carla-ros-bridge/carla_manual_control) by extension 'colcon_meta'
[0.423s] Level 1:colcon.colcon_core.package_identification:_identify(carla-ros-bridge/carla_manual_control) by extensions ['ros']
[0.423s] Level 1:colcon.colcon_core.package_identification:_identify(carla-ros-bridge/carla_manual_control) by extension 'ros'
[0.425s] DEBUG:colcon.colcon_core.package_identification:Package 'carla-ros-bridge/carla_manual_control' with type 'ros.ament_python' and name 'carla_manual_control'
[0.425s] Level 1:colcon.colcon_core.package_identification:_identify(carla-ros-bridge/carla_msgs) by extensions ['ignore', 'ignore_ament_install']
[0.425s] Level 1:colcon.colcon_core.package_identification:_identify(carla-ros-bridge/carla_msgs) by extension 'ignore'
[0.425s] Level 1:colcon.colcon_core.package_identification:_identify(carla-ros-bridge/carla_msgs) by extension 'ignore_ament_install'
[0.425s] Level 1:colcon.colcon_core.package_identification:_identify(carla-ros-bridge/carla_msgs) by extensions ['colcon_pkg']
[0.425s] Level 1:colcon.colcon_core.package_identification:_identify(carla-ros-bridge/carla_msgs) by extension 'colcon_pkg'
[0.426s] Level 1:colcon.colcon_core.package_identification:_identify(carla-ros-bridge/carla_msgs) by extensions ['colcon_meta']
[0.426s] Level 1:colcon.colcon_core.package_identification:_identify(carla-ros-bridge/carla_msgs) by extension 'colcon_meta'
[0.426s] Level 1:colcon.colcon_core.package_identification:_identify(carla-ros-bridge/carla_msgs) by extensions ['ros']
[0.426s] Level 1:colcon.colcon_core.package_identification:_identify(carla-ros-bridge/carla_msgs) by extension 'ros'
[0.429s] DEBUG:colcon.colcon_core.package_identification:Package 'carla-ros-bridge/carla_msgs' with type 'ros.ament_cmake' and name 'carla_msgs'
[0.429s] Level 1:colcon.colcon_core.package_identification:_identify(carla-ros-bridge/carla_ros_bridge) by extensions ['ignore', 'ignore_ament_install']
[0.429s] Level 1:colcon.colcon_core.package_identification:_identify(carla-ros-bridge/carla_ros_bridge) by extension 'ignore'
[0.429s] Level 1:colcon.colcon_core.package_identification:_identify(carla-ros-bridge/carla_ros_bridge) by extension 'ignore_ament_install'
[0.429s] Level 1:colcon.colcon_core.package_identification:_identify(carla-ros-bridge/carla_ros_bridge) by extensions ['colcon_pkg']
[0.429s] Level 1:colcon.colcon_core.package_identification:_identify(carla-ros-bridge/carla_ros_bridge) by extension 'colcon_pkg'
[0.429s] Level 1:colcon.colcon_core.package_identification:_identify(carla-ros-bridge/carla_ros_bridge) by extensions ['colcon_meta']
[0.429s] Level 1:colcon.colcon_core.package_identification:_identify(carla-ros-bridge/carla_ros_bridge) by extension 'colcon_meta'
[0.429s] Level 1:colcon.colcon_core.package_identification:_identify(carla-ros-bridge/carla_ros_bridge) by extensions ['ros']
[0.429s] Level 1:colcon.colcon_core.package_identification:_identify(carla-ros-bridge/carla_ros_bridge) by extension 'ros'
[0.432s] DEBUG:colcon.colcon_core.package_identification:Package 'carla-ros-bridge/carla_ros_bridge' with type 'ros.ament_python' and name 'carla_ros_bridge'
[0.432s] Level 1:colcon.colcon_core.package_identification:_identify(carla-ros-bridge/carla_ros_scenario_runner) by extensions ['ignore', 'ignore_ament_install']
[0.432s] Level 1:colcon.colcon_core.package_identification:_identify(carla-ros-bridge/carla_ros_scenario_runner) by extension 'ignore'
[0.432s] Level 1:colcon.colcon_core.package_identification:_identify(carla-ros-bridge/carla_ros_scenario_runner) by extension 'ignore_ament_install'
[0.432s] Level 1:colcon.colcon_core.package_identification:_identify(carla-ros-bridge/carla_ros_scenario_runner) by extensions ['colcon_pkg']
[0.432s] Level 1:colcon.colcon_core.package_identification:_identify(carla-ros-bridge/carla_ros_scenario_runner) by extension 'colcon_pkg'
[0.432s] Level 1:colcon.colcon_core.package_identification:_identify(carla-ros-bridge/carla_ros_scenario_runner) by extensions ['colcon_meta']
[0.432s] Level 1:colcon.colcon_core.package_identification:_identify(carla-ros-bridge/carla_ros_scenario_runner) by extension 'colcon_meta'
[0.432s] Level 1:colcon.colcon_core.package_identification:_identify(carla-ros-bridge/carla_ros_scenario_runner) by extensions ['ros']
[0.432s] Level 1:colcon.colcon_core.package_identification:_identify(carla-ros-bridge/carla_ros_scenario_runner) by extension 'ros'
[0.434s] DEBUG:colcon.colcon_core.package_identification:Package 'carla-ros-bridge/carla_ros_scenario_runner' with type 'ros.ament_python' and name 'carla_ros_scenario_runner'
[0.435s] Level 1:colcon.colcon_core.package_identification:_identify(carla-ros-bridge/carla_ros_scenario_runner_types) by extensions ['ignore', 'ignore_ament_install']
[0.435s] Level 1:colcon.colcon_core.package_identification:_identify(carla-ros-bridge/carla_ros_scenario_runner_types) by extension 'ignore'
[0.435s] Level 1:colcon.colcon_core.package_identification:_identify(carla-ros-bridge/carla_ros_scenario_runner_types) by extension 'ignore_ament_install'
[0.435s] Level 1:colcon.colcon_core.package_identification:_identify(carla-ros-bridge/carla_ros_scenario_runner_types) by extensions ['colcon_pkg']
[0.435s] Level 1:colcon.colcon_core.package_identification:_identify(carla-ros-bridge/carla_ros_scenario_runner_types) by extension 'colcon_pkg'
[0.435s] Level 1:colcon.colcon_core.package_identification:_identify(carla-ros-bridge/carla_ros_scenario_runner_types) by extensions ['colcon_meta']
[0.435s] Level 1:colcon.colcon_core.package_identification:_identify(carla-ros-bridge/carla_ros_scenario_runner_types) by extension 'colcon_meta'
[0.435s] Level 1:colcon.colcon_core.package_identification:_identify(carla-ros-bridge/carla_ros_scenario_runner_types) by extensions ['ros']
[0.435s] Level 1:colcon.colcon_core.package_identification:_identify(carla-ros-bridge/carla_ros_scenario_runner_types) by extension 'ros'
[0.437s] DEBUG:colcon.colcon_core.package_identification:Package 'carla-ros-bridge/carla_ros_scenario_runner_types' with type 'ros.ament_cmake' and name 'carla_ros_scenario_runner_types'
[0.438s] Level 1:colcon.colcon_core.package_identification:_identify(carla-ros-bridge/carla_spawn_objects) by extensions ['ignore', 'ignore_ament_install']
[0.438s] Level 1:colcon.colcon_core.package_identification:_identify(carla-ros-bridge/carla_spawn_objects) by extension 'ignore'
[0.438s] Level 1:colcon.colcon_core.package_identification:_identify(carla-ros-bridge/carla_spawn_objects) by extension 'ignore_ament_install'
[0.438s] Level 1:colcon.colcon_core.package_identification:_identify(carla-ros-bridge/carla_spawn_objects) by extensions ['colcon_pkg']
[0.438s] Level 1:colcon.colcon_core.package_identification:_identify(carla-ros-bridge/carla_spawn_objects) by extension 'colcon_pkg'
[0.438s] Level 1:colcon.colcon_core.package_identification:_identify(carla-ros-bridge/carla_spawn_objects) by extensions ['colcon_meta']
[0.438s] Level 1:colcon.colcon_core.package_identification:_identify(carla-ros-bridge/carla_spawn_objects) by extension 'colcon_meta'
[0.438s] Level 1:colcon.colcon_core.package_identification:_identify(carla-ros-bridge/carla_spawn_objects) by extensions ['ros']
[0.438s] Level 1:colcon.colcon_core.package_identification:_identify(carla-ros-bridge/carla_spawn_objects) by extension 'ros'
[0.441s] DEBUG:colcon.colcon_core.package_identification:Package 'carla-ros-bridge/carla_spawn_objects' with type 'ros.ament_python' and name 'carla_spawn_objects'
[0.441s] Level 1:colcon.colcon_core.package_identification:_identify(carla-ros-bridge/carla_twist_to_control) by extensions ['ignore', 'ignore_ament_install']
[0.441s] Level 1:colcon.colcon_core.package_identification:_identify(carla-ros-bridge/carla_twist_to_control) by extension 'ignore'
[0.441s] Level 1:colcon.colcon_core.package_identification:_identify(carla-ros-bridge/carla_twist_to_control) by extension 'ignore_ament_install'
[0.441s] Level 1:colcon.colcon_core.package_identification:_identify(carla-ros-bridge/carla_twist_to_control) by extensions ['colcon_pkg']
[0.441s] Level 1:colcon.colcon_core.package_identification:_identify(carla-ros-bridge/carla_twist_to_control) by extension 'colcon_pkg'
[0.441s] Level 1:colcon.colcon_core.package_identification:_identify(carla-ros-bridge/carla_twist_to_control) by extensions ['colcon_meta']
[0.442s] Level 1:colcon.colcon_core.package_identification:_identify(carla-ros-bridge/carla_twist_to_control) by extension 'colcon_meta'
[0.442s] Level 1:colcon.colcon_core.package_identification:_identify(carla-ros-bridge/carla_twist_to_control) by extensions ['ros']
[0.442s] Level 1:colcon.colcon_core.package_identification:_identify(carla-ros-bridge/carla_twist_to_control) by extension 'ros'
[0.444s] DEBUG:colcon.colcon_core.package_identification:Package 'carla-ros-bridge/carla_twist_to_control' with type 'ros.ament_python' and name 'carla_twist_to_control'
[0.444s] Level 1:colcon.colcon_core.package_identification:_identify(carla-ros-bridge/carla_walker_agent) by extensions ['ignore', 'ignore_ament_install']
[0.444s] Level 1:colcon.colcon_core.package_identification:_identify(carla-ros-bridge/carla_walker_agent) by extension 'ignore'
[0.444s] Level 1:colcon.colcon_core.package_identification:_identify(carla-ros-bridge/carla_walker_agent) by extension 'ignore_ament_install'
[0.444s] Level 1:colcon.colcon_core.package_identification:_identify(carla-ros-bridge/carla_walker_agent) by extensions ['colcon_pkg']
[0.444s] Level 1:colcon.colcon_core.package_identification:_identify(carla-ros-bridge/carla_walker_agent) by extension 'colcon_pkg'
[0.444s] Level 1:colcon.colcon_core.package_identification:_identify(carla-ros-bridge/carla_walker_agent) by extensions ['colcon_meta']
[0.444s] Level 1:colcon.colcon_core.package_identification:_identify(carla-ros-bridge/carla_walker_agent) by extension 'colcon_meta'
[0.444s] Level 1:colcon.colcon_core.package_identification:_identify(carla-ros-bridge/carla_walker_agent) by extensions ['ros']
[0.444s] Level 1:colcon.colcon_core.package_identification:_identify(carla-ros-bridge/carla_walker_agent) by extension 'ros'
[0.446s] DEBUG:colcon.colcon_core.package_identification:Package 'carla-ros-bridge/carla_walker_agent' with type 'ros.ament_python' and name 'carla_walker_agent'
[0.446s] Level 1:colcon.colcon_core.package_identification:_identify(carla-ros-bridge/carla_waypoint_publisher) by extensions ['ignore', 'ignore_ament_install']
[0.447s] Level 1:colcon.colcon_core.package_identification:_identify(carla-ros-bridge/carla_waypoint_publisher) by extension 'ignore'
[0.447s] Level 1:colcon.colcon_core.package_identification:_identify(carla-ros-bridge/carla_waypoint_publisher) by extension 'ignore_ament_install'
[0.447s] Level 1:colcon.colcon_core.package_identification:_identify(carla-ros-bridge/carla_waypoint_publisher) by extensions ['colcon_pkg']
[0.447s] Level 1:colcon.colcon_core.package_identification:_identify(carla-ros-bridge/carla_waypoint_publisher) by extension 'colcon_pkg'
[0.447s] Level 1:colcon.colcon_core.package_identification:_identify(carla-ros-bridge/carla_waypoint_publisher) by extensions ['colcon_meta']
[0.447s] Level 1:colcon.colcon_core.package_identification:_identify(carla-ros-bridge/carla_waypoint_publisher) by extension 'colcon_meta'
[0.447s] Level 1:colcon.colcon_core.package_identification:_identify(carla-ros-bridge/carla_waypoint_publisher) by extensions ['ros']
[0.447s] Level 1:colcon.colcon_core.package_identification:_identify(carla-ros-bridge/carla_waypoint_publisher) by extension 'ros'
[0.449s] DEBUG:colcon.colcon_core.package_identification:Package 'carla-ros-bridge/carla_waypoint_publisher' with type 'ros.ament_python' and name 'carla_waypoint_publisher'
[0.449s] Level 1:colcon.colcon_core.package_identification:_identify(carla-ros-bridge/carla_waypoint_types) by extensions ['ignore', 'ignore_ament_install']
[0.449s] Level 1:colcon.colcon_core.package_identification:_identify(carla-ros-bridge/carla_waypoint_types) by extension 'ignore'
[0.449s] Level 1:colcon.colcon_core.package_identification:_identify(carla-ros-bridge/carla_waypoint_types) by extension 'ignore_ament_install'
[0.449s] Level 1:colcon.colcon_core.package_identification:_identify(carla-ros-bridge/carla_waypoint_types) by extensions ['colcon_pkg']
[0.449s] Level 1:colcon.colcon_core.package_identification:_identify(carla-ros-bridge/carla_waypoint_types) by extension 'colcon_pkg'
[0.449s] Level 1:colcon.colcon_core.package_identification:_identify(carla-ros-bridge/carla_waypoint_types) by extensions ['colcon_meta']
[0.449s] Level 1:colcon.colcon_core.package_identification:_identify(carla-ros-bridge/carla_waypoint_types) by extension 'colcon_meta'
[0.449s] Level 1:colcon.colcon_core.package_identification:_identify(carla-ros-bridge/carla_waypoint_types) by extensions ['ros']
[0.449s] Level 1:colcon.colcon_core.package_identification:_identify(carla-ros-bridge/carla_waypoint_types) by extension 'ros'
[0.453s] DEBUG:colcon.colcon_core.package_identification:Package 'carla-ros-bridge/carla_waypoint_types' with type 'ros.ament_cmake' and name 'carla_waypoint_types'
[0.453s] Level 1:colcon.colcon_core.package_identification:_identify(carla-ros-bridge/docker) by extensions ['ignore', 'ignore_ament_install']
[0.453s] Level 1:colcon.colcon_core.package_identification:_identify(carla-ros-bridge/docker) by extension 'ignore'
[0.453s] Level 1:colcon.colcon_core.package_identification:_identify(carla-ros-bridge/docker) by extension 'ignore_ament_install'
[0.453s] Level 1:colcon.colcon_core.package_identification:_identify(carla-ros-bridge/docker) by extensions ['colcon_pkg']
[0.453s] Level 1:colcon.colcon_core.package_identification:_identify(carla-ros-bridge/docker) by extension 'colcon_pkg'
[0.453s] Level 1:colcon.colcon_core.package_identification:_identify(carla-ros-bridge/docker) by extensions ['colcon_meta']
[0.453s] Level 1:colcon.colcon_core.package_identification:_identify(carla-ros-bridge/docker) by extension 'colcon_meta'
[0.453s] Level 1:colcon.colcon_core.package_identification:_identify(carla-ros-bridge/docker) by extensions ['ros']
[0.453s] Level 1:colcon.colcon_core.package_identification:_identify(carla-ros-bridge/docker) by extension 'ros'
[0.453s] Level 1:colcon.colcon_core.package_identification:_identify(carla-ros-bridge/docker) by extensions ['cmake', 'python']
[0.453s] Level 1:colcon.colcon_core.package_identification:_identify(carla-ros-bridge/docker) by extension 'cmake'
[0.453s] Level 1:colcon.colcon_core.package_identification:_identify(carla-ros-bridge/docker) by extension 'python'
[0.454s] Level 1:colcon.colcon_core.package_identification:_identify(carla-ros-bridge/docker) by extensions ['python_setup_py']
[0.454s] Level 1:colcon.colcon_core.package_identification:_identify(carla-ros-bridge/docker) by extension 'python_setup_py'
[0.454s] Level 1:colcon.colcon_core.package_identification:_identify(carla-ros-bridge/docker/content) by extensions ['ignore', 'ignore_ament_install']
[0.454s] Level 1:colcon.colcon_core.package_identification:_identify(carla-ros-bridge/docker/content) by extension 'ignore'
[0.454s] Level 1:colcon.colcon_core.package_identification:_identify(carla-ros-bridge/docker/content) by extension 'ignore_ament_install'
[0.454s] Level 1:colcon.colcon_core.package_identification:_identify(carla-ros-bridge/docker/content) by extensions ['colcon_pkg']
[0.454s] Level 1:colcon.colcon_core.package_identification:_identify(carla-ros-bridge/docker/content) by extension 'colcon_pkg'
[0.454s] Level 1:colcon.colcon_core.package_identification:_identify(carla-ros-bridge/docker/content) by extensions ['colcon_meta']
[0.454s] Level 1:colcon.colcon_core.package_identification:_identify(carla-ros-bridge/docker/content) by extension 'colcon_meta'
[0.454s] Level 1:colcon.colcon_core.package_identification:_identify(carla-ros-bridge/docker/content) by extensions ['ros']
[0.454s] Level 1:colcon.colcon_core.package_identification:_identify(carla-ros-bridge/docker/content) by extension 'ros'
[0.454s] Level 1:colcon.colcon_core.package_identification:_identify(carla-ros-bridge/docker/content) by extensions ['cmake', 'python']
[0.454s] Level 1:colcon.colcon_core.package_identification:_identify(carla-ros-bridge/docker/content) by extension 'cmake'
[0.454s] Level 1:colcon.colcon_core.package_identification:_identify(carla-ros-bridge/docker/content) by extension 'python'
[0.454s] Level 1:colcon.colcon_core.package_identification:_identify(carla-ros-bridge/docker/content) by extensions ['python_setup_py']
[0.454s] Level 1:colcon.colcon_core.package_identification:_identify(carla-ros-bridge/docker/content) by extension 'python_setup_py'
[0.454s] Level 1:colcon.colcon_core.package_identification:_identify(carla-ros-bridge/docs) by extensions ['ignore', 'ignore_ament_install']
[0.454s] Level 1:colcon.colcon_core.package_identification:_identify(carla-ros-bridge/docs) by extension 'ignore'
[0.454s] Level 1:colcon.colcon_core.package_identification:_identify(carla-ros-bridge/docs) by extension 'ignore_ament_install'
[0.455s] Level 1:colcon.colcon_core.package_identification:_identify(carla-ros-bridge/docs) by extensions ['colcon_pkg']
[0.455s] Level 1:colcon.colcon_core.package_identification:_identify(carla-ros-bridge/docs) by extension 'colcon_pkg'
[0.455s] Level 1:colcon.colcon_core.package_identification:_identify(carla-ros-bridge/docs) by extensions ['colcon_meta']
[0.455s] Level 1:colcon.colcon_core.package_identification:_identify(carla-ros-bridge/docs) by extension 'colcon_meta'
[0.455s] Level 1:colcon.colcon_core.package_identification:_identify(carla-ros-bridge/docs) by extensions ['ros']
[0.455s] Level 1:colcon.colcon_core.package_identification:_identify(carla-ros-bridge/docs) by extension 'ros'
[0.455s] Level 1:colcon.colcon_core.package_identification:_identify(carla-ros-bridge/docs) by extensions ['cmake', 'python']
[0.455s] Level 1:colcon.colcon_core.package_identification:_identify(carla-ros-bridge/docs) by extension 'cmake'
[0.455s] Level 1:colcon.colcon_core.package_identification:_identify(carla-ros-bridge/docs) by extension 'python'
[0.455s] Level 1:colcon.colcon_core.package_identification:_identify(carla-ros-bridge/docs) by extensions ['python_setup_py']
[0.455s] Level 1:colcon.colcon_core.package_identification:_identify(carla-ros-bridge/docs) by extension 'python_setup_py'
[0.455s] Level 1:colcon.colcon_core.package_identification:_identify(carla-ros-bridge/docs/images) by extensions ['ignore', 'ignore_ament_install']
[0.455s] Level 1:colcon.colcon_core.package_identification:_identify(carla-ros-bridge/docs/images) by extension 'ignore'
[0.455s] Level 1:colcon.colcon_core.package_identification:_identify(carla-ros-bridge/docs/images) by extension 'ignore_ament_install'
[0.455s] Level 1:colcon.colcon_core.package_identification:_identify(carla-ros-bridge/docs/images) by extensions ['colcon_pkg']
[0.455s] Level 1:colcon.colcon_core.package_identification:_identify(carla-ros-bridge/docs/images) by extension 'colcon_pkg'
[0.455s] Level 1:colcon.colcon_core.package_identification:_identify(carla-ros-bridge/docs/images) by extensions ['colcon_meta']
[0.455s] Level 1:colcon.colcon_core.package_identification:_identify(carla-ros-bridge/docs/images) by extension 'colcon_meta'
[0.455s] Level 1:colcon.colcon_core.package_identification:_identify(carla-ros-bridge/docs/images) by extensions ['ros']
[0.455s] Level 1:colcon.colcon_core.package_identification:_identify(carla-ros-bridge/docs/images) by extension 'ros'
[0.455s] Level 1:colcon.colcon_core.package_identification:_identify(carla-ros-bridge/docs/images) by extensions ['cmake', 'python']
[0.456s] Level 1:colcon.colcon_core.package_identification:_identify(carla-ros-bridge/docs/images) by extension 'cmake'
[0.456s] Level 1:colcon.colcon_core.package_identification:_identify(carla-ros-bridge/docs/images) by extension 'python'
[0.456s] Level 1:colcon.colcon_core.package_identification:_identify(carla-ros-bridge/docs/images) by extensions ['python_setup_py']
[0.456s] Level 1:colcon.colcon_core.package_identification:_identify(carla-ros-bridge/docs/images) by extension 'python_setup_py'
[0.456s] Level 1:colcon.colcon_core.package_identification:_identify(carla-ros-bridge/packaging) by extensions ['ignore', 'ignore_ament_install']
[0.456s] Level 1:colcon.colcon_core.package_identification:_identify(carla-ros-bridge/packaging) by extension 'ignore'
[0.456s] Level 1:colcon.colcon_core.package_identification:_identify(carla-ros-bridge/packaging) by extension 'ignore_ament_install'
[0.456s] Level 1:colcon.colcon_core.package_identification:_identify(carla-ros-bridge/packaging) by extensions ['colcon_pkg']
[0.456s] Level 1:colcon.colcon_core.package_identification:_identify(carla-ros-bridge/packaging) by extension 'colcon_pkg'
[0.456s] Level 1:colcon.colcon_core.package_identification:_identify(carla-ros-bridge/packaging) by extensions ['colcon_meta']
[0.456s] Level 1:colcon.colcon_core.package_identification:_identify(carla-ros-bridge/packaging) by extension 'colcon_meta'
[0.456s] Level 1:colcon.colcon_core.package_identification:_identify(carla-ros-bridge/packaging) by extensions ['ros']
[0.456s] Level 1:colcon.colcon_core.package_identification:_identify(carla-ros-bridge/packaging) by extension 'ros'
[0.456s] Level 1:colcon.colcon_core.package_identification:_identify(carla-ros-bridge/packaging) by extensions ['cmake', 'python']
[0.456s] Level 1:colcon.colcon_core.package_identification:_identify(carla-ros-bridge/packaging) by extension 'cmake'
[0.456s] Level 1:colcon.colcon_core.package_identification:_identify(carla-ros-bridge/packaging) by extension 'python'
[0.456s] Level 1:colcon.colcon_core.package_identification:_identify(carla-ros-bridge/packaging) by extensions ['python_setup_py']
[0.456s] Level 1:colcon.colcon_core.package_identification:_identify(carla-ros-bridge/packaging) by extension 'python_setup_py'
[0.457s] Level 1:colcon.colcon_core.package_identification:_identify(carla-ros-bridge/packaging/debian) by extensions ['ignore', 'ignore_ament_install']
[0.457s] Level 1:colcon.colcon_core.package_identification:_identify(carla-ros-bridge/packaging/debian) by extension 'ignore'
[0.457s] Level 1:colcon.colcon_core.package_identification:_identify(carla-ros-bridge/packaging/debian) by extension 'ignore_ament_install'
[0.457s] Level 1:colcon.colcon_core.package_identification:_identify(carla-ros-bridge/packaging/debian) by extensions ['colcon_pkg']
[0.457s] Level 1:colcon.colcon_core.package_identification:_identify(carla-ros-bridge/packaging/debian) by extension 'colcon_pkg'
[0.457s] Level 1:colcon.colcon_core.package_identification:_identify(carla-ros-bridge/packaging/debian) by extensions ['colcon_meta']
[0.457s] Level 1:colcon.colcon_core.package_identification:_identify(carla-ros-bridge/packaging/debian) by extension 'colcon_meta'
[0.457s] Level 1:colcon.colcon_core.package_identification:_identify(carla-ros-bridge/packaging/debian) by extensions ['ros']
[0.457s] Level 1:colcon.colcon_core.package_identification:_identify(carla-ros-bridge/packaging/debian) by extension 'ros'
[0.457s] Level 1:colcon.colcon_core.package_identification:_identify(carla-ros-bridge/packaging/debian) by extensions ['cmake', 'python']
[0.457s] Level 1:colcon.colcon_core.package_identification:_identify(carla-ros-bridge/packaging/debian) by extension 'cmake'
[0.457s] Level 1:colcon.colcon_core.package_identification:_identify(carla-ros-bridge/packaging/debian) by extension 'python'
[0.457s] Level 1:colcon.colcon_core.package_identification:_identify(carla-ros-bridge/packaging/debian) by extensions ['python_setup_py']
[0.457s] Level 1:colcon.colcon_core.package_identification:_identify(carla-ros-bridge/packaging/debian) by extension 'python_setup_py'
[0.457s] Level 1:colcon.colcon_core.package_identification:_identify(carla-ros-bridge/packaging/debian/source) by extensions ['ignore', 'ignore_ament_install']
[0.457s] Level 1:colcon.colcon_core.package_identification:_identify(carla-ros-bridge/packaging/debian/source) by extension 'ignore'
[0.457s] Level 1:colcon.colcon_core.package_identification:_identify(carla-ros-bridge/packaging/debian/source) by extension 'ignore_ament_install'
[0.457s] Level 1:colcon.colcon_core.package_identification:_identify(carla-ros-bridge/packaging/debian/source) by extensions ['colcon_pkg']
[0.457s] Level 1:colcon.colcon_core.package_identification:_identify(carla-ros-bridge/packaging/debian/source) by extension 'colcon_pkg'
[0.457s] Level 1:colcon.colcon_core.package_identification:_identify(carla-ros-bridge/packaging/debian/source) by extensions ['colcon_meta']
[0.458s] Level 1:colcon.colcon_core.package_identification:_identify(carla-ros-bridge/packaging/debian/source) by extension 'colcon_meta'
[0.458s] Level 1:colcon.colcon_core.package_identification:_identify(carla-ros-bridge/packaging/debian/source) by extensions ['ros']
[0.458s] Level 1:colcon.colcon_core.package_identification:_identify(carla-ros-bridge/packaging/debian/source) by extension 'ros'
[0.458s] Level 1:colcon.colcon_core.package_identification:_identify(carla-ros-bridge/packaging/debian/source) by extensions ['cmake', 'python']
[0.458s] Level 1:colcon.colcon_core.package_identification:_identify(carla-ros-bridge/packaging/debian/source) by extension 'cmake'
[0.458s] Level 1:colcon.colcon_core.package_identification:_identify(carla-ros-bridge/packaging/debian/source) by extension 'python'
[0.458s] Level 1:colcon.colcon_core.package_identification:_identify(carla-ros-bridge/packaging/debian/source) by extensions ['python_setup_py']
[0.458s] Level 1:colcon.colcon_core.package_identification:_identify(carla-ros-bridge/packaging/debian/source) by extension 'python_setup_py'
[0.458s] Level 1:colcon.colcon_core.package_identification:_identify(carla-ros-bridge/pcl_recorder) by extensions ['ignore', 'ignore_ament_install']
[0.458s] Level 1:colcon.colcon_core.package_identification:_identify(carla-ros-bridge/pcl_recorder) by extension 'ignore'
[0.458s] Level 1:colcon.colcon_core.package_identification:_identify(carla-ros-bridge/pcl_recorder) by extension 'ignore_ament_install'
[0.458s] Level 1:colcon.colcon_core.package_identification:_identify(carla-ros-bridge/pcl_recorder) by extensions ['colcon_pkg']
[0.458s] Level 1:colcon.colcon_core.package_identification:_identify(carla-ros-bridge/pcl_recorder) by extension 'colcon_pkg'
[0.458s] Level 1:colcon.colcon_core.package_identification:_identify(carla-ros-bridge/pcl_recorder) by extensions ['colcon_meta']
[0.458s] Level 1:colcon.colcon_core.package_identification:_identify(carla-ros-bridge/pcl_recorder) by extension 'colcon_meta'
[0.458s] Level 1:colcon.colcon_core.package_identification:_identify(carla-ros-bridge/pcl_recorder) by extensions ['ros']
[0.458s] Level 1:colcon.colcon_core.package_identification:_identify(carla-ros-bridge/pcl_recorder) by extension 'ros'
[0.462s] DEBUG:colcon.colcon_core.package_identification:Package 'carla-ros-bridge/pcl_recorder' with type 'ros.ament_cmake' and name 'pcl_recorder'
[0.463s] Level 1:colcon.colcon_core.package_identification:_identify(carla-ros-bridge/ros_compatibility) by extensions ['ignore', 'ignore_ament_install']
[0.463s] Level 1:colcon.colcon_core.package_identification:_identify(carla-ros-bridge/ros_compatibility) by extension 'ignore'
[0.463s] Level 1:colcon.colcon_core.package_identification:_identify(carla-ros-bridge/ros_compatibility) by extension 'ignore_ament_install'
[0.463s] Level 1:colcon.colcon_core.package_identification:_identify(carla-ros-bridge/ros_compatibility) by extensions ['colcon_pkg']
[0.463s] Level 1:colcon.colcon_core.package_identification:_identify(carla-ros-bridge/ros_compatibility) by extension 'colcon_pkg'
[0.463s] Level 1:colcon.colcon_core.package_identification:_identify(carla-ros-bridge/ros_compatibility) by extensions ['colcon_meta']
[0.463s] Level 1:colcon.colcon_core.package_identification:_identify(carla-ros-bridge/ros_compatibility) by extension 'colcon_meta'
[0.463s] Level 1:colcon.colcon_core.package_identification:_identify(carla-ros-bridge/ros_compatibility) by extensions ['ros']
[0.463s] Level 1:colcon.colcon_core.package_identification:_identify(carla-ros-bridge/ros_compatibility) by extension 'ros'
[0.466s] DEBUG:colcon.colcon_core.package_identification:Package 'carla-ros-bridge/ros_compatibility' with type 'ros.ament_python' and name 'ros_compatibility'
[0.466s] Level 1:colcon.colcon_core.package_identification:_identify(carla-ros-bridge/rqt_carla_control) by extensions ['ignore', 'ignore_ament_install']
[0.466s] Level 1:colcon.colcon_core.package_identification:_identify(carla-ros-bridge/rqt_carla_control) by extension 'ignore'
[0.466s] Level 1:colcon.colcon_core.package_identification:_identify(carla-ros-bridge/rqt_carla_control) by extension 'ignore_ament_install'
[0.466s] Level 1:colcon.colcon_core.package_identification:_identify(carla-ros-bridge/rqt_carla_control) by extensions ['colcon_pkg']
[0.466s] Level 1:colcon.colcon_core.package_identification:_identify(carla-ros-bridge/rqt_carla_control) by extension 'colcon_pkg'
[0.466s] Level 1:colcon.colcon_core.package_identification:_identify(carla-ros-bridge/rqt_carla_control) by extensions ['colcon_meta']
[0.466s] Level 1:colcon.colcon_core.package_identification:_identify(carla-ros-bridge/rqt_carla_control) by extension 'colcon_meta'
[0.466s] Level 1:colcon.colcon_core.package_identification:_identify(carla-ros-bridge/rqt_carla_control) by extensions ['ros']
[0.466s] Level 1:colcon.colcon_core.package_identification:_identify(carla-ros-bridge/rqt_carla_control) by extension 'ros'
[0.468s] DEBUG:colcon.colcon_core.package_identification:Package 'carla-ros-bridge/rqt_carla_control' with type 'ros.ament_python' and name 'rqt_carla_control'
[0.468s] Level 1:colcon.colcon_core.package_identification:_identify(carla-ros-bridge/rviz_carla_plugin) by extensions ['ignore', 'ignore_ament_install']
[0.468s] Level 1:colcon.colcon_core.package_identification:_identify(carla-ros-bridge/rviz_carla_plugin) by extension 'ignore'
[0.468s] Level 1:colcon.colcon_core.package_identification:_identify(carla-ros-bridge/rviz_carla_plugin) by extension 'ignore_ament_install'
[0.468s] Level 1:colcon.colcon_core.package_identification:_identify(carla-ros-bridge/rviz_carla_plugin) by extensions ['colcon_pkg']
[0.468s] Level 1:colcon.colcon_core.package_identification:_identify(carla-ros-bridge/rviz_carla_plugin) by extension 'colcon_pkg'
[0.468s] Level 1:colcon.colcon_core.package_identification:_identify(carla-ros-bridge/rviz_carla_plugin) by extensions ['colcon_meta']
[0.468s] Level 1:colcon.colcon_core.package_identification:_identify(carla-ros-bridge/rviz_carla_plugin) by extension 'colcon_meta'
[0.468s] Level 1:colcon.colcon_core.package_identification:_identify(carla-ros-bridge/rviz_carla_plugin) by extensions ['ros']
[0.468s] Level 1:colcon.colcon_core.package_identification:_identify(carla-ros-bridge/rviz_carla_plugin) by extension 'ros'
[0.471s] DEBUG:colcon.colcon_core.package_identification:Package 'carla-ros-bridge/rviz_carla_plugin' with type 'ros.ament_cmake' and name 'rviz_carla_plugin'
[0.471s] Level 1:colcon.colcon_core.package_identification:_identify(carla_interface) by extensions ['ignore', 'ignore_ament_install']
[0.471s] Level 1:colcon.colcon_core.package_identification:_identify(carla_interface) by extension 'ignore'
[0.471s] Level 1:colcon.colcon_core.package_identification:_identify(carla_interface) by extension 'ignore_ament_install'
[0.471s] Level 1:colcon.colcon_core.package_identification:_identify(carla_interface) by extensions ['colcon_pkg']
[0.471s] Level 1:colcon.colcon_core.package_identification:_identify(carla_interface) by extension 'colcon_pkg'
[0.471s] Level 1:colcon.colcon_core.package_identification:_identify(carla_interface) by extensions ['colcon_meta']
[0.471s] Level 1:colcon.colcon_core.package_identification:_identify(carla_interface) by extension 'colcon_meta'
[0.471s] Level 1:colcon.colcon_core.package_identification:_identify(carla_interface) by extensions ['ros']
[0.471s] Level 1:colcon.colcon_core.package_identification:_identify(carla_interface) by extension 'ros'
[0.472s] DEBUG:colcon.colcon_core.package_identification:Package 'carla_interface' with type 'ros.ament_python' and name 'carla_interface'
[0.472s] Level 1:colcon.colcon_core.package_identification:_identify(carla_lidar_mapping) by extensions ['ignore', 'ignore_ament_install']
[0.472s] Level 1:colcon.colcon_core.package_identification:_identify(carla_lidar_mapping) by extension 'ignore'
[0.472s] Level 1:colcon.colcon_core.package_identification:_identify(carla_lidar_mapping) by extension 'ignore_ament_install'
[0.472s] Level 1:colcon.colcon_core.package_identification:_identify(carla_lidar_mapping) by extensions ['colcon_pkg']
[0.472s] Level 1:colcon.colcon_core.package_identification:_identify(carla_lidar_mapping) by extension 'colcon_pkg'
[0.472s] Level 1:colcon.colcon_core.package_identification:_identify(carla_lidar_mapping) by extensions ['colcon_meta']
[0.472s] Level 1:colcon.colcon_core.package_identification:_identify(carla_lidar_mapping) by extension 'colcon_meta'
[0.472s] Level 1:colcon.colcon_core.package_identification:_identify(carla_lidar_mapping) by extensions ['ros']
[0.472s] Level 1:colcon.colcon_core.package_identification:_identify(carla_lidar_mapping) by extension 'ros'
[0.473s] DEBUG:colcon.colcon_core.package_identification:Package 'carla_lidar_mapping' with type 'ros.ament_cmake' and name 'carla_lidar_mapping'
[0.473s] Level 1:colcon.colcon_core.package_identification:_identify(carla_map_visualization) by extensions ['ignore', 'ignore_ament_install']
[0.473s] Level 1:colcon.colcon_core.package_identification:_identify(carla_map_visualization) by extension 'ignore'
[0.473s] Level 1:colcon.colcon_core.package_identification:_identify(carla_map_visualization) by extension 'ignore_ament_install'
[0.473s] Level 1:colcon.colcon_core.package_identification:_identify(carla_map_visualization) by extensions ['colcon_pkg']
[0.473s] Level 1:colcon.colcon_core.package_identification:_identify(carla_map_visualization) by extension 'colcon_pkg'
[0.473s] Level 1:colcon.colcon_core.package_identification:_identify(carla_map_visualization) by extensions ['colcon_meta']
[0.473s] Level 1:colcon.colcon_core.package_identification:_identify(carla_map_visualization) by extension 'colcon_meta'
[0.473s] Level 1:colcon.colcon_core.package_identification:_identify(carla_map_visualization) by extensions ['ros']
[0.473s] Level 1:colcon.colcon_core.package_identification:_identify(carla_map_visualization) by extension 'ros'
[0.474s] DEBUG:colcon.colcon_core.package_identification:Package 'carla_map_visualization' with type 'ros.ament_python' and name 'carla_map_visualization'
[0.474s] Level 1:colcon.colcon_core.package_identification:_identify(install) by extensions ['ignore', 'ignore_ament_install']
[0.474s] Level 1:colcon.colcon_core.package_identification:_identify(install) by extension 'ignore'
[0.474s] Level 1:colcon.colcon_core.package_identification:_identify(install) ignored
[0.474s] Level 1:colcon.colcon_core.package_identification:_identify(log) by extensions ['ignore', 'ignore_ament_install']
[0.474s] Level 1:colcon.colcon_core.package_identification:_identify(log) by extension 'ignore'
[0.474s] Level 1:colcon.colcon_core.package_identification:_identify(log) ignored
[0.474s] Level 1:colcon.colcon_core.package_identification:_identify(rviz_2d_overlay_msgs) by extensions ['ignore', 'ignore_ament_install']
[0.474s] Level 1:colcon.colcon_core.package_identification:_identify(rviz_2d_overlay_msgs) by extension 'ignore'
[0.474s] Level 1:colcon.colcon_core.package_identification:_identify(rviz_2d_overlay_msgs) by extension 'ignore_ament_install'
[0.474s] Level 1:colcon.colcon_core.package_identification:_identify(rviz_2d_overlay_msgs) by extensions ['colcon_pkg']
[0.475s] Level 1:colcon.colcon_core.package_identification:_identify(rviz_2d_overlay_msgs) by extension 'colcon_pkg'
[0.475s] Level 1:colcon.colcon_core.package_identification:_identify(rviz_2d_overlay_msgs) by extensions ['colcon_meta']
[0.475s] Level 1:colcon.colcon_core.package_identification:_identify(rviz_2d_overlay_msgs) by extension 'colcon_meta'
[0.475s] Level 1:colcon.colcon_core.package_identification:_identify(rviz_2d_overlay_msgs) by extensions ['ros']
[0.475s] Level 1:colcon.colcon_core.package_identification:_identify(rviz_2d_overlay_msgs) by extension 'ros'
[0.475s] DEBUG:colcon.colcon_core.package_identification:Package 'rviz_2d_overlay_msgs' with type 'ros.ament_cmake' and name 'rviz_2d_overlay_msgs'
[0.475s] Level 1:colcon.colcon_core.package_identification:_identify(rviz_2d_overlay_plugins) by extensions ['ignore', 'ignore_ament_install']
[0.475s] Level 1:colcon.colcon_core.package_identification:_identify(rviz_2d_overlay_plugins) by extension 'ignore'
[0.475s] Level 1:colcon.colcon_core.package_identification:_identify(rviz_2d_overlay_plugins) by extension 'ignore_ament_install'
[0.475s] Level 1:colcon.colcon_core.package_identification:_identify(rviz_2d_overlay_plugins) by extensions ['colcon_pkg']
[0.475s] Level 1:colcon.colcon_core.package_identification:_identify(rviz_2d_overlay_plugins) by extension 'colcon_pkg'
[0.475s] Level 1:colcon.colcon_core.package_identification:_identify(rviz_2d_overlay_plugins) by extensions ['colcon_meta']
[0.475s] Level 1:colcon.colcon_core.package_identification:_identify(rviz_2d_overlay_plugins) by extension 'colcon_meta'
[0.475s] Level 1:colcon.colcon_core.package_identification:_identify(rviz_2d_overlay_plugins) by extensions ['ros']
[0.475s] Level 1:colcon.colcon_core.package_identification:_identify(rviz_2d_overlay_plugins) by extension 'ros'
[0.476s] DEBUG:colcon.colcon_core.package_identification:Package 'rviz_2d_overlay_plugins' with type 'ros.ament_cmake' and name 'rviz_2d_overlay_plugins'
[0.476s] Level 1:colcon.colcon_core.package_discovery:discover_packages(recursive) using defaults
[0.476s] Level 1:colcon.colcon_core.package_discovery:discover_packages(ignore) discover
[0.476s] Level 1:colcon.colcon_core.package_discovery:discover_packages(ignore) using defaults
[0.476s] Level 1:colcon.colcon_core.package_discovery:discover_packages(path) discover
[0.476s] Level 1:colcon.colcon_core.package_discovery:discover_packages(path) using defaults
[0.499s] INFO:colcon.colcon_core.package_selection:Skipping not selected package 'carla_common' in 'carla-ros-bridge/carla_common'
[0.499s] INFO:colcon.colcon_core.package_selection:Skipping not selected package 'carla_control_display' in 'carla-control-algorithm/carla_control_display'
[0.499s] INFO:colcon.colcon_core.package_selection:Skipping not selected package 'carla_interface' in 'carla_interface'
[0.499s] INFO:colcon.colcon_core.package_selection:Skipping not selected package 'carla_lidar_mapping' in 'carla_lidar_mapping'
[0.499s] INFO:colcon.colcon_core.package_selection:Skipping not selected package 'carla_map_visualization' in 'carla_map_visualization'
[0.499s] INFO:colcon.colcon_core.package_selection:Skipping not selected package 'carla_mpc_control' in 'carla-control-algorithm/carla_mpc_control'
[0.499s] INFO:colcon.colcon_core.package_selection:Skipping not selected package 'carla_msgs' in 'carla-ros-bridge/carla_msgs'
[0.499s] INFO:colcon.colcon_core.package_selection:Skipping not selected package 'carla_ros_scenario_runner_types' in 'carla-ros-bridge/carla_ros_scenario_runner_types'
[0.499s] INFO:colcon.colcon_core.package_selection:Skipping not selected package 'carla_twist_to_control' in 'carla-ros-bridge/carla_twist_to_control'
[0.499s] INFO:colcon.colcon_core.package_selection:Skipping not selected package 'carla_waypoint_types' in 'carla-ros-bridge/carla_waypoint_types'
[0.499s] INFO:colcon.colcon_core.package_selection:Skipping not selected package 'delphi_esr_msgs' in 'carla-ros-bridge/astuff_sensor_msgs/delphi_esr_msgs'
[0.499s] INFO:colcon.colcon_core.package_selection:Skipping not selected package 'delphi_mrr_msgs' in 'carla-ros-bridge/astuff_sensor_msgs/delphi_mrr_msgs'
[0.499s] INFO:colcon.colcon_core.package_selection:Skipping not selected package 'delphi_srr_msgs' in 'carla-ros-bridge/astuff_sensor_msgs/delphi_srr_msgs'
[0.499s] INFO:colcon.colcon_core.package_selection:Skipping not selected package 'derived_object_msgs' in 'carla-ros-bridge/astuff_sensor_msgs/derived_object_msgs'
[0.499s] INFO:colcon.colcon_core.package_selection:Skipping not selected package 'ibeo_msgs' in 'carla-ros-bridge/astuff_sensor_msgs/ibeo_msgs'
[0.499s] INFO:colcon.colcon_core.package_selection:Skipping not selected package 'kartech_linear_actuator_msgs' in 'carla-ros-bridge/astuff_sensor_msgs/kartech_linear_actuator_msgs'
[0.499s] INFO:colcon.colcon_core.package_selection:Skipping not selected package 'mobileye_560_660_msgs' in 'carla-ros-bridge/astuff_sensor_msgs/mobileye_560_660_msgs'
[0.499s] INFO:colcon.colcon_core.package_selection:Skipping not selected package 'neobotix_usboard_msgs' in 'carla-ros-bridge/astuff_sensor_msgs/neobotix_usboard_msgs'
[0.499s] INFO:colcon.colcon_core.package_selection:Skipping not selected package 'ros_compatibility' in 'carla-ros-bridge/ros_compatibility'
[0.499s] INFO:colcon.colcon_core.package_selection:Skipping not selected package 'rqt_carla_control' in 'carla-ros-bridge/rqt_carla_control'
[0.499s] INFO:colcon.colcon_core.package_selection:Skipping not selected package 'rviz_2d_overlay_msgs' in 'rviz_2d_overlay_msgs'
[0.499s] INFO:colcon.colcon_core.package_selection:Skipping not selected package 'carla_ackermann_msgs' in 'carla-ros-bridge/carla_ackermann_msgs'
[0.499s] INFO:colcon.colcon_core.package_selection:Skipping not selected package 'carla_ad_agent' in 'carla-ros-bridge/carla_ad_agent'
[0.499s] INFO:colcon.colcon_core.package_selection:Skipping not selected package 'carla_lqr_control' in 'carla-control-algorithm/carla_lqr_control'
[0.499s] INFO:colcon.colcon_core.package_selection:Skipping not selected package 'carla_manual_control' in 'carla-ros-bridge/carla_manual_control'
[0.499s] INFO:colcon.colcon_core.package_selection:Skipping not selected package 'carla_pid_control' in 'carla-control-algorithm/carla_pid_control'
[0.499s] INFO:colcon.colcon_core.package_selection:Skipping not selected package 'carla_ros_scenario_runner' in 'carla-ros-bridge/carla_ros_scenario_runner'
[0.499s] INFO:colcon.colcon_core.package_selection:Skipping not selected package 'carla_spawn_objects' in 'carla-ros-bridge/carla_spawn_objects'
[0.499s] INFO:colcon.colcon_core.package_selection:Skipping not selected package 'carla_walker_agent' in 'carla-ros-bridge/carla_walker_agent'
[0.499s] INFO:colcon.colcon_core.package_selection:Skipping not selected package 'carla_waypoint_publisher' in 'carla-ros-bridge/carla_waypoint_publisher'
[0.499s] INFO:colcon.colcon_core.package_selection:Skipping not selected package 'rviz_2d_overlay_plugins' in 'rviz_2d_overlay_plugins'
[0.499s] INFO:colcon.colcon_core.package_selection:Skipping not selected package 'rviz_carla_plugin' in 'carla-ros-bridge/rviz_carla_plugin'
[0.499s] INFO:colcon.colcon_core.package_selection:Skipping not selected package 'carla_ackermann_control' in 'carla-ros-bridge/carla_ackermann_control'
[0.499s] INFO:colcon.colcon_core.package_selection:Skipping not selected package 'carla_ad_demo' in 'carla-ros-bridge/carla_ad_demo'
[0.499s] INFO:colcon.colcon_core.package_selection:Skipping not selected package 'pcl_recorder' in 'carla-ros-bridge/pcl_recorder'
[0.500s] Level 1:colcon.colcon_core.package_discovery:discover_packages(prefix_path) check parameters
[0.500s] Level 1:colcon.colcon_core.package_discovery:discover_packages(prefix_path) discover
[0.502s] DEBUG:colcon.colcon_installed_package_information.package_discovery:Found 268 installed packages in /opt/ros/galactic
[0.504s] Level 1:colcon.colcon_core.package_discovery:discover_packages(prefix_path) using defaults
[0.549s] Level 5:colcon.colcon_core.verb:set package 'carla_ros_bridge' build argument 'cmake_args' from command line to 'None'
[0.549s] Level 5:colcon.colcon_core.verb:set package 'carla_ros_bridge' build argument 'cmake_target' from command line to 'None'
[0.549s] Level 5:colcon.colcon_core.verb:set package 'carla_ros_bridge' build argument 'cmake_target_skip_unavailable' from command line to 'False'
[0.549s] Level 5:colcon.colcon_core.verb:set package 'carla_ros_bridge' build argument 'cmake_clean_cache' from command line to 'False'
[0.549s] Level 5:colcon.colcon_core.verb:set package 'carla_ros_bridge' build argument 'cmake_clean_first' from command line to 'False'
[0.549s] Level 5:colcon.colcon_core.verb:set package 'carla_ros_bridge' build argument 'cmake_force_configure' from command line to 'False'
[0.549s] Level 5:colcon.colcon_core.verb:set package 'carla_ros_bridge' build argument 'ament_cmake_args' from command line to 'None'
[0.549s] Level 5:colcon.colcon_core.verb:set package 'carla_ros_bridge' build argument 'catkin_cmake_args' from command line to 'None'
[0.549s] Level 5:colcon.colcon_core.verb:set package 'carla_ros_bridge' build argument 'catkin_skip_building_tests' from command line to 'False'
[0.549s] DEBUG:colcon.colcon_core.verb:Building package 'carla_ros_bridge' with the following arguments: {'ament_cmake_args': None, 'build_base': '/home/martin/Desktop/Stage/Projet/ws_carla_ros/build/carla_ros_bridge', 'catkin_cmake_args': None, 'catkin_skip_building_tests': False, 'cmake_args': None, 'cmake_clean_cache': False, 'cmake_clean_first': False, 'cmake_force_configure': False, 'cmake_target': None, 'cmake_target_skip_unavailable': False, 'install_base': '/home/martin/Desktop/Stage/Projet/ws_carla_ros/install/carla_ros_bridge', 'merge_install': False, 'path': '/home/martin/Desktop/Stage/Projet/ws_carla_ros/carla-ros-bridge/carla_ros_bridge', 'symlink_install': False, 'test_result_base': None}
[0.550s] INFO:colcon.colcon_core.executor:Executing jobs using 'parallel' executor
[0.551s] DEBUG:colcon.colcon_parallel_executor.executor.parallel:run_until_complete
[0.551s] INFO:colcon.colcon_ros.task.ament_python.build:Building ROS package in '/home/martin/Desktop/Stage/Projet/ws_carla_ros/carla-ros-bridge/carla_ros_bridge' with build type 'ament_python'
[0.551s] Level 1:colcon.colcon_core.shell:create_environment_hook('carla_ros_bridge', 'ament_prefix_path')
[0.554s] INFO:colcon.colcon_core.plugin_system:Skipping extension 'colcon_core.shell.bat': Not used on non-Windows systems
[0.554s] INFO:colcon.colcon_core.shell:Creating environment hook '/home/martin/Desktop/Stage/Projet/ws_carla_ros/install/carla_ros_bridge/share/carla_ros_bridge/hook/ament_prefix_path.ps1'
[0.555s] INFO:colcon.colcon_core.shell:Creating environment descriptor '/home/martin/Desktop/Stage/Projet/ws_carla_ros/install/carla_ros_bridge/share/carla_ros_bridge/hook/ament_prefix_path.dsv'
[0.556s] INFO:colcon.colcon_core.shell:Creating environment hook '/home/martin/Desktop/Stage/Projet/ws_carla_ros/install/carla_ros_bridge/share/carla_ros_bridge/hook/ament_prefix_path.sh'
[0.556s] INFO:colcon.colcon_core.shell:Skip shell extension 'powershell' for command environment: Not usable outside of PowerShell
[0.556s] DEBUG:colcon.colcon_core.shell:Skip shell extension 'dsv' for command environment
[0.758s] INFO:colcon.colcon_core.task.python.build:Building Python package in '/home/martin/Desktop/Stage/Projet/ws_carla_ros/carla-ros-bridge/carla_ros_bridge'
[0.758s] INFO:colcon.colcon_core.shell:Skip shell extension 'powershell' for command environment: Not usable outside of PowerShell
[0.758s] DEBUG:colcon.colcon_core.shell:Skip shell extension 'dsv' for command environment
[1.091s] DEBUG:colcon.colcon_core.event_handler.log_command:Invoking command in '/home/martin/Desktop/Stage/Projet/ws_carla_ros/carla-ros-bridge/carla_ros_bridge': AMENT_PREFIX_PATH=/home/martin/Desktop/Stage/Projet/ws_carla_ros/install/carla_spawn_objects:/home/martin/Desktop/Stage/Projet/ws_carla_ros/install/carla_manual_control:/home/martin/Desktop/Stage/Projet/ws_carla_ros/install/ros_compatibility:/home/martin/Desktop/Stage/Projet/ws_carla_ros/install/derived_object_msgs:/home/martin/Desktop/Stage/Projet/ws_carla_ros/install/carla_msgs:/home/martin/Desktop/Stage/Projet/ws_carla_ros/install/carla_common:${AMENT_PREFIX_PATH} CMAKE_PREFIX_PATH=/home/martin/Desktop/Stage/Projet/ws_carla_ros/install/derived_object_msgs:/home/martin/Desktop/Stage/Projet/ws_carla_ros/install/carla_msgs CONDA_PROMPT_MODIFIER=(base) LD_LIBRARY_PATH=/home/martin/Desktop/Stage/Projet/ws_carla_ros/install/derived_object_msgs/lib:/home/martin/Desktop/Stage/Projet/ws_carla_ros/install/carla_msgs/lib:${LD_LIBRARY_PATH} PYTHONPATH=/home/martin/Desktop/Stage/Projet/ws_carla_ros/build/carla_ros_bridge/prefix_override:/usr/lib/python3/dist-packages/colcon_core/task/python/colcon_distutils_commands:/home/martin/Desktop/Stage/Projet/ws_carla_ros/install/carla_ros_bridge/lib/python3.8/site-packages:/home/martin/Desktop/Stage/Projet/ws_carla_ros/install/carla_spawn_objects/lib/python3.8/site-packages:/home/martin/Desktop/Stage/Projet/ws_carla_ros/install/carla_manual_control/lib/python3.8/site-packages:/home/martin/Desktop/Stage/Projet/ws_carla_ros/install/ros_compatibility/lib/python3.8/site-packages:/home/martin/Desktop/Stage/Projet/ws_carla_ros/install/derived_object_msgs/lib/python3.8/site-packages:/home/martin/Desktop/Stage/Projet/ws_carla_ros/install/carla_msgs/lib/python3.8/site-packages:/home/martin/Desktop/Stage/Projet/ws_carla_ros/install/carla_common/lib/python3.8/site-packages:${PYTHONPATH} /usr/bin/python3 -W ignore:setup.py install is deprecated -W ignore:easy_install command is deprecated setup.py egg_info --egg-base ../../build/carla_ros_bridge build --build-base /home/martin/Desktop/Stage/Projet/ws_carla_ros/build/carla_ros_bridge/build install --record /home/martin/Desktop/Stage/Projet/ws_carla_ros/build/carla_ros_bridge/install.log --single-version-externally-managed install_data
[1.318s] DEBUG:colcon.colcon_core.event_handler.log_command:Invoked command in '/home/martin/Desktop/Stage/Projet/ws_carla_ros/carla-ros-bridge/carla_ros_bridge' returned '0': AMENT_PREFIX_PATH=/home/martin/Desktop/Stage/Projet/ws_carla_ros/install/carla_spawn_objects:/home/martin/Desktop/Stage/Projet/ws_carla_ros/install/carla_manual_control:/home/martin/Desktop/Stage/Projet/ws_carla_ros/install/ros_compatibility:/home/martin/Desktop/Stage/Projet/ws_carla_ros/install/derived_object_msgs:/home/martin/Desktop/Stage/Projet/ws_carla_ros/install/carla_msgs:/home/martin/Desktop/Stage/Projet/ws_carla_ros/install/carla_common:${AMENT_PREFIX_PATH} CMAKE_PREFIX_PATH=/home/martin/Desktop/Stage/Projet/ws_carla_ros/install/derived_object_msgs:/home/martin/Desktop/Stage/Projet/ws_carla_ros/install/carla_msgs CONDA_PROMPT_MODIFIER=(base) LD_LIBRARY_PATH=/home/martin/Desktop/Stage/Projet/ws_carla_ros/install/derived_object_msgs/lib:/home/martin/Desktop/Stage/Projet/ws_carla_ros/install/carla_msgs/lib:${LD_LIBRARY_PATH} PYTHONPATH=/home/martin/Desktop/Stage/Projet/ws_carla_ros/build/carla_ros_bridge/prefix_override:/usr/lib/python3/dist-packages/colcon_core/task/python/colcon_distutils_commands:/home/martin/Desktop/Stage/Projet/ws_carla_ros/install/carla_ros_bridge/lib/python3.8/site-packages:/home/martin/Desktop/Stage/Projet/ws_carla_ros/install/carla_spawn_objects/lib/python3.8/site-packages:/home/martin/Desktop/Stage/Projet/ws_carla_ros/install/carla_manual_control/lib/python3.8/site-packages:/home/martin/Desktop/Stage/Projet/ws_carla_ros/install/ros_compatibility/lib/python3.8/site-packages:/home/martin/Desktop/Stage/Projet/ws_carla_ros/install/derived_object_msgs/lib/python3.8/site-packages:/home/martin/Desktop/Stage/Projet/ws_carla_ros/install/carla_msgs/lib/python3.8/site-packages:/home/martin/Desktop/Stage/Projet/ws_carla_ros/install/carla_common/lib/python3.8/site-packages:${PYTHONPATH} /usr/bin/python3 -W ignore:setup.py install is deprecated -W ignore:easy_install command is deprecated setup.py egg_info --egg-base ../../build/carla_ros_bridge build --build-base /home/martin/Desktop/Stage/Projet/ws_carla_ros/build/carla_ros_bridge/build install --record /home/martin/Desktop/Stage/Projet/ws_carla_ros/build/carla_ros_bridge/install.log --single-version-externally-managed install_data
[1.323s] Level 1:colcon.colcon_core.environment:checking '/home/martin/Desktop/Stage/Projet/ws_carla_ros/install/carla_ros_bridge' for CMake module files
[1.323s] Level 1:colcon.colcon_core.environment:checking '/home/martin/Desktop/Stage/Projet/ws_carla_ros/install/carla_ros_bridge' for CMake config files
[1.324s] Level 1:colcon.colcon_core.environment:checking '/home/martin/Desktop/Stage/Projet/ws_carla_ros/install/carla_ros_bridge/lib'
[1.324s] Level 1:colcon.colcon_core.environment:checking '/home/martin/Desktop/Stage/Projet/ws_carla_ros/install/carla_ros_bridge/bin'
[1.324s] Level 1:colcon.colcon_core.environment:checking '/home/martin/Desktop/Stage/Projet/ws_carla_ros/install/carla_ros_bridge/lib/pkgconfig/carla_ros_bridge.pc'
[1.325s] Level 1:colcon.colcon_core.environment:checking '/home/martin/Desktop/Stage/Projet/ws_carla_ros/install/carla_ros_bridge/lib/python3.8/site-packages'
[1.325s] Level 1:colcon.colcon_core.shell:create_environment_hook('carla_ros_bridge', 'pythonpath')
[1.325s] INFO:colcon.colcon_core.shell:Creating environment hook '/home/martin/Desktop/Stage/Projet/ws_carla_ros/install/carla_ros_bridge/share/carla_ros_bridge/hook/pythonpath.ps1'
[1.325s] INFO:colcon.colcon_core.shell:Creating environment descriptor '/home/martin/Desktop/Stage/Projet/ws_carla_ros/install/carla_ros_bridge/share/carla_ros_bridge/hook/pythonpath.dsv'
[1.326s] INFO:colcon.colcon_core.shell:Creating environment hook '/home/martin/Desktop/Stage/Projet/ws_carla_ros/install/carla_ros_bridge/share/carla_ros_bridge/hook/pythonpath.sh'
[1.326s] Level 1:colcon.colcon_core.environment:checking '/home/martin/Desktop/Stage/Projet/ws_carla_ros/install/carla_ros_bridge/bin'
[1.326s] Level 1:colcon.colcon_core.environment:create_environment_scripts_only(carla_ros_bridge)
[1.326s] INFO:colcon.colcon_core.shell:Creating package script '/home/martin/Desktop/Stage/Projet/ws_carla_ros/install/carla_ros_bridge/share/carla_ros_bridge/package.ps1'
[1.328s] INFO:colcon.colcon_core.shell:Creating package descriptor '/home/martin/Desktop/Stage/Projet/ws_carla_ros/install/carla_ros_bridge/share/carla_ros_bridge/package.dsv'
[1.328s] INFO:colcon.colcon_core.shell:Creating package script '/home/martin/Desktop/Stage/Projet/ws_carla_ros/install/carla_ros_bridge/share/carla_ros_bridge/package.sh'
[1.329s] INFO:colcon.colcon_core.shell:Creating package script '/home/martin/Desktop/Stage/Projet/ws_carla_ros/install/carla_ros_bridge/share/carla_ros_bridge/package.bash'
[1.330s] INFO:colcon.colcon_core.shell:Creating package script '/home/martin/Desktop/Stage/Projet/ws_carla_ros/install/carla_ros_bridge/share/carla_ros_bridge/package.zsh'
[1.331s] Level 1:colcon.colcon_core.environment:create_file_with_runtime_dependencies(/home/martin/Desktop/Stage/Projet/ws_carla_ros/install/carla_ros_bridge/share/colcon-core/packages/carla_ros_bridge)
[1.331s] DEBUG:colcon.colcon_parallel_executor.executor.parallel:closing loop
[1.332s] DEBUG:colcon.colcon_parallel_executor.executor.parallel:loop closed
[1.332s] DEBUG:colcon.colcon_parallel_executor.executor.parallel:run_until_complete finished with '0'
[1.332s] DEBUG:colcon.colcon_core.event_reactor:joining thread
[1.339s] INFO:colcon.colcon_core.plugin_system:Skipping extension 'colcon_notification.desktop_notification.terminal_notifier': Not used on non-Darwin systems
[1.339s] INFO:colcon.colcon_core.plugin_system:Skipping extension 'colcon_notification.desktop_notification.win32': Not used on non-Windows systems
[1.339s] INFO:colcon.colcon_notification.desktop_notification:Sending desktop notification using 'notify2'
[1.350s] DEBUG:colcon.colcon_core.event_reactor:joined thread
[1.350s] INFO:colcon.colcon_core.shell:Creating prefix script '/home/martin/Desktop/Stage/Projet/ws_carla_ros/install/local_setup.ps1'
[1.352s] INFO:colcon.colcon_core.shell:Creating prefix util module '/home/martin/Desktop/Stage/Projet/ws_carla_ros/install/_local_setup_util_ps1.py'
[1.353s] INFO:colcon.colcon_core.shell:Creating prefix chain script '/home/martin/Desktop/Stage/Projet/ws_carla_ros/install/setup.ps1'
[1.355s] INFO:colcon.colcon_core.shell:Creating prefix script '/home/martin/Desktop/Stage/Projet/ws_carla_ros/install/local_setup.sh'
[1.356s] INFO:colcon.colcon_core.shell:Creating prefix util module '/home/martin/Desktop/Stage/Projet/ws_carla_ros/install/_local_setup_util_sh.py'
[1.356s] INFO:colcon.colcon_core.shell:Creating prefix chain script '/home/martin/Desktop/Stage/Projet/ws_carla_ros/install/setup.sh'
[1.357s] INFO:colcon.colcon_core.shell:Creating prefix script '/home/martin/Desktop/Stage/Projet/ws_carla_ros/install/local_setup.bash'
[1.358s] INFO:colcon.colcon_core.shell:Creating prefix chain script '/home/martin/Desktop/Stage/Projet/ws_carla_ros/install/setup.bash'
[1.359s] INFO:colcon.colcon_core.shell:Creating prefix script '/home/martin/Desktop/Stage/Projet/ws_carla_ros/install/local_setup.zsh'
[1.359s] INFO:colcon.colcon_core.shell:Creating prefix chain script '/home/martin/Desktop/Stage/Projet/ws_carla_ros/install/setup.zsh'
